<?xml version="1.0" encoding="utf-8"?>
<TestRun id="38712aad-57f2-4b3c-9b7f-a1f2baec4f0e" name="@0bc8bbef51b6 2026-08-02 22:29:26" xmlns="http://microsoft.com/schemas/VisualStudio/TeamTest/2010">
  <Times creation="2026-08-02T22:29:26.4856072+02:00" queuing="2026-08-02T22:29:26.4856073+02:00" start="2026-08-02T22:29:26.0002679+02:00" finish="2026-08-02T22:29:26.4890757+02:00" />
  <TestSettings name="default" id="75eefbd9-16c1-4420-ae16-b71a8d088f4f">
    <Deployment runDeploymentRoot="_0bc8bbef51b6_2026-08-02_22_29_26" />
  </TestSettings>
  <Results>
    <UnitTestResult executionId="d7592e2b-3c8a-4783-9f59-0f831d43d3b6" testId="70a51883-54b0-363f-2cf7-0f543ee64de1" testName="Issue 1022 runtime window behavior.native mutation failure restores the captured state and returns a Window diagnostic" computerName="0bc8bbef51b6" duration="00:00:00.0080000" startTime="2026-08-02T22:29:26.3444872+02:00" endTime="2026-08-02T22:29:26.3558371+02:00" testType="13cdc9d9-ddb5-4fa4-a97d-d965ccfc6d4b" outcome="Passed" testListId="8c84fa94-04c1-424b-9868-57a2d4851a1d" relativeResultsDirectory="d7592e2b-3c8a-4783-9f59-0f831d43d3b6" />
    <UnitTestResult executionId="ba076b2e-8d4c-405a-b5da-7649fb240a35" testId="13f929cb-d47c-caa4-aba3-7c60aba4b2c2" testName="Issue 1022 runtime window behavior.native transitions are idempotent and restore prior windowed geometry" computerName="0bc8bbef51b6" duration="00:00:00.0090000" startTime="2026-08-02T22:29:26.3440181+02:00" endTime="2026-08-02T22:29:26.3574303+02:00" testType="13cdc9d9-ddb5-4fa4-a97d-d965ccfc6d4b" outcome="Passed" testListId="8c84fa94-04c1-424b-9868-57a2d4851a1d" relativeResultsDirectory="ba076b2e-8d4c-405a-b5da-7649fb240a35" />
    <UnitTestResult executionId="b888eb8d-5947-4447-9f94-78f76e7056ac" testId="a4e8370a-c56a-9aff-e59a-5639f0ea5dc6" testName="Issue 1022 runtime window behavior.post-change active-output surface drives both presentation fit and inverse pointer mapping" computerName="0bc8bbef51b6" duration="00:00:00.0030000" startTime="2026-08-02T22:29:26.3442031+02:00" endTime="2026-08-02T22:29:26.3543662+02:00" testType="13cdc9d9-ddb5-4fa4-a97d-d965ccfc6d4b" outcome="Passed" testListId="8c84fa94-04c1-424b-9868-57a2d4851a1d" relativeResultsDirectory="b888eb8d-5947-4447-9f94-78f76e7056ac" />
    <UnitTestResult executionId="6dc9b469-cc16-43bb-b4c9-627c8148bacb" testId="8a483ba9-6a28-eb4d-d7b2-9ab0ac37e267" testName="Issue 1022 runtime window behavior.the new host effect preserves the existing comparison contract" computerName="0bc8bbef51b6" duration="00:00:00.0030000" startTime="2026-08-02T22:29:26.3440041+02:00" endTime="2026-08-02T22:29:26.3543692+02:00" testType="13cdc9d9-ddb5-4fa4-a97d-d965ccfc6d4b" outcome="Passed" testListId="8c84fa94-04c1-424b-9868-57a2d4851a1d" relativeResultsDirectory="6dc9b469-cc16-43bb-b4c9-627c8148bacb" />
    <UnitTestResult executionId="7984729d-5211-4046-ab00-a8a114055abf" testId="200bebeb-5f98-640f-4685-6e103513ff24" testName="Issue 1022 runtime window behavior.the shared persistent interpreter routes every mode request in effect order" computerName="0bc8bbef51b6" duration="00:00:00.0100000" startTime="2026-08-02T22:29:26.3440098+02:00" endTime="2026-08-02T22:29:26.3578765+02:00" testType="13cdc9d9-ddb5-4fa4-a97d-d965ccfc6d4b" outcome="Passed" testListId="8c84fa94-04c1-424b-9868-57a2d4851a1d" relativeResultsDirectory="7984729d-5211-4046-ab00-a8a114055abf" />
    <UnitTestResult executionId="f6184c36-6f14-4253-89cc-170e3bfe99ec" testId="08d2072b-ac3d-330c-1943-b206f1804a28" testName="Issue 1022 runtime window behavior.borderless runtime transition uses the active output work area, not the planned default monitor" computerName="0bc8bbef51b6" duration="00:00:00.0090000" startTime="2026-08-02T22:29:26.3440475+02:00" endTime="2026-08-02T22:29:26.3574178+02:00" testType="13cdc9d9-ddb5-4fa4-a97d-d965ccfc6d4b" outcome="Passed" testListId="8c84fa94-04c1-424b-9868-57a2d4851a1d" relativeResultsDirectory="f6184c36-6f14-4253-89cc-170e3bfe99ec" />
    <UnitTestResult executionId="d38464d6-5c84-4fa1-9b41-c23a21c5635c" testId="20808106-7b5a-44ce-81a6-de1d2d92d1a1" testName="Issue 1022 runtime window behavior.unsupported backend is diagnosed and never receives a native plan" computerName="0bc8bbef51b6" duration="00:00:00.0170000" startTime="2026-08-02T22:29:26.3443581+02:00" endTime="2026-08-02T22:29:26.3651127+02:00" testType="13cdc9d9-ddb5-4fa4-a97d-d965ccfc6d4b" outcome="Passed" testListId="8c84fa94-04c1-424b-9868-57a2d4851a1d" relativeResultsDirectory="d38464d6-5c84-4fa1-9b41-c23a21c5635c" />
    <UnitTestResult executionId="02c2c350-0db2-42e4-a998-be0233418775" testId="75a4c380-c169-7cf2-bf6c-fe32542057f9" testName="Issue 1022 runtime window behavior.windowed borderless and fullscreen requests all produce native plans" computerName="0bc8bbef51b6" duration="00:00:00.0780000" startTime="2026-08-02T22:29:26.3440104+02:00" endTime="2026-08-02T22:29:26.4257973+02:00" testType="13cdc9d9-ddb5-4fa4-a97d-d965ccfc6d4b" outcome="Passed" testListId="8c84fa94-04c1-424b-9868-57a2d4851a1d" relativeResultsDirectory="02c2c350-0db2-42e4-a998-be0233418775" />
    <UnitTestResult executionId="724f309a-a3ea-45d5-9887-42c9a551b43f" testId="f580e1e5-289d-a2c3-ddcb-bba41fa64b1b" testName="Issue 1022 runtime window behavior.runtime lifecycle planning is deterministic behind the injected work-area seam" computerName="0bc8bbef51b6" duration="00:00:00.0050000" startTime="2026-08-02T22:29:26.3440142+02:00" endTime="2026-08-02T22:29:26.3543604+02:00" testType="13cdc9d9-ddb5-4fa4-a97d-d965ccfc6d4b" outcome="Passed" testListId="8c84fa94-04c1-424b-9868-57a2d4851a1d" relativeResultsDirectory="724f309a-a3ea-45d5-9887-42c9a551b43f" />
  </Results>
  <TestDefinitions>
    <UnitTest name="Issue 1022 runtime window behavior.the new host effect preserves the existing comparison contract" storage="/home/developer/projects/fs.gg.rendering-item-1196/tests/skiaviewer.tests/bin/debug/net10.0/skiaviewer.tests.dll" id="8a483ba9-6a28-eb4d-d7b2-9ab0ac37e267">
      <Execution id="6dc9b469-cc16-43bb-b4c9-627c8148bacb" />
      <TestMethod codeBase="/home/developer/projects/FS.GG.Rendering-item-1196/tests/SkiaViewer.Tests/bin/Debug/net10.0/SkiaViewer.Tests.dll" adapterTypeName="executor://yolodev/expecto" className="Issue 1022 runtime window behavior" name="the new host effect preserves the existing comparison contract" />
    </UnitTest>
    <UnitTest name="Issue 1022 runtime window behavior.windowed borderless and fullscreen requests all produce native plans" storage="/home/developer/projects/fs.gg.rendering-item-1196/tests/skiaviewer.tests/bin/debug/net10.0/skiaviewer.tests.dll" id="75a4c380-c169-7cf2-bf6c-fe32542057f9">
      <Execution id="02c2c350-0db2-42e4-a998-be0233418775" />
      <TestMethod codeBase="/home/developer/projects/FS.GG.Rendering-item-1196/tests/SkiaViewer.Tests/bin/Debug/net10.0/SkiaViewer.Tests.dll" adapterTypeName="executor://yolodev/expecto" className="Issue 1022 runtime window behavior" name="windowed borderless and fullscreen requests all produce native plans" />
    </UnitTest>
    <UnitTest name="Issue 1022 runtime window behavior.borderless runtime transition uses the active output work area, not the planned default monitor" storage="/home/developer/projects/fs.gg.rendering-item-1196/tests/skiaviewer.tests/bin/debug/net10.0/skiaviewer.tests.dll" id="08d2072b-ac3d-330c-1943-b206f1804a28">
      <Execution id="f6184c36-6f14-4253-89cc-170e3bfe99ec" />
      <TestMethod codeBase="/home/developer/projects/FS.GG.Rendering-item-1196/tests/SkiaViewer.Tests/bin/Debug/net10.0/SkiaViewer.Tests.dll" adapterTypeName="executor://yolodev/expecto" className="Issue 1022 runtime window behavior" name="borderless runtime transition uses the active output work area, not the planned default monitor" />
    </UnitTest>
    <UnitTest name="Issue 1022 runtime window behavior.native mutation failure restores the captured state and returns a Window diagnostic" storage="/home/developer/projects/fs.gg.rendering-item-1196/tests/skiaviewer.tests/bin/debug/net10.0/skiaviewer.tests.dll" id="70a51883-54b0-363f-2cf7-0f543ee64de1">
      <Execution id="d7592e2b-3c8a-4783-9f59-0f831d43d3b6" />
      <TestMethod codeBase="/home/developer/projects/FS.GG.Rendering-item-1196/tests/SkiaViewer.Tests/bin/Debug/net10.0/SkiaViewer.Tests.dll" adapterTypeName="executor://yolodev/expecto" className="Issue 1022 runtime window behavior" name="native mutation failure restores the captured state and returns a Window diagnostic" />
    </UnitTest>
    <UnitTest name="Issue 1022 runtime window behavior.post-change active-output surface drives both presentation fit and inverse pointer mapping" storage="/home/developer/projects/fs.gg.rendering-item-1196/tests/skiaviewer.tests/bin/debug/net10.0/skiaviewer.tests.dll" id="a4e8370a-c56a-9aff-e59a-5639f0ea5dc6">
      <Execution id="b888eb8d-5947-4447-9f94-78f76e7056ac" />
      <TestMethod codeBase="/home/developer/projects/FS.GG.Rendering-item-1196/tests/SkiaViewer.Tests/bin/Debug/net10.0/SkiaViewer.Tests.dll" adapterTypeName="executor://yolodev/expecto" className="Issue 1022 runtime window behavior" name="post-change active-output surface drives both presentation fit and inverse pointer mapping" />
    </UnitTest>
    <UnitTest name="Issue 1022 runtime window behavior.native transitions are idempotent and restore prior windowed geometry" storage="/home/developer/projects/fs.gg.rendering-item-1196/tests/skiaviewer.tests/bin/debug/net10.0/skiaviewer.tests.dll" id="13f929cb-d47c-caa4-aba3-7c60aba4b2c2">
      <Execution id="ba076b2e-8d4c-405a-b5da-7649fb240a35" />
      <TestMethod codeBase="/home/developer/projects/FS.GG.Rendering-item-1196/tests/SkiaViewer.Tests/bin/Debug/net10.0/SkiaViewer.Tests.dll" adapterTypeName="executor://yolodev/expecto" className="Issue 1022 runtime window behavior" name="native transitions are idempotent and restore prior windowed geometry" />
    </UnitTest>
    <UnitTest name="Issue 1022 runtime window behavior.the shared persistent interpreter routes every mode request in effect order" storage="/home/developer/projects/fs.gg.rendering-item-1196/tests/skiaviewer.tests/bin/debug/net10.0/skiaviewer.tests.dll" id="200bebeb-5f98-640f-4685-6e103513ff24">
      <Execution id="7984729d-5211-4046-ab00-a8a114055abf" />
      <TestMethod codeBase="/home/developer/projects/FS.GG.Rendering-item-1196/tests/SkiaViewer.Tests/bin/Debug/net10.0/SkiaViewer.Tests.dll" adapterTypeName="executor://yolodev/expecto" className="Issue 1022 runtime window behavior" name="the shared persistent interpreter routes every mode request in effect order" />
    </UnitTest>
    <UnitTest name="Issue 1022 runtime window behavior.unsupported backend is diagnosed and never receives a native plan" storage="/home/developer/projects/fs.gg.rendering-item-1196/tests/skiaviewer.tests/bin/debug/net10.0/skiaviewer.tests.dll" id="20808106-7b5a-44ce-81a6-de1d2d92d1a1">
      <Execution id="d38464d6-5c84-4fa1-9b41-c23a21c5635c" />
      <TestMethod codeBase="/home/developer/projects/FS.GG.Rendering-item-1196/tests/SkiaViewer.Tests/bin/Debug/net10.0/SkiaViewer.Tests.dll" adapterTypeName="executor://yolodev/expecto" className="Issue 1022 runtime window behavior" name="unsupported backend is diagnosed and never receives a native plan" />
    </UnitTest>
    <UnitTest name="Issue 1022 runtime window behavior.runtime lifecycle planning is deterministic behind the injected work-area seam" storage="/home/developer/projects/fs.gg.rendering-item-1196/tests/skiaviewer.tests/bin/debug/net10.0/skiaviewer.tests.dll" id="f580e1e5-289d-a2c3-ddcb-bba41fa64b1b">
      <Execution id="724f309a-a3ea-45d5-9887-42c9a551b43f" />
      <TestMethod codeBase="/home/developer/projects/FS.GG.Rendering-item-1196/tests/SkiaViewer.Tests/bin/Debug/net10.0/SkiaViewer.Tests.dll" adapterTypeName="executor://yolodev/expecto" className="Issue 1022 runtime window behavior" name="runtime lifecycle planning is deterministic behind the injected work-area seam" />
    </UnitTest>
  </TestDefinitions>
  <TestEntries>
    <TestEntry testId="70a51883-54b0-363f-2cf7-0f543ee64de1" executionId="d7592e2b-3c8a-4783-9f59-0f831d43d3b6" testListId="8c84fa94-04c1-424b-9868-57a2d4851a1d" />
    <TestEntry testId="13f929cb-d47c-caa4-aba3-7c60aba4b2c2" executionId="ba076b2e-8d4c-405a-b5da-7649fb240a35" testListId="8c84fa94-04c1-424b-9868-57a2d4851a1d" />
    <TestEntry testId="a4e8370a-c56a-9aff-e59a-5639f0ea5dc6" executionId="b888eb8d-5947-4447-9f94-78f76e7056ac" testListId="8c84fa94-04c1-424b-9868-57a2d4851a1d" />
    <TestEntry testId="8a483ba9-6a28-eb4d-d7b2-9ab0ac37e267" executionId="6dc9b469-cc16-43bb-b4c9-627c8148bacb" testListId="8c84fa94-04c1-424b-9868-57a2d4851a1d" />
    <TestEntry testId="200bebeb-5f98-640f-4685-6e103513ff24" executionId="7984729d-5211-4046-ab00-a8a114055abf" testListId="8c84fa94-04c1-424b-9868-57a2d4851a1d" />
    <TestEntry testId="08d2072b-ac3d-330c-1943-b206f1804a28" executionId="f6184c36-6f14-4253-89cc-170e3bfe99ec" testListId="8c84fa94-04c1-424b-9868-57a2d4851a1d" />
    <TestEntry testId="20808106-7b5a-44ce-81a6-de1d2d92d1a1" executionId="d38464d6-5c84-4fa1-9b41-c23a21c5635c" testListId="8c84fa94-04c1-424b-9868-57a2d4851a1d" />
    <TestEntry testId="75a4c380-c169-7cf2-bf6c-fe32542057f9" executionId="02c2c350-0db2-42e4-a998-be0233418775" testListId="8c84fa94-04c1-424b-9868-57a2d4851a1d" />
    <TestEntry testId="f580e1e5-289d-a2c3-ddcb-bba41fa64b1b" executionId="724f309a-a3ea-45d5-9887-42c9a551b43f" testListId="8c84fa94-04c1-424b-9868-57a2d4851a1d" />
  </TestEntries>
  <TestLists>
    <TestList name="Results Not in a List" id="8c84fa94-04c1-424b-9868-57a2d4851a1d" />
    <TestList name="All Loaded Results" id="19431567-8539-422a-85d7-44ee4e166bda" />
  </TestLists>
  <ResultSummary outcome="Completed">
    <Counters total="9" executed="9" passed="9" failed="0" error="0" timeout="0" aborted="0" inconclusive="0" passedButRunAborted="0" notRunnable="0" notExecuted="0" disconnected="0" warning="0" completed="0" inProgress="0" pending="0" />
    <Output>
      <StdOut>Failed to load plugin 'libdecor-gtk.so': failed to init
</StdOut>
    </Output>
  </ResultSummary>
</TestRun>