<?xml version="1.0" encoding="utf-8"?>
<TestRun id="cc245de6-c3f0-4eb2-8d4d-abe6d0f30b40" name="@0bc8bbef51b6 2026-08-03 00:51:38" xmlns="http://microsoft.com/schemas/VisualStudio/TeamTest/2010">
  <Times creation="2026-08-03T00:51:38.9173351+02:00" queuing="2026-08-03T00:51:38.9173352+02:00" start="2026-08-03T00:51:38.3831818+02:00" finish="2026-08-03T00:51:38.9207179+02:00" />
  <TestSettings name="default" id="017094c2-5847-4671-9aad-586aea020ceb">
    <Deployment runDeploymentRoot="_0bc8bbef51b6_2026-08-03_00_51_38" />
  </TestSettings>
  <Results>
    <UnitTestResult executionId="c909984b-27ac-4fbf-9c20-1fa8c610e791" testId="8a483ba9-6a28-eb4d-d7b2-9ab0ac37e267" testName="Issue 1022 runtime window behavior.the new host effect preserves the existing comparison contract" computerName="0bc8bbef51b6" duration="00:00:00.0030000" startTime="2026-08-03T00:51:38.7274841+02:00" endTime="2026-08-03T00:51:38.7372389+02:00" testType="13cdc9d9-ddb5-4fa4-a97d-d965ccfc6d4b" outcome="Passed" testListId="8c84fa94-04c1-424b-9868-57a2d4851a1d" relativeResultsDirectory="c909984b-27ac-4fbf-9c20-1fa8c610e791" />
    <UnitTestResult executionId="f4255797-c3d2-4940-8f10-dcc78290b844" testId="f580e1e5-289d-a2c3-ddcb-bba41fa64b1b" testName="Issue 1022 runtime window behavior.runtime lifecycle planning is deterministic behind the injected work-area seam" computerName="0bc8bbef51b6" duration="00:00:00.0050000" startTime="2026-08-03T00:51:38.7274975+02:00" endTime="2026-08-03T00:51:38.7372427+02:00" testType="13cdc9d9-ddb5-4fa4-a97d-d965ccfc6d4b" outcome="Passed" testListId="8c84fa94-04c1-424b-9868-57a2d4851a1d" relativeResultsDirectory="f4255797-c3d2-4940-8f10-dcc78290b844" />
    <UnitTestResult executionId="981050ba-bae4-4233-9b1e-27dedc700d43" testId="70a51883-54b0-363f-2cf7-0f543ee64de1" testName="Issue 1022 runtime window behavior.native mutation failure restores the captured state and returns a Window diagnostic" computerName="0bc8bbef51b6" duration="00:00:00.0070000" startTime="2026-08-03T00:51:38.7281825+02:00" endTime="2026-08-03T00:51:38.7384093+02:00" testType="13cdc9d9-ddb5-4fa4-a97d-d965ccfc6d4b" outcome="Passed" testListId="8c84fa94-04c1-424b-9868-57a2d4851a1d" relativeResultsDirectory="981050ba-bae4-4233-9b1e-27dedc700d43" />
    <UnitTestResult executionId="06b596c4-ea36-41d8-8578-d03a2884e0f6" testId="75a4c380-c169-7cf2-bf6c-fe32542057f9" testName="Issue 1022 runtime window behavior.windowed borderless and fullscreen requests all produce native plans" computerName="0bc8bbef51b6" duration="00:00:00.1270000" startTime="2026-08-03T00:51:38.7274911+02:00" endTime="2026-08-03T00:51:38.8581204+02:00" testType="13cdc9d9-ddb5-4fa4-a97d-d965ccfc6d4b" outcome="Passed" testListId="8c84fa94-04c1-424b-9868-57a2d4851a1d" relativeResultsDirectory="06b596c4-ea36-41d8-8578-d03a2884e0f6" />
    <UnitTestResult executionId="184e16b8-0a02-48c7-9e42-993aff90962f" testId="20808106-7b5a-44ce-81a6-de1d2d92d1a1" testName="Issue 1022 runtime window behavior.unsupported backend is diagnosed and never receives a native plan" computerName="0bc8bbef51b6" duration="00:00:00.0160000" startTime="2026-08-03T00:51:38.7280720+02:00" endTime="2026-08-03T00:51:38.7470937+02:00" testType="13cdc9d9-ddb5-4fa4-a97d-d965ccfc6d4b" outcome="Passed" testListId="8c84fa94-04c1-424b-9868-57a2d4851a1d" relativeResultsDirectory="184e16b8-0a02-48c7-9e42-993aff90962f" />
    <UnitTestResult executionId="d464aea6-3668-440e-bea3-62a3be5daea4" testId="08d2072b-ac3d-330c-1943-b206f1804a28" testName="Issue 1022 runtime window behavior.borderless runtime transition uses the active output work area, not the planned default monitor" computerName="0bc8bbef51b6" duration="00:00:00.0080000" startTime="2026-08-03T00:51:38.7277618+02:00" endTime="2026-08-03T00:51:38.7395357+02:00" testType="13cdc9d9-ddb5-4fa4-a97d-d965ccfc6d4b" outcome="Passed" testListId="8c84fa94-04c1-424b-9868-57a2d4851a1d" relativeResultsDirectory="d464aea6-3668-440e-bea3-62a3be5daea4" />
    <UnitTestResult executionId="10c953e9-f1c3-4aa8-bc37-5d2b27889a64" testId="13f929cb-d47c-caa4-aba3-7c60aba4b2c2" testName="Issue 1022 runtime window behavior.native transitions are idempotent and restore prior windowed geometry" computerName="0bc8bbef51b6" duration="00:00:00.0080000" startTime="2026-08-03T00:51:38.7276234+02:00" endTime="2026-08-03T00:51:38.7395465+02:00" testType="13cdc9d9-ddb5-4fa4-a97d-d965ccfc6d4b" outcome="Passed" testListId="8c84fa94-04c1-424b-9868-57a2d4851a1d" relativeResultsDirectory="10c953e9-f1c3-4aa8-bc37-5d2b27889a64" />
    <UnitTestResult executionId="280e2e6d-a1b4-4fd5-bc3c-e12af4721c72" testId="200bebeb-5f98-640f-4685-6e103513ff24" testName="Issue 1022 runtime window behavior.the shared persistent interpreter routes every mode request in effect order" computerName="0bc8bbef51b6" duration="00:00:00.0090000" startTime="2026-08-03T00:51:38.7274895+02:00" endTime="2026-08-03T00:51:38.7402182+02:00" testType="13cdc9d9-ddb5-4fa4-a97d-d965ccfc6d4b" outcome="Passed" testListId="8c84fa94-04c1-424b-9868-57a2d4851a1d" relativeResultsDirectory="280e2e6d-a1b4-4fd5-bc3c-e12af4721c72" />
    <UnitTestResult executionId="9542a905-b370-42f6-9db3-fcabdf4fa8cb" testId="a4e8370a-c56a-9aff-e59a-5639f0ea5dc6" testName="Issue 1022 runtime window behavior.post-change active-output surface drives both presentation fit and inverse pointer mapping" computerName="0bc8bbef51b6" duration="00:00:00.0030000" startTime="2026-08-03T00:51:38.7279327+02:00" endTime="2026-08-03T00:51:38.7372339+02:00" testType="13cdc9d9-ddb5-4fa4-a97d-d965ccfc6d4b" outcome="Passed" testListId="8c84fa94-04c1-424b-9868-57a2d4851a1d" relativeResultsDirectory="9542a905-b370-42f6-9db3-fcabdf4fa8cb" />
  </Results>
  <TestDefinitions>
    <UnitTest name="Issue 1022 runtime window behavior.the new host effect preserves the existing comparison contract" storage="/home/developer/projects/fs.gg.rendering-item-1196/tests/skiaviewer.tests/bin/release/net10.0/skiaviewer.tests.dll" id="8a483ba9-6a28-eb4d-d7b2-9ab0ac37e267">
      <Execution id="c909984b-27ac-4fbf-9c20-1fa8c610e791" />
      <TestMethod codeBase="/home/developer/projects/FS.GG.Rendering-item-1196/tests/SkiaViewer.Tests/bin/Release/net10.0/SkiaViewer.Tests.dll" adapterTypeName="executor://yolodev/expecto" className="Issue 1022 runtime window behavior" name="the new host effect preserves the existing comparison contract" />
    </UnitTest>
    <UnitTest name="Issue 1022 runtime window behavior.windowed borderless and fullscreen requests all produce native plans" storage="/home/developer/projects/fs.gg.rendering-item-1196/tests/skiaviewer.tests/bin/release/net10.0/skiaviewer.tests.dll" id="75a4c380-c169-7cf2-bf6c-fe32542057f9">
      <Execution id="06b596c4-ea36-41d8-8578-d03a2884e0f6" />
      <TestMethod codeBase="/home/developer/projects/FS.GG.Rendering-item-1196/tests/SkiaViewer.Tests/bin/Release/net10.0/SkiaViewer.Tests.dll" adapterTypeName="executor://yolodev/expecto" className="Issue 1022 runtime window behavior" name="windowed borderless and fullscreen requests all produce native plans" />
    </UnitTest>
    <UnitTest name="Issue 1022 runtime window behavior.borderless runtime transition uses the active output work area, not the planned default monitor" storage="/home/developer/projects/fs.gg.rendering-item-1196/tests/skiaviewer.tests/bin/release/net10.0/skiaviewer.tests.dll" id="08d2072b-ac3d-330c-1943-b206f1804a28">
      <Execution id="d464aea6-3668-440e-bea3-62a3be5daea4" />
      <TestMethod codeBase="/home/developer/projects/FS.GG.Rendering-item-1196/tests/SkiaViewer.Tests/bin/Release/net10.0/SkiaViewer.Tests.dll" adapterTypeName="executor://yolodev/expecto" className="Issue 1022 runtime window behavior" name="borderless runtime transition uses the active output work area, not the planned default monitor" />
    </UnitTest>
    <UnitTest name="Issue 1022 runtime window behavior.native mutation failure restores the captured state and returns a Window diagnostic" storage="/home/developer/projects/fs.gg.rendering-item-1196/tests/skiaviewer.tests/bin/release/net10.0/skiaviewer.tests.dll" id="70a51883-54b0-363f-2cf7-0f543ee64de1">
      <Execution id="981050ba-bae4-4233-9b1e-27dedc700d43" />
      <TestMethod codeBase="/home/developer/projects/FS.GG.Rendering-item-1196/tests/SkiaViewer.Tests/bin/Release/net10.0/SkiaViewer.Tests.dll" adapterTypeName="executor://yolodev/expecto" className="Issue 1022 runtime window behavior" name="native mutation failure restores the captured state and returns a Window diagnostic" />
    </UnitTest>
    <UnitTest name="Issue 1022 runtime window behavior.post-change active-output surface drives both presentation fit and inverse pointer mapping" storage="/home/developer/projects/fs.gg.rendering-item-1196/tests/skiaviewer.tests/bin/release/net10.0/skiaviewer.tests.dll" id="a4e8370a-c56a-9aff-e59a-5639f0ea5dc6">
      <Execution id="9542a905-b370-42f6-9db3-fcabdf4fa8cb" />
      <TestMethod codeBase="/home/developer/projects/FS.GG.Rendering-item-1196/tests/SkiaViewer.Tests/bin/Release/net10.0/SkiaViewer.Tests.dll" adapterTypeName="executor://yolodev/expecto" className="Issue 1022 runtime window behavior" name="post-change active-output surface drives both presentation fit and inverse pointer mapping" />
    </UnitTest>
    <UnitTest name="Issue 1022 runtime window behavior.native transitions are idempotent and restore prior windowed geometry" storage="/home/developer/projects/fs.gg.rendering-item-1196/tests/skiaviewer.tests/bin/release/net10.0/skiaviewer.tests.dll" id="13f929cb-d47c-caa4-aba3-7c60aba4b2c2">
      <Execution id="10c953e9-f1c3-4aa8-bc37-5d2b27889a64" />
      <TestMethod codeBase="/home/developer/projects/FS.GG.Rendering-item-1196/tests/SkiaViewer.Tests/bin/Release/net10.0/SkiaViewer.Tests.dll" adapterTypeName="executor://yolodev/expecto" className="Issue 1022 runtime window behavior" name="native transitions are idempotent and restore prior windowed geometry" />
    </UnitTest>
    <UnitTest name="Issue 1022 runtime window behavior.the shared persistent interpreter routes every mode request in effect order" storage="/home/developer/projects/fs.gg.rendering-item-1196/tests/skiaviewer.tests/bin/release/net10.0/skiaviewer.tests.dll" id="200bebeb-5f98-640f-4685-6e103513ff24">
      <Execution id="280e2e6d-a1b4-4fd5-bc3c-e12af4721c72" />
      <TestMethod codeBase="/home/developer/projects/FS.GG.Rendering-item-1196/tests/SkiaViewer.Tests/bin/Release/net10.0/SkiaViewer.Tests.dll" adapterTypeName="executor://yolodev/expecto" className="Issue 1022 runtime window behavior" name="the shared persistent interpreter routes every mode request in effect order" />
    </UnitTest>
    <UnitTest name="Issue 1022 runtime window behavior.unsupported backend is diagnosed and never receives a native plan" storage="/home/developer/projects/fs.gg.rendering-item-1196/tests/skiaviewer.tests/bin/release/net10.0/skiaviewer.tests.dll" id="20808106-7b5a-44ce-81a6-de1d2d92d1a1">
      <Execution id="184e16b8-0a02-48c7-9e42-993aff90962f" />
      <TestMethod codeBase="/home/developer/projects/FS.GG.Rendering-item-1196/tests/SkiaViewer.Tests/bin/Release/net10.0/SkiaViewer.Tests.dll" adapterTypeName="executor://yolodev/expecto" className="Issue 1022 runtime window behavior" name="unsupported backend is diagnosed and never receives a native plan" />
    </UnitTest>
    <UnitTest name="Issue 1022 runtime window behavior.runtime lifecycle planning is deterministic behind the injected work-area seam" storage="/home/developer/projects/fs.gg.rendering-item-1196/tests/skiaviewer.tests/bin/release/net10.0/skiaviewer.tests.dll" id="f580e1e5-289d-a2c3-ddcb-bba41fa64b1b">
      <Execution id="f4255797-c3d2-4940-8f10-dcc78290b844" />
      <TestMethod codeBase="/home/developer/projects/FS.GG.Rendering-item-1196/tests/SkiaViewer.Tests/bin/Release/net10.0/SkiaViewer.Tests.dll" adapterTypeName="executor://yolodev/expecto" className="Issue 1022 runtime window behavior" name="runtime lifecycle planning is deterministic behind the injected work-area seam" />
    </UnitTest>
  </TestDefinitions>
  <TestEntries>
    <TestEntry testId="8a483ba9-6a28-eb4d-d7b2-9ab0ac37e267" executionId="c909984b-27ac-4fbf-9c20-1fa8c610e791" testListId="8c84fa94-04c1-424b-9868-57a2d4851a1d" />
    <TestEntry testId="f580e1e5-289d-a2c3-ddcb-bba41fa64b1b" executionId="f4255797-c3d2-4940-8f10-dcc78290b844" testListId="8c84fa94-04c1-424b-9868-57a2d4851a1d" />
    <TestEntry testId="70a51883-54b0-363f-2cf7-0f543ee64de1" executionId="981050ba-bae4-4233-9b1e-27dedc700d43" testListId="8c84fa94-04c1-424b-9868-57a2d4851a1d" />
    <TestEntry testId="75a4c380-c169-7cf2-bf6c-fe32542057f9" executionId="06b596c4-ea36-41d8-8578-d03a2884e0f6" testListId="8c84fa94-04c1-424b-9868-57a2d4851a1d" />
    <TestEntry testId="20808106-7b5a-44ce-81a6-de1d2d92d1a1" executionId="184e16b8-0a02-48c7-9e42-993aff90962f" testListId="8c84fa94-04c1-424b-9868-57a2d4851a1d" />
    <TestEntry testId="08d2072b-ac3d-330c-1943-b206f1804a28" executionId="d464aea6-3668-440e-bea3-62a3be5daea4" testListId="8c84fa94-04c1-424b-9868-57a2d4851a1d" />
    <TestEntry testId="13f929cb-d47c-caa4-aba3-7c60aba4b2c2" executionId="10c953e9-f1c3-4aa8-bc37-5d2b27889a64" testListId="8c84fa94-04c1-424b-9868-57a2d4851a1d" />
    <TestEntry testId="200bebeb-5f98-640f-4685-6e103513ff24" executionId="280e2e6d-a1b4-4fd5-bc3c-e12af4721c72" testListId="8c84fa94-04c1-424b-9868-57a2d4851a1d" />
    <TestEntry testId="a4e8370a-c56a-9aff-e59a-5639f0ea5dc6" executionId="9542a905-b370-42f6-9db3-fcabdf4fa8cb" testListId="8c84fa94-04c1-424b-9868-57a2d4851a1d" />
  </TestEntries>
  <TestLists>
    <TestList name="Results Not in a List" id="8c84fa94-04c1-424b-9868-57a2d4851a1d" />
    <TestList name="All Loaded Results" id="19431567-8539-422a-85d7-44ee4e166bda" />
  </TestLists>
  <ResultSummary outcome="Completed">
    <Counters total="9" executed="9" passed="9" failed="0" error="0" timeout="0" aborted="0" inconclusive="0" passedButRunAborted="0" notRunnable="0" notExecuted="0" disconnected="0" warning="0" completed="0" inProgress="0" pending="0" />
    <Output>
      <StdOut>Failed to load plugin 'libdecor-gtk.so': failed to init
</StdOut>
    </Output>
  </ResultSummary>
</TestRun>