<?xml version="1.0" encoding="utf-8"?>
<TestRun id="1fde97ba-4a87-45d3-9c22-58ebc8b0abbc" name="@ee01623d796c 2026-06-19 16:26:45" xmlns="http://microsoft.com/schemas/VisualStudio/TeamTest/2010">
  <Times creation="2026-06-19T16:26:45.7132179+02:00" queuing="2026-06-19T16:26:45.7132181+02:00" start="2026-06-19T16:26:44.7041284+02:00" finish="2026-06-19T16:27:39.6479772+02:00" />
  <TestSettings name="default" id="201513bc-6008-4622-b621-5f09b66074b8">
    <Deployment runDeploymentRoot="_ee01623d796c_2026-06-19_16_26_45" />
  </TestSettings>
  <Results>
    <UnitTestResult executionId="d01b6b9d-22ad-49f4-9507-b144510a5343" testId="ec608aab-f7e0-9dac-c408-51163f16f26f" testName="VisualEvidence.complete screenshots without reviewer classification are blocked" computerName="ee01623d796c" duration="00:00:00.0150000" startTime="2026-06-19T16:26:45.6859882+02:00" endTime="2026-06-19T16:26:45.7031481+02:00" testType="13cdc9d9-ddb5-4fa4-a97d-d965ccfc6d4b" outcome="Passed" testListId="8c84fa94-04c1-424b-9868-57a2d4851a1d" relativeResultsDirectory="d01b6b9d-22ad-49f4-9507-b144510a5343" />
    <UnitTestResult executionId="b5edfbfe-0e2c-478e-af0d-99c3459ec03d" testId="b1a19044-8601-ab75-95c0-2925186d42c0" testName="VisualPage.every catalog page renders with readable profile metadata" computerName="ee01623d796c" duration="00:00:11.1020000" startTime="2026-06-19T16:26:45.7337366+02:00" endTime="2026-06-19T16:26:56.8373814+02:00" testType="13cdc9d9-ddb5-4fa4-a97d-d965ccfc6d4b" outcome="Passed" testListId="8c84fa94-04c1-424b-9868-57a2d4851a1d" relativeResultsDirectory="b5edfbfe-0e2c-478e-af0d-99c3459ec03d" />
    <UnitTestResult executionId="b7abfd48-664d-45d1-b3da-9184dd38ff1f" testId="598d58ea-7f70-eae8-d4a2-32f7f4783584" testName="Degrade.degraded run.json marks provesScreenshot false with a stated reason + Ant mode" computerName="ee01623d796c" duration="00:00:00.0060000" startTime="2026-06-19T16:26:45.8049435+02:00" endTime="2026-06-19T16:26:45.8126210+02:00" testType="13cdc9d9-ddb5-4fa4-a97d-d965ccfc6d4b" outcome="Passed" testListId="8c84fa94-04c1-424b-9868-57a2d4851a1d" relativeResultsDirectory="b7abfd48-664d-45d1-b3da-9184dd38ff1f" />
    <UnitTestResult executionId="ef8f2881-c7ab-4e29-9bc4-1e132a62f173" testId="1a9fb270-d984-0bc0-21db-77ab26cfe454" testName="Coverage.every catalog control maps to exactly one page (0 unreferenced, 0 duplicated)" computerName="ee01623d796c" duration="00:00:00.0080000" startTime="2026-06-19T16:26:54.8467192+02:00" endTime="2026-06-19T16:26:54.8557844+02:00" testType="13cdc9d9-ddb5-4fa4-a97d-d965ccfc6d4b" outcome="Passed" testListId="8c84fa94-04c1-424b-9868-57a2d4851a1d" relativeResultsDirectory="ef8f2881-c7ab-4e29-9bc4-1e132a62f173" />
    <UnitTestResult executionId="48bd8335-57aa-409f-9e4c-f1def6bd794f" testId="c3a33e9a-a68a-dcef-803d-64b0b1e11a40" testName="VisualReadiness.accepted showcase sizes are declared" computerName="ee01623d796c" duration="00:00:00.0260000" startTime="2026-06-19T16:26:45.6109213+02:00" endTime="2026-06-19T16:26:45.6699976+02:00" testType="13cdc9d9-ddb5-4fa4-a97d-d965ccfc6d4b" outcome="Passed" testListId="8c84fa94-04c1-424b-9868-57a2d4851a1d" relativeResultsDirectory="48bd8335-57aa-409f-9e4c-f1def6bd794f" />
    <UnitTestResult executionId="2a3de805-5fdd-42a4-87fa-78ce46ab889f" testId="8e5d2335-31d5-2873-1367-47e3b1e8c4fb" testName="Interaction.buttons: activation increments the visible counter" computerName="ee01623d796c" startTime="2026-06-19T16:26:45.7846622+02:00" endTime="2026-06-19T16:26:45.7906939+02:00" testType="13cdc9d9-ddb5-4fa4-a97d-d965ccfc6d4b" outcome="Passed" testListId="8c84fa94-04c1-424b-9868-57a2d4851a1d" relativeResultsDirectory="2a3de805-5fdd-42a4-87fa-78ce46ab889f" />
    <UnitTestResult executionId="77a813a3-1ff6-41f4-9f69-5b36f7d63116" testId="1c219a69-6b8f-ecaf-f407-20b174953bbf" testName="Feature167 AntShowcase responsiveness CLI.responsiveness parser rejects unknown script" computerName="ee01623d796c" duration="00:00:00.0040000" startTime="2026-06-19T16:26:45.6102670+02:00" endTime="2026-06-19T16:26:45.6568596+02:00" testType="13cdc9d9-ddb5-4fa4-a97d-d965ccfc6d4b" outcome="Passed" testListId="8c84fa94-04c1-424b-9868-57a2d4851a1d" relativeResultsDirectory="77a813a3-1ff6-41f4-9f69-5b36f7d63116" />
    <UnitTestResult executionId="063dca62-b944-4d26-b678-7ba6a90c5ef8" testId="f9f704d8-0124-7e53-c1b4-a8ff6c0d9968" testName="VisualShell.theme and current page affordances render in full shell" computerName="ee01623d796c" duration="00:00:09.8690000" startTime="2026-06-19T16:26:45.7356188+02:00" endTime="2026-06-19T16:26:55.6084558+02:00" testType="13cdc9d9-ddb5-4fa4-a97d-d965ccfc6d4b" outcome="Passed" testListId="8c84fa94-04c1-424b-9868-57a2d4851a1d" relativeResultsDirectory="063dca62-b944-4d26-b678-7ba6a90c5ef8" />
    <UnitTestResult executionId="61f93f8b-f359-4a85-b5af-377001dc3d1d" testId="79284aba-0bcb-faee-a0cc-84279bcee7b6" testName="VisualShell.preferred shell regions are disjoint" computerName="ee01623d796c" duration="00:00:00.0060000" startTime="2026-06-19T16:26:45.7337603+02:00" endTime="2026-06-19T16:26:45.7426162+02:00" testType="13cdc9d9-ddb5-4fa4-a97d-d965ccfc6d4b" outcome="Passed" testListId="8c84fa94-04c1-424b-9868-57a2d4851a1d" relativeResultsDirectory="61f93f8b-f359-4a85-b5af-377001dc3d1d" />
    <UnitTestResult executionId="1193cbf1-299b-4501-b787-723023e077cd" testId="f656093e-bce5-729f-b784-8cf79cc4b058" testName="Interaction.a seeded keyboard activation changes the product model (responds-proof)" computerName="ee01623d796c" duration="00:00:07.9390000" startTime="2026-06-19T16:26:45.7766547+02:00" endTime="2026-06-19T16:26:53.7180141+02:00" testType="13cdc9d9-ddb5-4fa4-a97d-d965ccfc6d4b" outcome="Passed" testListId="8c84fa94-04c1-424b-9868-57a2d4851a1d" relativeResultsDirectory="1193cbf1-299b-4501-b787-723023e077cd" />
    <UnitTestResult executionId="5a7c3e8c-cf16-49ea-9540-858297771320" testId="fe7060bd-4591-3588-68f4-489587f9cff8" testName="Feature144 AntShowcase date-picker stale-overlay proof.final reference render publishes closed metadata and no stale open surface" computerName="ee01623d796c" duration="00:00:00.0230000" startTime="2026-06-19T16:26:45.7438916+02:00" endTime="2026-06-19T16:26:45.7689628+02:00" testType="13cdc9d9-ddb5-4fa4-a97d-d965ccfc6d4b" outcome="Passed" testListId="8c84fa94-04c1-424b-9868-57a2d4851a1d" relativeResultsDirectory="5a7c3e8c-cf16-49ea-9540-858297771320" />
    <UnitTestResult executionId="885cf23c-3cf7-46b0-8bd4-039c12becd2e" testId="67d0d92a-a588-9ae4-1e40-c746fad48a42" testName="Feature145 AntShowcase overlay visual correlation.date-picker reference evidence carries scenario hit focus and dispatch correlation" computerName="ee01623d796c" duration="00:00:00.0060000" startTime="2026-06-19T16:26:45.7438806+02:00" endTime="2026-06-19T16:26:45.7514934+02:00" testType="13cdc9d9-ddb5-4fa4-a97d-d965ccfc6d4b" outcome="Passed" testListId="8c84fa94-04c1-424b-9868-57a2d4851a1d" relativeResultsDirectory="885cf23c-3cf7-46b0-8bd4-039c12becd2e" />
    <UnitTestResult executionId="95ebf40d-4c18-4591-bb98-83eb3cfb4918" testId="6fdfdb32-d9fc-4f00-2d25-2a979d845586" testName="Interaction.the host key map routes activation keys to a button click" computerName="ee01623d796c" startTime="2026-06-19T16:26:45.7859906+02:00" endTime="2026-06-19T16:26:45.7915771+02:00" testType="13cdc9d9-ddb5-4fa4-a97d-d965ccfc6d4b" outcome="Passed" testListId="8c84fa94-04c1-424b-9868-57a2d4851a1d" relativeResultsDirectory="95ebf40d-4c18-4591-bb98-83eb3cfb4918" />
    <UnitTestResult executionId="844cd743-e085-4552-acaf-703486bda776" testId="080bf1e1-b2b3-6682-2d6a-bc25ee1a6d96" testName="VisualEvidence.workflow expands page and theme matrix" computerName="ee01623d796c" duration="00:00:00.0010000" startTime="2026-06-19T16:26:45.6859693+02:00" endTime="2026-06-19T16:26:45.7031118+02:00" testType="13cdc9d9-ddb5-4fa4-a97d-d965ccfc6d4b" outcome="Passed" testListId="8c84fa94-04c1-424b-9868-57a2d4851a1d" relativeResultsDirectory="844cd743-e085-4552-acaf-703486bda776" />
    <UnitTestResult executionId="a3ebcb3e-6abf-49a1-a525-9a3fe74b9086" testId="504590f8-4f29-f667-ea24-7f56752bd9f9" testName="VisualPage.minimum-size representative pages are declared" computerName="ee01623d796c" startTime="2026-06-19T16:26:45.7337462+02:00" endTime="2026-06-19T16:26:45.7379983+02:00" testType="13cdc9d9-ddb5-4fa4-a97d-d965ccfc6d4b" outcome="Passed" testListId="8c84fa94-04c1-424b-9868-57a2d4851a1d" relativeResultsDirectory="a3ebcb3e-6abf-49a1-a525-9a3fe74b9086" />
    <UnitTestResult executionId="025fba75-9687-44d3-b135-81c3233a157f" testId="14abbb01-f46d-3a6f-7efe-5f8db303eb27" testName="Feature143 AntShowcase date-picker reference flow.scripted date-picker overlay opens selects dismisses and records evidence" computerName="ee01623d796c" duration="00:00:00.0410000" startTime="2026-06-19T16:26:45.7546000+02:00" endTime="2026-06-19T16:26:45.7985582+02:00" testType="13cdc9d9-ddb5-4fa4-a97d-d965ccfc6d4b" outcome="Passed" testListId="8c84fa94-04c1-424b-9868-57a2d4851a1d" relativeResultsDirectory="025fba75-9687-44d3-b135-81c3233a157f" />
    <UnitTestResult executionId="7cfa2364-179b-4bce-a5f5-5dc9ba79d907" testId="ed4d4b43-169d-b1c9-8ccd-0a59d3726434" testName="PageRender.catalog page text-numeric-input renders a non-empty tree" computerName="ee01623d796c" duration="00:00:02.0280000" startTime="2026-06-19T16:26:52.1600108+02:00" endTime="2026-06-19T16:26:54.1891815+02:00" testType="13cdc9d9-ddb5-4fa4-a97d-d965ccfc6d4b" outcome="Passed" testListId="8c84fa94-04c1-424b-9868-57a2d4851a1d" relativeResultsDirectory="7cfa2364-179b-4bce-a5f5-5dc9ba79d907" />
    <UnitTestResult executionId="ae7a18d2-019b-4ce0-a49f-85db6751d7fd" testId="19bb6e86-88a7-9f8a-d52d-0c75f62baadd" testName="PageRender.catalog page graphs-custom renders a non-empty tree" computerName="ee01623d796c" duration="00:00:00.4270000" startTime="2026-06-19T16:26:54.7354152+02:00" endTime="2026-06-19T16:26:55.1639681+02:00" testType="13cdc9d9-ddb5-4fa4-a97d-d965ccfc6d4b" outcome="Passed" testListId="8c84fa94-04c1-424b-9868-57a2d4851a1d" relativeResultsDirectory="ae7a18d2-019b-4ce0-a49f-85db6751d7fd" />
    <UnitTestResult executionId="554885a0-8e68-4827-aff7-05026a491f03" testId="a32efe94-3ad9-1f9d-9d67-3478d19926c4" testName="PageRender.catalog page buttons renders a non-empty tree" computerName="ee01623d796c" duration="00:00:00.4680000" startTime="2026-06-19T16:26:52.1104991+02:00" endTime="2026-06-19T16:26:52.5796068+02:00" testType="13cdc9d9-ddb5-4fa4-a97d-d965ccfc6d4b" outcome="Passed" testListId="8c84fa94-04c1-424b-9868-57a2d4851a1d" relativeResultsDirectory="554885a0-8e68-4827-aff7-05026a491f03" />
    <UnitTestResult executionId="f93a6091-ee80-4705-a627-c0321c4ca323" testId="19695dc9-a7e3-2a44-12b1-6d3893d90499" testName="Feature167 AntShowcase keyboard compatibility.Enter and Space activate on key-down only" computerName="ee01623d796c" duration="00:00:00.0100000" startTime="2026-06-19T16:26:45.6104512+02:00" endTime="2026-06-19T16:26:45.6698282+02:00" testType="13cdc9d9-ddb5-4fa4-a97d-d965ccfc6d4b" outcome="Passed" testListId="8c84fa94-04c1-424b-9868-57a2d4851a1d" relativeResultsDirectory="f93a6091-ee80-4705-a627-c0321c4ca323" />
    <UnitTestResult executionId="593b8409-97d8-45ee-9995-5c741530524e" testId="18a26213-29ca-cb83-3dfd-421b353f975a" testName="Determinism.run.json text is byte-identical for identical record inputs" computerName="ee01623d796c" duration="00:00:33.5290000" startTime="2026-06-19T16:26:45.8080313+02:00" endTime="2026-06-19T16:27:19.3381807+02:00" testType="13cdc9d9-ddb5-4fa4-a97d-d965ccfc6d4b" outcome="Passed" testListId="8c84fa94-04c1-424b-9868-57a2d4851a1d" relativeResultsDirectory="593b8409-97d8-45ee-9995-5c741530524e" />
    <UnitTestResult executionId="5ce30f23-40ea-499c-b50b-e317bb9b8b31" testId="f6a328ce-f34d-b6c8-a194-b8ccefb47066" testName="VisualEvidence.visual summary delegates generated readiness fields to shared report" computerName="ee01623d796c" duration="00:00:00.0270000" startTime="2026-06-19T16:26:45.6955101+02:00" endTime="2026-06-19T16:26:45.7272228+02:00" testType="13cdc9d9-ddb5-4fa4-a97d-d965ccfc6d4b" outcome="Passed" testListId="8c84fa94-04c1-424b-9868-57a2d4851a1d" relativeResultsDirectory="5ce30f23-40ea-499c-b50b-e317bb9b8b31" />
    <UnitTestResult executionId="dea813f7-3fba-4bd6-ae74-c6f5a0257cbf" testId="83809193-3729-b216-0ab1-e806956670b8" testName="PageRender.catalog page charts-advanced renders a non-empty tree" computerName="ee01623d796c" duration="00:00:00.6500000" startTime="2026-06-19T16:26:54.7199884+02:00" endTime="2026-06-19T16:26:55.3714271+02:00" testType="13cdc9d9-ddb5-4fa4-a97d-d965ccfc6d4b" outcome="Passed" testListId="8c84fa94-04c1-424b-9868-57a2d4851a1d" relativeResultsDirectory="dea813f7-3fba-4bd6-ae74-c6f5a0257cbf" />
    <UnitTestResult executionId="4bc80c47-d9cb-490f-acc7-ce6aec893737" testId="1cb5e1cc-6a53-55bb-4611-c50e0289559d" testName="Coverage.13 catalog pages + 6 template pages = 19 pages" computerName="ee01623d796c" startTime="2026-06-19T16:26:54.8746076+02:00" endTime="2026-06-19T16:26:54.8757218+02:00" testType="13cdc9d9-ddb5-4fa4-a97d-d965ccfc6d4b" outcome="Passed" testListId="8c84fa94-04c1-424b-9868-57a2d4851a1d" relativeResultsDirectory="4bc80c47-d9cb-490f-acc7-ce6aec893737" />
    <UnitTestResult executionId="278c38e4-228b-41ed-9899-a1082a04ebb2" testId="bbdad068-47b0-ed9f-a934-5d1210f7c40a" testName="Interaction.display-only controls are exempt: navigation never alters interactive state" computerName="ee01623d796c" startTime="2026-06-19T16:26:45.7948049+02:00" endTime="2026-06-19T16:26:45.7971836+02:00" testType="13cdc9d9-ddb5-4fa4-a97d-d965ccfc6d4b" outcome="Passed" testListId="8c84fa94-04c1-424b-9868-57a2d4851a1d" relativeResultsDirectory="278c38e4-228b-41ed-9899-a1082a04ebb2" />
    <UnitTestResult executionId="70842251-f51f-44e2-8f0a-ca8bce9617e0" testId="3ad74e37-69bf-e2f1-25ec-f4cb7dde8470" testName="VisualTemplate.template pages keep primary actions visible" computerName="ee01623d796c" duration="00:00:00.0110000" startTime="2026-06-19T16:26:45.7133224+02:00" endTime="2026-06-19T16:26:45.7259428+02:00" testType="13cdc9d9-ddb5-4fa4-a97d-d965ccfc6d4b" outcome="Passed" testListId="8c84fa94-04c1-424b-9868-57a2d4851a1d" relativeResultsDirectory="70842251-f51f-44e2-8f0a-ca8bce9617e0" />
    <UnitTestResult executionId="42189e8b-6d61-4733-9464-35412213142a" testId="b7ef7c09-8054-c257-a04c-d5683fcfbecf" testName="Template.template tpl-detail is composed only of catalog control types (SC-002)" computerName="ee01623d796c" duration="00:00:00.0010000" startTime="2026-06-19T16:26:51.3553954+02:00" endTime="2026-06-19T16:26:51.3578825+02:00" testType="13cdc9d9-ddb5-4fa4-a97d-d965ccfc6d4b" outcome="Passed" testListId="8c84fa94-04c1-424b-9868-57a2d4851a1d" relativeResultsDirectory="42189e8b-6d61-4733-9464-35412213142a" />
    <UnitTestResult executionId="7c78b5fd-0610-4daa-b1a2-800cc92e9704" testId="ee61961f-b1bc-9070-e42f-9b860a859778" testName="Template.template tpl-exception is composed only of catalog control types (SC-002)" computerName="ee01623d796c" startTime="2026-06-19T16:26:51.3916391+02:00" endTime="2026-06-19T16:26:51.3931043+02:00" testType="13cdc9d9-ddb5-4fa4-a97d-d965ccfc6d4b" outcome="Passed" testListId="8c84fa94-04c1-424b-9868-57a2d4851a1d" relativeResultsDirectory="7c78b5fd-0610-4daa-b1a2-800cc92e9704" />
    <UnitTestResult executionId="efb713f1-3d08-43d7-b069-71148b27045a" testId="f4e7d678-fc7c-cb5b-dd30-f9840f8ed291" testName="Feedback.a blank / whitespace-only draft is a no-op" computerName="ee01623d796c" startTime="2026-06-19T16:26:45.7657211+02:00" endTime="2026-06-19T16:26:45.7677624+02:00" testType="13cdc9d9-ddb5-4fa4-a97d-d965ccfc6d4b" outcome="Passed" testListId="8c84fa94-04c1-424b-9868-57a2d4851a1d" relativeResultsDirectory="efb713f1-3d08-43d7-b069-71148b27045a" />
    <UnitTestResult executionId="b41ee7b7-8f63-444a-a4d9-7f0c910726d7" testId="f592165f-4311-76bc-b1d5-744730b286d2" testName="Template.template tpl-form is composed only of catalog control types (SC-002)" computerName="ee01623d796c" startTime="2026-06-19T16:26:51.3663429+02:00" endTime="2026-06-19T16:26:51.3677591+02:00" testType="13cdc9d9-ddb5-4fa4-a97d-d965ccfc6d4b" outcome="Passed" testListId="8c84fa94-04c1-424b-9868-57a2d4851a1d" relativeResultsDirectory="b41ee7b7-8f63-444a-a4d9-7f0c910726d7" />
    <UnitTestResult executionId="cbb2a9c7-f64f-4166-872f-56cae62d76f8" testId="99377ca3-ec56-ab3a-7ae0-6b0454c9e7a9" testName="ThemeInvariance.page tpl-workbench: tree shape + accessibility ids invariant across antLight/antDark" computerName="ee01623d796c" duration="00:00:02.1050000" startTime="2026-06-19T16:26:49.9954987+02:00" endTime="2026-06-19T16:26:52.1020771+02:00" testType="13cdc9d9-ddb5-4fa4-a97d-d965ccfc6d4b" outcome="Passed" testListId="8c84fa94-04c1-424b-9868-57a2d4851a1d" relativeResultsDirectory="cbb2a9c7-f64f-4166-872f-56cae62d76f8" />
    <UnitTestResult executionId="57936b30-fcc3-4c83-b750-c9d5c2e418cc" testId="a61aa88e-ee00-e9bd-035b-c8dc690dce95" testName="Template.template tpl-list is composed only of catalog control types (SC-002)" computerName="ee01623d796c" startTime="2026-06-19T16:26:51.3445527+02:00" endTime="2026-06-19T16:26:51.3460251+02:00" testType="13cdc9d9-ddb5-4fa4-a97d-d965ccfc6d4b" outcome="Passed" testListId="8c84fa94-04c1-424b-9868-57a2d4851a1d" relativeResultsDirectory="57936b30-fcc3-4c83-b750-c9d5c2e418cc" />
    <UnitTestResult executionId="f1c761c1-200c-4699-8246-4a79959fcae6" testId="225d954b-63fd-73fd-585c-590b31334ac5" testName="Feature167 AntShowcase responsiveness CLI.responsiveness command writes environment-limited summary output" computerName="ee01623d796c" duration="00:00:10.3450000" startTime="2026-06-19T16:26:45.6101388+02:00" endTime="2026-06-19T16:26:55.9880281+02:00" testType="13cdc9d9-ddb5-4fa4-a97d-d965ccfc6d4b" outcome="Passed" testListId="8c84fa94-04c1-424b-9868-57a2d4851a1d" relativeResultsDirectory="f1c761c1-200c-4699-8246-4a79959fcae6" />
    <UnitTestResult executionId="f2eb8933-c32a-4bd4-b48c-19693ad974dc" testId="548cacb6-6962-773f-9c72-1aeaf2920057" testName="ThemeInvariance.page selection-toggles: tree shape + accessibility ids invariant across antLight/antDark" computerName="ee01623d796c" duration="00:00:02.5530000" startTime="2026-06-19T16:26:46.4991739+02:00" endTime="2026-06-19T16:26:49.0559994+02:00" testType="13cdc9d9-ddb5-4fa4-a97d-d965ccfc6d4b" outcome="Passed" testListId="8c84fa94-04c1-424b-9868-57a2d4851a1d" relativeResultsDirectory="f2eb8933-c32a-4bd4-b48c-19693ad974dc" />
    <UnitTestResult executionId="6acc8154-918d-46f8-828c-a6f6f166d12c" testId="8aff8a8b-b3d2-6d6a-1ee1-8f10968cb5a1" testName="Feature169 AntShowcase diagnostics CLI.Synthetic diagnostics command writes JSON Markdown and compact default output" computerName="ee01623d796c" duration="00:00:00.0790000" startTime="2026-06-19T16:26:45.6101384+02:00" endTime="2026-06-19T16:26:45.7225889+02:00" testType="13cdc9d9-ddb5-4fa4-a97d-d965ccfc6d4b" outcome="Passed" testListId="8c84fa94-04c1-424b-9868-57a2d4851a1d" relativeResultsDirectory="6acc8154-918d-46f8-828c-a6f6f166d12c" />
    <UnitTestResult executionId="55c4ef7d-8705-4c0c-9097-525ebc71c549" testId="919aca14-21ca-24ae-e3f3-bf5c23f46b1d" testName="Degrade.a proven record claims the non-blank-offscreen-png; a degraded one does not" computerName="ee01623d796c" startTime="2026-06-19T16:26:45.8049400+02:00" endTime="2026-06-19T16:26:45.8138720+02:00" testType="13cdc9d9-ddb5-4fa4-a97d-d965ccfc6d4b" outcome="Passed" testListId="8c84fa94-04c1-424b-9868-57a2d4851a1d" relativeResultsDirectory="55c4ef7d-8705-4c0c-9097-525ebc71c549" />
    <UnitTestResult executionId="971e4b28-2a1f-49e2-bcad-c3e7a6ed9f03" testId="3e1e49d9-c726-1277-0d63-548873aaf9e2" testName="Feature167 AntShowcase responsiveness shape.representative script includes pointer activation, keyboard activation, and no-op input" computerName="ee01623d796c" duration="00:00:00.0070000" startTime="2026-06-19T16:26:45.6106194+02:00" endTime="2026-06-19T16:26:45.6568686+02:00" testType="13cdc9d9-ddb5-4fa4-a97d-d965ccfc6d4b" outcome="Passed" testListId="8c84fa94-04c1-424b-9868-57a2d4851a1d" relativeResultsDirectory="971e4b28-2a1f-49e2-bcad-c3e7a6ed9f03" />
    <UnitTestResult executionId="ec13d110-e933-4bde-935d-3b3f66abf471" testId="9637135e-7cbd-f599-f2ff-5dd6d5df3488" testName="Feedback.feedback lines round-trip through the persistence encoding (incl. tab/newline)" computerName="ee01623d796c" startTime="2026-06-19T16:26:45.7745111+02:00" endTime="2026-06-19T16:26:45.7780718+02:00" testType="13cdc9d9-ddb5-4fa4-a97d-d965ccfc6d4b" outcome="Passed" testListId="8c84fa94-04c1-424b-9868-57a2d4851a1d" relativeResultsDirectory="ec13d110-e933-4bde-935d-3b3f66abf471" />
    <UnitTestResult executionId="9dcd2720-eb2b-4739-bf64-c98569e48a1e" testId="22ffc5ff-262a-a6f0-1d27-163194313b89" testName="PageRender.catalog page data-collections renders a non-empty tree" computerName="ee01623d796c" duration="00:00:00.5190000" startTime="2026-06-19T16:26:54.1956307+02:00" endTime="2026-06-19T16:26:54.7163554+02:00" testType="13cdc9d9-ddb5-4fa4-a97d-d965ccfc6d4b" outcome="Passed" testListId="8c84fa94-04c1-424b-9868-57a2d4851a1d" relativeResultsDirectory="9dcd2720-eb2b-4739-bf64-c98569e48a1e" />
    <UnitTestResult executionId="1361bbe9-8cb3-461d-8ee8-f87174b93c99" testId="cc352e01-3a3e-0a8e-eb97-853af8de2f63" testName="VisualReadiness.shared visual readiness target parity covers preferred and minimum matrices" computerName="ee01623d796c" duration="00:00:00.0320000" startTime="2026-06-19T16:26:45.6504270+02:00" endTime="2026-06-19T16:26:45.6848435+02:00" testType="13cdc9d9-ddb5-4fa4-a97d-d965ccfc6d4b" outcome="Passed" testListId="8c84fa94-04c1-424b-9868-57a2d4851a1d" relativeResultsDirectory="1361bbe9-8cb3-461d-8ee8-f87174b93c99" />
    <UnitTestResult executionId="a862645c-b2c6-43f1-b360-e6a674c88d9f" testId="68af0dfb-f289-7ecd-149f-0f34256310d1" testName="Feedback.submitting a non-blank draft saves a page-tagged entry and clears the draft" computerName="ee01623d796c" startTime="2026-06-19T16:26:45.7643519+02:00" endTime="2026-06-19T16:26:45.7667561+02:00" testType="13cdc9d9-ddb5-4fa4-a97d-d965ccfc6d4b" outcome="Passed" testListId="8c84fa94-04c1-424b-9868-57a2d4851a1d" relativeResultsDirectory="a862645c-b2c6-43f1-b360-e6a674c88d9f" />
    <UnitTestResult executionId="34c0ed43-97e8-4030-a090-1e5388f3db81" testId="1025a283-8f4d-3ab6-b652-95460c5a8059" testName="Coverage.template pages are exempt: they carry no ControlIds" computerName="ee01623d796c" startTime="2026-06-19T16:26:54.8913046+02:00" endTime="2026-06-19T16:26:54.8967213+02:00" testType="13cdc9d9-ddb5-4fa4-a97d-d965ccfc6d4b" outcome="Passed" testListId="8c84fa94-04c1-424b-9868-57a2d4851a1d" relativeResultsDirectory="34c0ed43-97e8-4030-a090-1e5388f3db81" />
    <UnitTestResult executionId="71422e51-6cf8-415a-bb40-f8af39d49d05" testId="2c6a9575-ba52-151b-44eb-c2902bdc8548" testName="Degrade.degraded summary discloses and never claims a screenshot" computerName="ee01623d796c" duration="00:00:00.0010000" startTime="2026-06-19T16:26:45.7948172+02:00" endTime="2026-06-19T16:26:45.7978019+02:00" testType="13cdc9d9-ddb5-4fa4-a97d-d965ccfc6d4b" outcome="Passed" testListId="8c84fa94-04c1-424b-9868-57a2d4851a1d" relativeResultsDirectory="71422e51-6cf8-415a-bb40-f8af39d49d05" />
    <UnitTestResult executionId="faba575e-5516-4f63-b084-0da71298d8f7" testId="aba02c64-a222-a272-89dd-978cc4bef7ff" testName="Feature169 AntShowcase diagnostics CLI.Synthetic diagnostics command verbose output includes detailed records" computerName="ee01623d796c" duration="00:00:00.0790000" startTime="2026-06-19T16:26:45.6101370+02:00" endTime="2026-06-19T16:26:45.7227413+02:00" testType="13cdc9d9-ddb5-4fa4-a97d-d965ccfc6d4b" outcome="Passed" testListId="8c84fa94-04c1-424b-9868-57a2d4851a1d" relativeResultsDirectory="faba575e-5516-4f63-b084-0da71298d8f7" />
    <UnitTestResult executionId="123f02ac-7fa1-43a0-981e-98b0319096c7" testId="4d1aa0d0-aa6b-3598-8241-e3916c3908bd" testName="VisualShell.every page renders through the full shell at preferred size" computerName="ee01623d796c" duration="00:00:24.0630000" startTime="2026-06-19T16:26:45.7340822+02:00" endTime="2026-06-19T16:27:09.8020677+02:00" testType="13cdc9d9-ddb5-4fa4-a97d-d965ccfc6d4b" outcome="Passed" testListId="8c84fa94-04c1-424b-9868-57a2d4851a1d" relativeResultsDirectory="123f02ac-7fa1-43a0-981e-98b0319096c7" />
    <UnitTestResult executionId="c50adaaa-c132-41de-a195-f3e2e98bb75d" testId="583e56cc-e4f5-1057-04cb-fb7de33edd5c" testName="VisualEvidence.degraded capture keeps readiness environment-limited" computerName="ee01623d796c" duration="00:00:00.0060000" startTime="2026-06-19T16:26:45.6859957+02:00" endTime="2026-06-19T16:26:45.7040144+02:00" testType="13cdc9d9-ddb5-4fa4-a97d-d965ccfc6d4b" outcome="Passed" testListId="8c84fa94-04c1-424b-9868-57a2d4851a1d" relativeResultsDirectory="c50adaaa-c132-41de-a195-f3e2e98bb75d" />
    <UnitTestResult executionId="4492a979-fb7a-433b-b29d-11d71e239566" testId="b468432c-4c87-6dd2-5cb7-f413efb8f3ea" testName="Coverage.every catalog page has a non-empty control list" computerName="ee01623d796c" startTime="2026-06-19T16:26:54.9022233+02:00" endTime="2026-06-19T16:26:54.9096400+02:00" testType="13cdc9d9-ddb5-4fa4-a97d-d965ccfc6d4b" outcome="Passed" testListId="8c84fa94-04c1-424b-9868-57a2d4851a1d" relativeResultsDirectory="4492a979-fb7a-433b-b29d-11d71e239566" />
    <UnitTestResult executionId="17c28b9f-9df7-4b45-b191-55190ad3ef77" testId="968110de-6a58-b09c-4102-7b993a7eab2b" testName="Feature167 AntShowcase responsiveness shape.representative deterministic substitute changes product state through keyboard activation" computerName="ee01623d796c" duration="00:00:10.1820000" startTime="2026-06-19T16:26:45.6107650+02:00" endTime="2026-06-19T16:26:55.8254723+02:00" testType="13cdc9d9-ddb5-4fa4-a97d-d965ccfc6d4b" outcome="Passed" testListId="8c84fa94-04c1-424b-9868-57a2d4851a1d" relativeResultsDirectory="17c28b9f-9df7-4b45-b191-55190ad3ef77" />
    <UnitTestResult executionId="2466ba29-f79a-4c14-9472-7d5cf2f6aa8e" testId="cc2b1f24-28df-f2bd-3c94-a01353d5e77f" testName="VisualTemplate.result and exception templates include balanced outcome content" computerName="ee01623d796c" startTime="2026-06-19T16:26:45.7133403+02:00" endTime="2026-06-19T16:26:45.7235860+02:00" testType="13cdc9d9-ddb5-4fa4-a97d-d965ccfc6d4b" outcome="Passed" testListId="8c84fa94-04c1-424b-9868-57a2d4851a1d" relativeResultsDirectory="2466ba29-f79a-4c14-9472-7d5cf2f6aa8e" />
    <UnitTestResult executionId="865cdbda-9616-4dea-a706-d97d066a562d" testId="458e4635-79c0-a706-84b4-e8263db3386d" testName="Coverage.the catalog (live count) maps bijectively onto the Catalog pages" computerName="ee01623d796c" startTime="2026-06-19T16:26:54.8589635+02:00" endTime="2026-06-19T16:26:54.8712522+02:00" testType="13cdc9d9-ddb5-4fa4-a97d-d965ccfc6d4b" outcome="Passed" testListId="8c84fa94-04c1-424b-9868-57a2d4851a1d" relativeResultsDirectory="865cdbda-9616-4dea-a706-d97d066a562d" />
    <UnitTestResult executionId="c05977ae-cf5b-4235-a899-9e7fae5913d1" testId="04f0e1ed-caaa-d978-df3b-8f5e14da8226" testName="PageRender.catalog page cards-stats-media renders a non-empty tree" computerName="ee01623d796c" duration="00:00:02.0730000" startTime="2026-06-19T16:26:51.4434447+02:00" endTime="2026-06-19T16:26:53.5180353+02:00" testType="13cdc9d9-ddb5-4fa4-a97d-d965ccfc6d4b" outcome="Passed" testListId="8c84fa94-04c1-424b-9868-57a2d4851a1d" relativeResultsDirectory="c05977ae-cf5b-4235-a899-9e7fae5913d1" />
    <UnitTestResult executionId="0e3dcbb7-1fe6-4892-8942-f5121a409c67" testId="5e8a7486-80a2-9948-7302-9681d6e8a6b2" testName="PageRender.catalog page layout-containers renders a non-empty tree" computerName="ee01623d796c" duration="00:00:00.8800000" startTime="2026-06-19T16:26:53.4916702+02:00" endTime="2026-06-19T16:26:54.3752078+02:00" testType="13cdc9d9-ddb5-4fa4-a97d-d965ccfc6d4b" outcome="Passed" testListId="8c84fa94-04c1-424b-9868-57a2d4851a1d" relativeResultsDirectory="0e3dcbb7-1fe6-4892-8942-f5121a409c67" />
    <UnitTestResult executionId="7a60760d-fc3b-40c7-8202-9c3be43c5aa4" testId="74776e1e-dbb3-0a2b-5734-d8a7da981c11" testName="Template.template tpl-result is composed only of catalog control types (SC-002)" computerName="ee01623d796c" startTime="2026-06-19T16:26:51.3814011+02:00" endTime="2026-06-19T16:26:51.3831688+02:00" testType="13cdc9d9-ddb5-4fa4-a97d-d965ccfc6d4b" outcome="Passed" testListId="8c84fa94-04c1-424b-9868-57a2d4851a1d" relativeResultsDirectory="7a60760d-fc3b-40c7-8202-9c3be43c5aa4" />
    <UnitTestResult executionId="090059e1-89da-45ac-b966-476c6e06602b" testId="c2926ce5-9be2-c75f-e76c-bd179d38d4b9" testName="VisualShell.navigation labels fit the rail after truncation" computerName="ee01623d796c" startTime="2026-06-19T16:26:45.7340676+02:00" endTime="2026-06-19T16:26:45.7398785+02:00" testType="13cdc9d9-ddb5-4fa4-a97d-d965ccfc6d4b" outcome="Passed" testListId="8c84fa94-04c1-424b-9868-57a2d4851a1d" relativeResultsDirectory="090059e1-89da-45ac-b966-476c6e06602b" />
    <UnitTestResult executionId="09abe77d-dd95-4fef-8dfe-89a60d688182" testId="6817c6d0-d6d4-f5b1-eee5-2e37dcd8928f" testName="VisualReadiness.theme switching preserves current page and page state" computerName="ee01623d796c" duration="00:00:00.0240000" startTime="2026-06-19T16:26:45.6110533+02:00" endTime="2026-06-19T16:26:45.6778837+02:00" testType="13cdc9d9-ddb5-4fa4-a97d-d965ccfc6d4b" outcome="Passed" testListId="8c84fa94-04c1-424b-9868-57a2d4851a1d" relativeResultsDirectory="09abe77d-dd95-4fef-8dfe-89a60d688182" />
    <UnitTestResult executionId="0ef7fd02-e52e-43aa-aab2-d2b2b9479256" testId="aa343278-e4be-0434-e9d5-ae235e1ed3c2" testName="Feedback.a malformed stored line decodes to None" computerName="ee01623d796c" startTime="2026-06-19T16:26:45.7745140+02:00" endTime="2026-06-19T16:26:45.7793972+02:00" testType="13cdc9d9-ddb5-4fa4-a97d-d965ccfc6d4b" outcome="Passed" testListId="8c84fa94-04c1-424b-9868-57a2d4851a1d" relativeResultsDirectory="0ef7fd02-e52e-43aa-aab2-d2b2b9479256" />
    <UnitTestResult executionId="48c884ab-a677-41fe-b61e-43ceb192fc94" testId="07d30ebb-d62c-ec80-538e-349d95b52ad4" testName="Template.template tpl-workbench is composed only of catalog control types (SC-002)" computerName="ee01623d796c" duration="00:00:00.0050000" startTime="2026-06-19T16:26:51.3319820+02:00" endTime="2026-06-19T16:26:51.3388773+02:00" testType="13cdc9d9-ddb5-4fa4-a97d-d965ccfc6d4b" outcome="Passed" testListId="8c84fa94-04c1-424b-9868-57a2d4851a1d" relativeResultsDirectory="48c884ab-a677-41fe-b61e-43ceb192fc94" />
    <UnitTestResult executionId="132688e9-19e5-47b6-88cb-8145851debc3" testId="b6dab455-db27-540d-bc2e-f2883532578e" testName="Determinism.golden state outcome is byte-identical across two same-seed runs over all pages" computerName="ee01623d796c" duration="00:00:53.7190000" startTime="2026-06-19T16:26:45.8049511+02:00" endTime="2026-06-19T16:27:39.5265078+02:00" testType="13cdc9d9-ddb5-4fa4-a97d-d965ccfc6d4b" outcome="Passed" testListId="8c84fa94-04c1-424b-9868-57a2d4851a1d" relativeResultsDirectory="132688e9-19e5-47b6-88cb-8145851debc3" />
    <UnitTestResult executionId="cb08740e-74d1-4b8a-98e0-5b2f56df56aa" testId="afa86f8b-b4d5-5083-a71d-8201a78076b9" testName="PageRender.catalog page display-typography renders a non-empty tree" computerName="ee01623d796c" duration="00:00:00.7110000" startTime="2026-06-19T16:26:51.4298928+02:00" endTime="2026-06-19T16:26:52.1497421+02:00" testType="13cdc9d9-ddb5-4fa4-a97d-d965ccfc6d4b" outcome="Passed" testListId="8c84fa94-04c1-424b-9868-57a2d4851a1d" relativeResultsDirectory="cb08740e-74d1-4b8a-98e0-5b2f56df56aa" />
    <UnitTestResult executionId="1b0208c3-94d3-4f8a-9e0b-07d20ba74849" testId="32bab839-308f-37e0-9f7f-3df56e3167c2" testName="VisualEvidence.visual summary serializers carry canonical status fields" computerName="ee01623d796c" duration="00:00:00.0460000" startTime="2026-06-19T16:26:45.6860123+02:00" endTime="2026-06-19T16:26:45.7433859+02:00" testType="13cdc9d9-ddb5-4fa4-a97d-d965ccfc6d4b" outcome="Passed" testListId="8c84fa94-04c1-424b-9868-57a2d4851a1d" relativeResultsDirectory="1b0208c3-94d3-4f8a-9e0b-07d20ba74849" />
    <UnitTestResult executionId="b90bbda3-8c29-4b33-adba-ec6b47efea36" testId="e8a433f6-8df3-ebe9-1c7c-e55226e7c605" testName="Feature144 AntShowcase date-picker flow.reference script opens selects dismisses and recovers focus through product-owned state" computerName="ee01623d796c" duration="00:00:00.0020000" startTime="2026-06-19T16:26:45.7541932+02:00" endTime="2026-06-19T16:26:45.7570508+02:00" testType="13cdc9d9-ddb5-4fa4-a97d-d965ccfc6d4b" outcome="Passed" testListId="8c84fa94-04c1-424b-9868-57a2d4851a1d" relativeResultsDirectory="b90bbda3-8c29-4b33-adba-ec6b47efea36" />
    <UnitTestResult executionId="6c462f3c-5119-4a81-ba7b-18b4d06e224d" testId="7064acdf-fef2-0f32-6222-ece71e95b451" testName="Interaction.each interactive family maps its input to its own field transition" computerName="ee01623d796c" duration="00:00:00.0020000" startTime="2026-06-19T16:26:45.7846720+02:00" endTime="2026-06-19T16:26:45.7922515+02:00" testType="13cdc9d9-ddb5-4fa4-a97d-d965ccfc6d4b" outcome="Passed" testListId="8c84fa94-04c1-424b-9868-57a2d4851a1d" relativeResultsDirectory="6c462f3c-5119-4a81-ba7b-18b4d06e224d" />
    <UnitTestResult executionId="35341dbe-1cee-4aba-8483-4fcdcc810527" testId="f187f4c9-0608-08eb-5613-4c3c17d5ec64" testName="VisualPage.large and dense pages declare dedicated demonstration regions" computerName="ee01623d796c" startTime="2026-06-19T16:26:45.7222248+02:00" endTime="2026-06-19T16:26:45.7250474+02:00" testType="13cdc9d9-ddb5-4fa4-a97d-d965ccfc6d4b" outcome="Passed" testListId="8c84fa94-04c1-424b-9868-57a2d4851a1d" relativeResultsDirectory="35341dbe-1cee-4aba-8483-4fcdcc810527" />
    <UnitTestResult executionId="2f85e4b6-83a2-480b-8b43-6570c83c3aa4" testId="f27d5b93-7491-f4d6-f966-e5d83bebd63e" testName="VisualShell.minimum shell regions are disjoint" computerName="ee01623d796c" duration="00:00:00.0050000" startTime="2026-06-19T16:26:45.7337799+02:00" endTime="2026-06-19T16:26:45.7426164+02:00" testType="13cdc9d9-ddb5-4fa4-a97d-d965ccfc6d4b" outcome="Passed" testListId="8c84fa94-04c1-424b-9868-57a2d4851a1d" relativeResultsDirectory="2f85e4b6-83a2-480b-8b43-6570c83c3aa4" />
    <UnitTestResult executionId="0bc5a2bf-9dd1-4e4d-9f1c-a8adf4ac602d" testId="655c4c02-9946-2cfc-ee79-c4228409c947" testName="Feedback.feedback accumulates newest-first and stays tagged per page" computerName="ee01623d796c" duration="00:00:00.0010000" startTime="2026-06-19T16:26:45.7745028+02:00" endTime="2026-06-19T16:26:45.7772584+02:00" testType="13cdc9d9-ddb5-4fa4-a97d-d965ccfc6d4b" outcome="Passed" testListId="8c84fa94-04c1-424b-9868-57a2d4851a1d" relativeResultsDirectory="0bc5a2bf-9dd1-4e4d-9f1c-a8adf4ac602d" />
    <UnitTestResult executionId="d830dfce-2a28-4fa0-9bdb-be7b848f6b02" testId="9c3a38c8-7a33-e912-68a9-b70129afb0fe" testName="PageRender.catalog page selection-toggles renders a non-empty tree" computerName="ee01623d796c" duration="00:00:00.9010000" startTime="2026-06-19T16:26:52.5884914+02:00" endTime="2026-06-19T16:26:53.4906396+02:00" testType="13cdc9d9-ddb5-4fa4-a97d-d965ccfc6d4b" outcome="Passed" testListId="8c84fa94-04c1-424b-9868-57a2d4851a1d" relativeResultsDirectory="d830dfce-2a28-4fa0-9bdb-be7b848f6b02" />
    <UnitTestResult executionId="032d3ac7-077e-465a-aff3-4a635f2a3394" testId="9b07565a-dadc-6b39-1b91-e1b38913b0f9" testName="Template.form: field edits return to Editing (no premature validation)" computerName="ee01623d796c" startTime="2026-06-19T16:26:51.4188959+02:00" endTime="2026-06-19T16:26:51.4293291+02:00" testType="13cdc9d9-ddb5-4fa4-a97d-d965ccfc6d4b" outcome="Passed" testListId="8c84fa94-04c1-424b-9868-57a2d4851a1d" relativeResultsDirectory="032d3ac7-077e-465a-aff3-4a635f2a3394" />
    <UnitTestResult executionId="748da3b3-ff4d-4c8e-9bfa-e2b5ed416d60" testId="96e5af69-e30b-6435-3901-979b126429e8" testName="Template.form: valid submit ⇒ Submitted with a success result node" computerName="ee01623d796c" startTime="2026-06-19T16:26:51.4175473+02:00" endTime="2026-06-19T16:26:51.4203398+02:00" testType="13cdc9d9-ddb5-4fa4-a97d-d965ccfc6d4b" outcome="Passed" testListId="8c84fa94-04c1-424b-9868-57a2d4851a1d" relativeResultsDirectory="748da3b3-ff4d-4c8e-9bfa-e2b5ed416d60" />
    <UnitTestResult executionId="f55f3f69-2138-4cb7-bd8b-50da75c094f0" testId="40823157-4ef8-ad9b-16fa-c76688956b70" testName="ThemeInvariance.page charts-statistical: tree shape + accessibility ids invariant across antLight/antDark" computerName="ee01623d796c" duration="00:00:02.8490000" startTime="2026-06-19T16:26:47.1408858+02:00" endTime="2026-06-19T16:26:49.9911918+02:00" testType="13cdc9d9-ddb5-4fa4-a97d-d965ccfc6d4b" outcome="Passed" testListId="8c84fa94-04c1-424b-9868-57a2d4851a1d" relativeResultsDirectory="f55f3f69-2138-4cb7-bd8b-50da75c094f0" />
    <UnitTestResult executionId="180c6723-d681-4bd5-8b0a-55056b37c342" testId="dfd812b9-5a13-9688-ebc8-a9fb4fcf4458" testName="VisualTemplate.all template pages render as application compositions" computerName="ee01623d796c" duration="00:00:05.6990000" startTime="2026-06-19T16:26:45.7050560+02:00" endTime="2026-06-19T16:26:51.4074219+02:00" testType="13cdc9d9-ddb5-4fa4-a97d-d965ccfc6d4b" outcome="Passed" testListId="8c84fa94-04c1-424b-9868-57a2d4851a1d" relativeResultsDirectory="180c6723-d681-4bd5-8b0a-55056b37c342" />
    <UnitTestResult executionId="fd74a1e4-dbfb-4593-b415-f390430c68d5" testId="2dbf3349-9d0e-28af-3e87-9e6295d2630f" testName="PageRender.catalog page overlays renders a non-empty tree" computerName="ee01623d796c" duration="00:00:00.2300000" startTime="2026-06-19T16:26:53.7242020+02:00" endTime="2026-06-19T16:26:53.9577938+02:00" testType="13cdc9d9-ddb5-4fa4-a97d-d965ccfc6d4b" outcome="Passed" testListId="8c84fa94-04c1-424b-9868-57a2d4851a1d" relativeResultsDirectory="fd74a1e4-dbfb-4593-b415-f390430c68d5" />
    <UnitTestResult executionId="2ee315cc-3d8c-4572-a992-f1a5a794f780" testId="5688d9c4-f7c2-734e-ad71-c3bbe0d065ff" testName="Template.form: invalid submit ⇒ Invalid with validation messages and NO success result" computerName="ee01623d796c" duration="00:00:00.0050000" startTime="2026-06-19T16:26:51.4016841+02:00" endTime="2026-06-19T16:26:51.4086640+02:00" testType="13cdc9d9-ddb5-4fa4-a97d-d965ccfc6d4b" outcome="Passed" testListId="8c84fa94-04c1-424b-9868-57a2d4851a1d" relativeResultsDirectory="2ee315cc-3d8c-4572-a992-f1a5a794f780" />
    <UnitTestResult executionId="da476e39-b075-415e-a04b-513263c71157" testId="7e23b57a-037a-08e6-2ff4-a342e79e3923" testName="Feature144 AntShowcase date-picker flow.input page publishes date-picker transient metadata tied to product open state" computerName="ee01623d796c" duration="00:00:00.0130000" startTime="2026-06-19T16:26:45.7542017+02:00" endTime="2026-06-19T16:26:45.7688502+02:00" testType="13cdc9d9-ddb5-4fa4-a97d-d965ccfc6d4b" outcome="Passed" testListId="8c84fa94-04c1-424b-9868-57a2d4851a1d" relativeResultsDirectory="da476e39-b075-415e-a04b-513263c71157" />
    <UnitTestResult executionId="72d87233-e181-422f-8907-2b13cf3a12c6" testId="eaae8d14-f5cf-ef93-738f-8603a42092c5" testName="Degrade.every record carries a non-empty notAuthoritativeFor (FR-012)" computerName="ee01623d796c" startTime="2026-06-19T16:26:45.7959019+02:00" endTime="2026-06-19T16:26:45.7979514+02:00" testType="13cdc9d9-ddb5-4fa4-a97d-d965ccfc6d4b" outcome="Passed" testListId="8c84fa94-04c1-424b-9868-57a2d4851a1d" relativeResultsDirectory="72d87233-e181-422f-8907-2b13cf3a12c6" />
    <UnitTestResult executionId="0e58552a-006f-4c3f-ad17-f92af7c555f2" testId="d78c8c69-59cf-d725-6d23-56b13cf53517" testName="Determinism.the form's invalid-then-valid sequence is deterministic through pure update" computerName="ee01623d796c" duration="00:00:00.0020000" startTime="2026-06-19T16:26:45.8192165+02:00" endTime="2026-06-19T16:26:45.8276941+02:00" testType="13cdc9d9-ddb5-4fa4-a97d-d965ccfc6d4b" outcome="Passed" testListId="8c84fa94-04c1-424b-9868-57a2d4851a1d" relativeResultsDirectory="0e58552a-006f-4c3f-ad17-f92af7c555f2" />
    <UnitTestResult executionId="2a614130-b466-487a-b8a7-0afb0d412b8a" testId="2b81527c-2cd4-234f-75fb-87d4261ceb5b" testName="ThemeInvariance.page display-typography: tree shape + accessibility ids invariant across antLight/antDark" computerName="ee01623d796c" duration="00:00:01.3000000" startTime="2026-06-19T16:26:45.8351270+02:00" endTime="2026-06-19T16:26:47.1373159+02:00" testType="13cdc9d9-ddb5-4fa4-a97d-d965ccfc6d4b" outcome="Passed" testListId="8c84fa94-04c1-424b-9868-57a2d4851a1d" relativeResultsDirectory="2a614130-b466-487a-b8a7-0afb0d412b8a" />
    <UnitTestResult executionId="a39c7741-5a88-419c-a0cb-d43a73b5020e" testId="097e80f5-9b7d-ec8f-bef6-653814aab951" testName="VisualReadiness.full shell renders in both canonical themes at accepted sizes" computerName="ee01623d796c" duration="00:00:11.0590000" startTime="2026-06-19T16:26:45.6503400+02:00" endTime="2026-06-19T16:26:56.7115206+02:00" testType="13cdc9d9-ddb5-4fa4-a97d-d965ccfc6d4b" outcome="Passed" testListId="8c84fa94-04c1-424b-9868-57a2d4851a1d" relativeResultsDirectory="a39c7741-5a88-419c-a0cb-d43a73b5020e" />
    <UnitTestResult executionId="10609cf7-b924-4c0a-9ded-05194931fbab" testId="99c7f134-a877-c9d9-9fc2-948fcd097a63" testName="PageRender.catalog page charts-statistical renders a non-empty tree" computerName="ee01623d796c" duration="00:00:00.8290000" startTime="2026-06-19T16:26:54.3785011+02:00" endTime="2026-06-19T16:26:55.2284707+02:00" testType="13cdc9d9-ddb5-4fa4-a97d-d965ccfc6d4b" outcome="Passed" testListId="8c84fa94-04c1-424b-9868-57a2d4851a1d" relativeResultsDirectory="10609cf7-b924-4c0a-9ded-05194931fbab" />
    <UnitTestResult executionId="84f4439e-a143-41af-8377-b252ae2cd8b9" testId="c29222ec-3a71-6581-f500-ddf9f18580c6" testName="PageRender.every page is reachable in one direct nav selection (≤2 actions, SC-008)" computerName="ee01623d796c" duration="00:00:00.0030000" startTime="2026-06-19T16:26:54.8309073+02:00" endTime="2026-06-19T16:26:54.8349896+02:00" testType="13cdc9d9-ddb5-4fa4-a97d-d965ccfc6d4b" outcome="Passed" testListId="8c84fa94-04c1-424b-9868-57a2d4851a1d" relativeResultsDirectory="84f4439e-a143-41af-8377-b252ae2cd8b9" />
    <UnitTestResult executionId="3f516c9d-33ff-4486-a1ff-c64955bef069" testId="5bab04b3-a926-faf5-3496-cd74146c8b48" testName="ThemeInvariance.antLight and antDark resolve to distinct themes (visuals change)" computerName="ee01623d796c" duration="00:00:00.0010000" startTime="2026-06-19T16:26:45.8225529+02:00" endTime="2026-06-19T16:26:45.8311538+02:00" testType="13cdc9d9-ddb5-4fa4-a97d-d965ccfc6d4b" outcome="Passed" testListId="8c84fa94-04c1-424b-9868-57a2d4851a1d" relativeResultsDirectory="3f516c9d-33ff-4486-a1ff-c64955bef069" />
    <UnitTestResult executionId="dae73124-55d4-40cc-9ba7-a85c48ed2806" testId="fdc98070-482a-f4ab-6056-5dc66fd28dca" testName="PageRender.catalog page feedback-status renders a non-empty tree" computerName="ee01623d796c" duration="00:00:00.8600000" startTime="2026-06-19T16:26:53.9587962+02:00" endTime="2026-06-19T16:26:54.8223932+02:00" testType="13cdc9d9-ddb5-4fa4-a97d-d965ccfc6d4b" outcome="Passed" testListId="8c84fa94-04c1-424b-9868-57a2d4851a1d" relativeResultsDirectory="dae73124-55d4-40cc-9ba7-a85c48ed2806" />
    <UnitTestResult executionId="c2260ef8-e194-4b02-bcad-9155e7de6970" testId="40b2ebcf-dc99-6f04-d5e5-ce00f148c33a" testName="Feature144 AntShowcase date-picker stale-overlay proof.reference evidence records replay focus product messages and no stale overlay" computerName="ee01623d796c" duration="00:00:00.0010000" startTime="2026-06-19T16:26:45.7442941+02:00" endTime="2026-06-19T16:26:45.7535482+02:00" testType="13cdc9d9-ddb5-4fa4-a97d-d965ccfc6d4b" outcome="Passed" testListId="8c84fa94-04c1-424b-9868-57a2d4851a1d" relativeResultsDirectory="c2260ef8-e194-4b02-bcad-9155e7de6970" />
    <UnitTestResult executionId="9df0a03d-58a3-4fa0-a30d-cd1ff1fab4c8" testId="85160a51-271a-71bd-8900-4dcf49418864" testName="PageRender.catalog page navigation-menus renders a non-empty tree" computerName="ee01623d796c" duration="00:00:01.2010000" startTime="2026-06-19T16:26:53.5210394+02:00" endTime="2026-06-19T16:26:54.7238313+02:00" testType="13cdc9d9-ddb5-4fa4-a97d-d965ccfc6d4b" outcome="Passed" testListId="8c84fa94-04c1-424b-9868-57a2d4851a1d" relativeResultsDirectory="9df0a03d-58a3-4fa0-a30d-cd1ff1fab4c8" />
    <UnitTestResult executionId="dd789d41-fc48-472e-a7a7-1f935845d032" testId="c2b5cac8-0dce-4350-0fb8-48c83800884b" testName="ThemeInvariance.page tpl-form: tree shape + accessibility ids invariant across antLight/antDark" computerName="ee01623d796c" duration="00:00:02.2280000" startTime="2026-06-19T16:26:49.0769644+02:00" endTime="2026-06-19T16:26:51.3147089+02:00" testType="13cdc9d9-ddb5-4fa4-a97d-d965ccfc6d4b" outcome="Passed" testListId="8c84fa94-04c1-424b-9868-57a2d4851a1d" relativeResultsDirectory="dd789d41-fc48-472e-a7a7-1f935845d032" />
    <UnitTestResult executionId="b2196289-56fe-4942-beb8-a3a3bb6e12ea" testId="7599075d-ec07-b367-6e52-3aa77241425e" testName="VisualEvidence.reviewer rubric covers every page/theme pair" computerName="ee01623d796c" duration="00:00:00.0050000" startTime="2026-06-19T16:26:45.6881061+02:00" endTime="2026-06-19T16:26:45.7042660+02:00" testType="13cdc9d9-ddb5-4fa4-a97d-d965ccfc6d4b" outcome="Passed" testListId="8c84fa94-04c1-424b-9868-57a2d4851a1d" relativeResultsDirectory="b2196289-56fe-4942-beb8-a3a3bb6e12ea" />
    <UnitTestResult executionId="5faa1689-e536-4b67-a94f-84c3e4d9805d" testId="6813e770-91b6-3c4d-75f8-5a3721111139" testName="VisualPage.every live page has a visual profile" computerName="ee01623d796c" startTime="2026-06-19T16:26:45.7207674+02:00" endTime="2026-06-19T16:26:45.7240608+02:00" testType="13cdc9d9-ddb5-4fa4-a97d-d965ccfc6d4b" outcome="Passed" testListId="8c84fa94-04c1-424b-9868-57a2d4851a1d" relativeResultsDirectory="5faa1689-e536-4b67-a94f-84c3e4d9805d" />
    <UnitTestResult executionId="75c7a8e3-ae3f-4929-be2d-290d8f7c2869" testId="285b5efe-6c9a-66a8-6d98-04ce5003bfec" testName="VisualReadiness.CLI aliases resolve to canonical theme ids" computerName="ee01623d796c" duration="00:00:00.0050000" startTime="2026-06-19T16:26:45.6110458+02:00" endTime="2026-06-19T16:26:45.6778838+02:00" testType="13cdc9d9-ddb5-4fa4-a97d-d965ccfc6d4b" outcome="Passed" testListId="8c84fa94-04c1-424b-9868-57a2d4851a1d" relativeResultsDirectory="75c7a8e3-ae3f-4929-be2d-290d8f7c2869" />
  </Results>
  <TestDefinitions>
    <UnitTest name="VisualEvidence.reviewer rubric covers every page/theme pair" storage="/home/developer/projects/fs.gg.rendering/samples/antshowcase/antshowcase.tests/bin/release/net10.0/antshowcase.tests.dll" id="7599075d-ec07-b367-6e52-3aa77241425e">
      <Execution id="b2196289-56fe-4942-beb8-a3a3bb6e12ea" />
      <TestMethod codeBase="/home/developer/projects/FS.GG.Rendering/samples/AntShowcase/AntShowcase.Tests/bin/Release/net10.0/AntShowcase.Tests.dll" adapterTypeName="executor://yolodev/expecto" className="VisualEvidence" name="reviewer rubric covers every page/theme pair" />
    </UnitTest>
    <UnitTest name="VisualTemplate.template pages keep primary actions visible" storage="/home/developer/projects/fs.gg.rendering/samples/antshowcase/antshowcase.tests/bin/release/net10.0/antshowcase.tests.dll" id="3ad74e37-69bf-e2f1-25ec-f4cb7dde8470">
      <Execution id="70842251-f51f-44e2-8f0a-ca8bce9617e0" />
      <TestMethod codeBase="/home/developer/projects/FS.GG.Rendering/samples/AntShowcase/AntShowcase.Tests/bin/Release/net10.0/AntShowcase.Tests.dll" adapterTypeName="executor://yolodev/expecto" className="VisualTemplate" name="template pages keep primary actions visible" />
    </UnitTest>
    <UnitTest name="Template.form: field edits return to Editing (no premature validation)" storage="/home/developer/projects/fs.gg.rendering/samples/antshowcase/antshowcase.tests/bin/release/net10.0/antshowcase.tests.dll" id="9b07565a-dadc-6b39-1b91-e1b38913b0f9">
      <Execution id="032d3ac7-077e-465a-aff3-4a635f2a3394" />
      <TestMethod codeBase="/home/developer/projects/FS.GG.Rendering/samples/AntShowcase/AntShowcase.Tests/bin/Release/net10.0/AntShowcase.Tests.dll" adapterTypeName="executor://yolodev/expecto" className="Template" name="form: field edits return to Editing (no premature validation)" />
    </UnitTest>
    <UnitTest name="Feature143 AntShowcase date-picker reference flow.scripted date-picker overlay opens selects dismisses and records evidence" storage="/home/developer/projects/fs.gg.rendering/samples/antshowcase/antshowcase.tests/bin/release/net10.0/antshowcase.tests.dll" id="14abbb01-f46d-3a6f-7efe-5f8db303eb27">
      <Execution id="025fba75-9687-44d3-b135-81c3233a157f" />
      <TestMethod codeBase="/home/developer/projects/FS.GG.Rendering/samples/AntShowcase/AntShowcase.Tests/bin/Release/net10.0/AntShowcase.Tests.dll" adapterTypeName="executor://yolodev/expecto" className="Feature143 AntShowcase date-picker reference flow" name="scripted date-picker overlay opens selects dismisses and records evidence" />
    </UnitTest>
    <UnitTest name="Feedback.feedback lines round-trip through the persistence encoding (incl. tab/newline)" storage="/home/developer/projects/fs.gg.rendering/samples/antshowcase/antshowcase.tests/bin/release/net10.0/antshowcase.tests.dll" id="9637135e-7cbd-f599-f2ff-5dd6d5df3488">
      <Execution id="ec13d110-e933-4bde-935d-3b3f66abf471" />
      <TestMethod codeBase="/home/developer/projects/FS.GG.Rendering/samples/AntShowcase/AntShowcase.Tests/bin/Release/net10.0/AntShowcase.Tests.dll" adapterTypeName="executor://yolodev/expecto" className="Feedback.feedback lines round-trip through the persistence encoding (incl" name=" tab/newline)" />
    </UnitTest>
    <UnitTest name="Template.template tpl-form is composed only of catalog control types (SC-002)" storage="/home/developer/projects/fs.gg.rendering/samples/antshowcase/antshowcase.tests/bin/release/net10.0/antshowcase.tests.dll" id="f592165f-4311-76bc-b1d5-744730b286d2">
      <Execution id="b41ee7b7-8f63-444a-a4d9-7f0c910726d7" />
      <TestMethod codeBase="/home/developer/projects/FS.GG.Rendering/samples/AntShowcase/AntShowcase.Tests/bin/Release/net10.0/AntShowcase.Tests.dll" adapterTypeName="executor://yolodev/expecto" className="Template" name="template tpl-form is composed only of catalog control types (SC-002)" />
    </UnitTest>
    <UnitTest name="Feature169 AntShowcase diagnostics CLI.Synthetic diagnostics command writes JSON Markdown and compact default output" storage="/home/developer/projects/fs.gg.rendering/samples/antshowcase/antshowcase.tests/bin/release/net10.0/antshowcase.tests.dll" id="8aff8a8b-b3d2-6d6a-1ee1-8f10968cb5a1">
      <Execution id="6acc8154-918d-46f8-828c-a6f6f166d12c" />
      <TestMethod codeBase="/home/developer/projects/FS.GG.Rendering/samples/AntShowcase/AntShowcase.Tests/bin/Release/net10.0/AntShowcase.Tests.dll" adapterTypeName="executor://yolodev/expecto" className="Feature169 AntShowcase diagnostics CLI" name="Synthetic diagnostics command writes JSON Markdown and compact default output" />
    </UnitTest>
    <UnitTest name="PageRender.catalog page text-numeric-input renders a non-empty tree" storage="/home/developer/projects/fs.gg.rendering/samples/antshowcase/antshowcase.tests/bin/release/net10.0/antshowcase.tests.dll" id="ed4d4b43-169d-b1c9-8ccd-0a59d3726434">
      <Execution id="7cfa2364-179b-4bce-a5f5-5dc9ba79d907" />
      <TestMethod codeBase="/home/developer/projects/FS.GG.Rendering/samples/AntShowcase/AntShowcase.Tests/bin/Release/net10.0/AntShowcase.Tests.dll" adapterTypeName="executor://yolodev/expecto" className="PageRender" name="catalog page text-numeric-input renders a non-empty tree" />
    </UnitTest>
    <UnitTest name="Coverage.every catalog control maps to exactly one page (0 unreferenced, 0 duplicated)" storage="/home/developer/projects/fs.gg.rendering/samples/antshowcase/antshowcase.tests/bin/release/net10.0/antshowcase.tests.dll" id="1a9fb270-d984-0bc0-21db-77ab26cfe454">
      <Execution id="ef8f2881-c7ab-4e29-9bc4-1e132a62f173" />
      <TestMethod codeBase="/home/developer/projects/FS.GG.Rendering/samples/AntShowcase/AntShowcase.Tests/bin/Release/net10.0/AntShowcase.Tests.dll" adapterTypeName="executor://yolodev/expecto" className="Coverage" name="every catalog control maps to exactly one page (0 unreferenced, 0 duplicated)" />
    </UnitTest>
    <UnitTest name="PageRender.catalog page charts-statistical renders a non-empty tree" storage="/home/developer/projects/fs.gg.rendering/samples/antshowcase/antshowcase.tests/bin/release/net10.0/antshowcase.tests.dll" id="99c7f134-a877-c9d9-9fc2-948fcd097a63">
      <Execution id="10609cf7-b924-4c0a-9ded-05194931fbab" />
      <TestMethod codeBase="/home/developer/projects/FS.GG.Rendering/samples/AntShowcase/AntShowcase.Tests/bin/Release/net10.0/AntShowcase.Tests.dll" adapterTypeName="executor://yolodev/expecto" className="PageRender" name="catalog page charts-statistical renders a non-empty tree" />
    </UnitTest>
    <UnitTest name="ThemeInvariance.page tpl-form: tree shape + accessibility ids invariant across antLight/antDark" storage="/home/developer/projects/fs.gg.rendering/samples/antshowcase/antshowcase.tests/bin/release/net10.0/antshowcase.tests.dll" id="c2b5cac8-0dce-4350-0fb8-48c83800884b">
      <Execution id="dd789d41-fc48-472e-a7a7-1f935845d032" />
      <TestMethod codeBase="/home/developer/projects/FS.GG.Rendering/samples/AntShowcase/AntShowcase.Tests/bin/Release/net10.0/AntShowcase.Tests.dll" adapterTypeName="executor://yolodev/expecto" className="ThemeInvariance" name="page tpl-form: tree shape + accessibility ids invariant across antLight/antDark" />
    </UnitTest>
    <UnitTest name="ThemeInvariance.page selection-toggles: tree shape + accessibility ids invariant across antLight/antDark" storage="/home/developer/projects/fs.gg.rendering/samples/antshowcase/antshowcase.tests/bin/release/net10.0/antshowcase.tests.dll" id="548cacb6-6962-773f-9c72-1aeaf2920057">
      <Execution id="f2eb8933-c32a-4bd4-b48c-19693ad974dc" />
      <TestMethod codeBase="/home/developer/projects/FS.GG.Rendering/samples/AntShowcase/AntShowcase.Tests/bin/Release/net10.0/AntShowcase.Tests.dll" adapterTypeName="executor://yolodev/expecto" className="ThemeInvariance" name="page selection-toggles: tree shape + accessibility ids invariant across antLight/antDark" />
    </UnitTest>
    <UnitTest name="ThemeInvariance.page tpl-workbench: tree shape + accessibility ids invariant across antLight/antDark" storage="/home/developer/projects/fs.gg.rendering/samples/antshowcase/antshowcase.tests/bin/release/net10.0/antshowcase.tests.dll" id="99377ca3-ec56-ab3a-7ae0-6b0454c9e7a9">
      <Execution id="cbb2a9c7-f64f-4166-872f-56cae62d76f8" />
      <TestMethod codeBase="/home/developer/projects/FS.GG.Rendering/samples/AntShowcase/AntShowcase.Tests/bin/Release/net10.0/AntShowcase.Tests.dll" adapterTypeName="executor://yolodev/expecto" className="ThemeInvariance" name="page tpl-workbench: tree shape + accessibility ids invariant across antLight/antDark" />
    </UnitTest>
    <UnitTest name="VisualReadiness.CLI aliases resolve to canonical theme ids" storage="/home/developer/projects/fs.gg.rendering/samples/antshowcase/antshowcase.tests/bin/release/net10.0/antshowcase.tests.dll" id="285b5efe-6c9a-66a8-6d98-04ce5003bfec">
      <Execution id="75c7a8e3-ae3f-4929-be2d-290d8f7c2869" />
      <TestMethod codeBase="/home/developer/projects/FS.GG.Rendering/samples/AntShowcase/AntShowcase.Tests/bin/Release/net10.0/AntShowcase.Tests.dll" adapterTypeName="executor://yolodev/expecto" className="VisualReadiness" name="CLI aliases resolve to canonical theme ids" />
    </UnitTest>
    <UnitTest name="Feature167 AntShowcase responsiveness CLI.responsiveness parser rejects unknown script" storage="/home/developer/projects/fs.gg.rendering/samples/antshowcase/antshowcase.tests/bin/release/net10.0/antshowcase.tests.dll" id="1c219a69-6b8f-ecaf-f407-20b174953bbf">
      <Execution id="77a813a3-1ff6-41f4-9f69-5b36f7d63116" />
      <TestMethod codeBase="/home/developer/projects/FS.GG.Rendering/samples/AntShowcase/AntShowcase.Tests/bin/Release/net10.0/AntShowcase.Tests.dll" adapterTypeName="executor://yolodev/expecto" className="Feature167 AntShowcase responsiveness CLI" name="responsiveness parser rejects unknown script" />
    </UnitTest>
    <UnitTest name="Feature167 AntShowcase keyboard compatibility.Enter and Space activate on key-down only" storage="/home/developer/projects/fs.gg.rendering/samples/antshowcase/antshowcase.tests/bin/release/net10.0/antshowcase.tests.dll" id="19695dc9-a7e3-2a44-12b1-6d3893d90499">
      <Execution id="f93a6091-ee80-4705-a627-c0321c4ca323" />
      <TestMethod codeBase="/home/developer/projects/FS.GG.Rendering/samples/AntShowcase/AntShowcase.Tests/bin/Release/net10.0/AntShowcase.Tests.dll" adapterTypeName="executor://yolodev/expecto" className="Feature167 AntShowcase keyboard compatibility" name="Enter and Space activate on key-down only" />
    </UnitTest>
    <UnitTest name="Degrade.degraded run.json marks provesScreenshot false with a stated reason + Ant mode" storage="/home/developer/projects/fs.gg.rendering/samples/antshowcase/antshowcase.tests/bin/release/net10.0/antshowcase.tests.dll" id="598d58ea-7f70-eae8-d4a2-32f7f4783584">
      <Execution id="b7abfd48-664d-45d1-b3da-9184dd38ff1f" />
      <TestMethod codeBase="/home/developer/projects/FS.GG.Rendering/samples/AntShowcase/AntShowcase.Tests/bin/Release/net10.0/AntShowcase.Tests.dll" adapterTypeName="executor://yolodev/expecto" className="Degrade.degraded run" name="json marks provesScreenshot false with a stated reason + Ant mode" />
    </UnitTest>
    <UnitTest name="VisualShell.every page renders through the full shell at preferred size" storage="/home/developer/projects/fs.gg.rendering/samples/antshowcase/antshowcase.tests/bin/release/net10.0/antshowcase.tests.dll" id="4d1aa0d0-aa6b-3598-8241-e3916c3908bd">
      <Execution id="123f02ac-7fa1-43a0-981e-98b0319096c7" />
      <TestMethod codeBase="/home/developer/projects/FS.GG.Rendering/samples/AntShowcase/AntShowcase.Tests/bin/Release/net10.0/AntShowcase.Tests.dll" adapterTypeName="executor://yolodev/expecto" className="VisualShell" name="every page renders through the full shell at preferred size" />
    </UnitTest>
    <UnitTest name="PageRender.catalog page graphs-custom renders a non-empty tree" storage="/home/developer/projects/fs.gg.rendering/samples/antshowcase/antshowcase.tests/bin/release/net10.0/antshowcase.tests.dll" id="19bb6e86-88a7-9f8a-d52d-0c75f62baadd">
      <Execution id="ae7a18d2-019b-4ce0-a49f-85db6751d7fd" />
      <TestMethod codeBase="/home/developer/projects/FS.GG.Rendering/samples/AntShowcase/AntShowcase.Tests/bin/Release/net10.0/AntShowcase.Tests.dll" adapterTypeName="executor://yolodev/expecto" className="PageRender" name="catalog page graphs-custom renders a non-empty tree" />
    </UnitTest>
    <UnitTest name="VisualTemplate.all template pages render as application compositions" storage="/home/developer/projects/fs.gg.rendering/samples/antshowcase/antshowcase.tests/bin/release/net10.0/antshowcase.tests.dll" id="dfd812b9-5a13-9688-ebc8-a9fb4fcf4458">
      <Execution id="180c6723-d681-4bd5-8b0a-55056b37c342" />
      <TestMethod codeBase="/home/developer/projects/FS.GG.Rendering/samples/AntShowcase/AntShowcase.Tests/bin/Release/net10.0/AntShowcase.Tests.dll" adapterTypeName="executor://yolodev/expecto" className="VisualTemplate" name="all template pages render as application compositions" />
    </UnitTest>
    <UnitTest name="Template.template tpl-exception is composed only of catalog control types (SC-002)" storage="/home/developer/projects/fs.gg.rendering/samples/antshowcase/antshowcase.tests/bin/release/net10.0/antshowcase.tests.dll" id="ee61961f-b1bc-9070-e42f-9b860a859778">
      <Execution id="7c78b5fd-0610-4daa-b1a2-800cc92e9704" />
      <TestMethod codeBase="/home/developer/projects/FS.GG.Rendering/samples/AntShowcase/AntShowcase.Tests/bin/Release/net10.0/AntShowcase.Tests.dll" adapterTypeName="executor://yolodev/expecto" className="Template" name="template tpl-exception is composed only of catalog control types (SC-002)" />
    </UnitTest>
    <UnitTest name="Template.form: invalid submit ⇒ Invalid with validation messages and NO success result" storage="/home/developer/projects/fs.gg.rendering/samples/antshowcase/antshowcase.tests/bin/release/net10.0/antshowcase.tests.dll" id="5688d9c4-f7c2-734e-ad71-c3bbe0d065ff">
      <Execution id="2ee315cc-3d8c-4572-a992-f1a5a794f780" />
      <TestMethod codeBase="/home/developer/projects/FS.GG.Rendering/samples/AntShowcase/AntShowcase.Tests/bin/Release/net10.0/AntShowcase.Tests.dll" adapterTypeName="executor://yolodev/expecto" className="Template" name="form: invalid submit ⇒ Invalid with validation messages and NO success result" />
    </UnitTest>
    <UnitTest name="Coverage.13 catalog pages + 6 template pages = 19 pages" storage="/home/developer/projects/fs.gg.rendering/samples/antshowcase/antshowcase.tests/bin/release/net10.0/antshowcase.tests.dll" id="1cb5e1cc-6a53-55bb-4611-c50e0289559d">
      <Execution id="4bc80c47-d9cb-490f-acc7-ce6aec893737" />
      <TestMethod codeBase="/home/developer/projects/FS.GG.Rendering/samples/AntShowcase/AntShowcase.Tests/bin/Release/net10.0/AntShowcase.Tests.dll" adapterTypeName="executor://yolodev/expecto" className="Coverage" name="13 catalog pages + 6 template pages = 19 pages" />
    </UnitTest>
    <UnitTest name="Template.template tpl-detail is composed only of catalog control types (SC-002)" storage="/home/developer/projects/fs.gg.rendering/samples/antshowcase/antshowcase.tests/bin/release/net10.0/antshowcase.tests.dll" id="b7ef7c09-8054-c257-a04c-d5683fcfbecf">
      <Execution id="42189e8b-6d61-4733-9464-35412213142a" />
      <TestMethod codeBase="/home/developer/projects/FS.GG.Rendering/samples/AntShowcase/AntShowcase.Tests/bin/Release/net10.0/AntShowcase.Tests.dll" adapterTypeName="executor://yolodev/expecto" className="Template" name="template tpl-detail is composed only of catalog control types (SC-002)" />
    </UnitTest>
    <UnitTest name="VisualShell.theme and current page affordances render in full shell" storage="/home/developer/projects/fs.gg.rendering/samples/antshowcase/antshowcase.tests/bin/release/net10.0/antshowcase.tests.dll" id="f9f704d8-0124-7e53-c1b4-a8ff6c0d9968">
      <Execution id="063dca62-b944-4d26-b678-7ba6a90c5ef8" />
      <TestMethod codeBase="/home/developer/projects/FS.GG.Rendering/samples/AntShowcase/AntShowcase.Tests/bin/Release/net10.0/AntShowcase.Tests.dll" adapterTypeName="executor://yolodev/expecto" className="VisualShell" name="theme and current page affordances render in full shell" />
    </UnitTest>
    <UnitTest name="Coverage.template pages are exempt: they carry no ControlIds" storage="/home/developer/projects/fs.gg.rendering/samples/antshowcase/antshowcase.tests/bin/release/net10.0/antshowcase.tests.dll" id="1025a283-8f4d-3ab6-b652-95460c5a8059">
      <Execution id="34c0ed43-97e8-4030-a090-1e5388f3db81" />
      <TestMethod codeBase="/home/developer/projects/FS.GG.Rendering/samples/AntShowcase/AntShowcase.Tests/bin/Release/net10.0/AntShowcase.Tests.dll" adapterTypeName="executor://yolodev/expecto" className="Coverage" name="template pages are exempt: they carry no ControlIds" />
    </UnitTest>
    <UnitTest name="VisualReadiness.accepted showcase sizes are declared" storage="/home/developer/projects/fs.gg.rendering/samples/antshowcase/antshowcase.tests/bin/release/net10.0/antshowcase.tests.dll" id="c3a33e9a-a68a-dcef-803d-64b0b1e11a40">
      <Execution id="48bd8335-57aa-409f-9e4c-f1def6bd794f" />
      <TestMethod codeBase="/home/developer/projects/FS.GG.Rendering/samples/AntShowcase/AntShowcase.Tests/bin/Release/net10.0/AntShowcase.Tests.dll" adapterTypeName="executor://yolodev/expecto" className="VisualReadiness" name="accepted showcase sizes are declared" />
    </UnitTest>
    <UnitTest name="Feature145 AntShowcase overlay visual correlation.date-picker reference evidence carries scenario hit focus and dispatch correlation" storage="/home/developer/projects/fs.gg.rendering/samples/antshowcase/antshowcase.tests/bin/release/net10.0/antshowcase.tests.dll" id="67d0d92a-a588-9ae4-1e40-c746fad48a42">
      <Execution id="885cf23c-3cf7-46b0-8bd4-039c12becd2e" />
      <TestMethod codeBase="/home/developer/projects/FS.GG.Rendering/samples/AntShowcase/AntShowcase.Tests/bin/Release/net10.0/AntShowcase.Tests.dll" adapterTypeName="executor://yolodev/expecto" className="Feature145 AntShowcase overlay visual correlation" name="date-picker reference evidence carries scenario hit focus and dispatch correlation" />
    </UnitTest>
    <UnitTest name="Feature167 AntShowcase responsiveness shape.representative script includes pointer activation, keyboard activation, and no-op input" storage="/home/developer/projects/fs.gg.rendering/samples/antshowcase/antshowcase.tests/bin/release/net10.0/antshowcase.tests.dll" id="3e1e49d9-c726-1277-0d63-548873aaf9e2">
      <Execution id="971e4b28-2a1f-49e2-bcad-c3e7a6ed9f03" />
      <TestMethod codeBase="/home/developer/projects/FS.GG.Rendering/samples/AntShowcase/AntShowcase.Tests/bin/Release/net10.0/AntShowcase.Tests.dll" adapterTypeName="executor://yolodev/expecto" className="Feature167 AntShowcase responsiveness shape" name="representative script includes pointer activation, keyboard activation, and no-op input" />
    </UnitTest>
    <UnitTest name="VisualPage.every catalog page renders with readable profile metadata" storage="/home/developer/projects/fs.gg.rendering/samples/antshowcase/antshowcase.tests/bin/release/net10.0/antshowcase.tests.dll" id="b1a19044-8601-ab75-95c0-2925186d42c0">
      <Execution id="b5edfbfe-0e2c-478e-af0d-99c3459ec03d" />
      <TestMethod codeBase="/home/developer/projects/FS.GG.Rendering/samples/AntShowcase/AntShowcase.Tests/bin/Release/net10.0/AntShowcase.Tests.dll" adapterTypeName="executor://yolodev/expecto" className="VisualPage" name="every catalog page renders with readable profile metadata" />
    </UnitTest>
    <UnitTest name="Interaction.display-only controls are exempt: navigation never alters interactive state" storage="/home/developer/projects/fs.gg.rendering/samples/antshowcase/antshowcase.tests/bin/release/net10.0/antshowcase.tests.dll" id="bbdad068-47b0-ed9f-a934-5d1210f7c40a">
      <Execution id="278c38e4-228b-41ed-9899-a1082a04ebb2" />
      <TestMethod codeBase="/home/developer/projects/FS.GG.Rendering/samples/AntShowcase/AntShowcase.Tests/bin/Release/net10.0/AntShowcase.Tests.dll" adapterTypeName="executor://yolodev/expecto" className="Interaction" name="display-only controls are exempt: navigation never alters interactive state" />
    </UnitTest>
    <UnitTest name="Interaction.each interactive family maps its input to its own field transition" storage="/home/developer/projects/fs.gg.rendering/samples/antshowcase/antshowcase.tests/bin/release/net10.0/antshowcase.tests.dll" id="7064acdf-fef2-0f32-6222-ece71e95b451">
      <Execution id="6c462f3c-5119-4a81-ba7b-18b4d06e224d" />
      <TestMethod codeBase="/home/developer/projects/FS.GG.Rendering/samples/AntShowcase/AntShowcase.Tests/bin/Release/net10.0/AntShowcase.Tests.dll" adapterTypeName="executor://yolodev/expecto" className="Interaction" name="each interactive family maps its input to its own field transition" />
    </UnitTest>
    <UnitTest name="Feature144 AntShowcase date-picker flow.input page publishes date-picker transient metadata tied to product open state" storage="/home/developer/projects/fs.gg.rendering/samples/antshowcase/antshowcase.tests/bin/release/net10.0/antshowcase.tests.dll" id="7e23b57a-037a-08e6-2ff4-a342e79e3923">
      <Execution id="da476e39-b075-415e-a04b-513263c71157" />
      <TestMethod codeBase="/home/developer/projects/FS.GG.Rendering/samples/AntShowcase/AntShowcase.Tests/bin/Release/net10.0/AntShowcase.Tests.dll" adapterTypeName="executor://yolodev/expecto" className="Feature144 AntShowcase date-picker flow" name="input page publishes date-picker transient metadata tied to product open state" />
    </UnitTest>
    <UnitTest name="VisualShell.minimum shell regions are disjoint" storage="/home/developer/projects/fs.gg.rendering/samples/antshowcase/antshowcase.tests/bin/release/net10.0/antshowcase.tests.dll" id="f27d5b93-7491-f4d6-f966-e5d83bebd63e">
      <Execution id="2f85e4b6-83a2-480b-8b43-6570c83c3aa4" />
      <TestMethod codeBase="/home/developer/projects/FS.GG.Rendering/samples/AntShowcase/AntShowcase.Tests/bin/Release/net10.0/AntShowcase.Tests.dll" adapterTypeName="executor://yolodev/expecto" className="VisualShell" name="minimum shell regions are disjoint" />
    </UnitTest>
    <UnitTest name="PageRender.catalog page display-typography renders a non-empty tree" storage="/home/developer/projects/fs.gg.rendering/samples/antshowcase/antshowcase.tests/bin/release/net10.0/antshowcase.tests.dll" id="afa86f8b-b4d5-5083-a71d-8201a78076b9">
      <Execution id="cb08740e-74d1-4b8a-98e0-5b2f56df56aa" />
      <TestMethod codeBase="/home/developer/projects/FS.GG.Rendering/samples/AntShowcase/AntShowcase.Tests/bin/Release/net10.0/AntShowcase.Tests.dll" adapterTypeName="executor://yolodev/expecto" className="PageRender" name="catalog page display-typography renders a non-empty tree" />
    </UnitTest>
    <UnitTest name="Feature167 AntShowcase responsiveness shape.representative deterministic substitute changes product state through keyboard activation" storage="/home/developer/projects/fs.gg.rendering/samples/antshowcase/antshowcase.tests/bin/release/net10.0/antshowcase.tests.dll" id="968110de-6a58-b09c-4102-7b993a7eab2b">
      <Execution id="17c28b9f-9df7-4b45-b191-55190ad3ef77" />
      <TestMethod codeBase="/home/developer/projects/FS.GG.Rendering/samples/AntShowcase/AntShowcase.Tests/bin/Release/net10.0/AntShowcase.Tests.dll" adapterTypeName="executor://yolodev/expecto" className="Feature167 AntShowcase responsiveness shape" name="representative deterministic substitute changes product state through keyboard activation" />
    </UnitTest>
    <UnitTest name="VisualEvidence.visual summary delegates generated readiness fields to shared report" storage="/home/developer/projects/fs.gg.rendering/samples/antshowcase/antshowcase.tests/bin/release/net10.0/antshowcase.tests.dll" id="f6a328ce-f34d-b6c8-a194-b8ccefb47066">
      <Execution id="5ce30f23-40ea-499c-b50b-e317bb9b8b31" />
      <TestMethod codeBase="/home/developer/projects/FS.GG.Rendering/samples/AntShowcase/AntShowcase.Tests/bin/Release/net10.0/AntShowcase.Tests.dll" adapterTypeName="executor://yolodev/expecto" className="VisualEvidence" name="visual summary delegates generated readiness fields to shared report" />
    </UnitTest>
    <UnitTest name="VisualPage.minimum-size representative pages are declared" storage="/home/developer/projects/fs.gg.rendering/samples/antshowcase/antshowcase.tests/bin/release/net10.0/antshowcase.tests.dll" id="504590f8-4f29-f667-ea24-7f56752bd9f9">
      <Execution id="a3ebcb3e-6abf-49a1-a525-9a3fe74b9086" />
      <TestMethod codeBase="/home/developer/projects/FS.GG.Rendering/samples/AntShowcase/AntShowcase.Tests/bin/Release/net10.0/AntShowcase.Tests.dll" adapterTypeName="executor://yolodev/expecto" className="VisualPage" name="minimum-size representative pages are declared" />
    </UnitTest>
    <UnitTest name="PageRender.catalog page overlays renders a non-empty tree" storage="/home/developer/projects/fs.gg.rendering/samples/antshowcase/antshowcase.tests/bin/release/net10.0/antshowcase.tests.dll" id="2dbf3349-9d0e-28af-3e87-9e6295d2630f">
      <Execution id="fd74a1e4-dbfb-4593-b415-f390430c68d5" />
      <TestMethod codeBase="/home/developer/projects/FS.GG.Rendering/samples/AntShowcase/AntShowcase.Tests/bin/Release/net10.0/AntShowcase.Tests.dll" adapterTypeName="executor://yolodev/expecto" className="PageRender" name="catalog page overlays renders a non-empty tree" />
    </UnitTest>
    <UnitTest name="PageRender.catalog page buttons renders a non-empty tree" storage="/home/developer/projects/fs.gg.rendering/samples/antshowcase/antshowcase.tests/bin/release/net10.0/antshowcase.tests.dll" id="a32efe94-3ad9-1f9d-9d67-3478d19926c4">
      <Execution id="554885a0-8e68-4827-aff7-05026a491f03" />
      <TestMethod codeBase="/home/developer/projects/FS.GG.Rendering/samples/AntShowcase/AntShowcase.Tests/bin/Release/net10.0/AntShowcase.Tests.dll" adapterTypeName="executor://yolodev/expecto" className="PageRender" name="catalog page buttons renders a non-empty tree" />
    </UnitTest>
    <UnitTest name="Determinism.golden state outcome is byte-identical across two same-seed runs over all pages" storage="/home/developer/projects/fs.gg.rendering/samples/antshowcase/antshowcase.tests/bin/release/net10.0/antshowcase.tests.dll" id="b6dab455-db27-540d-bc2e-f2883532578e">
      <Execution id="132688e9-19e5-47b6-88cb-8145851debc3" />
      <TestMethod codeBase="/home/developer/projects/FS.GG.Rendering/samples/AntShowcase/AntShowcase.Tests/bin/Release/net10.0/AntShowcase.Tests.dll" adapterTypeName="executor://yolodev/expecto" className="Determinism" name="golden state outcome is byte-identical across two same-seed runs over all pages" />
    </UnitTest>
    <UnitTest name="Template.template tpl-result is composed only of catalog control types (SC-002)" storage="/home/developer/projects/fs.gg.rendering/samples/antshowcase/antshowcase.tests/bin/release/net10.0/antshowcase.tests.dll" id="74776e1e-dbb3-0a2b-5734-d8a7da981c11">
      <Execution id="7a60760d-fc3b-40c7-8202-9c3be43c5aa4" />
      <TestMethod codeBase="/home/developer/projects/FS.GG.Rendering/samples/AntShowcase/AntShowcase.Tests/bin/Release/net10.0/AntShowcase.Tests.dll" adapterTypeName="executor://yolodev/expecto" className="Template" name="template tpl-result is composed only of catalog control types (SC-002)" />
    </UnitTest>
    <UnitTest name="VisualEvidence.complete screenshots without reviewer classification are blocked" storage="/home/developer/projects/fs.gg.rendering/samples/antshowcase/antshowcase.tests/bin/release/net10.0/antshowcase.tests.dll" id="ec608aab-f7e0-9dac-c408-51163f16f26f">
      <Execution id="d01b6b9d-22ad-49f4-9507-b144510a5343" />
      <TestMethod codeBase="/home/developer/projects/FS.GG.Rendering/samples/AntShowcase/AntShowcase.Tests/bin/Release/net10.0/AntShowcase.Tests.dll" adapterTypeName="executor://yolodev/expecto" className="VisualEvidence" name="complete screenshots without reviewer classification are blocked" />
    </UnitTest>
    <UnitTest name="Coverage.the catalog (live count) maps bijectively onto the Catalog pages" storage="/home/developer/projects/fs.gg.rendering/samples/antshowcase/antshowcase.tests/bin/release/net10.0/antshowcase.tests.dll" id="458e4635-79c0-a706-84b4-e8263db3386d">
      <Execution id="865cdbda-9616-4dea-a706-d97d066a562d" />
      <TestMethod codeBase="/home/developer/projects/FS.GG.Rendering/samples/AntShowcase/AntShowcase.Tests/bin/Release/net10.0/AntShowcase.Tests.dll" adapterTypeName="executor://yolodev/expecto" className="Coverage" name="the catalog (live count) maps bijectively onto the Catalog pages" />
    </UnitTest>
    <UnitTest name="PageRender.catalog page charts-advanced renders a non-empty tree" storage="/home/developer/projects/fs.gg.rendering/samples/antshowcase/antshowcase.tests/bin/release/net10.0/antshowcase.tests.dll" id="83809193-3729-b216-0ab1-e806956670b8">
      <Execution id="dea813f7-3fba-4bd6-ae74-c6f5a0257cbf" />
      <TestMethod codeBase="/home/developer/projects/FS.GG.Rendering/samples/AntShowcase/AntShowcase.Tests/bin/Release/net10.0/AntShowcase.Tests.dll" adapterTypeName="executor://yolodev/expecto" className="PageRender" name="catalog page charts-advanced renders a non-empty tree" />
    </UnitTest>
    <UnitTest name="VisualReadiness.full shell renders in both canonical themes at accepted sizes" storage="/home/developer/projects/fs.gg.rendering/samples/antshowcase/antshowcase.tests/bin/release/net10.0/antshowcase.tests.dll" id="097e80f5-9b7d-ec8f-bef6-653814aab951">
      <Execution id="a39c7741-5a88-419c-a0cb-d43a73b5020e" />
      <TestMethod codeBase="/home/developer/projects/FS.GG.Rendering/samples/AntShowcase/AntShowcase.Tests/bin/Release/net10.0/AntShowcase.Tests.dll" adapterTypeName="executor://yolodev/expecto" className="VisualReadiness" name="full shell renders in both canonical themes at accepted sizes" />
    </UnitTest>
    <UnitTest name="ThemeInvariance.antLight and antDark resolve to distinct themes (visuals change)" storage="/home/developer/projects/fs.gg.rendering/samples/antshowcase/antshowcase.tests/bin/release/net10.0/antshowcase.tests.dll" id="5bab04b3-a926-faf5-3496-cd74146c8b48">
      <Execution id="3f516c9d-33ff-4486-a1ff-c64955bef069" />
      <TestMethod codeBase="/home/developer/projects/FS.GG.Rendering/samples/AntShowcase/AntShowcase.Tests/bin/Release/net10.0/AntShowcase.Tests.dll" adapterTypeName="executor://yolodev/expecto" className="ThemeInvariance" name="antLight and antDark resolve to distinct themes (visuals change)" />
    </UnitTest>
    <UnitTest name="Feature144 AntShowcase date-picker stale-overlay proof.reference evidence records replay focus product messages and no stale overlay" storage="/home/developer/projects/fs.gg.rendering/samples/antshowcase/antshowcase.tests/bin/release/net10.0/antshowcase.tests.dll" id="40b2ebcf-dc99-6f04-d5e5-ce00f148c33a">
      <Execution id="c2260ef8-e194-4b02-bcad-9155e7de6970" />
      <TestMethod codeBase="/home/developer/projects/FS.GG.Rendering/samples/AntShowcase/AntShowcase.Tests/bin/Release/net10.0/AntShowcase.Tests.dll" adapterTypeName="executor://yolodev/expecto" className="Feature144 AntShowcase date-picker stale-overlay proof" name="reference evidence records replay focus product messages and no stale overlay" />
    </UnitTest>
    <UnitTest name="Interaction.the host key map routes activation keys to a button click" storage="/home/developer/projects/fs.gg.rendering/samples/antshowcase/antshowcase.tests/bin/release/net10.0/antshowcase.tests.dll" id="6fdfdb32-d9fc-4f00-2d25-2a979d845586">
      <Execution id="95ebf40d-4c18-4591-bb98-83eb3cfb4918" />
      <TestMethod codeBase="/home/developer/projects/FS.GG.Rendering/samples/AntShowcase/AntShowcase.Tests/bin/Release/net10.0/AntShowcase.Tests.dll" adapterTypeName="executor://yolodev/expecto" className="Interaction" name="the host key map routes activation keys to a button click" />
    </UnitTest>
    <UnitTest name="PageRender.catalog page feedback-status renders a non-empty tree" storage="/home/developer/projects/fs.gg.rendering/samples/antshowcase/antshowcase.tests/bin/release/net10.0/antshowcase.tests.dll" id="fdc98070-482a-f4ab-6056-5dc66fd28dca">
      <Execution id="dae73124-55d4-40cc-9ba7-a85c48ed2806" />
      <TestMethod codeBase="/home/developer/projects/FS.GG.Rendering/samples/AntShowcase/AntShowcase.Tests/bin/Release/net10.0/AntShowcase.Tests.dll" adapterTypeName="executor://yolodev/expecto" className="PageRender" name="catalog page feedback-status renders a non-empty tree" />
    </UnitTest>
    <UnitTest name="Template.template tpl-list is composed only of catalog control types (SC-002)" storage="/home/developer/projects/fs.gg.rendering/samples/antshowcase/antshowcase.tests/bin/release/net10.0/antshowcase.tests.dll" id="a61aa88e-ee00-e9bd-035b-c8dc690dce95">
      <Execution id="57936b30-fcc3-4c83-b750-c9d5c2e418cc" />
      <TestMethod codeBase="/home/developer/projects/FS.GG.Rendering/samples/AntShowcase/AntShowcase.Tests/bin/Release/net10.0/AntShowcase.Tests.dll" adapterTypeName="executor://yolodev/expecto" className="Template" name="template tpl-list is composed only of catalog control types (SC-002)" />
    </UnitTest>
[...]
      <Execution id="2a614130-b466-487a-b8a7-0afb0d412b8a" />
      <TestMethod codeBase="/home/developer/projects/FS.GG.Rendering/samples/AntShowcase/AntShowcase.Tests/bin/Release/net10.0/AntShowcase.Tests.dll" adapterTypeName="executor://yolodev/expecto" className="ThemeInvariance" name="page display-typography: tree shape + accessibility ids invariant across antLight/antDark" />
    </UnitTest>
    <UnitTest name="Feature167 AntShowcase responsiveness CLI.responsiveness command writes environment-limited summary output" storage="/home/developer/projects/fs.gg.rendering/samples/antshowcase/antshowcase.tests/bin/release/net10.0/antshowcase.tests.dll" id="225d954b-63fd-73fd-585c-590b31334ac5">
      <Execution id="f1c761c1-200c-4699-8246-4a79959fcae6" />
      <TestMethod codeBase="/home/developer/projects/FS.GG.Rendering/samples/AntShowcase/AntShowcase.Tests/bin/Release/net10.0/AntShowcase.Tests.dll" adapterTypeName="executor://yolodev/expecto" className="Feature167 AntShowcase responsiveness CLI" name="responsiveness command writes environment-limited summary output" />
    </UnitTest>
    <UnitTest name="PageRender.catalog page data-collections renders a non-empty tree" storage="/home/developer/projects/fs.gg.rendering/samples/antshowcase/antshowcase.tests/bin/release/net10.0/antshowcase.tests.dll" id="22ffc5ff-262a-a6f0-1d27-163194313b89">
      <Execution id="9dcd2720-eb2b-4739-bf64-c98569e48a1e" />
      <TestMethod codeBase="/home/developer/projects/FS.GG.Rendering/samples/AntShowcase/AntShowcase.Tests/bin/Release/net10.0/AntShowcase.Tests.dll" adapterTypeName="executor://yolodev/expecto" className="PageRender" name="catalog page data-collections renders a non-empty tree" />
    </UnitTest>
    <UnitTest name="Determinism.the form's invalid-then-valid sequence is deterministic through pure update" storage="/home/developer/projects/fs.gg.rendering/samples/antshowcase/antshowcase.tests/bin/release/net10.0/antshowcase.tests.dll" id="d78c8c69-59cf-d725-6d23-56b13cf53517">
      <Execution id="0e58552a-006f-4c3f-ad17-f92af7c555f2" />
      <TestMethod codeBase="/home/developer/projects/FS.GG.Rendering/samples/AntShowcase/AntShowcase.Tests/bin/Release/net10.0/AntShowcase.Tests.dll" adapterTypeName="executor://yolodev/expecto" className="Determinism" name="the form's invalid-then-valid sequence is deterministic through pure update" />
    </UnitTest>
    <UnitTest name="Feedback.feedback accumulates newest-first and stays tagged per page" storage="/home/developer/projects/fs.gg.rendering/samples/antshowcase/antshowcase.tests/bin/release/net10.0/antshowcase.tests.dll" id="655c4c02-9946-2cfc-ee79-c4228409c947">
      <Execution id="0bc5a2bf-9dd1-4e4d-9f1c-a8adf4ac602d" />
      <TestMethod codeBase="/home/developer/projects/FS.GG.Rendering/samples/AntShowcase/AntShowcase.Tests/bin/Release/net10.0/AntShowcase.Tests.dll" adapterTypeName="executor://yolodev/expecto" className="Feedback" name="feedback accumulates newest-first and stays tagged per page" />
    </UnitTest>
    <UnitTest name="Degrade.a proven record claims the non-blank-offscreen-png; a degraded one does not" storage="/home/developer/projects/fs.gg.rendering/samples/antshowcase/antshowcase.tests/bin/release/net10.0/antshowcase.tests.dll" id="919aca14-21ca-24ae-e3f3-bf5c23f46b1d">
      <Execution id="55c4ef7d-8705-4c0c-9097-525ebc71c549" />
      <TestMethod codeBase="/home/developer/projects/FS.GG.Rendering/samples/AntShowcase/AntShowcase.Tests/bin/Release/net10.0/AntShowcase.Tests.dll" adapterTypeName="executor://yolodev/expecto" className="Degrade" name="a proven record claims the non-blank-offscreen-png; a degraded one does not" />
    </UnitTest>
    <UnitTest name="VisualTemplate.result and exception templates include balanced outcome content" storage="/home/developer/projects/fs.gg.rendering/samples/antshowcase/antshowcase.tests/bin/release/net10.0/antshowcase.tests.dll" id="cc2b1f24-28df-f2bd-3c94-a01353d5e77f">
      <Execution id="2466ba29-f79a-4c14-9472-7d5cf2f6aa8e" />
      <TestMethod codeBase="/home/developer/projects/FS.GG.Rendering/samples/AntShowcase/AntShowcase.Tests/bin/Release/net10.0/AntShowcase.Tests.dll" adapterTypeName="executor://yolodev/expecto" className="VisualTemplate" name="result and exception templates include balanced outcome content" />
    </UnitTest>
  </TestDefinitions>
  <TestEntries>
    <TestEntry testId="ec608aab-f7e0-9dac-c408-51163f16f26f" executionId="d01b6b9d-22ad-49f4-9507-b144510a5343" testListId="8c84fa94-04c1-424b-9868-57a2d4851a1d" />
    <TestEntry testId="b1a19044-8601-ab75-95c0-2925186d42c0" executionId="b5edfbfe-0e2c-478e-af0d-99c3459ec03d" testListId="8c84fa94-04c1-424b-9868-57a2d4851a1d" />
    <TestEntry testId="598d58ea-7f70-eae8-d4a2-32f7f4783584" executionId="b7abfd48-664d-45d1-b3da-9184dd38ff1f" testListId="8c84fa94-04c1-424b-9868-57a2d4851a1d" />
    <TestEntry testId="1a9fb270-d984-0bc0-21db-77ab26cfe454" executionId="ef8f2881-c7ab-4e29-9bc4-1e132a62f173" testListId="8c84fa94-04c1-424b-9868-57a2d4851a1d" />
    <TestEntry testId="c3a33e9a-a68a-dcef-803d-64b0b1e11a40" executionId="48bd8335-57aa-409f-9e4c-f1def6bd794f" testListId="8c84fa94-04c1-424b-9868-57a2d4851a1d" />
    <TestEntry testId="8e5d2335-31d5-2873-1367-47e3b1e8c4fb" executionId="2a3de805-5fdd-42a4-87fa-78ce46ab889f" testListId="8c84fa94-04c1-424b-9868-57a2d4851a1d" />
    <TestEntry testId="1c219a69-6b8f-ecaf-f407-20b174953bbf" executionId="77a813a3-1ff6-41f4-9f69-5b36f7d63116" testListId="8c84fa94-04c1-424b-9868-57a2d4851a1d" />
    <TestEntry testId="f9f704d8-0124-7e53-c1b4-a8ff6c0d9968" executionId="063dca62-b944-4d26-b678-7ba6a90c5ef8" testListId="8c84fa94-04c1-424b-9868-57a2d4851a1d" />
    <TestEntry testId="79284aba-0bcb-faee-a0cc-84279bcee7b6" executionId="61f93f8b-f359-4a85-b5af-377001dc3d1d" testListId="8c84fa94-04c1-424b-9868-57a2d4851a1d" />
    <TestEntry testId="f656093e-bce5-729f-b784-8cf79cc4b058" executionId="1193cbf1-299b-4501-b787-723023e077cd" testListId="8c84fa94-04c1-424b-9868-57a2d4851a1d" />
    <TestEntry testId="fe7060bd-4591-3588-68f4-489587f9cff8" executionId="5a7c3e8c-cf16-49ea-9540-858297771320" testListId="8c84fa94-04c1-424b-9868-57a2d4851a1d" />
    <TestEntry testId="67d0d92a-a588-9ae4-1e40-c746fad48a42" executionId="885cf23c-3cf7-46b0-8bd4-039c12becd2e" testListId="8c84fa94-04c1-424b-9868-57a2d4851a1d" />
    <TestEntry testId="6fdfdb32-d9fc-4f00-2d25-2a979d845586" executionId="95ebf40d-4c18-4591-bb98-83eb3cfb4918" testListId="8c84fa94-04c1-424b-9868-57a2d4851a1d" />
    <TestEntry testId="080bf1e1-b2b3-6682-2d6a-bc25ee1a6d96" executionId="844cd743-e085-4552-acaf-703486bda776" testListId="8c84fa94-04c1-424b-9868-57a2d4851a1d" />
    <TestEntry testId="504590f8-4f29-f667-ea24-7f56752bd9f9" executionId="a3ebcb3e-6abf-49a1-a525-9a3fe74b9086" testListId="8c84fa94-04c1-424b-9868-57a2d4851a1d" />
    <TestEntry testId="14abbb01-f46d-3a6f-7efe-5f8db303eb27" executionId="025fba75-9687-44d3-b135-81c3233a157f" testListId="8c84fa94-04c1-424b-9868-57a2d4851a1d" />
    <TestEntry testId="ed4d4b43-169d-b1c9-8ccd-0a59d3726434" executionId="7cfa2364-179b-4bce-a5f5-5dc9ba79d907" testListId="8c84fa94-04c1-424b-9868-57a2d4851a1d" />
    <TestEntry testId="19bb6e86-88a7-9f8a-d52d-0c75f62baadd" executionId="ae7a18d2-019b-4ce0-a49f-85db6751d7fd" testListId="8c84fa94-04c1-424b-9868-57a2d4851a1d" />
    <TestEntry testId="a32efe94-3ad9-1f9d-9d67-3478d19926c4" executionId="554885a0-8e68-4827-aff7-05026a491f03" testListId="8c84fa94-04c1-424b-9868-57a2d4851a1d" />
    <TestEntry testId="19695dc9-a7e3-2a44-12b1-6d3893d90499" executionId="f93a6091-ee80-4705-a627-c0321c4ca323" testListId="8c84fa94-04c1-424b-9868-57a2d4851a1d" />
    <TestEntry testId="18a26213-29ca-cb83-3dfd-421b353f975a" executionId="593b8409-97d8-45ee-9995-5c741530524e" testListId="8c84fa94-04c1-424b-9868-57a2d4851a1d" />
    <TestEntry testId="f6a328ce-f34d-b6c8-a194-b8ccefb47066" executionId="5ce30f23-40ea-499c-b50b-e317bb9b8b31" testListId="8c84fa94-04c1-424b-9868-57a2d4851a1d" />
    <TestEntry testId="83809193-3729-b216-0ab1-e806956670b8" executionId="dea813f7-3fba-4bd6-ae74-c6f5a0257cbf" testListId="8c84fa94-04c1-424b-9868-57a2d4851a1d" />
    <TestEntry testId="1cb5e1cc-6a53-55bb-4611-c50e0289559d" executionId="4bc80c47-d9cb-490f-acc7-ce6aec893737" testListId="8c84fa94-04c1-424b-9868-57a2d4851a1d" />
    <TestEntry testId="bbdad068-47b0-ed9f-a934-5d1210f7c40a" executionId="278c38e4-228b-41ed-9899-a1082a04ebb2" testListId="8c84fa94-04c1-424b-9868-57a2d4851a1d" />
    <TestEntry testId="3ad74e37-69bf-e2f1-25ec-f4cb7dde8470" executionId="70842251-f51f-44e2-8f0a-ca8bce9617e0" testListId="8c84fa94-04c1-424b-9868-57a2d4851a1d" />
    <TestEntry testId="b7ef7c09-8054-c257-a04c-d5683fcfbecf" executionId="42189e8b-6d61-4733-9464-35412213142a" testListId="8c84fa94-04c1-424b-9868-57a2d4851a1d" />
    <TestEntry testId="ee61961f-b1bc-9070-e42f-9b860a859778" executionId="7c78b5fd-0610-4daa-b1a2-800cc92e9704" testListId="8c84fa94-04c1-424b-9868-57a2d4851a1d" />
    <TestEntry testId="f4e7d678-fc7c-cb5b-dd30-f9840f8ed291" executionId="efb713f1-3d08-43d7-b069-71148b27045a" testListId="8c84fa94-04c1-424b-9868-57a2d4851a1d" />
    <TestEntry testId="f592165f-4311-76bc-b1d5-744730b286d2" executionId="b41ee7b7-8f63-444a-a4d9-7f0c910726d7" testListId="8c84fa94-04c1-424b-9868-57a2d4851a1d" />
    <TestEntry testId="99377ca3-ec56-ab3a-7ae0-6b0454c9e7a9" executionId="cbb2a9c7-f64f-4166-872f-56cae62d76f8" testListId="8c84fa94-04c1-424b-9868-57a2d4851a1d" />
    <TestEntry testId="a61aa88e-ee00-e9bd-035b-c8dc690dce95" executionId="57936b30-fcc3-4c83-b750-c9d5c2e418cc" testListId="8c84fa94-04c1-424b-9868-57a2d4851a1d" />
    <TestEntry testId="225d954b-63fd-73fd-585c-590b31334ac5" executionId="f1c761c1-200c-4699-8246-4a79959fcae6" testListId="8c84fa94-04c1-424b-9868-57a2d4851a1d" />
    <TestEntry testId="548cacb6-6962-773f-9c72-1aeaf2920057" executionId="f2eb8933-c32a-4bd4-b48c-19693ad974dc" testListId="8c84fa94-04c1-424b-9868-57a2d4851a1d" />
    <TestEntry testId="8aff8a8b-b3d2-6d6a-1ee1-8f10968cb5a1" executionId="6acc8154-918d-46f8-828c-a6f6f166d12c" testListId="8c84fa94-04c1-424b-9868-57a2d4851a1d" />
    <TestEntry testId="919aca14-21ca-24ae-e3f3-bf5c23f46b1d" executionId="55c4ef7d-8705-4c0c-9097-525ebc71c549" testListId="8c84fa94-04c1-424b-9868-57a2d4851a1d" />
    <TestEntry testId="3e1e49d9-c726-1277-0d63-548873aaf9e2" executionId="971e4b28-2a1f-49e2-bcad-c3e7a6ed9f03" testListId="8c84fa94-04c1-424b-9868-57a2d4851a1d" />
    <TestEntry testId="9637135e-7cbd-f599-f2ff-5dd6d5df3488" executionId="ec13d110-e933-4bde-935d-3b3f66abf471" testListId="8c84fa94-04c1-424b-9868-57a2d4851a1d" />
    <TestEntry testId="22ffc5ff-262a-a6f0-1d27-163194313b89" executionId="9dcd2720-eb2b-4739-bf64-c98569e48a1e" testListId="8c84fa94-04c1-424b-9868-57a2d4851a1d" />
    <TestEntry testId="cc352e01-3a3e-0a8e-eb97-853af8de2f63" executionId="1361bbe9-8cb3-461d-8ee8-f87174b93c99" testListId="8c84fa94-04c1-424b-9868-57a2d4851a1d" />
    <TestEntry testId="68af0dfb-f289-7ecd-149f-0f34256310d1" executionId="a862645c-b2c6-43f1-b360-e6a674c88d9f" testListId="8c84fa94-04c1-424b-9868-57a2d4851a1d" />
    <TestEntry testId="1025a283-8f4d-3ab6-b652-95460c5a8059" executionId="34c0ed43-97e8-4030-a090-1e5388f3db81" testListId="8c84fa94-04c1-424b-9868-57a2d4851a1d" />
    <TestEntry testId="2c6a9575-ba52-151b-44eb-c2902bdc8548" executionId="71422e51-6cf8-415a-bb40-f8af39d49d05" testListId="8c84fa94-04c1-424b-9868-57a2d4851a1d" />
    <TestEntry testId="aba02c64-a222-a272-89dd-978cc4bef7ff" executionId="faba575e-5516-4f63-b084-0da71298d8f7" testListId="8c84fa94-04c1-424b-9868-57a2d4851a1d" />
    <TestEntry testId="4d1aa0d0-aa6b-3598-8241-e3916c3908bd" executionId="123f02ac-7fa1-43a0-981e-98b0319096c7" testListId="8c84fa94-04c1-424b-9868-57a2d4851a1d" />
    <TestEntry testId="583e56cc-e4f5-1057-04cb-fb7de33edd5c" executionId="c50adaaa-c132-41de-a195-f3e2e98bb75d" testListId="8c84fa94-04c1-424b-9868-57a2d4851a1d" />
    <TestEntry testId="b468432c-4c87-6dd2-5cb7-f413efb8f3ea" executionId="4492a979-fb7a-433b-b29d-11d71e239566" testListId="8c84fa94-04c1-424b-9868-57a2d4851a1d" />
    <TestEntry testId="968110de-6a58-b09c-4102-7b993a7eab2b" executionId="17c28b9f-9df7-4b45-b191-55190ad3ef77" testListId="8c84fa94-04c1-424b-9868-57a2d4851a1d" />
    <TestEntry testId="cc2b1f24-28df-f2bd-3c94-a01353d5e77f" executionId="2466ba29-f79a-4c14-9472-7d5cf2f6aa8e" testListId="8c84fa94-04c1-424b-9868-57a2d4851a1d" />
    <TestEntry testId="458e4635-79c0-a706-84b4-e8263db3386d" executionId="865cdbda-9616-4dea-a706-d97d066a562d" testListId="8c84fa94-04c1-424b-9868-57a2d4851a1d" />
    <TestEntry testId="04f0e1ed-caaa-d978-df3b-8f5e14da8226" executionId="c05977ae-cf5b-4235-a899-9e7fae5913d1" testListId="8c84fa94-04c1-424b-9868-57a2d4851a1d" />
    <TestEntry testId="5e8a7486-80a2-9948-7302-9681d6e8a6b2" executionId="0e3dcbb7-1fe6-4892-8942-f5121a409c67" testListId="8c84fa94-04c1-424b-9868-57a2d4851a1d" />
    <TestEntry testId="74776e1e-dbb3-0a2b-5734-d8a7da981c11" executionId="7a60760d-fc3b-40c7-8202-9c3be43c5aa4" testListId="8c84fa94-04c1-424b-9868-57a2d4851a1d" />
    <TestEntry testId="c2926ce5-9be2-c75f-e76c-bd179d38d4b9" executionId="090059e1-89da-45ac-b966-476c6e06602b" testListId="8c84fa94-04c1-424b-9868-57a2d4851a1d" />
    <TestEntry testId="6817c6d0-d6d4-f5b1-eee5-2e37dcd8928f" executionId="09abe77d-dd95-4fef-8dfe-89a60d688182" testListId="8c84fa94-04c1-424b-9868-57a2d4851a1d" />
    <TestEntry testId="aa343278-e4be-0434-e9d5-ae235e1ed3c2" executionId="0ef7fd02-e52e-43aa-aab2-d2b2b9479256" testListId="8c84fa94-04c1-424b-9868-57a2d4851a1d" />
    <TestEntry testId="07d30ebb-d62c-ec80-538e-349d95b52ad4" executionId="48c884ab-a677-41fe-b61e-43ceb192fc94" testListId="8c84fa94-04c1-424b-9868-57a2d4851a1d" />
    <TestEntry testId="b6dab455-db27-540d-bc2e-f2883532578e" executionId="132688e9-19e5-47b6-88cb-8145851debc3" testListId="8c84fa94-04c1-424b-9868-57a2d4851a1d" />
    <TestEntry testId="afa86f8b-b4d5-5083-a71d-8201a78076b9" executionId="cb08740e-74d1-4b8a-98e0-5b2f56df56aa" testListId="8c84fa94-04c1-424b-9868-57a2d4851a1d" />
    <TestEntry testId="32bab839-308f-37e0-9f7f-3df56e3167c2" executionId="1b0208c3-94d3-4f8a-9e0b-07d20ba74849" testListId="8c84fa94-04c1-424b-9868-57a2d4851a1d" />
    <TestEntry testId="e8a433f6-8df3-ebe9-1c7c-e55226e7c605" executionId="b90bbda3-8c29-4b33-adba-ec6b47efea36" testListId="8c84fa94-04c1-424b-9868-57a2d4851a1d" />
    <TestEntry testId="7064acdf-fef2-0f32-6222-ece71e95b451" executionId="6c462f3c-5119-4a81-ba7b-18b4d06e224d" testListId="8c84fa94-04c1-424b-9868-57a2d4851a1d" />
    <TestEntry testId="f187f4c9-0608-08eb-5613-4c3c17d5ec64" executionId="35341dbe-1cee-4aba-8483-4fcdcc810527" testListId="8c84fa94-04c1-424b-9868-57a2d4851a1d" />
    <TestEntry testId="f27d5b93-7491-f4d6-f966-e5d83bebd63e" executionId="2f85e4b6-83a2-480b-8b43-6570c83c3aa4" testListId="8c84fa94-04c1-424b-9868-57a2d4851a1d" />
    <TestEntry testId="655c4c02-9946-2cfc-ee79-c4228409c947" executionId="0bc5a2bf-9dd1-4e4d-9f1c-a8adf4ac602d" testListId="8c84fa94-04c1-424b-9868-57a2d4851a1d" />
    <TestEntry testId="9c3a38c8-7a33-e912-68a9-b70129afb0fe" executionId="d830dfce-2a28-4fa0-9bdb-be7b848f6b02" testListId="8c84fa94-04c1-424b-9868-57a2d4851a1d" />
    <TestEntry testId="9b07565a-dadc-6b39-1b91-e1b38913b0f9" executionId="032d3ac7-077e-465a-aff3-4a635f2a3394" testListId="8c84fa94-04c1-424b-9868-57a2d4851a1d" />
    <TestEntry testId="96e5af69-e30b-6435-3901-979b126429e8" executionId="748da3b3-ff4d-4c8e-9bfa-e2b5ed416d60" testListId="8c84fa94-04c1-424b-9868-57a2d4851a1d" />
    <TestEntry testId="40823157-4ef8-ad9b-16fa-c76688956b70" executionId="f55f3f69-2138-4cb7-bd8b-50da75c094f0" testListId="8c84fa94-04c1-424b-9868-57a2d4851a1d" />
    <TestEntry testId="dfd812b9-5a13-9688-ebc8-a9fb4fcf4458" executionId="180c6723-d681-4bd5-8b0a-55056b37c342" testListId="8c84fa94-04c1-424b-9868-57a2d4851a1d" />
    <TestEntry testId="2dbf3349-9d0e-28af-3e87-9e6295d2630f" executionId="fd74a1e4-dbfb-4593-b415-f390430c68d5" testListId="8c84fa94-04c1-424b-9868-57a2d4851a1d" />
    <TestEntry testId="5688d9c4-f7c2-734e-ad71-c3bbe0d065ff" executionId="2ee315cc-3d8c-4572-a992-f1a5a794f780" testListId="8c84fa94-04c1-424b-9868-57a2d4851a1d" />
    <TestEntry testId="7e23b57a-037a-08e6-2ff4-a342e79e3923" executionId="da476e39-b075-415e-a04b-513263c71157" testListId="8c84fa94-04c1-424b-9868-57a2d4851a1d" />
    <TestEntry testId="eaae8d14-f5cf-ef93-738f-8603a42092c5" executionId="72d87233-e181-422f-8907-2b13cf3a12c6" testListId="8c84fa94-04c1-424b-9868-57a2d4851a1d" />
    <TestEntry testId="d78c8c69-59cf-d725-6d23-56b13cf53517" executionId="0e58552a-006f-4c3f-ad17-f92af7c555f2" testListId="8c84fa94-04c1-424b-9868-57a2d4851a1d" />
    <TestEntry testId="2b81527c-2cd4-234f-75fb-87d4261ceb5b" executionId="2a614130-b466-487a-b8a7-0afb0d412b8a" testListId="8c84fa94-04c1-424b-9868-57a2d4851a1d" />
    <TestEntry testId="097e80f5-9b7d-ec8f-bef6-653814aab951" executionId="a39c7741-5a88-419c-a0cb-d43a73b5020e" testListId="8c84fa94-04c1-424b-9868-57a2d4851a1d" />
    <TestEntry testId="99c7f134-a877-c9d9-9fc2-948fcd097a63" executionId="10609cf7-b924-4c0a-9ded-05194931fbab" testListId="8c84fa94-04c1-424b-9868-57a2d4851a1d" />
    <TestEntry testId="c29222ec-3a71-6581-f500-ddf9f18580c6" executionId="84f4439e-a143-41af-8377-b252ae2cd8b9" testListId="8c84fa94-04c1-424b-9868-57a2d4851a1d" />
    <TestEntry testId="5bab04b3-a926-faf5-3496-cd74146c8b48" executionId="3f516c9d-33ff-4486-a1ff-c64955bef069" testListId="8c84fa94-04c1-424b-9868-57a2d4851a1d" />
    <TestEntry testId="fdc98070-482a-f4ab-6056-5dc66fd28dca" executionId="dae73124-55d4-40cc-9ba7-a85c48ed2806" testListId="8c84fa94-04c1-424b-9868-57a2d4851a1d" />
    <TestEntry testId="40b2ebcf-dc99-6f04-d5e5-ce00f148c33a" executionId="c2260ef8-e194-4b02-bcad-9155e7de6970" testListId="8c84fa94-04c1-424b-9868-57a2d4851a1d" />
    <TestEntry testId="85160a51-271a-71bd-8900-4dcf49418864" executionId="9df0a03d-58a3-4fa0-a30d-cd1ff1fab4c8" testListId="8c84fa94-04c1-424b-9868-57a2d4851a1d" />
    <TestEntry testId="c2b5cac8-0dce-4350-0fb8-48c83800884b" executionId="dd789d41-fc48-472e-a7a7-1f935845d032" testListId="8c84fa94-04c1-424b-9868-57a2d4851a1d" />
    <TestEntry testId="7599075d-ec07-b367-6e52-3aa77241425e" executionId="b2196289-56fe-4942-beb8-a3a3bb6e12ea" testListId="8c84fa94-04c1-424b-9868-57a2d4851a1d" />
    <TestEntry testId="6813e770-91b6-3c4d-75f8-5a3721111139" executionId="5faa1689-e536-4b67-a94f-84c3e4d9805d" testListId="8c84fa94-04c1-424b-9868-57a2d4851a1d" />
    <TestEntry testId="285b5efe-6c9a-66a8-6d98-04ce5003bfec" executionId="75c7a8e3-ae3f-4929-be2d-290d8f7c2869" testListId="8c84fa94-04c1-424b-9868-57a2d4851a1d" />
  </TestEntries>
  <TestLists>
    <TestList name="Results Not in a List" id="8c84fa94-04c1-424b-9868-57a2d4851a1d" />
    <TestList name="All Loaded Results" id="19431567-8539-422a-85d7-44ee4e166bda" />
  </TestLists>
  <ResultSummary outcome="Completed">
    <Counters total="87" executed="87" passed="87" failed="0" error="0" timeout="0" aborted="0" inconclusive="0" passedButRunAborted="0" notRunnable="0" notExecuted="0" disconnected="0" warning="0" completed="0" inProgress="0" pending="0" />
    <Output>
      <StdOut>{"summaryJson":"/tmp/antshowcase-feature167-781dcecd532945d5901c5bbb90f79b75/resp-20260619-142655-b59ada/summary.json","readiness":"environment-limited"}
</StdOut>
    </Output>
    <RunInfos>
      <RunInfo computerName="ee01623d796c" outcome="Warning" timestamp="2026-06-19T16:27:39.5998738+02:00">
        <Text>Data collector 'Blame' message: All tests finished running, Sequence file will not be generated.</Text>
      </RunInfo>
    </RunInfos>
  </ResultSummary>
</TestRun>