<?xml version="1.0" encoding="utf-8"?>
<TestRun id="2891208d-9471-4aab-862a-11c12115762d" name="@ee01623d796c 2026-06-19 09:41:03" xmlns="http://microsoft.com/schemas/VisualStudio/TeamTest/2010">
  <Times creation="2026-06-19T09:41:03.6030322+02:00" queuing="2026-06-19T09:41:03.6030323+02:00" start="2026-06-19T09:41:02.6405196+02:00" finish="2026-06-19T09:41:54.4021861+02:00" />
  <TestSettings name="default" id="016c6b63-8b69-41bc-b1df-6a0aa7e6e285">
    <Deployment runDeploymentRoot="_ee01623d796c_2026-06-19_09_41_03" />
  </TestSettings>
  <Results>
    <UnitTestResult executionId="f9a70b73-cd05-4030-b3cb-136c1d14cb5d" testId="c29222ec-3a71-6581-f500-ddf9f18580c6" testName="PageRender.every page is reachable in one direct nav selection (≤2 actions, SC-008)" computerName="ee01623d796c" duration="00:00:00.0010000" startTime="2026-06-19T09:41:10.1051199+02:00" endTime="2026-06-19T09:41:10.1098216+02:00" testType="13cdc9d9-ddb5-4fa4-a97d-d965ccfc6d4b" outcome="Passed" testListId="8c84fa94-04c1-424b-9868-57a2d4851a1d" relativeResultsDirectory="f9a70b73-cd05-4030-b3cb-136c1d14cb5d" />
    <UnitTestResult executionId="9a860b9d-a47b-4c7a-a959-045f42f097bf" testId="6817c6d0-d6d4-f5b1-eee5-2e37dcd8928f" testName="VisualReadiness.theme switching preserves current page and page state" computerName="ee01623d796c" duration="00:00:00.0220000" startTime="2026-06-19T09:41:03.5045119+02:00" endTime="2026-06-19T09:41:03.5598145+02:00" testType="13cdc9d9-ddb5-4fa4-a97d-d965ccfc6d4b" outcome="Passed" testListId="8c84fa94-04c1-424b-9868-57a2d4851a1d" relativeResultsDirectory="9a860b9d-a47b-4c7a-a959-045f42f097bf" />
    <UnitTestResult executionId="d85e257f-2365-4c69-b5e3-3874fbb5a561" testId="83809193-3729-b216-0ab1-e806956670b8" testName="PageRender.catalog page charts-advanced renders a non-empty tree" computerName="ee01623d796c" duration="00:00:00.9180000" startTime="2026-06-19T09:41:09.7513831+02:00" endTime="2026-06-19T09:41:10.6706602+02:00" testType="13cdc9d9-ddb5-4fa4-a97d-d965ccfc6d4b" outcome="Passed" testListId="8c84fa94-04c1-424b-9868-57a2d4851a1d" relativeResultsDirectory="d85e257f-2365-4c69-b5e3-3874fbb5a561" />
    <UnitTestResult executionId="3f2ad0ae-e926-4a30-a7db-07fa65bac814" testId="f656093e-bce5-729f-b784-8cf79cc4b058" testName="Interaction.a seeded keyboard activation changes the product model (responds-proof)" computerName="ee01623d796c" duration="00:00:07.7580000" startTime="2026-06-19T09:41:03.6246515+02:00" endTime="2026-06-19T09:41:11.3855318+02:00" testType="13cdc9d9-ddb5-4fa4-a97d-d965ccfc6d4b" outcome="Passed" testListId="8c84fa94-04c1-424b-9868-57a2d4851a1d" relativeResultsDirectory="3f2ad0ae-e926-4a30-a7db-07fa65bac814" />
    <UnitTestResult executionId="b0bfbbcb-64f6-4283-80e8-54ce2bd3d702" testId="96e5af69-e30b-6435-3901-979b126429e8" testName="Template.form: valid submit ⇒ Submitted with a success result node" computerName="ee01623d796c" startTime="2026-06-19T09:41:05.9771506+02:00" endTime="2026-06-19T09:41:05.9786889+02:00" testType="13cdc9d9-ddb5-4fa4-a97d-d965ccfc6d4b" outcome="Passed" testListId="8c84fa94-04c1-424b-9868-57a2d4851a1d" relativeResultsDirectory="b0bfbbcb-64f6-4283-80e8-54ce2bd3d702" />
    <UnitTestResult executionId="c2d7779f-014a-4f1e-b0b1-5e376972360e" testId="bbdad068-47b0-ed9f-a934-5d1210f7c40a" testName="Interaction.display-only controls are exempt: navigation never alters interactive state" computerName="ee01623d796c" startTime="2026-06-19T09:41:03.6325306+02:00" endTime="2026-06-19T09:41:03.6443759+02:00" testType="13cdc9d9-ddb5-4fa4-a97d-d965ccfc6d4b" outcome="Passed" testListId="8c84fa94-04c1-424b-9868-57a2d4851a1d" relativeResultsDirectory="c2d7779f-014a-4f1e-b0b1-5e376972360e" />
    <UnitTestResult executionId="40e83b8d-da45-4a9d-bbde-d91aba0edc94" testId="7599075d-ec07-b367-6e52-3aa77241425e" testName="VisualEvidence.reviewer rubric covers every page/theme pair" computerName="ee01623d796c" duration="00:00:00.0040000" startTime="2026-06-19T09:41:03.5051755+02:00" endTime="2026-06-19T09:41:03.5725878+02:00" testType="13cdc9d9-ddb5-4fa4-a97d-d965ccfc6d4b" outcome="Passed" testListId="8c84fa94-04c1-424b-9868-57a2d4851a1d" relativeResultsDirectory="40e83b8d-da45-4a9d-bbde-d91aba0edc94" />
    <UnitTestResult executionId="5c9f1668-50d1-47e7-9cf8-61ed0734fcb4" testId="99c7f134-a877-c9d9-9fc2-948fcd097a63" testName="PageRender.catalog page charts-statistical renders a non-empty tree" computerName="ee01623d796c" duration="00:00:01.2740000" startTime="2026-06-19T09:41:09.1939884+02:00" endTime="2026-06-19T09:41:10.4693929+02:00" testType="13cdc9d9-ddb5-4fa4-a97d-d965ccfc6d4b" outcome="Passed" testListId="8c84fa94-04c1-424b-9868-57a2d4851a1d" relativeResultsDirectory="5c9f1668-50d1-47e7-9cf8-61ed0734fcb4" />
    <UnitTestResult executionId="848a161b-cf58-4d1b-86c4-084e32bfc0b3" testId="9b07565a-dadc-6b39-1b91-e1b38913b0f9" testName="Template.form: field edits return to Editing (no premature validation)" computerName="ee01623d796c" startTime="2026-06-19T09:41:05.9886789+02:00" endTime="2026-06-19T09:41:05.9949700+02:00" testType="13cdc9d9-ddb5-4fa4-a97d-d965ccfc6d4b" outcome="Passed" testListId="8c84fa94-04c1-424b-9868-57a2d4851a1d" relativeResultsDirectory="848a161b-cf58-4d1b-86c4-084e32bfc0b3" />
    <UnitTestResult executionId="d11cf2eb-365a-45be-90b5-f146dfe48a62" testId="7064acdf-fef2-0f32-6222-ece71e95b451" testName="Interaction.each interactive family maps its input to its own field transition" computerName="ee01623d796c" duration="00:00:00.0100000" startTime="2026-06-19T09:41:03.6325178+02:00" endTime="2026-06-19T09:41:03.6443701+02:00" testType="13cdc9d9-ddb5-4fa4-a97d-d965ccfc6d4b" outcome="Passed" testListId="8c84fa94-04c1-424b-9868-57a2d4851a1d" relativeResultsDirectory="d11cf2eb-365a-45be-90b5-f146dfe48a62" />
    <UnitTestResult executionId="2208c713-aa2c-4024-8de8-c056633c2b85" testId="6fdfdb32-d9fc-4f00-2d25-2a979d845586" testName="Interaction.the host key map routes activation keys to a button click" computerName="ee01623d796c" duration="00:00:00.0010000" startTime="2026-06-19T09:41:03.6325256+02:00" endTime="2026-06-19T09:41:03.6365104+02:00" testType="13cdc9d9-ddb5-4fa4-a97d-d965ccfc6d4b" outcome="Passed" testListId="8c84fa94-04c1-424b-9868-57a2d4851a1d" relativeResultsDirectory="2208c713-aa2c-4024-8de8-c056633c2b85" />
    <UnitTestResult executionId="a97fcf11-7efc-46b3-b0a2-2e4d93c27c3f" testId="f187f4c9-0608-08eb-5613-4c3c17d5ec64" testName="VisualPage.large and dense pages declare dedicated demonstration regions" computerName="ee01623d796c" startTime="2026-06-19T09:41:03.5863136+02:00" endTime="2026-06-19T09:41:03.5960919+02:00" testType="13cdc9d9-ddb5-4fa4-a97d-d965ccfc6d4b" outcome="Passed" testListId="8c84fa94-04c1-424b-9868-57a2d4851a1d" relativeResultsDirectory="a97fcf11-7efc-46b3-b0a2-2e4d93c27c3f" />
    <UnitTestResult executionId="d0a1caf2-82fe-450a-8468-06113c7327ed" testId="655c4c02-9946-2cfc-ee79-c4228409c947" testName="Feedback.feedback accumulates newest-first and stays tagged per page" computerName="ee01623d796c" duration="00:00:00.0010000" startTime="2026-06-19T09:41:03.6223515+02:00" endTime="2026-06-19T09:41:03.6252569+02:00" testType="13cdc9d9-ddb5-4fa4-a97d-d965ccfc6d4b" outcome="Passed" testListId="8c84fa94-04c1-424b-9868-57a2d4851a1d" relativeResultsDirectory="d0a1caf2-82fe-450a-8468-06113c7327ed" />
    <UnitTestResult executionId="f372342f-a5b6-4fb3-9acd-7f4339f25780" testId="68af0dfb-f289-7ecd-149f-0f34256310d1" testName="Feedback.submitting a non-blank draft saves a page-tagged entry and clears the draft" computerName="ee01623d796c" startTime="2026-06-19T09:41:03.6125293+02:00" endTime="2026-06-19T09:41:03.6175828+02:00" testType="13cdc9d9-ddb5-4fa4-a97d-d965ccfc6d4b" outcome="Passed" testListId="8c84fa94-04c1-424b-9868-57a2d4851a1d" relativeResultsDirectory="f372342f-a5b6-4fb3-9acd-7f4339f25780" />
    <UnitTestResult executionId="8eea38ae-16d5-4525-b921-0507dddf1d35" testId="fdc98070-482a-f4ab-6056-5dc66fd28dca" testName="PageRender.catalog page feedback-status renders a non-empty tree" computerName="ee01623d796c" duration="00:00:01.2250000" startTime="2026-06-19T09:41:08.9570243+02:00" endTime="2026-06-19T09:41:10.1837355+02:00" testType="13cdc9d9-ddb5-4fa4-a97d-d965ccfc6d4b" outcome="Passed" testListId="8c84fa94-04c1-424b-9868-57a2d4851a1d" relativeResultsDirectory="8eea38ae-16d5-4525-b921-0507dddf1d35" />
    <UnitTestResult executionId="61f2cf99-5fdc-456c-82de-e72931eb86e7" testId="fe7060bd-4591-3588-68f4-489587f9cff8" testName="Feature144 AntShowcase date-picker stale-overlay proof.final reference render publishes closed metadata and no stale open surface" computerName="ee01623d796c" duration="00:00:00.0220000" startTime="2026-06-19T09:41:03.6034357+02:00" endTime="2026-06-19T09:41:03.6298253+02:00" testType="13cdc9d9-ddb5-4fa4-a97d-d965ccfc6d4b" outcome="Passed" testListId="8c84fa94-04c1-424b-9868-57a2d4851a1d" relativeResultsDirectory="61f2cf99-5fdc-456c-82de-e72931eb86e7" />
    <UnitTestResult executionId="0dbf4ea0-a614-429e-8788-d4fc1b19b46f" testId="598d58ea-7f70-eae8-d4a2-32f7f4783584" testName="Degrade.degraded run.json marks provesScreenshot false with a stated reason + Ant mode" computerName="ee01623d796c" startTime="2026-06-19T09:41:03.6545541+02:00" endTime="2026-06-19T09:41:03.6599887+02:00" testType="13cdc9d9-ddb5-4fa4-a97d-d965ccfc6d4b" outcome="Passed" testListId="8c84fa94-04c1-424b-9868-57a2d4851a1d" relativeResultsDirectory="0dbf4ea0-a614-429e-8788-d4fc1b19b46f" />
    <UnitTestResult executionId="a5074a92-86c0-40a4-ac7d-d4d2513c9af7" testId="ec608aab-f7e0-9dac-c408-51163f16f26f" testName="VisualEvidence.complete screenshots without reviewer classification are blocked" computerName="ee01623d796c" duration="00:00:00.0100000" startTime="2026-06-19T09:41:03.5049044+02:00" endTime="2026-06-19T09:41:03.5574716+02:00" testType="13cdc9d9-ddb5-4fa4-a97d-d965ccfc6d4b" outcome="Passed" testListId="8c84fa94-04c1-424b-9868-57a2d4851a1d" relativeResultsDirectory="a5074a92-86c0-40a4-ac7d-d4d2513c9af7" />
    <UnitTestResult executionId="53f68e1a-c7d8-4196-aa90-83dea2d0db45" testId="a61aa88e-ee00-e9bd-035b-c8dc690dce95" testName="Template.template tpl-list is composed only of catalog control types (SC-002)" computerName="ee01623d796c" duration="00:00:00.0030000" startTime="2026-06-19T09:41:05.9050333+02:00" endTime="2026-06-19T09:41:05.9176455+02:00" testType="13cdc9d9-ddb5-4fa4-a97d-d965ccfc6d4b" outcome="Passed" testListId="8c84fa94-04c1-424b-9868-57a2d4851a1d" relativeResultsDirectory="53f68e1a-c7d8-4196-aa90-83dea2d0db45" />
    <UnitTestResult executionId="3205b8dd-f04e-4d39-b1d4-f3851b07de02" testId="8e5d2335-31d5-2873-1367-47e3b1e8c4fb" testName="Interaction.buttons: activation increments the visible counter" computerName="ee01623d796c" startTime="2026-06-19T09:41:03.6324973+02:00" endTime="2026-06-19T09:41:03.6364255+02:00" testType="13cdc9d9-ddb5-4fa4-a97d-d965ccfc6d4b" outcome="Passed" testListId="8c84fa94-04c1-424b-9868-57a2d4851a1d" relativeResultsDirectory="3205b8dd-f04e-4d39-b1d4-f3851b07de02" />
    <UnitTestResult executionId="63634848-ebfc-40e6-9b86-8eb1c5d4807e" testId="b6dab455-db27-540d-bc2e-f2883532578e" testName="Determinism.golden state outcome is byte-identical across two same-seed runs over all pages" computerName="ee01623d796c" duration="00:00:50.6490000" startTime="2026-06-19T09:41:03.6545613+02:00" endTime="2026-06-19T09:41:54.3065708+02:00" testType="13cdc9d9-ddb5-4fa4-a97d-d965ccfc6d4b" outcome="Passed" testListId="8c84fa94-04c1-424b-9868-57a2d4851a1d" relativeResultsDirectory="63634848-ebfc-40e6-9b86-8eb1c5d4807e" />
    <UnitTestResult executionId="a5f19ebd-cea8-4c4f-a019-fda17398b0fa" testId="b1a19044-8601-ab75-95c0-2925186d42c0" testName="VisualPage.every catalog page renders with readable profile metadata" computerName="ee01623d796c" duration="00:00:09.9300000" startTime="2026-06-19T09:41:03.5897639+02:00" endTime="2026-06-19T09:41:13.5231896+02:00" testType="13cdc9d9-ddb5-4fa4-a97d-d965ccfc6d4b" outcome="Passed" testListId="8c84fa94-04c1-424b-9868-57a2d4851a1d" relativeResultsDirectory="a5f19ebd-cea8-4c4f-a019-fda17398b0fa" />
    <UnitTestResult executionId="125bb664-4b4b-4ce7-969c-b0753d572ca2" testId="b7ef7c09-8054-c257-a04c-d5683fcfbecf" testName="Template.template tpl-detail is composed only of catalog control types (SC-002)" computerName="ee01623d796c" startTime="2026-06-19T09:41:05.9203467+02:00" endTime="2026-06-19T09:41:05.9237258+02:00" testType="13cdc9d9-ddb5-4fa4-a97d-d965ccfc6d4b" outcome="Passed" testListId="8c84fa94-04c1-424b-9868-57a2d4851a1d" relativeResultsDirectory="125bb664-4b4b-4ce7-969c-b0753d572ca2" />
    <UnitTestResult executionId="359d3cff-ee5c-44e0-9a1d-27884e190d48" testId="74776e1e-dbb3-0a2b-5734-d8a7da981c11" testName="Template.template tpl-result is composed only of catalog control types (SC-002)" computerName="ee01623d796c" startTime="2026-06-19T09:41:05.9414436+02:00" endTime="2026-06-19T09:41:05.9432655+02:00" testType="13cdc9d9-ddb5-4fa4-a97d-d965ccfc6d4b" outcome="Passed" testListId="8c84fa94-04c1-424b-9868-57a2d4851a1d" relativeResultsDirectory="359d3cff-ee5c-44e0-9a1d-27884e190d48" />
    <UnitTestResult executionId="9f460fa3-9c14-4df5-b265-fb1437036c33" testId="18a26213-29ca-cb83-3dfd-421b353f975a" testName="Determinism.run.json text is byte-identical for identical record inputs" computerName="ee01623d796c" duration="00:00:31.2900000" startTime="2026-06-19T09:41:03.6545673+02:00" endTime="2026-06-19T09:41:34.9484050+02:00" testType="13cdc9d9-ddb5-4fa4-a97d-d965ccfc6d4b" outcome="Passed" testListId="8c84fa94-04c1-424b-9868-57a2d4851a1d" relativeResultsDirectory="9f460fa3-9c14-4df5-b265-fb1437036c33" />
    <UnitTestResult executionId="e2e6d33e-4d2b-422b-a0ef-48791b90de2f" testId="dfd812b9-5a13-9688-ebc8-a9fb4fcf4458" testName="VisualTemplate.all template pages render as application compositions" computerName="ee01623d796c" duration="00:00:05.6190000" startTime="2026-06-19T09:41:03.5051821+02:00" endTime="2026-06-19T09:41:09.1589338+02:00" testType="13cdc9d9-ddb5-4fa4-a97d-d965ccfc6d4b" outcome="Passed" testListId="8c84fa94-04c1-424b-9868-57a2d4851a1d" relativeResultsDirectory="e2e6d33e-4d2b-422b-a0ef-48791b90de2f" />
    <UnitTestResult executionId="f2609510-3168-45f0-84e8-cab11544ac90" testId="5bab04b3-a926-faf5-3496-cd74146c8b48" testName="ThemeInvariance.antLight and antDark resolve to distinct themes (visuals change)" computerName="ee01623d796c" startTime="2026-06-19T09:41:03.6647130+02:00" endTime="2026-06-19T09:41:03.6674446+02:00" testType="13cdc9d9-ddb5-4fa4-a97d-d965ccfc6d4b" outcome="Passed" testListId="8c84fa94-04c1-424b-9868-57a2d4851a1d" relativeResultsDirectory="f2609510-3168-45f0-84e8-cab11544ac90" />
    <UnitTestResult executionId="8fd85995-1670-4330-82b6-46250a523240" testId="f592165f-4311-76bc-b1d5-744730b286d2" testName="Template.template tpl-form is composed only of catalog control types (SC-002)" computerName="ee01623d796c" startTime="2026-06-19T09:41:05.9306259+02:00" endTime="2026-06-19T09:41:05.9319759+02:00" testType="13cdc9d9-ddb5-4fa4-a97d-d965ccfc6d4b" outcome="Passed" testListId="8c84fa94-04c1-424b-9868-57a2d4851a1d" relativeResultsDirectory="8fd85995-1670-4330-82b6-46250a523240" />
    <UnitTestResult executionId="bc50aa18-c5bb-461c-a0f6-ed34ac13e349" testId="99377ca3-ec56-ab3a-7ae0-6b0454c9e7a9" testName="ThemeInvariance.page tpl-workbench: tree shape + accessibility ids invariant across antLight/antDark" computerName="ee01623d796c" duration="00:00:02.1770000" startTime="2026-06-19T09:41:05.0167188+02:00" endTime="2026-06-19T09:41:07.1984147+02:00" testType="13cdc9d9-ddb5-4fa4-a97d-d965ccfc6d4b" outcome="Passed" testListId="8c84fa94-04c1-424b-9868-57a2d4851a1d" relativeResultsDirectory="bc50aa18-c5bb-461c-a0f6-ed34ac13e349" />
    <UnitTestResult executionId="ae586aaf-49c0-4c1a-a355-a452699c2c79" testId="3ad74e37-69bf-e2f1-25ec-f4cb7dde8470" testName="VisualTemplate.template pages keep primary actions visible" computerName="ee01623d796c" duration="00:00:00.0250000" startTime="2026-06-19T09:41:03.5457079+02:00" endTime="2026-06-19T09:41:03.5734088+02:00" testType="13cdc9d9-ddb5-4fa4-a97d-d965ccfc6d4b" outcome="Passed" testListId="8c84fa94-04c1-424b-9868-57a2d4851a1d" relativeResultsDirectory="ae586aaf-49c0-4c1a-a355-a452699c2c79" />
    <UnitTestResult executionId="732fe0cc-99c2-4e00-b2b9-d348bce3f0f0" testId="eaae8d14-f5cf-ef93-738f-8603a42092c5" testName="Degrade.every record carries a non-empty notAuthoritativeFor (FR-012)" computerName="ee01623d796c" startTime="2026-06-19T09:41:03.6451285+02:00" endTime="2026-06-19T09:41:03.6478459+02:00" testType="13cdc9d9-ddb5-4fa4-a97d-d965ccfc6d4b" outcome="Passed" testListId="8c84fa94-04c1-424b-9868-57a2d4851a1d" relativeResultsDirectory="732fe0cc-99c2-4e00-b2b9-d348bce3f0f0" />
    <UnitTestResult executionId="c2a45955-42ea-4b1a-a86a-672d1d1e4f0e" testId="cc2b1f24-28df-f2bd-3c94-a01353d5e77f" testName="VisualTemplate.result and exception templates include balanced outcome content" computerName="ee01623d796c" duration="00:00:00.0090000" startTime="2026-06-19T09:41:03.5465860+02:00" endTime="2026-06-19T09:41:03.5734084+02:00" testType="13cdc9d9-ddb5-4fa4-a97d-d965ccfc6d4b" outcome="Passed" testListId="8c84fa94-04c1-424b-9868-57a2d4851a1d" relativeResultsDirectory="c2a45955-42ea-4b1a-a86a-672d1d1e4f0e" />
    <UnitTestResult executionId="bc05538c-7264-47a0-8a5c-b88b8bdf1505" testId="504590f8-4f29-f667-ea24-7f56752bd9f9" testName="VisualPage.minimum-size representative pages are declared" computerName="ee01623d796c" startTime="2026-06-19T09:41:03.5897878+02:00" endTime="2026-06-19T09:41:03.5972765+02:00" testType="13cdc9d9-ddb5-4fa4-a97d-d965ccfc6d4b" outcome="Passed" testListId="8c84fa94-04c1-424b-9868-57a2d4851a1d" relativeResultsDirectory="bc05538c-7264-47a0-8a5c-b88b8bdf1505" />
    <UnitTestResult executionId="db3c1a84-2928-4c80-9197-ecc594db173b" testId="19bb6e86-88a7-9f8a-d52d-0c75f62baadd" testName="PageRender.catalog page graphs-custom renders a non-empty tree" computerName="ee01623d796c" duration="00:00:00.5860000" startTime="2026-06-19T09:41:10.0133754+02:00" endTime="2026-06-19T09:41:10.6017493+02:00" testType="13cdc9d9-ddb5-4fa4-a97d-d965ccfc6d4b" outcome="Passed" testListId="8c84fa94-04c1-424b-9868-57a2d4851a1d" relativeResultsDirectory="db3c1a84-2928-4c80-9197-ecc594db173b" />
    <UnitTestResult executionId="a76ae5b7-5d22-44a6-a0de-2677eca1ea93" testId="22ffc5ff-262a-a6f0-1d27-163194313b89" testName="PageRender.catalog page data-collections renders a non-empty tree" computerName="ee01623d796c" duration="00:00:00.8460000" startTime="2026-06-19T09:41:09.1621025+02:00" endTime="2026-06-19T09:41:10.0095694+02:00" testType="13cdc9d9-ddb5-4fa4-a97d-d965ccfc6d4b" outcome="Passed" testListId="8c84fa94-04c1-424b-9868-57a2d4851a1d" relativeResultsDirectory="a76ae5b7-5d22-44a6-a0de-2677eca1ea93" />
    <UnitTestResult executionId="36c95cae-63f9-4f0d-820c-7c11fd4d4b5c" testId="c2b5cac8-0dce-4350-0fb8-48c83800884b" testName="ThemeInvariance.page tpl-form: tree shape + accessibility ids invariant across antLight/antDark" computerName="ee01623d796c" duration="00:00:01.9790000" startTime="2026-06-19T09:41:04.4363423+02:00" endTime="2026-06-19T09:41:06.4191264+02:00" testType="13cdc9d9-ddb5-4fa4-a97d-d965ccfc6d4b" outcome="Passed" testListId="8c84fa94-04c1-424b-9868-57a2d4851a1d" relativeResultsDirectory="36c95cae-63f9-4f0d-820c-7c11fd4d4b5c" />
    <UnitTestResult executionId="6419a5d2-0ff5-431f-b239-d555632431b7" testId="ee61961f-b1bc-9070-e42f-9b860a859778" testName="Template.template tpl-exception is composed only of catalog control types (SC-002)" computerName="ee01623d796c" startTime="2026-06-19T09:41:05.9536502+02:00" endTime="2026-06-19T09:41:05.9550145+02:00" testType="13cdc9d9-ddb5-4fa4-a97d-d965ccfc6d4b" outcome="Passed" testListId="8c84fa94-04c1-424b-9868-57a2d4851a1d" relativeResultsDirectory="6419a5d2-0ff5-431f-b239-d555632431b7" />
    <UnitTestResult executionId="e8df2a1b-b73b-4eea-a139-8f155bcadd42" testId="1025a283-8f4d-3ab6-b652-95460c5a8059" testName="Coverage.template pages are exempt: they carry no ControlIds" computerName="ee01623d796c" startTime="2026-06-19T09:41:10.1511432+02:00" endTime="2026-06-19T09:41:10.1527496+02:00" testType="13cdc9d9-ddb5-4fa4-a97d-d965ccfc6d4b" outcome="Passed" testListId="8c84fa94-04c1-424b-9868-57a2d4851a1d" relativeResultsDirectory="e8df2a1b-b73b-4eea-a139-8f155bcadd42" />
    <UnitTestResult executionId="b64bbeb8-4099-4405-8a34-cf85e32913c6" testId="5688d9c4-f7c2-734e-ad71-c3bbe0d065ff" testName="Template.form: invalid submit ⇒ Invalid with validation messages and NO success result" computerName="ee01623d796c" duration="00:00:00.0060000" startTime="2026-06-19T09:41:05.9652714+02:00" endTime="2026-06-19T09:41:05.9727651+02:00" testType="13cdc9d9-ddb5-4fa4-a97d-d965ccfc6d4b" outcome="Passed" testListId="8c84fa94-04c1-424b-9868-57a2d4851a1d" relativeResultsDirectory="b64bbeb8-4099-4405-8a34-cf85e32913c6" />
    <UnitTestResult executionId="434bc53f-fb68-4947-a297-ae821c56cb22" testId="6813e770-91b6-3c4d-75f8-5a3721111139" testName="VisualPage.every live page has a visual profile" computerName="ee01623d796c" startTime="2026-06-19T09:41:03.5863002+02:00" endTime="2026-06-19T09:41:03.5933974+02:00" testType="13cdc9d9-ddb5-4fa4-a97d-d965ccfc6d4b" outcome="Passed" testListId="8c84fa94-04c1-424b-9868-57a2d4851a1d" relativeResultsDirectory="434bc53f-fb68-4947-a297-ae821c56cb22" />
    <UnitTestResult executionId="fa4d4ace-5944-4d28-866f-5aa91a78cc12" testId="4d1aa0d0-aa6b-3598-8241-e3916c3908bd" testName="VisualShell.every page renders through the full shell at preferred size" computerName="ee01623d796c" duration="00:00:22.7570000" startTime="2026-06-19T09:41:03.5898715+02:00" endTime="2026-06-19T09:41:26.3533675+02:00" testType="13cdc9d9-ddb5-4fa4-a97d-d965ccfc6d4b" outcome="Passed" testListId="8c84fa94-04c1-424b-9868-57a2d4851a1d" relativeResultsDirectory="fa4d4ace-5944-4d28-866f-5aa91a78cc12" />
    <UnitTestResult executionId="ee53f5bf-ee3b-4b12-9ca8-99ce7b43c4ba" testId="2dbf3349-9d0e-28af-3e87-9e6295d2630f" testName="PageRender.catalog page overlays renders a non-empty tree" computerName="ee01623d796c" duration="00:00:00.3600000" startTime="2026-06-19T09:41:08.8191019+02:00" endTime="2026-06-19T09:41:09.1823231+02:00" testType="13cdc9d9-ddb5-4fa4-a97d-d965ccfc6d4b" outcome="Passed" testListId="8c84fa94-04c1-424b-9868-57a2d4851a1d" relativeResultsDirectory="ee53f5bf-ee3b-4b12-9ca8-99ce7b43c4ba" />
    <UnitTestResult executionId="7760f70b-50d2-473d-bb42-5d1e6de81025" testId="ed4d4b43-169d-b1c9-8ccd-0a59d3726434" testName="PageRender.catalog page text-numeric-input renders a non-empty tree" computerName="ee01623d796c" duration="00:00:02.9610000" startTime="2026-06-19T09:41:06.7783862+02:00" endTime="2026-06-19T09:41:09.7406298+02:00" testType="13cdc9d9-ddb5-4fa4-a97d-d965ccfc6d4b" outcome="Passed" testListId="8c84fa94-04c1-424b-9868-57a2d4851a1d" relativeResultsDirectory="7760f70b-50d2-473d-bb42-5d1e6de81025" />
    <UnitTestResult executionId="c0e53944-c8bd-4f55-ac36-d83ec7e24bd5" testId="2b81527c-2cd4-234f-75fb-87d4261ceb5b" testName="ThemeInvariance.page display-typography: tree shape + accessibility ids invariant across antLight/antDark" computerName="ee01623d796c" duration="00:00:01.3450000" startTime="2026-06-19T09:41:03.6647316+02:00" endTime="2026-06-19T09:41:05.0117617+02:00" testType="13cdc9d9-ddb5-4fa4-a97d-d965ccfc6d4b" outcome="Passed" testListId="8c84fa94-04c1-424b-9868-57a2d4851a1d" relativeResultsDirectory="c0e53944-c8bd-4f55-ac36-d83ec7e24bd5" />
    <UnitTestResult executionId="cdadab5e-3f62-4374-9fe1-05c24a23969a" testId="04f0e1ed-caaa-d978-df3b-8f5e14da8226" testName="PageRender.catalog page cards-stats-media renders a non-empty tree" computerName="ee01623d796c" duration="00:00:02.8030000" startTime="2026-06-19T09:41:06.1420798+02:00" endTime="2026-06-19T09:41:08.9489736+02:00" testType="13cdc9d9-ddb5-4fa4-a97d-d965ccfc6d4b" outcome="Passed" testListId="8c84fa94-04c1-424b-9868-57a2d4851a1d" relativeResultsDirectory="cdadab5e-3f62-4374-9fe1-05c24a23969a" />
    <UnitTestResult executionId="bf9b1330-ab91-40b8-ade0-acff9f7ea15f" testId="7e23b57a-037a-08e6-2ff4-a342e79e3923" testName="Feature144 AntShowcase date-picker flow.input page publishes date-picker transient metadata tied to product open state" computerName="ee01623d796c" duration="00:00:00.0140000" startTime="2026-06-19T09:41:03.6122247+02:00" endTime="2026-06-19T09:41:03.6297930+02:00" testType="13cdc9d9-ddb5-4fa4-a97d-d965ccfc6d4b" outcome="Passed" testListId="8c84fa94-04c1-424b-9868-57a2d4851a1d" relativeResultsDirectory="bf9b1330-ab91-40b8-ade0-acff9f7ea15f" />
    <UnitTestResult executionId="f86835ca-af5c-4292-baae-3611207fc4ca" testId="f27d5b93-7491-f4d6-f966-e5d83bebd63e" testName="VisualShell.minimum shell regions are disjoint" computerName="ee01623d796c" duration="00:00:00.0020000" startTime="2026-06-19T09:41:03.5898183+02:00" endTime="2026-06-19T09:41:03.6020402+02:00" testType="13cdc9d9-ddb5-4fa4-a97d-d965ccfc6d4b" outcome="Passed" testListId="8c84fa94-04c1-424b-9868-57a2d4851a1d" relativeResultsDirectory="f86835ca-af5c-4292-baae-3611207fc4ca" />
    <UnitTestResult executionId="f3e9e348-42c3-417a-b906-161ad122b837" testId="458e4635-79c0-a706-84b4-e8263db3386d" testName="Coverage.the catalog (live count) maps bijectively onto the Catalog pages" computerName="ee01623d796c" duration="00:00:00.0030000" startTime="2026-06-19T09:41:10.1280295+02:00" endTime="2026-06-19T09:41:10.1326653+02:00" testType="13cdc9d9-ddb5-4fa4-a97d-d965ccfc6d4b" outcome="Passed" testListId="8c84fa94-04c1-424b-9868-57a2d4851a1d" relativeResultsDirectory="f3e9e348-42c3-417a-b906-161ad122b837" />
    <UnitTestResult executionId="00034cd8-9b1f-4645-89ae-5c0a44089420" testId="080bf1e1-b2b3-6682-2d6a-bc25ee1a6d96" testName="VisualEvidence.workflow expands page and theme matrix" computerName="ee01623d796c" duration="00:00:00.0090000" startTime="2026-06-19T09:41:03.5045841+02:00" endTime="2026-06-19T09:41:03.5527144+02:00" testType="13cdc9d9-ddb5-4fa4-a97d-d965ccfc6d4b" outcome="Passed" testListId="8c84fa94-04c1-424b-9868-57a2d4851a1d" relativeResultsDirectory="00034cd8-9b1f-4645-89ae-5c0a44089420" />
    <UnitTestResult executionId="e4318efc-8939-454f-b46f-6ba6e9f3449b" testId="9637135e-7cbd-f599-f2ff-5dd6d5df3488" testName="Feedback.feedback lines round-trip through the persistence encoding (incl. tab/newline)" computerName="ee01623d796c" startTime="2026-06-19T09:41:03.6223550+02:00" endTime="2026-06-19T09:41:03.6258822+02:00" testType="13cdc9d9-ddb5-4fa4-a97d-d965ccfc6d4b" outcome="Passed" testListId="8c84fa94-04c1-424b-9868-57a2d4851a1d" relativeResultsDirectory="e4318efc-8939-454f-b46f-6ba6e9f3449b" />
    <UnitTestResult executionId="fd41a22a-4824-46d5-951e-d4b8d29c4485" testId="a32efe94-3ad9-1f9d-9d67-3478d19926c4" testName="PageRender.catalog page buttons renders a non-empty tree" computerName="ee01623d796c" duration="00:00:00.6100000" startTime="2026-06-19T09:41:06.4226837+02:00" endTime="2026-06-19T09:41:07.0365691+02:00" testType="13cdc9d9-ddb5-4fa4-a97d-d965ccfc6d4b" outcome="Passed" testListId="8c84fa94-04c1-424b-9868-57a2d4851a1d" relativeResultsDirectory="fd41a22a-4824-46d5-951e-d4b8d29c4485" />
    <UnitTestResult executionId="acb84290-b181-446a-a279-2c45b178c68e" testId="32bab839-308f-37e0-9f7f-3df56e3167c2" testName="VisualEvidence.visual summary serializers carry canonical status fields" computerName="ee01623d796c" duration="00:00:00.0150000" startTime="2026-06-19T09:41:03.5050445+02:00" endTime="2026-06-19T09:41:03.5532915+02:00" testType="13cdc9d9-ddb5-4fa4-a97d-d965ccfc6d4b" outcome="Passed" testListId="8c84fa94-04c1-424b-9868-57a2d4851a1d" relativeResultsDirectory="acb84290-b181-446a-a279-2c45b178c68e" />
    <UnitTestResult executionId="bc9b8bf7-f371-408b-893b-76d27a927761" testId="14abbb01-f46d-3a6f-7efe-5f8db303eb27" testName="Feature143 AntShowcase date-picker reference flow.scripted date-picker overlay opens selects dismisses and records evidence" computerName="ee01623d796c" duration="00:00:00.0490000" startTime="2026-06-19T09:41:03.6125117+02:00" endTime="2026-06-19T09:41:03.6650686+02:00" testType="13cdc9d9-ddb5-4fa4-a97d-d965ccfc6d4b" outcome="Passed" testListId="8c84fa94-04c1-424b-9868-57a2d4851a1d" relativeResultsDirectory="bc9b8bf7-f371-408b-893b-76d27a927761" />
    <UnitTestResult executionId="44071c61-1d96-4c54-a7d8-2678e15b01ec" testId="1a9fb270-d984-0bc0-21db-77ab26cfe454" testName="Coverage.every catalog control maps to exactly one page (0 unreferenced, 0 duplicated)" computerName="ee01623d796c" duration="00:00:00.0060000" startTime="2026-06-19T09:41:10.1152763+02:00" endTime="2026-06-19T09:41:10.1223483+02:00" testType="13cdc9d9-ddb5-4fa4-a97d-d965ccfc6d4b" outcome="Passed" testListId="8c84fa94-04c1-424b-9868-57a2d4851a1d" relativeResultsDirectory="44071c61-1d96-4c54-a7d8-2678e15b01ec" />
    <UnitTestResult executionId="2b87f00d-04e5-48f9-82e1-fb5cf2339a8f" testId="5e8a7486-80a2-9948-7302-9681d6e8a6b2" testName="PageRender.catalog page layout-containers renders a non-empty tree" computerName="ee01623d796c" duration="00:00:01.6100000" startTime="2026-06-19T09:41:07.1997860+02:00" endTime="2026-06-19T09:41:08.8176163+02:00" testType="13cdc9d9-ddb5-4fa4-a97d-d965ccfc6d4b" outcome="Passed" testListId="8c84fa94-04c1-424b-9868-57a2d4851a1d" relativeResultsDirectory="2b87f00d-04e5-48f9-82e1-fb5cf2339a8f" />
    <UnitTestResult executionId="90eed30f-c8bb-4bcc-b9e8-2e151953f0d4" testId="583e56cc-e4f5-1057-04cb-fb7de33edd5c" testName="VisualEvidence.degraded capture keeps readiness environment-limited" computerName="ee01623d796c" duration="00:00:00.0110000" startTime="2026-06-19T09:41:03.5047136+02:00" endTime="2026-06-19T09:41:03.5526897+02:00" testType="13cdc9d9-ddb5-4fa4-a97d-d965ccfc6d4b" outcome="Passed" testListId="8c84fa94-04c1-424b-9868-57a2d4851a1d" relativeResultsDirectory="90eed30f-c8bb-4bcc-b9e8-2e151953f0d4" />
    <UnitTestResult executionId="0fd23660-7681-4430-9432-27c1ad2479b0" testId="85160a51-271a-71bd-8900-4dcf49418864" testName="PageRender.catalog page navigation-menus renders a non-empty tree" computerName="ee01623d796c" duration="00:00:01.7930000" startTime="2026-06-19T09:41:08.3062410+02:00" endTime="2026-06-19T09:41:10.1020870+02:00" testType="13cdc9d9-ddb5-4fa4-a97d-d965ccfc6d4b" outcome="Passed" testListId="8c84fa94-04c1-424b-9868-57a2d4851a1d" relativeResultsDirectory="0fd23660-7681-4430-9432-27c1ad2479b0" />
    <UnitTestResult executionId="3aa49550-2ca2-47b1-8e6b-d5675e4056b8" testId="79284aba-0bcb-faee-a0cc-84279bcee7b6" testName="VisualShell.preferred shell regions are disjoint" computerName="ee01623d796c" duration="00:00:00.0030000" startTime="2026-06-19T09:41:03.5897880+02:00" endTime="2026-06-19T09:41:03.5972755+02:00" testType="13cdc9d9-ddb5-4fa4-a97d-d965ccfc6d4b" outcome="Passed" testListId="8c84fa94-04c1-424b-9868-57a2d4851a1d" relativeResultsDirectory="3aa49550-2ca2-47b1-8e6b-d5675e4056b8" />
    <UnitTestResult executionId="625ef526-d6ea-4780-8715-a9e11b07f6e2" testId="9c3a38c8-7a33-e912-68a9-b70129afb0fe" testName="PageRender.catalog page selection-toggles renders a non-empty tree" computerName="ee01623d796c" duration="00:00:01.2580000" startTime="2026-06-19T09:41:07.0420136+02:00" endTime="2026-06-19T09:41:08.3016644+02:00" testType="13cdc9d9-ddb5-4fa4-a97d-d965ccfc6d4b" outcome="Passed" testListId="8c84fa94-04c1-424b-9868-57a2d4851a1d" relativeResultsDirectory="625ef526-d6ea-4780-8715-a9e11b07f6e2" />
    <UnitTestResult executionId="5a018fae-9567-447c-bc2f-dc7e3936942b" testId="919aca14-21ca-24ae-e3f3-bf5c23f46b1d" testName="Degrade.a proven record claims the non-blank-offscreen-png; a degraded one does not" computerName="ee01623d796c" duration="00:00:00.0010000" startTime="2026-06-19T09:41:03.6545395+02:00" endTime="2026-06-19T09:41:03.6573164+02:00" testType="13cdc9d9-ddb5-4fa4-a97d-d965ccfc6d4b" outcome="Passed" testListId="8c84fa94-04c1-424b-9868-57a2d4851a1d" relativeResultsDirectory="5a018fae-9567-447c-bc2f-dc7e3936942b" />
    <UnitTestResult executionId="7b31a7ec-2b48-4167-b91c-8aad1214c0ac" testId="097e80f5-9b7d-ec8f-bef6-653814aab951" testName="VisualReadiness.full shell renders in both canonical themes at accepted sizes" computerName="ee01623d796c" duration="00:00:09.9940000" startTime="2026-06-19T09:41:03.5045271+02:00" endTime="2026-06-19T09:41:13.5310009+02:00" testType="13cdc9d9-ddb5-4fa4-a97d-d965ccfc6d4b" outcome="Passed" testListId="8c84fa94-04c1-424b-9868-57a2d4851a1d" relativeResultsDirectory="7b31a7ec-2b48-4167-b91c-8aad1214c0ac" />
    <UnitTestResult executionId="cda1638e-871a-4e20-aa31-cff0105d7241" testId="548cacb6-6962-773f-9c72-1aeaf2920057" testName="ThemeInvariance.page selection-toggles: tree shape + accessibility ids invariant across antLight/antDark" computerName="ee01623d796c" duration="00:00:02.2140000" startTime="2026-06-19T09:41:03.6673152+02:00" endTime="2026-06-19T09:41:05.8827307+02:00" testType="13cdc9d9-ddb5-4fa4-a97d-d965ccfc6d4b" outcome="Passed" testListId="8c84fa94-04c1-424b-9868-57a2d4851a1d" relativeResultsDirectory="cda1638e-871a-4e20-aa31-cff0105d7241" />
    <UnitTestResult executionId="daee8c8c-d206-4adf-b043-6f45e8bb6a0f" testId="67d0d92a-a588-9ae4-1e40-c746fad48a42" testName="Feature145 AntShowcase overlay visual correlation.date-picker reference evidence carries scenario hit focus and dispatch correlation" computerName="ee01623d796c" startTime="2026-06-19T09:41:03.5919548+02:00" endTime="2026-06-19T09:41:03.6055635+02:00" testType="13cdc9d9-ddb5-4fa4-a97d-d965ccfc6d4b" outcome="Passed" testListId="8c84fa94-04c1-424b-9868-57a2d4851a1d" relativeResultsDirectory="daee8c8c-d206-4adf-b043-6f45e8bb6a0f" />
    <UnitTestResult executionId="a2b79576-fc56-4d1c-896f-be91d5e2fc92" testId="285b5efe-6c9a-66a8-6d98-04ce5003bfec" testName="VisualReadiness.CLI aliases resolve to canonical theme ids" computerName="ee01623d796c" duration="00:00:00.0070000" startTime="2026-06-19T09:41:03.5045087+02:00" endTime="2026-06-19T09:41:03.5527048+02:00" testType="13cdc9d9-ddb5-4fa4-a97d-d965ccfc6d4b" outcome="Passed" testListId="8c84fa94-04c1-424b-9868-57a2d4851a1d" relativeResultsDirectory="a2b79576-fc56-4d1c-896f-be91d5e2fc92" />
    <UnitTestResult executionId="b0b5be2f-006b-4c05-bf1c-37b6d66e7ffb" testId="1cb5e1cc-6a53-55bb-4611-c50e0289559d" testName="Coverage.13 catalog pages + 6 template pages = 19 pages" computerName="ee01623d796c" startTime="2026-06-19T09:41:10.1409358+02:00" endTime="2026-06-19T09:41:10.1437593+02:00" testType="13cdc9d9-ddb5-4fa4-a97d-d965ccfc6d4b" outcome="Passed" testListId="8c84fa94-04c1-424b-9868-57a2d4851a1d" relativeResultsDirectory="b0b5be2f-006b-4c05-bf1c-37b6d66e7ffb" />
    <UnitTestResult executionId="5bfdd86f-505e-41b3-b05d-7211291c8ef8" testId="afa86f8b-b4d5-5083-a71d-8201a78076b9" testName="PageRender.catalog page display-typography renders a non-empty tree" computerName="ee01623d796c" duration="00:00:00.7620000" startTime="2026-06-19T09:41:06.0057655+02:00" endTime="2026-06-19T09:41:06.7738645+02:00" testType="13cdc9d9-ddb5-4fa4-a97d-d965ccfc6d4b" outcome="Passed" testListId="8c84fa94-04c1-424b-9868-57a2d4851a1d" relativeResultsDirectory="5bfdd86f-505e-41b3-b05d-7211291c8ef8" />
    <UnitTestResult executionId="2d827be0-a106-4672-a237-388085286aad" testId="c3a33e9a-a68a-dcef-803d-64b0b1e11a40" testName="VisualReadiness.accepted showcase sizes are declared" computerName="ee01623d796c" duration="00:00:00.0230000" startTime="2026-06-19T09:41:03.5045083+02:00" endTime="2026-06-19T09:41:03.5602416+02:00" testType="13cdc9d9-ddb5-4fa4-a97d-d965ccfc6d4b" outcome="Passed" testListId="8c84fa94-04c1-424b-9868-57a2d4851a1d" relativeResultsDirectory="2d827be0-a106-4672-a237-388085286aad" />
    <UnitTestResult executionId="71bc2082-521c-42e2-bbb4-860a123faf2e" testId="07d30ebb-d62c-ec80-538e-349d95b52ad4" testName="Template.template tpl-workbench is composed only of catalog control types (SC-002)" computerName="ee01623d796c" duration="00:00:00.0020000" startTime="2026-06-19T09:41:05.8924030+02:00" endTime="2026-06-19T09:41:05.8954274+02:00" testType="13cdc9d9-ddb5-4fa4-a97d-d965ccfc6d4b" outcome="Passed" testListId="8c84fa94-04c1-424b-9868-57a2d4851a1d" relativeResultsDirectory="71bc2082-521c-42e2-bbb4-860a123faf2e" />
    <UnitTestResult executionId="a593a524-3c0d-4f8a-8ef8-6470fd872dc2" testId="f4e7d678-fc7c-cb5b-dd30-f9840f8ed291" testName="Feedback.a blank / whitespace-only draft is a no-op" computerName="ee01623d796c" startTime="2026-06-19T09:41:03.6152861+02:00" endTime="2026-06-19T09:41:03.6182322+02:00" testType="13cdc9d9-ddb5-4fa4-a97d-d965ccfc6d4b" outcome="Passed" testListId="8c84fa94-04c1-424b-9868-57a2d4851a1d" relativeResultsDirectory="a593a524-3c0d-4f8a-8ef8-6470fd872dc2" />
    <UnitTestResult executionId="29e2df44-3705-4c52-b56e-612249a5fadc" testId="2c6a9575-ba52-151b-44eb-c2902bdc8548" testName="Degrade.degraded summary discloses and never claims a screenshot" computerName="ee01623d796c" duration="00:00:00.0080000" startTime="2026-06-19T09:41:03.6334121+02:00" endTime="2026-06-19T09:41:03.6454493+02:00" testType="13cdc9d9-ddb5-4fa4-a97d-d965ccfc6d4b" outcome="Passed" testListId="8c84fa94-04c1-424b-9868-57a2d4851a1d" relativeResultsDirectory="29e2df44-3705-4c52-b56e-612249a5fadc" />
    <UnitTestResult executionId="d5b4cc54-65a7-42fc-8485-6768b9ed7fc4" testId="f9f704d8-0124-7e53-c1b4-a8ff6c0d9968" testName="VisualShell.theme and current page affordances render in full shell" computerName="ee01623d796c" duration="00:00:08.8550000" startTime="2026-06-19T09:41:03.5911594+02:00" endTime="2026-06-19T09:41:12.4524549+02:00" testType="13cdc9d9-ddb5-4fa4-a97d-d965ccfc6d4b" outcome="Passed" testListId="8c84fa94-04c1-424b-9868-57a2d4851a1d" relativeResultsDirectory="d5b4cc54-65a7-42fc-8485-6768b9ed7fc4" />
    <UnitTestResult executionId="3a949b1b-e19a-4ed7-9f49-665cffb0aa1c" testId="c2926ce5-9be2-c75f-e76c-bd179d38d4b9" testName="VisualShell.navigation labels fit the rail after truncation" computerName="ee01623d796c" startTime="2026-06-19T09:41:03.5898300+02:00" endTime="2026-06-19T09:41:03.6028207+02:00" testType="13cdc9d9-ddb5-4fa4-a97d-d965ccfc6d4b" outcome="Passed" testListId="8c84fa94-04c1-424b-9868-57a2d4851a1d" relativeResultsDirectory="3a949b1b-e19a-4ed7-9f49-665cffb0aa1c" />
    <UnitTestResult executionId="03ce0623-107d-4ef5-a7eb-0d42a9fab550" testId="aa343278-e4be-0434-e9d5-ae235e1ed3c2" testName="Feedback.a malformed stored line decodes to None" computerName="ee01623d796c" startTime="2026-06-19T09:41:03.6223625+02:00" endTime="2026-06-19T09:41:03.6279209+02:00" testType="13cdc9d9-ddb5-4fa4-a97d-d965ccfc6d4b" outcome="Passed" testListId="8c84fa94-04c1-424b-9868-57a2d4851a1d" relativeResultsDirectory="03ce0623-107d-4ef5-a7eb-0d42a9fab550" />
    <UnitTestResult executionId="84eaa852-f7e8-4c3a-9c30-177aae7d0913" testId="b468432c-4c87-6dd2-5cb7-f413efb8f3ea" testName="Coverage.every catalog page has a non-empty control list" computerName="ee01623d796c" startTime="2026-06-19T09:41:10.1618455+02:00" endTime="2026-06-19T09:41:10.1635510+02:00" testType="13cdc9d9-ddb5-4fa4-a97d-d965ccfc6d4b" outcome="Passed" testListId="8c84fa94-04c1-424b-9868-57a2d4851a1d" relativeResultsDirectory="84eaa852-f7e8-4c3a-9c30-177aae7d0913" />
    <UnitTestResult executionId="ded05f0b-8b49-490a-98f6-b8d1fed35b6c" testId="40823157-4ef8-ad9b-16fa-c76688956b70" testName="ThemeInvariance.page charts-statistical: tree shape + accessibility ids invariant across antLight/antDark" computerName="ee01623d796c" duration="00:00:02.4630000" startTime="2026-06-19T09:41:03.6740602+02:00" endTime="2026-06-19T09:41:06.1388297+02:00" testType="13cdc9d9-ddb5-4fa4-a97d-d965ccfc6d4b" outcome="Passed" testListId="8c84fa94-04c1-424b-9868-57a2d4851a1d" relativeResultsDirectory="ded05f0b-8b49-490a-98f6-b8d1fed35b6c" />
    <UnitTestResult executionId="4ab1a69f-714b-421e-a893-bdf64767e100" testId="d78c8c69-59cf-d725-6d23-56b13cf53517" testName="Determinism.the form's invalid-then-valid sequence is deterministic through pure update" computerName="ee01623d796c" duration="00:00:00.0010000" startTime="2026-06-19T09:41:03.6565925+02:00" endTime="2026-06-19T09:41:03.6604306+02:00" testType="13cdc9d9-ddb5-4fa4-a97d-d965ccfc6d4b" outcome="Passed" testListId="8c84fa94-04c1-424b-9868-57a2d4851a1d" relativeResultsDirectory="4ab1a69f-714b-421e-a893-bdf64767e100" />
    <UnitTestResult executionId="75dbc9fa-1585-465c-8f33-f95c4b98c843" testId="40b2ebcf-dc99-6f04-d5e5-ce00f148c33a" testName="Feature144 AntShowcase date-picker stale-overlay proof.reference evidence records replay focus product messages and no stale overlay" computerName="ee01623d796c" duration="00:00:00.0020000" startTime="2026-06-19T09:41:03.6121885+02:00" endTime="2026-06-19T09:41:03.6171484+02:00" testType="13cdc9d9-ddb5-4fa4-a97d-d965ccfc6d4b" outcome="Passed" testListId="8c84fa94-04c1-424b-9868-57a2d4851a1d" relativeResultsDirectory="75dbc9fa-1585-465c-8f33-f95c4b98c843" />
    <UnitTestResult executionId="74ddd9cf-e266-4660-8a89-1e85325af22b" testId="e8a433f6-8df3-ebe9-1c7c-e55226e7c605" testName="Feature144 AntShowcase date-picker flow.reference script opens selects dismisses and recovers focus through product-owned state" computerName="ee01623d796c" duration="00:00:00.0030000" startTime="2026-06-19T09:41:03.6122242+02:00" endTime="2026-06-19T09:41:03.6171998+02:00" testType="13cdc9d9-ddb5-4fa4-a97d-d965ccfc6d4b" outcome="Passed" testListId="8c84fa94-04c1-424b-9868-57a2d4851a1d" relativeResultsDirectory="74ddd9cf-e266-4660-8a89-1e85325af22b" />
  </Results>
  <TestDefinitions>
    <UnitTest name="Feedback.feedback accumulates newest-first and stays tagged per page" storage="/home/developer/projects/fs.gg.rendering/samples/antshowcase/antshowcase.tests/bin/debug/net10.0/antshowcase.tests.dll" id="655c4c02-9946-2cfc-ee79-c4228409c947">
      <Execution id="d0a1caf2-82fe-450a-8468-06113c7327ed" />
      <TestMethod codeBase="/home/developer/projects/FS.GG.Rendering/samples/AntShowcase/AntShowcase.Tests/bin/Debug/net10.0/AntShowcase.Tests.dll" adapterTypeName="executor://yolodev/expecto" className="Feedback" name="feedback accumulates newest-first and stays tagged per page" />
    </UnitTest>
    <UnitTest name="Template.template tpl-list is composed only of catalog control types (SC-002)" storage="/home/developer/projects/fs.gg.rendering/samples/antshowcase/antshowcase.tests/bin/debug/net10.0/antshowcase.tests.dll" id="a61aa88e-ee00-e9bd-035b-c8dc690dce95">
      <Execution id="53f68e1a-c7d8-4196-aa90-83dea2d0db45" />
      <TestMethod codeBase="/home/developer/projects/FS.GG.Rendering/samples/AntShowcase/AntShowcase.Tests/bin/Debug/net10.0/AntShowcase.Tests.dll" adapterTypeName="executor://yolodev/expecto" className="Template" name="template tpl-list is composed only of catalog control types (SC-002)" />
    </UnitTest>
    <UnitTest name="PageRender.every page is reachable in one direct nav selection (≤2 actions, SC-008)" storage="/home/developer/projects/fs.gg.rendering/samples/antshowcase/antshowcase.tests/bin/debug/net10.0/antshowcase.tests.dll" id="c29222ec-3a71-6581-f500-ddf9f18580c6">
      <Execution id="f9a70b73-cd05-4030-b3cb-136c1d14cb5d" />
      <TestMethod codeBase="/home/developer/projects/FS.GG.Rendering/samples/AntShowcase/AntShowcase.Tests/bin/Debug/net10.0/AntShowcase.Tests.dll" adapterTypeName="executor://yolodev/expecto" className="PageRender" name="every page is reachable in one direct nav selection (≤2 actions, SC-008)" />
    </UnitTest>
    <UnitTest name="VisualShell.theme and current page affordances render in full shell" storage="/home/developer/projects/fs.gg.rendering/samples/antshowcase/antshowcase.tests/bin/debug/net10.0/antshowcase.tests.dll" id="f9f704d8-0124-7e53-c1b4-a8ff6c0d9968">
      <Execution id="d5b4cc54-65a7-42fc-8485-6768b9ed7fc4" />
      <TestMethod codeBase="/home/developer/projects/FS.GG.Rendering/samples/AntShowcase/AntShowcase.Tests/bin/Debug/net10.0/AntShowcase.Tests.dll" adapterTypeName="executor://yolodev/expecto" className="VisualShell" name="theme and current page affordances render in full shell" />
    </UnitTest>
    <UnitTest name="VisualTemplate.all template pages render as application compositions" storage="/home/developer/projects/fs.gg.rendering/samples/antshowcase/antshowcase.tests/bin/debug/net10.0/antshowcase.tests.dll" id="dfd812b9-5a13-9688-ebc8-a9fb4fcf4458">
      <Execution id="e2e6d33e-4d2b-422b-a0ef-48791b90de2f" />
      <TestMethod codeBase="/home/developer/projects/FS.GG.Rendering/samples/AntShowcase/AntShowcase.Tests/bin/Debug/net10.0/AntShowcase.Tests.dll" adapterTypeName="executor://yolodev/expecto" className="VisualTemplate" name="all template pages render as application compositions" />
    </UnitTest>
    <UnitTest name="Template.template tpl-result is composed only of catalog control types (SC-002)" storage="/home/developer/projects/fs.gg.rendering/samples/antshowcase/antshowcase.tests/bin/debug/net10.0/antshowcase.tests.dll" id="74776e1e-dbb3-0a2b-5734-d8a7da981c11">
      <Execution id="359d3cff-ee5c-44e0-9a1d-27884e190d48" />
      <TestMethod codeBase="/home/developer/projects/FS.GG.Rendering/samples/AntShowcase/AntShowcase.Tests/bin/Debug/net10.0/AntShowcase.Tests.dll" adapterTypeName="executor://yolodev/expecto" className="Template" name="template tpl-result is composed only of catalog control types (SC-002)" />
    </UnitTest>
    <UnitTest name="ThemeInvariance.page charts-statistical: tree shape + accessibility ids invariant across antLight/antDark" storage="/home/developer/projects/fs.gg.rendering/samples/antshowcase/antshowcase.tests/bin/debug/net10.0/antshowcase.tests.dll" id="40823157-4ef8-ad9b-16fa-c76688956b70">
      <Execution id="ded05f0b-8b49-490a-98f6-b8d1fed35b6c" />
      <TestMethod codeBase="/home/developer/projects/FS.GG.Rendering/samples/AntShowcase/AntShowcase.Tests/bin/Debug/net10.0/AntShowcase.Tests.dll" adapterTypeName="executor://yolodev/expecto" className="ThemeInvariance" name="page charts-statistical: tree shape + accessibility ids invariant across antLight/antDark" />
    </UnitTest>
    <UnitTest name="Template.form: valid submit ⇒ Submitted with a success result node" storage="/home/developer/projects/fs.gg.rendering/samples/antshowcase/antshowcase.tests/bin/debug/net10.0/antshowcase.tests.dll" id="96e5af69-e30b-6435-3901-979b126429e8">
      <Execution id="b0bfbbcb-64f6-4283-80e8-54ce2bd3d702" />
      <TestMethod codeBase="/home/developer/projects/FS.GG.Rendering/samples/AntShowcase/AntShowcase.Tests/bin/Debug/net10.0/AntShowcase.Tests.dll" adapterTypeName="executor://yolodev/expecto" className="Template" name="form: valid submit ⇒ Submitted with a success result node" />
    </UnitTest>
    <UnitTest name="Feedback.a malformed stored line decodes to None" storage="/home/developer/projects/fs.gg.rendering/samples/antshowcase/antshowcase.tests/bin/debug/net10.0/antshowcase.tests.dll" id="aa343278-e4be-0434-e9d5-ae235e1ed3c2">
      <Execution id="03ce0623-107d-4ef5-a7eb-0d42a9fab550" />
      <TestMethod codeBase="/home/developer/projects/FS.GG.Rendering/samples/AntShowcase/AntShowcase.Tests/bin/Debug/net10.0/AntShowcase.Tests.dll" adapterTypeName="executor://yolodev/expecto" className="Feedback" name="a malformed stored line decodes to None" />
    </UnitTest>
    <UnitTest name="PageRender.catalog page feedback-status renders a non-empty tree" storage="/home/developer/projects/fs.gg.rendering/samples/antshowcase/antshowcase.tests/bin/debug/net10.0/antshowcase.tests.dll" id="fdc98070-482a-f4ab-6056-5dc66fd28dca">
      <Execution id="8eea38ae-16d5-4525-b921-0507dddf1d35" />
      <TestMethod codeBase="/home/developer/projects/FS.GG.Rendering/samples/AntShowcase/AntShowcase.Tests/bin/Debug/net10.0/AntShowcase.Tests.dll" adapterTypeName="executor://yolodev/expecto" className="PageRender" name="catalog page feedback-status renders a non-empty tree" />
    </UnitTest>
    <UnitTest name="ThemeInvariance.page tpl-form: tree shape + accessibility ids invariant across antLight/antDark" storage="/home/developer/projects/fs.gg.rendering/samples/antshowcase/antshowcase.tests/bin/debug/net10.0/antshowcase.tests.dll" id="c2b5cac8-0dce-4350-0fb8-48c83800884b">
      <Execution id="36c95cae-63f9-4f0d-820c-7c11fd4d4b5c" />
      <TestMethod codeBase="/home/developer/projects/FS.GG.Rendering/samples/AntShowcase/AntShowcase.Tests/bin/Debug/net10.0/AntShowcase.Tests.dll" adapterTypeName="executor://yolodev/expecto" className="ThemeInvariance" name="page tpl-form: tree shape + accessibility ids invariant across antLight/antDark" />
    </UnitTest>
    <UnitTest name="Template.template tpl-form is composed only of catalog control types (SC-002)" storage="/home/developer/projects/fs.gg.rendering/samples/antshowcase/antshowcase.tests/bin/debug/net10.0/antshowcase.tests.dll" id="f592165f-4311-76bc-b1d5-744730b286d2">
      <Execution id="8fd85995-1670-4330-82b6-46250a523240" />
      <TestMethod codeBase="/home/developer/projects/FS.GG.Rendering/samples/AntShowcase/AntShowcase.Tests/bin/Debug/net10.0/AntShowcase.Tests.dll" adapterTypeName="executor://yolodev/expecto" className="Template" name="template tpl-form is composed only of catalog control types (SC-002)" />
    </UnitTest>
    <UnitTest name="VisualEvidence.complete screenshots without reviewer classification are blocked" storage="/home/developer/projects/fs.gg.rendering/samples/antshowcase/antshowcase.tests/bin/debug/net10.0/antshowcase.tests.dll" id="ec608aab-f7e0-9dac-c408-51163f16f26f">
      <Execution id="a5074a92-86c0-40a4-ac7d-d4d2513c9af7" />
      <TestMethod codeBase="/home/developer/projects/FS.GG.Rendering/samples/AntShowcase/AntShowcase.Tests/bin/Debug/net10.0/AntShowcase.Tests.dll" adapterTypeName="executor://yolodev/expecto" className="VisualEvidence" name="complete screenshots without reviewer classification are blocked" />
    </UnitTest>
    <UnitTest name="Feature144 AntShowcase date-picker stale-overlay proof.reference evidence records replay focus product messages and no stale overlay" storage="/home/developer/projects/fs.gg.rendering/samples/antshowcase/antshowcase.tests/bin/debug/net10.0/antshowcase.tests.dll" id="40b2ebcf-dc99-6f04-d5e5-ce00f148c33a">
      <Execution id="75dbc9fa-1585-465c-8f33-f95c4b98c843" />
      <TestMethod codeBase="/home/developer/projects/FS.GG.Rendering/samples/AntShowcase/AntShowcase.Tests/bin/Debug/net10.0/AntShowcase.Tests.dll" adapterTypeName="executor://yolodev/expecto" className="Feature144 AntShowcase date-picker stale-overlay proof" name="reference evidence records replay focus product messages and no stale overlay" />
    </UnitTest>
    <UnitTest name="Coverage.the catalog (live count) maps bijectively onto the Catalog pages" storage="/home/developer/projects/fs.gg.rendering/samples/antshowcase/antshowcase.tests/bin/debug/net10.0/antshowcase.tests.dll" id="458e4635-79c0-a706-84b4-e8263db3386d">
      <Execution id="f3e9e348-42c3-417a-b906-161ad122b837" />
      <TestMethod codeBase="/home/developer/projects/FS.GG.Rendering/samples/AntShowcase/AntShowcase.Tests/bin/Debug/net10.0/AntShowcase.Tests.dll" adapterTypeName="executor://yolodev/expecto" className="Coverage" name="the catalog (live count) maps bijectively onto the Catalog pages" />
    </UnitTest>
    <UnitTest name="VisualReadiness.full shell renders in both canonical themes at accepted sizes" storage="/home/developer/projects/fs.gg.rendering/samples/antshowcase/antshowcase.tests/bin/debug/net10.0/antshowcase.tests.dll" id="097e80f5-9b7d-ec8f-bef6-653814aab951">
      <Execution id="7b31a7ec-2b48-4167-b91c-8aad1214c0ac" />
      <TestMethod codeBase="/home/developer/projects/FS.GG.Rendering/samples/AntShowcase/AntShowcase.Tests/bin/Debug/net10.0/AntShowcase.Tests.dll" adapterTypeName="executor://yolodev/expecto" className="VisualReadiness" name="full shell renders in both canonical themes at accepted sizes" />
    </UnitTest>
    <UnitTest name="Template.form: invalid submit ⇒ Invalid with validation messages and NO success result" storage="/home/developer/projects/fs.gg.rendering/samples/antshowcase/antshowcase.tests/bin/debug/net10.0/antshowcase.tests.dll" id="5688d9c4-f7c2-734e-ad71-c3bbe0d065ff">
      <Execution id="b64bbeb8-4099-4405-8a34-cf85e32913c6" />
      <TestMethod codeBase="/home/developer/projects/FS.GG.Rendering/samples/AntShowcase/AntShowcase.Tests/bin/Debug/net10.0/AntShowcase.Tests.dll" adapterTypeName="executor://yolodev/expecto" className="Template" name="form: invalid submit ⇒ Invalid with validation messages and NO success result" />
    </UnitTest>
    <UnitTest name="PageRender.catalog page text-numeric-input renders a non-empty tree" storage="/home/developer/projects/fs.gg.rendering/samples/antshowcase/antshowcase.tests/bin/debug/net10.0/antshowcase.tests.dll" id="ed4d4b43-169d-b1c9-8ccd-0a59d3726434">
      <Execution id="7760f70b-50d2-473d-bb42-5d1e6de81025" />
      <TestMethod codeBase="/home/developer/projects/FS.GG.Rendering/samples/AntShowcase/AntShowcase.Tests/bin/Debug/net10.0/AntShowcase.Tests.dll" adapterTypeName="executor://yolodev/expecto" className="PageRender" name="catalog page text-numeric-input renders a non-empty tree" />
    </UnitTest>
    <UnitTest name="PageRender.catalog page buttons renders a non-empty tree" storage="/home/developer/projects/fs.gg.rendering/samples/antshowcase/antshowcase.tests/bin/debug/net10.0/antshowcase.tests.dll" id="a32efe94-3ad9-1f9d-9d67-3478d19926c4">
      <Execution id="fd41a22a-4824-46d5-951e-d4b8d29c4485" />
      <TestMethod codeBase="/home/developer/projects/FS.GG.Rendering/samples/AntShowcase/AntShowcase.Tests/bin/Debug/net10.0/AntShowcase.Tests.dll" adapterTypeName="executor://yolodev/expecto" className="PageRender" name="catalog page buttons renders a non-empty tree" />
    </UnitTest>
    <UnitTest name="PageRender.catalog page cards-stats-media renders a non-empty tree" storage="/home/developer/projects/fs.gg.rendering/samples/antshowcase/antshowcase.tests/bin/debug/net10.0/antshowcase.tests.dll" id="04f0e1ed-caaa-d978-df3b-8f5e14da8226">
      <Execution id="cdadab5e-3f62-4374-9fe1-05c24a23969a" />
      <TestMethod codeBase="/home/developer/projects/FS.GG.Rendering/samples/AntShowcase/AntShowcase.Tests/bin/Debug/net10.0/AntShowcase.Tests.dll" adapterTypeName="executor://yolodev/expecto" className="PageRender" name="catalog page cards-stats-media renders a non-empty tree" />
    </UnitTest>
    <UnitTest name="Template.template tpl-exception is composed only of catalog control types (SC-002)" storage="/home/developer/projects/fs.gg.rendering/samples/antshowcase/antshowcase.tests/bin/debug/net10.0/antshowcase.tests.dll" id="ee61961f-b1bc-9070-e42f-9b860a859778">
      <Execution id="6419a5d2-0ff5-431f-b239-d555632431b7" />
      <TestMethod codeBase="/home/developer/projects/FS.GG.Rendering/samples/AntShowcase/AntShowcase.Tests/bin/Debug/net10.0/AntShowcase.Tests.dll" adapterTypeName="executor://yolodev/expecto" className="Template" name="template tpl-exception is composed only of catalog control types (SC-002)" />
    </UnitTest>
    <UnitTest name="VisualEvidence.degraded capture keeps readiness environment-limited" storage="/home/developer/projects/fs.gg.rendering/samples/antshowcase/antshowcase.tests/bin/debug/net10.0/antshowcase.tests.dll" id="583e56cc-e4f5-1057-04cb-fb7de33edd5c">
      <Execution id="90eed30f-c8bb-4bcc-b9e8-2e151953f0d4" />
      <TestMethod codeBase="/home/developer/projects/FS.GG.Rendering/samples/AntShowcase/AntShowcase.Tests/bin/Debug/net10.0/AntShowcase.Tests.dll" adapterTypeName="executor://yolodev/expecto" className="VisualEvidence" name="degraded capture keeps readiness environment-limited" />
    </UnitTest>
    <UnitTest name="VisualEvidence.visual summary serializers carry canonical status fields" storage="/home/developer/projects/fs.gg.rendering/samples/antshowcase/antshowcase.tests/bin/debug/net10.0/antshowcase.tests.dll" id="32bab839-308f-37e0-9f7f-3df56e3167c2">
      <Execution id="acb84290-b181-446a-a279-2c45b178c68e" />
      <TestMethod codeBase="/home/developer/projects/FS.GG.Rendering/samples/AntShowcase/AntShowcase.Tests/bin/Debug/net10.0/AntShowcase.Tests.dll" adapterTypeName="executor://yolodev/expecto" className="VisualEvidence" name="visual summary serializers carry canonical status fields" />
    </UnitTest>
    <UnitTest name="Template.template tpl-detail is composed only of catalog control types (SC-002)" storage="/home/developer/projects/fs.gg.rendering/samples/antshowcase/antshowcase.tests/bin/debug/net10.0/antshowcase.tests.dll" id="b7ef7c09-8054-c257-a04c-d5683fcfbecf">
      <Execution id="125bb664-4b4b-4ce7-969c-b0753d572ca2" />
      <TestMethod codeBase="/home/developer/projects/FS.GG.Rendering/samples/AntShowcase/AntShowcase.Tests/bin/Debug/net10.0/AntShowcase.Tests.dll" adapterTypeName="executor://yolodev/expecto" className="Template" name="template tpl-detail is composed only of catalog control types (SC-002)" />
    </UnitTest>
    <UnitTest name="Template.template tpl-workbench is composed only of catalog control types (SC-002)" storage="/home/developer/projects/fs.gg.rendering/samples/antshowcase/antshowcase.tests/bin/debug/net10.0/antshowcase.tests.dll" id="07d30ebb-d62c-ec80-538e-349d95b52ad4">
      <Execution id="71bc2082-521c-42e2-bbb4-860a123faf2e" />
      <TestMethod codeBase="/home/developer/projects/FS.GG.Rendering/samples/AntShowcase/AntShowcase.Tests/bin/Debug/net10.0/AntShowcase.Tests.dll" adapterTypeName="executor://yolodev/expecto" className="Template" name="template tpl-workbench is composed only of catalog control types (SC-002)" />
    </UnitTest>
    <UnitTest name="PageRender.catalog page selection-toggles renders a non-empty tree" storage="/home/developer/projects/fs.gg.rendering/samples/antshowcase/antshowcase.tests/bin/debug/net10.0/antshowcase.tests.dll" id="9c3a38c8-7a33-e912-68a9-b70129afb0fe">
      <Execution id="625ef526-d6ea-4780-8715-a9e11b07f6e2" />
      <TestMethod codeBase="/home/developer/projects/FS.GG.Rendering/samples/AntShowcase/AntShowcase.Tests/bin/Debug/net10.0/AntShowcase.Tests.dll" adapterTypeName="executor://yolodev/expecto" className="PageRender" name="catalog page selection-toggles renders a non-empty tree" />
    </UnitTest>
    <UnitTest name="PageRender.catalog page navigation-menus renders a non-empty tree" storage="/home/developer/projects/fs.gg.rendering/samples/antshowcase/antshowcase.tests/bin/debug/net10.0/antshowcase.tests.dll" id="85160a51-271a-71bd-8900-4dcf49418864">
      <Execution id="0fd23660-7681-4430-9432-27c1ad2479b0" />
      <TestMethod codeBase="/home/developer/projects/FS.GG.Rendering/samples/AntShowcase/AntShowcase.Tests/bin/Debug/net10.0/AntShowcase.Tests.dll" adapterTypeName="executor://yolodev/expecto" className="PageRender" name="catalog page navigation-menus renders a non-empty tree" />
    </UnitTest>
    <UnitTest name="Determinism.run.json text is byte-identical for identical record inputs" storage="/home/developer/projects/fs.gg.rendering/samples/antshowcase/antshowcase.tests/bin/debug/net10.0/antshowcase.tests.dll" id="18a26213-29ca-cb83-3dfd-421b353f975a">
      <Execution id="9f460fa3-9c14-4df5-b265-fb1437036c33" />
      <TestMethod codeBase="/home/developer/projects/FS.GG.Rendering/samples/AntShowcase/AntShowcase.Tests/bin/Debug/net10.0/AntShowcase.Tests.dll" adapterTypeName="executor://yolodev/expecto" className="Determinism.run" name="json text is byte-identical for identical record inputs" />
    </UnitTest>
    <UnitTest name="VisualPage.every live page has a visual profile" storage="/home/developer/projects/fs.gg.rendering/samples/antshowcase/antshowcase.tests/bin/debug/net10.0/antshowcase.tests.dll" id="6813e770-91b6-3c4d-75f8-5a3721111139">
      <Execution id="434bc53f-fb68-4947-a297-ae821c56cb22" />
      <TestMethod codeBase="/home/developer/projects/FS.GG.Rendering/samples/AntShowcase/AntShowcase.Tests/bin/Debug/net10.0/AntShowcase.Tests.dll" adapterTypeName="executor://yolodev/expecto" className="VisualPage" name="every live page has a visual profile" />
    </UnitTest>
    <UnitTest name="VisualReadiness.accepted showcase sizes are declared" storage="/home/developer/projects/fs.gg.rendering/samples/antshowcase/antshowcase.tests/bin/debug/net10.0/antshowcase.tests.dll" id="c3a33e9a-a68a-dcef-803d-64b0b1e11a40">
      <Execution id="2d827be0-a106-4672-a237-388085286aad" />
      <TestMethod codeBase="/home/developer/projects/FS.GG.Rendering/samples/AntShowcase/AntShowcase.Tests/bin/Debug/net10.0/AntShowcase.Tests.dll" adapterTypeName="executor://yolodev/expecto" className="VisualReadiness" name="accepted showcase sizes are declared" />
    </UnitTest>
    <UnitTest name="ThemeInvariance.page selection-toggles: tree shape + accessibility ids invariant across antLight/antDark" storage="/home/developer/projects/fs.gg.rendering/samples/antshowcase/antshowcase.tests/bin/debug/net10.0/antshowcase.tests.dll" id="548cacb6-6962-773f-9c72-1aeaf2920057">
      <Execution id="cda1638e-871a-4e20-aa31-cff0105d7241" />
      <TestMethod codeBase="/home/developer/projects/FS.GG.Rendering/samples/AntShowcase/AntShowcase.Tests/bin/Debug/net10.0/AntShowcase.Tests.dll" adapterTypeName="executor://yolodev/expecto" className="ThemeInvariance" name="page selection-toggles: tree shape + accessibility ids invariant across antLight/antDark" />
    </UnitTest>
    <UnitTest name="VisualShell.navigation labels fit the rail after truncation" storage="/home/developer/projects/fs.gg.rendering/samples/antshowcase/antshowcase.tests/bin/debug/net10.0/antshowcase.tests.dll" id="c2926ce5-9be2-c75f-e76c-bd179d38d4b9">
      <Execution id="3a949b1b-e19a-4ed7-9f49-665cffb0aa1c" />
      <TestMethod codeBase="/home/developer/projects/FS.GG.Rendering/samples/AntShowcase/AntShowcase.Tests/bin/Debug/net10.0/AntShowcase.Tests.dll" adapterTypeName="executor://yolodev/expecto" className="VisualShell" name="navigation labels fit the rail after truncation" />
    </UnitTest>
    <UnitTest name="Feedback.feedback lines round-trip through the persistence encoding (incl. tab/newline)" storage="/home/developer/projects/fs.gg.rendering/samples/antshowcase/antshowcase.tests/bin/debug/net10.0/antshowcase.tests.dll" id="9637135e-7cbd-f599-f2ff-5dd6d5df3488">
      <Execution id="e4318efc-8939-454f-b46f-6ba6e9f3449b" />
      <TestMethod codeBase="/home/developer/projects/FS.GG.Rendering/samples/AntShowcase/AntShowcase.Tests/bin/Debug/net10.0/AntShowcase.Tests.dll" adapterTypeName="executor://yolodev/expecto" className="Feedback.feedback lines round-trip through the persistence encoding (incl" name=" tab/newline)" />
    </UnitTest>
    <UnitTest name="Interaction.each interactive family maps its input to its own field transition" storage="/home/developer/projects/fs.gg.rendering/samples/antshowcase/antshowcase.tests/bin/debug/net10.0/antshowcase.tests.dll" id="7064acdf-fef2-0f32-6222-ece71e95b451">
      <Execution id="d11cf2eb-365a-45be-90b5-f146dfe48a62" />
      <TestMethod codeBase="/home/developer/projects/FS.GG.Rendering/samples/AntShowcase/AntShowcase.Tests/bin/Debug/net10.0/AntShowcase.Tests.dll" adapterTypeName="executor://yolodev/expecto" className="Interaction" name="each interactive family maps its input to its own field transition" />
    </UnitTest>
    <UnitTest name="Feedback.submitting a non-blank draft saves a page-tagged entry and clears the draft" storage="/home/developer/projects/fs.gg.rendering/samples/antshowcase/antshowcase.tests/bin/debug/net10.0/antshowcase.tests.dll" id="68af0dfb-f289-7ecd-149f-0f34256310d1">
      <Execution id="f372342f-a5b6-4fb3-9acd-7f4339f25780" />
      <TestMethod codeBase="/home/developer/projects/FS.GG.Rendering/samples/AntShowcase/AntShowcase.Tests/bin/Debug/net10.0/AntShowcase.Tests.dll" adapterTypeName="executor://yolodev/expecto" className="Feedback" name="submitting a non-blank draft saves a page-tagged entry and clears the draft" />
    </UnitTest>
    <UnitTest name="Feature143 AntShowcase date-picker reference flow.scripted date-picker overlay opens selects dismisses and records evidence" storage="/home/developer/projects/fs.gg.rendering/samples/antshowcase/antshowcase.tests/bin/debug/net10.0/antshowcase.tests.dll" id="14abbb01-f46d-3a6f-7efe-5f8db303eb27">
      <Execution id="bc9b8bf7-f371-408b-893b-76d27a927761" />
      <TestMethod codeBase="/home/developer/projects/FS.GG.Rendering/samples/AntShowcase/AntShowcase.Tests/bin/Debug/net10.0/AntShowcase.Tests.dll" adapterTypeName="executor://yolodev/expecto" className="Feature143 AntShowcase date-picker reference flow" name="scripted date-picker overlay opens selects dismisses and records evidence" />
    </UnitTest>
    <UnitTest name="Feature144 AntShowcase date-picker stale-overlay proof.final reference render publishes closed metadata and no stale open surface" storage="/home/developer/projects/fs.gg.rendering/samples/antshowcase/antshowcase.tests/bin/debug/net10.0/antshowcase.tests.dll" id="fe7060bd-4591-3588-68f4-489587f9cff8">
      <Execution id="61f2cf99-5fdc-456c-82de-e72931eb86e7" />
      <TestMethod codeBase="/home/developer/projects/FS.GG.Rendering/samples/AntShowcase/AntShowcase.Tests/bin/Debug/net10.0/AntShowcase.Tests.dll" adapterTypeName="executor://yolodev/expecto" className="Feature144 AntShowcase date-picker stale-overlay proof" name="final reference render publishes closed metadata and no stale open surface" />
    </UnitTest>
    <UnitTest name="Interaction.buttons: activation increments the visible counter" storage="/home/developer/projects/fs.gg.rendering/samples/antshowcase/antshowcase.tests/bin/debug/net10.0/antshowcase.tests.dll" id="8e5d2335-31d5-2873-1367-47e3b1e8c4fb">
      <Execution id="3205b8dd-f04e-4d39-b1d4-f3851b07de02" />
      <TestMethod codeBase="/home/developer/projects/FS.GG.Rendering/samples/AntShowcase/AntShowcase.Tests/bin/Debug/net10.0/AntShowcase.Tests.dll" adapterTypeName="executor://yolodev/expecto" className="Interaction" name="buttons: activation increments the visible counter" />
    </UnitTest>
    <UnitTest name="VisualShell.preferred shell regions are disjoint" storage="/home/developer/projects/fs.gg.rendering/samples/antshowcase/antshowcase.tests/bin/debug/net10.0/antshowcase.tests.dll" id="79284aba-0bcb-faee-a0cc-84279bcee7b6">
      <Execution id="3aa49550-2ca2-47b1-8e6b-d5675e4056b8" />
      <TestMethod codeBase="/home/developer/projects/FS.GG.Rendering/samples/AntShowcase/AntShowcase.Tests/bin/Debug/net10.0/AntShowcase.Tests.dll" adapterTypeName="executor://yolodev/expecto" className="VisualShell" name="preferred shell regions are disjoint" />
    </UnitTest>
    <UnitTest name="ThemeInvariance.page display-typography: tree shape + accessibility ids invariant across antLight/antDark" storage="/home/developer/projects/fs.gg.rendering/samples/antshowcase/antshowcase.tests/bin/debug/net10.0/antshowcase.tests.dll" id="2b81527c-2cd4-234f-75fb-87d4261ceb5b">
      <Execution id="c0e53944-c8bd-4f55-ac36-d83ec7e24bd5" />
      <TestMethod codeBase="/home/developer/projects/FS.GG.Rendering/samples/AntShowcase/AntShowcase.Tests/bin/Debug/net10.0/AntShowcase.Tests.dll" adapterTypeName="executor://yolodev/expecto" className="ThemeInvariance" name="page display-typography: tree shape + accessibility ids invariant across antLight/antDark" />
    </UnitTest>
    <UnitTest name="PageRender.catalog page data-collections renders a non-empty tree" storage="/home/developer/projects/fs.gg.rendering/samples/antshowcase/antshowcase.tests/bin/debug/net10.0/antshowcase.tests.dll" id="22ffc5ff-262a-a6f0-1d27-163194313b89">
      <Execution id="a76ae5b7-5d22-44a6-a0de-2677eca1ea93" />
      <TestMethod codeBase="/home/developer/projects/FS.GG.Rendering/samples/AntShowcase/AntShowcase.Tests/bin/Debug/net10.0/AntShowcase.Tests.dll" adapterTypeName="executor://yolodev/expecto" className="PageRender" name="catalog page data-collections renders a non-empty tree" />
    </UnitTest>
    <UnitTest name="PageRender.catalog page overlays renders a non-empty tree" storage="/home/developer/projects/fs.gg.rendering/samples/antshowcase/antshowcase.tests/bin/debug/net10.0/antshowcase.tests.dll" id="2dbf3349-9d0e-28af-3e87-9e6295d2630f">
      <Execution id="ee53f5bf-ee3b-4b12-9ca8-99ce7b43c4ba" />
      <TestMethod codeBase="/home/developer/projects/FS.GG.Rendering/samples/AntShowcase/AntShowcase.Tests/bin/Debug/net10.0/AntShowcase.Tests.dll" adapterTypeName="executor://yolodev/expecto" className="PageRender" name="catalog page overlays renders a non-empty tree" />
    </UnitTest>
    <UnitTest name="Determinism.golden state outcome is byte-identical across two same-seed runs over all pages" storage="/home/developer/projects/fs.gg.rendering/samples/antshowcase/antshowcase.tests/bin/debug/net10.0/antshowcase.tests.dll" id="b6dab455-db27-540d-bc2e-f2883532578e">
      <Execution id="63634848-ebfc-40e6-9b86-8eb1c5d4807e" />
      <TestMethod codeBase="/home/developer/projects/FS.GG.Rendering/samples/AntShowcase/AntShowcase.Tests/bin/Debug/net10.0/AntShowcase.Tests.dll" adapterTypeName="executor://yolodev/expecto" className="Determinism" name="golden state outcome is byte-identical across two same-seed runs over all pages" />
    </UnitTest>
    <UnitTest name="PageRender.catalog page charts-advanced renders a non-empty tree" storage="/home/developer/projects/fs.gg.rendering/samples/antshowcase/antshowcase.tests/bin/debug/net10.0/antshowcase.tests.dll" id="83809193-3729-b216-0ab1-e806956670b8">
      <Execution id="d85e257f-2365-4c69-b5e3-3874fbb5a561" />
      <TestMethod codeBase="/home/developer/projects/FS.GG.Rendering/samples/AntShowcase/AntShowcase.Tests/bin/Debug/net10.0/AntShowcase.Tests.dll" adapterTypeName="executor://yolodev/expecto" className="PageRender" name="catalog page charts-advanced renders a non-empty tree" />
    </UnitTest>
    <UnitTest name="Feature145 AntShowcase overlay visual correlation.date-picker reference evidence carries scenario hit focus and dispatch correlation" storage="/home/developer/projects/fs.gg.rendering/samples/antshowcase/antshowcase.tests/bin/debug/net10.0/antshowcase.tests.dll" id="67d0d92a-a588-9ae4-1e40-c746fad48a42">
      <Execution id="daee8c8c-d206-4adf-b043-6f45e8bb6a0f" />
      <TestMethod codeBase="/home/developer/projects/FS.GG.Rendering/samples/AntShowcase/AntShowcase.Tests/bin/Debug/net10.0/AntShowcase.Tests.dll" adapterTypeName="executor://yolodev/expecto" className="Feature145 AntShowcase overlay visual correlation" name="date-picker reference evidence carries scenario hit focus and dispatch correlation" />
    </UnitTest>
    <UnitTest name="Interaction.display-only controls are exempt: navigation never alters interactive state" storage="/home/developer/projects/fs.gg.rendering/samples/antshowcase/antshowcase.tests/bin/debug/net10.0/antshowcase.tests.dll" id="bbdad068-47b0-ed9f-a934-5d1210f7c40a">
      <Execution id="c2d7779f-014a-4f1e-b0b1-5e376972360e" />
      <TestMethod codeBase="/home/developer/projects/FS.GG.Rendering/samples/AntShowcase/AntShowcase.Tests/bin/Debug/net10.0/AntShowcase.Tests.dll" adapterTypeName="executor://yolodev/expecto" className="Interaction" name="display-only controls are exempt: navigation never alters interactive state" />
    </UnitTest>
    <UnitTest name="Degrade.degraded summary discloses and never claims a screenshot" storage="/home/developer/projects/fs.gg.rendering/samples/antshowcase/antshowcase.tests/bin/debug/net10.0/antshowcase.tests.dll" id="2c6a9575-ba52-151b-44eb-c2902bdc8548">
      <Execution id="29e2df44-3705-4c52-b56e-612249a5fadc" />
      <TestMethod codeBase="/home/developer/projects/FS.GG.Rendering/samples/AntShowcase/AntShowcase.Tests/bin/Debug/net10.0/AntShowcase.Tests.dll" adapterTypeName="executor://yolodev/expecto" className="Degrade" name="degraded summary discloses and never claims a screenshot" />
    </UnitTest>
    <UnitTest name="Interaction.a seeded keyboard activation changes the product model (responds-proof)" storage="/home/developer/projects/fs.gg.rendering/samples/antshowcase/antshowcase.tests/bin/debug/net10.0/antshowcase.tests.dll" id="f656093e-bce5-729f-b784-8cf79cc4b058">
      <Execution id="3f2ad0ae-e926-4a30-a7db-07fa65bac814" />
      <TestMethod codeBase="/home/developer/projects/FS.GG.Rendering/samples/AntShowcase/AntShowcase.Tests/bin/Debug/net10.0/AntShowcase.Tests.dll" adapterTypeName="executor://yolodev/expecto" className="Interaction" name="a seeded keyboard activation changes the product model (responds-proof)" />
    </UnitTest>
    <UnitTest name="VisualShell.every page renders through the full shell at preferred size" storage="/home/developer/projects/fs.gg.rendering/samples/antshowcase/antshowcase.tests/bin/debug/net10.0/antshowcase.tests.dll" id="4d1aa0d0-aa6b-3598-8241-e3916c3908bd">
      <Execution id="fa4d4ace-5944-4d28-866f-5aa91a78cc12" />
      <TestMethod codeBase="/home/developer/projects/FS.GG.Rendering/samples/AntShowcase/AntShowcase.Tests/bin/Debug/net10.0/AntShowcase.Tests.dll" adapterTypeName="executor://yolodev/expecto" className="VisualShell" name="every page renders through the full shell at preferred size" />
    </UnitTest>
    <UnitTest name="ThemeInvariance.page tpl-workbench: tree shape + accessibility ids invariant across antLight/antDark" storage="/home/developer/projects/fs.gg.rendering/samples/antshowcase/antshowcase.tests/bin/debug/net10.0/antshowcase.tests.dll" id="99377ca3-ec56-ab3a-7ae0-6b0454c9e7a9">
      <Execution id="bc50aa18-c5bb-461c-a0f6-ed34ac13e349" />
      <TestMethod codeBase="/home/developer/projects/FS.GG.Rendering/samples/AntShowcase/AntShowcase.Tests/bin/Debug/net10.0/AntShowcase.Tests.dll" adapterTypeName="executor://yolodev/expecto" className="ThemeInvariance" name="page tpl-workbench: tree shape + accessibility ids invariant across antLight/antDark" />
    </UnitTest>
    <UnitTest name="Coverage.template pages are exempt: they carry no ControlIds" storage="/home/developer/projects/fs.gg.rendering/samples/antshowcase/antshowcase.tests/bin/debug/net10.0/antshowcase.tests.dll" id="1025a283-8f4d-3ab6-b652-95460c5a8059">
      <Execution id="e8df2a1b-b73b-4eea-a139-8f155bcadd42" />
      <TestMethod codeBase="/home/developer/projects/FS.GG.Rendering/samples/AntShowcase/AntShowcase.Tests/bin/Debug/net10.0/AntShowcase.Tests.dll" adapterTypeName="executor://yolodev/expecto" className="Coverage" name="template pages are exempt: they carry no ControlIds" />
    </UnitTest>
    <UnitTest name="PageRender.catalog page display-typography renders a non-empty tree" storage="/home/developer/projects/fs.gg.rendering/samples/antshowcase/antshowcase.tests/bin/debug/net10.0/antshowcase.tests.dll" id="afa86f8b-b4d5-5083-a71d-8201a78076b9">
      <Execution id="5bfdd86f-505e-41b3-b05d-7211291c8ef8" />
      <TestMethod codeBase="/home/developer/projects/FS.GG.Rendering/samples/AntShowcase/AntShowcase.Tests/bin/Debug/net10.0/AntShowcase.Tests.dll" adapterTypeName="executor://yolodev/expecto" className="PageRender" name="catalog page display-typography renders a non-empty tree" />
    </UnitTest>
    <UnitTest name="Degrade.degraded run.json marks provesScreenshot false with a stated reason + Ant mode" storage="/home/developer/projects/fs.gg.rendering/samples/antshowcase/antshowcase.tests/bin/debug/net10.0/antshowcase.tests.dll" id="598d58ea-7f70-eae8-d4a2-32f7f4783584">
      <Execution id="0dbf4ea0-a614-429e-8788-d4fc1b19b46f" />
      <TestMethod codeBase="/home/developer/projects/FS.GG.Rendering/samples/AntShowcase/AntShowcase.Tests/bin/Debug/net10.0/AntShowcase.Tests.dll" adapterTypeName="executor://yolodev/expecto" className="Degrade.degraded run" name="json marks provesScreenshot false with a stated reason + Ant mode" />
    </UnitTest>
    <UnitTest name="VisualPage.large and dense pages declare dedicated demonstration regions" storage="/home/developer/projects/fs.gg.rendering/samples/antshowcase/antshowcase.tests/bin/debug/net10.0/antshowcase.tests.dll" id="f187f4c9-0608-08eb-5613-4c3c17d5ec64">
      <Execution id="a97fcf11-7efc-46b3-b0a2-2e4d93c27c3f" />
      <TestMethod codeBase="/home/developer/projects/FS.GG.Rendering/samples/AntShowcase/AntShowcase.Tests/bin/Debug/net10.0/AntShowcase.Tests.dll" adapterTypeName="executor://yolodev/expecto" className="VisualPage" name="large and dense pages declare dedicated demonstration regions" />
    </UnitTest>
    <UnitTest name="VisualShell.minimum shell regions are disjoint" storage="/home/developer/projects/fs.gg.rendering/samples/antshowcase/antshowcase.tests/bin/debug/net10.0/antshowcase.tests.dll" id="f27d5b93-7491-f4d6-f966-e5d83bebd63e">
      <Execution id="f86835ca-af5c-4292-baae-3611207fc4ca" />
      <TestMethod codeBase="/home/developer/projects/FS.GG.Rendering/samples/AntShowcase/AntShowcase.Tests/bin/Debug/net10.0/AntShowcase.Tests.dll" adapterTypeName="executor://yolodev/expecto" className="VisualShell" name="minimum shell regions are disjoint" />
    </UnitTest>
    <UnitTest name="ThemeInvariance.antLight and antDark resolve to distinct themes (visuals change)" storage="/home/developer/projects/fs.gg.rendering/samples/antshowcase/antshowcase.tests/bin/debug/net10.0/antshowcase.tests.dll" id="5bab04b3-a926-faf5-3496-cd74146c8b48">
      <Execution id="f2609510-3168-45f0-84e8-cab11544ac90" />
      <TestMethod codeBase="/home/developer/projects/FS.GG.Rendering/samples/AntShowcase/AntShowcase.Tests/bin/Debug/net10.0/AntShowcase.Tests.dll" adapterTypeName="executor://yolodev/expecto" className="ThemeInvariance" name="antLight and antDark resolve to distinct themes (visuals change)" />
    </UnitTest>
    <UnitTest name="VisualTemplate.template pages keep primary actions visible" storage="/home/developer/projects/fs.gg.rendering/samples/antshowcase/antshowcase.tests/bin/debug/net10.0/antshowcase.tests.dll" id="3ad74e37-69bf-e2f1-25ec-f4cb7dde8470">
      <Execution id="ae586aaf-49c0-4c1a-a355-a452699c2c79" />
      <TestMethod codeBase="/home/developer/projects/FS.GG.Rendering/samples/AntShowcase/AntShowcase.Tests/bin/Debug/net10.0/AntShowcase.Tests.dll" adapterTypeName="executor://yolodev/expecto" className="VisualTemplate" name="template pages keep primary actions visible" />
    </UnitTest>
    <UnitTest name="VisualEvidence.workflow expands page and theme matrix" storage="/home/developer/projects/fs.gg.rendering/samples/antshowcase/antshowcase.tests/bin/debug/net10.0/antshowcase.tests.dll" id="080bf1e1-b2b3-6682-2d6a-bc25ee1a6d96">
      <Execution id="00034cd8-9b1f-4645-89ae-5c0a44089420" />
      <TestMethod codeBase="/home/developer/projects/FS.GG.Rendering/samples/AntShowcase/AntShowcase.Tests/bin/Debug/net10.0/AntShowcase.Tests.dll" adapterTypeName="executor://yolodev/expecto" className="VisualEvidence" name="workflow expands page and theme matrix" />
    </UnitTest>
    <UnitTest name="Interaction.the host key map routes activation keys to a button click" storage="/home/developer/projects/fs.gg.rendering/samples/antshowcase/antshowcase.tests/bin/debug/net10.0/antshowcase.tests.dll" id="6fdfdb32-d9fc-4f00-2d25-2a979d845586">
      <Execution id="2208c713-aa2c-4024-8de8-c056633c2b85" />
      <TestMethod codeBase="/home/developer/projects/FS.GG.Rendering/samples/AntShowcase/AntShowcase.Tests/bin/Debug/net10.0/AntShowcase.Tests.dll" adapterTypeName="executor://yolodev/expecto" className="Interaction" name="the host key map routes activation keys to a button click" />
    </UnitTest>
    <UnitTest name="PageRender.catalog page graphs-custom renders a non-empty tree" storage="/home/developer/projects/fs.gg.rendering/samples/antshowcase/antshowcase.tests/bin/debug/net10.0/antshowcase.tests.dll" id="19bb6e86-88a7-9f8a-d52d-0c75f62baadd">
      <Execution id="db3c1a84-2928-4c80-9197-ecc594db173b" />
      <TestMethod codeBase="/home/developer/projects/FS.GG.Rendering/samples/AntShowcase/AntShowcase.Tests/bin/Debug/net10.0/AntShowcase.Tests.dll" adapterTypeName="executor://yolodev/expecto" className="PageRender" name="catalog page graphs-custom renders a non-empty tree" />
    </UnitTest>
[...]
      <Execution id="b0b5be2f-006b-4c05-bf1c-37b6d66e7ffb" />
      <TestMethod codeBase="/home/developer/projects/FS.GG.Rendering/samples/AntShowcase/AntShowcase.Tests/bin/Debug/net10.0/AntShowcase.Tests.dll" adapterTypeName="executor://yolodev/expecto" className="Coverage" name="13 catalog pages + 6 template pages = 19 pages" />
    </UnitTest>
    <UnitTest name="VisualReadiness.CLI aliases resolve to canonical theme ids" storage="/home/developer/projects/fs.gg.rendering/samples/antshowcase/antshowcase.tests/bin/debug/net10.0/antshowcase.tests.dll" id="285b5efe-6c9a-66a8-6d98-04ce5003bfec">
      <Execution id="a2b79576-fc56-4d1c-896f-be91d5e2fc92" />
      <TestMethod codeBase="/home/developer/projects/FS.GG.Rendering/samples/AntShowcase/AntShowcase.Tests/bin/Debug/net10.0/AntShowcase.Tests.dll" adapterTypeName="executor://yolodev/expecto" className="VisualReadiness" name="CLI aliases resolve to canonical theme ids" />
    </UnitTest>
    <UnitTest name="Feature144 AntShowcase date-picker flow.reference script opens selects dismisses and recovers focus through product-owned state" storage="/home/developer/projects/fs.gg.rendering/samples/antshowcase/antshowcase.tests/bin/debug/net10.0/antshowcase.tests.dll" id="e8a433f6-8df3-ebe9-1c7c-e55226e7c605">
      <Execution id="74ddd9cf-e266-4660-8a89-1e85325af22b" />
      <TestMethod codeBase="/home/developer/projects/FS.GG.Rendering/samples/AntShowcase/AntShowcase.Tests/bin/Debug/net10.0/AntShowcase.Tests.dll" adapterTypeName="executor://yolodev/expecto" className="Feature144 AntShowcase date-picker flow" name="reference script opens selects dismisses and recovers focus through product-owned state" />
    </UnitTest>
    <UnitTest name="VisualReadiness.theme switching preserves current page and page state" storage="/home/developer/projects/fs.gg.rendering/samples/antshowcase/antshowcase.tests/bin/debug/net10.0/antshowcase.tests.dll" id="6817c6d0-d6d4-f5b1-eee5-2e37dcd8928f">
      <Execution id="9a860b9d-a47b-4c7a-a959-045f42f097bf" />
      <TestMethod codeBase="/home/developer/projects/FS.GG.Rendering/samples/AntShowcase/AntShowcase.Tests/bin/Debug/net10.0/AntShowcase.Tests.dll" adapterTypeName="executor://yolodev/expecto" className="VisualReadiness" name="theme switching preserves current page and page state" />
    </UnitTest>
    <UnitTest name="VisualPage.every catalog page renders with readable profile metadata" storage="/home/developer/projects/fs.gg.rendering/samples/antshowcase/antshowcase.tests/bin/debug/net10.0/antshowcase.tests.dll" id="b1a19044-8601-ab75-95c0-2925186d42c0">
      <Execution id="a5f19ebd-cea8-4c4f-a019-fda17398b0fa" />
      <TestMethod codeBase="/home/developer/projects/FS.GG.Rendering/samples/AntShowcase/AntShowcase.Tests/bin/Debug/net10.0/AntShowcase.Tests.dll" adapterTypeName="executor://yolodev/expecto" className="VisualPage" name="every catalog page renders with readable profile metadata" />
    </UnitTest>
    <UnitTest name="VisualPage.minimum-size representative pages are declared" storage="/home/developer/projects/fs.gg.rendering/samples/antshowcase/antshowcase.tests/bin/debug/net10.0/antshowcase.tests.dll" id="504590f8-4f29-f667-ea24-7f56752bd9f9">
      <Execution id="bc05538c-7264-47a0-8a5c-b88b8bdf1505" />
      <TestMethod codeBase="/home/developer/projects/FS.GG.Rendering/samples/AntShowcase/AntShowcase.Tests/bin/Debug/net10.0/AntShowcase.Tests.dll" adapterTypeName="executor://yolodev/expecto" className="VisualPage" name="minimum-size representative pages are declared" />
    </UnitTest>
    <UnitTest name="Degrade.a proven record claims the non-blank-offscreen-png; a degraded one does not" storage="/home/developer/projects/fs.gg.rendering/samples/antshowcase/antshowcase.tests/bin/debug/net10.0/antshowcase.tests.dll" id="919aca14-21ca-24ae-e3f3-bf5c23f46b1d">
      <Execution id="5a018fae-9567-447c-bc2f-dc7e3936942b" />
      <TestMethod codeBase="/home/developer/projects/FS.GG.Rendering/samples/AntShowcase/AntShowcase.Tests/bin/Debug/net10.0/AntShowcase.Tests.dll" adapterTypeName="executor://yolodev/expecto" className="Degrade" name="a proven record claims the non-blank-offscreen-png; a degraded one does not" />
    </UnitTest>
    <UnitTest name="Feedback.a blank / whitespace-only draft is a no-op" storage="/home/developer/projects/fs.gg.rendering/samples/antshowcase/antshowcase.tests/bin/debug/net10.0/antshowcase.tests.dll" id="f4e7d678-fc7c-cb5b-dd30-f9840f8ed291">
      <Execution id="a593a524-3c0d-4f8a-8ef8-6470fd872dc2" />
      <TestMethod codeBase="/home/developer/projects/FS.GG.Rendering/samples/AntShowcase/AntShowcase.Tests/bin/Debug/net10.0/AntShowcase.Tests.dll" adapterTypeName="executor://yolodev/expecto" className="Feedback" name="a blank / whitespace-only draft is a no-op" />
    </UnitTest>
    <UnitTest name="Determinism.the form's invalid-then-valid sequence is deterministic through pure update" storage="/home/developer/projects/fs.gg.rendering/samples/antshowcase/antshowcase.tests/bin/debug/net10.0/antshowcase.tests.dll" id="d78c8c69-59cf-d725-6d23-56b13cf53517">
      <Execution id="4ab1a69f-714b-421e-a893-bdf64767e100" />
      <TestMethod codeBase="/home/developer/projects/FS.GG.Rendering/samples/AntShowcase/AntShowcase.Tests/bin/Debug/net10.0/AntShowcase.Tests.dll" adapterTypeName="executor://yolodev/expecto" className="Determinism" name="the form's invalid-then-valid sequence is deterministic through pure update" />
    </UnitTest>
    <UnitTest name="VisualEvidence.reviewer rubric covers every page/theme pair" storage="/home/developer/projects/fs.gg.rendering/samples/antshowcase/antshowcase.tests/bin/debug/net10.0/antshowcase.tests.dll" id="7599075d-ec07-b367-6e52-3aa77241425e">
      <Execution id="40e83b8d-da45-4a9d-bbde-d91aba0edc94" />
      <TestMethod codeBase="/home/developer/projects/FS.GG.Rendering/samples/AntShowcase/AntShowcase.Tests/bin/Debug/net10.0/AntShowcase.Tests.dll" adapterTypeName="executor://yolodev/expecto" className="VisualEvidence" name="reviewer rubric covers every page/theme pair" />
    </UnitTest>
  </TestDefinitions>
  <TestEntries>
    <TestEntry testId="c29222ec-3a71-6581-f500-ddf9f18580c6" executionId="f9a70b73-cd05-4030-b3cb-136c1d14cb5d" testListId="8c84fa94-04c1-424b-9868-57a2d4851a1d" />
    <TestEntry testId="6817c6d0-d6d4-f5b1-eee5-2e37dcd8928f" executionId="9a860b9d-a47b-4c7a-a959-045f42f097bf" testListId="8c84fa94-04c1-424b-9868-57a2d4851a1d" />
    <TestEntry testId="83809193-3729-b216-0ab1-e806956670b8" executionId="d85e257f-2365-4c69-b5e3-3874fbb5a561" testListId="8c84fa94-04c1-424b-9868-57a2d4851a1d" />
    <TestEntry testId="f656093e-bce5-729f-b784-8cf79cc4b058" executionId="3f2ad0ae-e926-4a30-a7db-07fa65bac814" testListId="8c84fa94-04c1-424b-9868-57a2d4851a1d" />
    <TestEntry testId="96e5af69-e30b-6435-3901-979b126429e8" executionId="b0bfbbcb-64f6-4283-80e8-54ce2bd3d702" testListId="8c84fa94-04c1-424b-9868-57a2d4851a1d" />
    <TestEntry testId="bbdad068-47b0-ed9f-a934-5d1210f7c40a" executionId="c2d7779f-014a-4f1e-b0b1-5e376972360e" testListId="8c84fa94-04c1-424b-9868-57a2d4851a1d" />
    <TestEntry testId="7599075d-ec07-b367-6e52-3aa77241425e" executionId="40e83b8d-da45-4a9d-bbde-d91aba0edc94" testListId="8c84fa94-04c1-424b-9868-57a2d4851a1d" />
    <TestEntry testId="99c7f134-a877-c9d9-9fc2-948fcd097a63" executionId="5c9f1668-50d1-47e7-9cf8-61ed0734fcb4" testListId="8c84fa94-04c1-424b-9868-57a2d4851a1d" />
    <TestEntry testId="9b07565a-dadc-6b39-1b91-e1b38913b0f9" executionId="848a161b-cf58-4d1b-86c4-084e32bfc0b3" testListId="8c84fa94-04c1-424b-9868-57a2d4851a1d" />
    <TestEntry testId="7064acdf-fef2-0f32-6222-ece71e95b451" executionId="d11cf2eb-365a-45be-90b5-f146dfe48a62" testListId="8c84fa94-04c1-424b-9868-57a2d4851a1d" />
    <TestEntry testId="6fdfdb32-d9fc-4f00-2d25-2a979d845586" executionId="2208c713-aa2c-4024-8de8-c056633c2b85" testListId="8c84fa94-04c1-424b-9868-57a2d4851a1d" />
    <TestEntry testId="f187f4c9-0608-08eb-5613-4c3c17d5ec64" executionId="a97fcf11-7efc-46b3-b0a2-2e4d93c27c3f" testListId="8c84fa94-04c1-424b-9868-57a2d4851a1d" />
    <TestEntry testId="655c4c02-9946-2cfc-ee79-c4228409c947" executionId="d0a1caf2-82fe-450a-8468-06113c7327ed" testListId="8c84fa94-04c1-424b-9868-57a2d4851a1d" />
    <TestEntry testId="68af0dfb-f289-7ecd-149f-0f34256310d1" executionId="f372342f-a5b6-4fb3-9acd-7f4339f25780" testListId="8c84fa94-04c1-424b-9868-57a2d4851a1d" />
    <TestEntry testId="fdc98070-482a-f4ab-6056-5dc66fd28dca" executionId="8eea38ae-16d5-4525-b921-0507dddf1d35" testListId="8c84fa94-04c1-424b-9868-57a2d4851a1d" />
    <TestEntry testId="fe7060bd-4591-3588-68f4-489587f9cff8" executionId="61f2cf99-5fdc-456c-82de-e72931eb86e7" testListId="8c84fa94-04c1-424b-9868-57a2d4851a1d" />
    <TestEntry testId="598d58ea-7f70-eae8-d4a2-32f7f4783584" executionId="0dbf4ea0-a614-429e-8788-d4fc1b19b46f" testListId="8c84fa94-04c1-424b-9868-57a2d4851a1d" />
    <TestEntry testId="ec608aab-f7e0-9dac-c408-51163f16f26f" executionId="a5074a92-86c0-40a4-ac7d-d4d2513c9af7" testListId="8c84fa94-04c1-424b-9868-57a2d4851a1d" />
    <TestEntry testId="a61aa88e-ee00-e9bd-035b-c8dc690dce95" executionId="53f68e1a-c7d8-4196-aa90-83dea2d0db45" testListId="8c84fa94-04c1-424b-9868-57a2d4851a1d" />
    <TestEntry testId="8e5d2335-31d5-2873-1367-47e3b1e8c4fb" executionId="3205b8dd-f04e-4d39-b1d4-f3851b07de02" testListId="8c84fa94-04c1-424b-9868-57a2d4851a1d" />
    <TestEntry testId="b6dab455-db27-540d-bc2e-f2883532578e" executionId="63634848-ebfc-40e6-9b86-8eb1c5d4807e" testListId="8c84fa94-04c1-424b-9868-57a2d4851a1d" />
    <TestEntry testId="b1a19044-8601-ab75-95c0-2925186d42c0" executionId="a5f19ebd-cea8-4c4f-a019-fda17398b0fa" testListId="8c84fa94-04c1-424b-9868-57a2d4851a1d" />
    <TestEntry testId="b7ef7c09-8054-c257-a04c-d5683fcfbecf" executionId="125bb664-4b4b-4ce7-969c-b0753d572ca2" testListId="8c84fa94-04c1-424b-9868-57a2d4851a1d" />
    <TestEntry testId="74776e1e-dbb3-0a2b-5734-d8a7da981c11" executionId="359d3cff-ee5c-44e0-9a1d-27884e190d48" testListId="8c84fa94-04c1-424b-9868-57a2d4851a1d" />
    <TestEntry testId="18a26213-29ca-cb83-3dfd-421b353f975a" executionId="9f460fa3-9c14-4df5-b265-fb1437036c33" testListId="8c84fa94-04c1-424b-9868-57a2d4851a1d" />
    <TestEntry testId="dfd812b9-5a13-9688-ebc8-a9fb4fcf4458" executionId="e2e6d33e-4d2b-422b-a0ef-48791b90de2f" testListId="8c84fa94-04c1-424b-9868-57a2d4851a1d" />
    <TestEntry testId="5bab04b3-a926-faf5-3496-cd74146c8b48" executionId="f2609510-3168-45f0-84e8-cab11544ac90" testListId="8c84fa94-04c1-424b-9868-57a2d4851a1d" />
    <TestEntry testId="f592165f-4311-76bc-b1d5-744730b286d2" executionId="8fd85995-1670-4330-82b6-46250a523240" testListId="8c84fa94-04c1-424b-9868-57a2d4851a1d" />
    <TestEntry testId="99377ca3-ec56-ab3a-7ae0-6b0454c9e7a9" executionId="bc50aa18-c5bb-461c-a0f6-ed34ac13e349" testListId="8c84fa94-04c1-424b-9868-57a2d4851a1d" />
    <TestEntry testId="3ad74e37-69bf-e2f1-25ec-f4cb7dde8470" executionId="ae586aaf-49c0-4c1a-a355-a452699c2c79" testListId="8c84fa94-04c1-424b-9868-57a2d4851a1d" />
    <TestEntry testId="eaae8d14-f5cf-ef93-738f-8603a42092c5" executionId="732fe0cc-99c2-4e00-b2b9-d348bce3f0f0" testListId="8c84fa94-04c1-424b-9868-57a2d4851a1d" />
    <TestEntry testId="cc2b1f24-28df-f2bd-3c94-a01353d5e77f" executionId="c2a45955-42ea-4b1a-a86a-672d1d1e4f0e" testListId="8c84fa94-04c1-424b-9868-57a2d4851a1d" />
    <TestEntry testId="504590f8-4f29-f667-ea24-7f56752bd9f9" executionId="bc05538c-7264-47a0-8a5c-b88b8bdf1505" testListId="8c84fa94-04c1-424b-9868-57a2d4851a1d" />
    <TestEntry testId="19bb6e86-88a7-9f8a-d52d-0c75f62baadd" executionId="db3c1a84-2928-4c80-9197-ecc594db173b" testListId="8c84fa94-04c1-424b-9868-57a2d4851a1d" />
    <TestEntry testId="22ffc5ff-262a-a6f0-1d27-163194313b89" executionId="a76ae5b7-5d22-44a6-a0de-2677eca1ea93" testListId="8c84fa94-04c1-424b-9868-57a2d4851a1d" />
    <TestEntry testId="c2b5cac8-0dce-4350-0fb8-48c83800884b" executionId="36c95cae-63f9-4f0d-820c-7c11fd4d4b5c" testListId="8c84fa94-04c1-424b-9868-57a2d4851a1d" />
    <TestEntry testId="ee61961f-b1bc-9070-e42f-9b860a859778" executionId="6419a5d2-0ff5-431f-b239-d555632431b7" testListId="8c84fa94-04c1-424b-9868-57a2d4851a1d" />
    <TestEntry testId="1025a283-8f4d-3ab6-b652-95460c5a8059" executionId="e8df2a1b-b73b-4eea-a139-8f155bcadd42" testListId="8c84fa94-04c1-424b-9868-57a2d4851a1d" />
    <TestEntry testId="5688d9c4-f7c2-734e-ad71-c3bbe0d065ff" executionId="b64bbeb8-4099-4405-8a34-cf85e32913c6" testListId="8c84fa94-04c1-424b-9868-57a2d4851a1d" />
    <TestEntry testId="6813e770-91b6-3c4d-75f8-5a3721111139" executionId="434bc53f-fb68-4947-a297-ae821c56cb22" testListId="8c84fa94-04c1-424b-9868-57a2d4851a1d" />
    <TestEntry testId="4d1aa0d0-aa6b-3598-8241-e3916c3908bd" executionId="fa4d4ace-5944-4d28-866f-5aa91a78cc12" testListId="8c84fa94-04c1-424b-9868-57a2d4851a1d" />
    <TestEntry testId="2dbf3349-9d0e-28af-3e87-9e6295d2630f" executionId="ee53f5bf-ee3b-4b12-9ca8-99ce7b43c4ba" testListId="8c84fa94-04c1-424b-9868-57a2d4851a1d" />
    <TestEntry testId="ed4d4b43-169d-b1c9-8ccd-0a59d3726434" executionId="7760f70b-50d2-473d-bb42-5d1e6de81025" testListId="8c84fa94-04c1-424b-9868-57a2d4851a1d" />
    <TestEntry testId="2b81527c-2cd4-234f-75fb-87d4261ceb5b" executionId="c0e53944-c8bd-4f55-ac36-d83ec7e24bd5" testListId="8c84fa94-04c1-424b-9868-57a2d4851a1d" />
    <TestEntry testId="04f0e1ed-caaa-d978-df3b-8f5e14da8226" executionId="cdadab5e-3f62-4374-9fe1-05c24a23969a" testListId="8c84fa94-04c1-424b-9868-57a2d4851a1d" />
    <TestEntry testId="7e23b57a-037a-08e6-2ff4-a342e79e3923" executionId="bf9b1330-ab91-40b8-ade0-acff9f7ea15f" testListId="8c84fa94-04c1-424b-9868-57a2d4851a1d" />
    <TestEntry testId="f27d5b93-7491-f4d6-f966-e5d83bebd63e" executionId="f86835ca-af5c-4292-baae-3611207fc4ca" testListId="8c84fa94-04c1-424b-9868-57a2d4851a1d" />
    <TestEntry testId="458e4635-79c0-a706-84b4-e8263db3386d" executionId="f3e9e348-42c3-417a-b906-161ad122b837" testListId="8c84fa94-04c1-424b-9868-57a2d4851a1d" />
    <TestEntry testId="080bf1e1-b2b3-6682-2d6a-bc25ee1a6d96" executionId="00034cd8-9b1f-4645-89ae-5c0a44089420" testListId="8c84fa94-04c1-424b-9868-57a2d4851a1d" />
    <TestEntry testId="9637135e-7cbd-f599-f2ff-5dd6d5df3488" executionId="e4318efc-8939-454f-b46f-6ba6e9f3449b" testListId="8c84fa94-04c1-424b-9868-57a2d4851a1d" />
    <TestEntry testId="a32efe94-3ad9-1f9d-9d67-3478d19926c4" executionId="fd41a22a-4824-46d5-951e-d4b8d29c4485" testListId="8c84fa94-04c1-424b-9868-57a2d4851a1d" />
    <TestEntry testId="32bab839-308f-37e0-9f7f-3df56e3167c2" executionId="acb84290-b181-446a-a279-2c45b178c68e" testListId="8c84fa94-04c1-424b-9868-57a2d4851a1d" />
    <TestEntry testId="14abbb01-f46d-3a6f-7efe-5f8db303eb27" executionId="bc9b8bf7-f371-408b-893b-76d27a927761" testListId="8c84fa94-04c1-424b-9868-57a2d4851a1d" />
    <TestEntry testId="1a9fb270-d984-0bc0-21db-77ab26cfe454" executionId="44071c61-1d96-4c54-a7d8-2678e15b01ec" testListId="8c84fa94-04c1-424b-9868-57a2d4851a1d" />
    <TestEntry testId="5e8a7486-80a2-9948-7302-9681d6e8a6b2" executionId="2b87f00d-04e5-48f9-82e1-fb5cf2339a8f" testListId="8c84fa94-04c1-424b-9868-57a2d4851a1d" />
    <TestEntry testId="583e56cc-e4f5-1057-04cb-fb7de33edd5c" executionId="90eed30f-c8bb-4bcc-b9e8-2e151953f0d4" testListId="8c84fa94-04c1-424b-9868-57a2d4851a1d" />
    <TestEntry testId="85160a51-271a-71bd-8900-4dcf49418864" executionId="0fd23660-7681-4430-9432-27c1ad2479b0" testListId="8c84fa94-04c1-424b-9868-57a2d4851a1d" />
    <TestEntry testId="79284aba-0bcb-faee-a0cc-84279bcee7b6" executionId="3aa49550-2ca2-47b1-8e6b-d5675e4056b8" testListId="8c84fa94-04c1-424b-9868-57a2d4851a1d" />
    <TestEntry testId="9c3a38c8-7a33-e912-68a9-b70129afb0fe" executionId="625ef526-d6ea-4780-8715-a9e11b07f6e2" testListId="8c84fa94-04c1-424b-9868-57a2d4851a1d" />
    <TestEntry testId="919aca14-21ca-24ae-e3f3-bf5c23f46b1d" executionId="5a018fae-9567-447c-bc2f-dc7e3936942b" testListId="8c84fa94-04c1-424b-9868-57a2d4851a1d" />
    <TestEntry testId="097e80f5-9b7d-ec8f-bef6-653814aab951" executionId="7b31a7ec-2b48-4167-b91c-8aad1214c0ac" testListId="8c84fa94-04c1-424b-9868-57a2d4851a1d" />
    <TestEntry testId="548cacb6-6962-773f-9c72-1aeaf2920057" executionId="cda1638e-871a-4e20-aa31-cff0105d7241" testListId="8c84fa94-04c1-424b-9868-57a2d4851a1d" />
    <TestEntry testId="67d0d92a-a588-9ae4-1e40-c746fad48a42" executionId="daee8c8c-d206-4adf-b043-6f45e8bb6a0f" testListId="8c84fa94-04c1-424b-9868-57a2d4851a1d" />
    <TestEntry testId="285b5efe-6c9a-66a8-6d98-04ce5003bfec" executionId="a2b79576-fc56-4d1c-896f-be91d5e2fc92" testListId="8c84fa94-04c1-424b-9868-57a2d4851a1d" />
    <TestEntry testId="1cb5e1cc-6a53-55bb-4611-c50e0289559d" executionId="b0b5be2f-006b-4c05-bf1c-37b6d66e7ffb" testListId="8c84fa94-04c1-424b-9868-57a2d4851a1d" />
    <TestEntry testId="afa86f8b-b4d5-5083-a71d-8201a78076b9" executionId="5bfdd86f-505e-41b3-b05d-7211291c8ef8" testListId="8c84fa94-04c1-424b-9868-57a2d4851a1d" />
    <TestEntry testId="c3a33e9a-a68a-dcef-803d-64b0b1e11a40" executionId="2d827be0-a106-4672-a237-388085286aad" testListId="8c84fa94-04c1-424b-9868-57a2d4851a1d" />
    <TestEntry testId="07d30ebb-d62c-ec80-538e-349d95b52ad4" executionId="71bc2082-521c-42e2-bbb4-860a123faf2e" testListId="8c84fa94-04c1-424b-9868-57a2d4851a1d" />
    <TestEntry testId="f4e7d678-fc7c-cb5b-dd30-f9840f8ed291" executionId="a593a524-3c0d-4f8a-8ef8-6470fd872dc2" testListId="8c84fa94-04c1-424b-9868-57a2d4851a1d" />
    <TestEntry testId="2c6a9575-ba52-151b-44eb-c2902bdc8548" executionId="29e2df44-3705-4c52-b56e-612249a5fadc" testListId="8c84fa94-04c1-424b-9868-57a2d4851a1d" />
    <TestEntry testId="f9f704d8-0124-7e53-c1b4-a8ff6c0d9968" executionId="d5b4cc54-65a7-42fc-8485-6768b9ed7fc4" testListId="8c84fa94-04c1-424b-9868-57a2d4851a1d" />
    <TestEntry testId="c2926ce5-9be2-c75f-e76c-bd179d38d4b9" executionId="3a949b1b-e19a-4ed7-9f49-665cffb0aa1c" testListId="8c84fa94-04c1-424b-9868-57a2d4851a1d" />
    <TestEntry testId="aa343278-e4be-0434-e9d5-ae235e1ed3c2" executionId="03ce0623-107d-4ef5-a7eb-0d42a9fab550" testListId="8c84fa94-04c1-424b-9868-57a2d4851a1d" />
    <TestEntry testId="b468432c-4c87-6dd2-5cb7-f413efb8f3ea" executionId="84eaa852-f7e8-4c3a-9c30-177aae7d0913" testListId="8c84fa94-04c1-424b-9868-57a2d4851a1d" />
    <TestEntry testId="40823157-4ef8-ad9b-16fa-c76688956b70" executionId="ded05f0b-8b49-490a-98f6-b8d1fed35b6c" testListId="8c84fa94-04c1-424b-9868-57a2d4851a1d" />
    <TestEntry testId="d78c8c69-59cf-d725-6d23-56b13cf53517" executionId="4ab1a69f-714b-421e-a893-bdf64767e100" testListId="8c84fa94-04c1-424b-9868-57a2d4851a1d" />
    <TestEntry testId="40b2ebcf-dc99-6f04-d5e5-ce00f148c33a" executionId="75dbc9fa-1585-465c-8f33-f95c4b98c843" testListId="8c84fa94-04c1-424b-9868-57a2d4851a1d" />
    <TestEntry testId="e8a433f6-8df3-ebe9-1c7c-e55226e7c605" executionId="74ddd9cf-e266-4660-8a89-1e85325af22b" testListId="8c84fa94-04c1-424b-9868-57a2d4851a1d" />
  </TestEntries>
  <TestLists>
    <TestList name="Results Not in a List" id="8c84fa94-04c1-424b-9868-57a2d4851a1d" />
    <TestList name="All Loaded Results" id="19431567-8539-422a-85d7-44ee4e166bda" />
  </TestLists>
  <ResultSummary outcome="Completed">
    <Counters total="78" executed="78" passed="78" failed="0" error="0" timeout="0" aborted="0" inconclusive="0" passedButRunAborted="0" notRunnable="0" notExecuted="0" disconnected="0" warning="0" completed="0" inProgress="0" pending="0" />
    <RunInfos>
      <RunInfo computerName="ee01623d796c" outcome="Warning" timestamp="2026-06-19T09:41:54.3646170+02:00">
        <Text>Data collector 'Blame' message: All tests finished running, Sequence file will not be generated.</Text>
      </RunInfo>
    </RunInfos>
  </ResultSummary>
</TestRun>