<?xml version="1.0" encoding="utf-8"?>
<TestRun id="edc61e32-f533-42d4-8754-d63a2b2cb02b" name="@ee01623d796c 2026-06-19 16:26:35" xmlns="http://microsoft.com/schemas/VisualStudio/TeamTest/2010">
  <Times creation="2026-06-19T16:26:35.4422564+02:00" queuing="2026-06-19T16:26:35.4422564+02:00" start="2026-06-19T16:26:33.0135231+02:00" finish="2026-06-19T16:26:36.0110519+02:00" />
  <TestSettings name="default" id="4eabf8f2-b3b1-47ce-9afe-53045783811e">
    <Deployment runDeploymentRoot="_ee01623d796c_2026-06-19_16_26_35" />
  </TestSettings>
  <Results>
    <UnitTestResult executionId="3118e29b-a847-4374-bd71-6971300489d6" testId="86a8e5d0-009d-dd6b-72ad-33eaf8081d4c" testName="Feature166ValidationSummary.Synthetic summary write completes under SC-001 final summary timing budget" computerName="ee01623d796c" duration="00:00:00.0430000" startTime="2026-06-19T16:26:35.3335211+02:00" endTime="2026-06-19T16:26:35.4112772+02:00" testType="13cdc9d9-ddb5-4fa4-a97d-d965ccfc6d4b" outcome="Passed" testListId="8c84fa94-04c1-424b-9868-57a2d4851a1d" relativeResultsDirectory="3118e29b-a847-4374-bd71-6971300489d6" />
    <UnitTestResult executionId="6a846e6d-2cd7-44f8-9dd3-51403538a82d" testId="915f2031-ce87-0a59-b1c7-29e9e1766fc4" testName="Feature166LaneRunnerPreflight.unknown and duplicate requested lanes fail before work starts" computerName="ee01623d796c" duration="00:00:00.0030000" startTime="2026-06-19T16:26:35.4099456+02:00" endTime="2026-06-19T16:26:35.4268947+02:00" testType="13cdc9d9-ddb5-4fa4-a97d-d965ccfc6d4b" outcome="Passed" testListId="8c84fa94-04c1-424b-9868-57a2d4851a1d" relativeResultsDirectory="6a846e6d-2cd7-44f8-9dd3-51403538a82d" />
    <UnitTestResult executionId="e4db08a1-56ab-4b30-9d22-f142b2351181" testId="382a4834-6da1-0e1c-39a3-030e57198d0e" testName="Feature166Cancellation.Synthetic readiness is blocked when required lanes are canceled skipped or not-run" computerName="ee01623d796c" duration="00:00:00.0060000" startTime="2026-06-19T16:26:35.3332872+02:00" endTime="2026-06-19T16:26:35.3933460+02:00" testType="13cdc9d9-ddb5-4fa4-a97d-d965ccfc6d4b" outcome="Passed" testListId="8c84fa94-04c1-424b-9868-57a2d4851a1d" relativeResultsDirectory="e4db08a1-56ab-4b30-9d22-f142b2351181" />
    <UnitTestResult executionId="1e9a2ab3-da71-4dfb-b122-1142bc6a4c55" testId="8416b219-3fd1-b225-7010-3a7a03f7ff3e" testName="Feature166LaneStatus.Synthetic MVU transitions emit preflight heartbeat timeout cancellation and summary effects" computerName="ee01623d796c" duration="00:00:00.0220000" startTime="2026-06-19T16:26:35.3781508+02:00" endTime="2026-06-19T16:26:35.4071943+02:00" testType="13cdc9d9-ddb5-4fa4-a97d-d965ccfc6d4b" outcome="Passed" testListId="8c84fa94-04c1-424b-9868-57a2d4851a1d" relativeResultsDirectory="1e9a2ab3-da71-4dfb-b122-1142bc6a4c55" />
    <UnitTestResult executionId="66e439c8-7c1b-45f3-8c88-a0534c4b5c68" testId="a7dace74-3de4-532e-fb54-1b2342723884" testName="Feature166Cancellation.Synthetic operator cancellation preserves completed lanes and marks unfinished lanes" computerName="ee01623d796c" duration="00:00:00.0180000" startTime="2026-06-19T16:26:35.3332795+02:00" endTime="2026-06-19T16:26:35.3866208+02:00" testType="13cdc9d9-ddb5-4fa4-a97d-d965ccfc6d4b" outcome="Passed" testListId="8c84fa94-04c1-424b-9868-57a2d4851a1d" relativeResultsDirectory="66e439c8-7c1b-45f3-8c88-a0534c4b5c68" />
    <UnitTestResult executionId="8b8e42f4-f0f3-427e-ac43-ba7b5eed220d" testId="d055889e-40ed-0da1-921e-28478e209bc4" testName="Feature166LaneCatalog.default catalog declares required lanes and optional aggregate" computerName="ee01623d796c" duration="00:00:00.0060000" startTime="2026-06-19T16:26:35.4102302+02:00" endTime="2026-06-19T16:26:35.4356892+02:00" testType="13cdc9d9-ddb5-4fa4-a97d-d965ccfc6d4b" outcome="Passed" testListId="8c84fa94-04c1-424b-9868-57a2d4851a1d" relativeResultsDirectory="8b8e42f4-f0f3-427e-ac43-ba7b5eed220d" />
    <UnitTestResult executionId="a95e6724-748a-4260-b141-165f7ff23d66" testId="080472e7-7097-dd5a-3b89-81313f54b7df" testName="Feature166LaneRunnerPreflight.default request selects required lanes and excludes optional aggregate" computerName="ee01623d796c" duration="00:00:00.0140000" startTime="2026-06-19T16:26:35.3786719+02:00" endTime="2026-06-19T16:26:35.4071948+02:00" testType="13cdc9d9-ddb5-4fa4-a97d-d965ccfc6d4b" outcome="Passed" testListId="8c84fa94-04c1-424b-9868-57a2d4851a1d" relativeResultsDirectory="a95e6724-748a-4260-b141-165f7ff23d66" />
    <UnitTestResult executionId="38f43cba-3015-49e2-8b65-0a8095b423dc" testId="ebc5448e-4efa-6e7a-1326-469d171dcb63" testName="Feature166Scheduling.unsafe parallel requests name lanes sharing concurrency group or output scope" computerName="ee01623d796c" duration="00:00:00.0300000" startTime="2026-06-19T16:26:35.3332773+02:00" endTime="2026-06-19T16:26:35.3990366+02:00" testType="13cdc9d9-ddb5-4fa4-a97d-d965ccfc6d4b" outcome="Passed" testListId="8c84fa94-04c1-424b-9868-57a2d4851a1d" relativeResultsDirectory="38f43cba-3015-49e2-8b65-0a8095b423dc" />
    <UnitTestResult executionId="9ea90341-a667-4a57-87c5-483fd2764fb4" testId="8a833de5-9e1d-f837-a8bc-14ec512fe3b5" testName="Feature166LaneCatalog.documented lanes declare concurrency group and output scope metadata" computerName="ee01623d796c" duration="00:00:00.0050000" startTime="2026-06-19T16:26:35.4102560+02:00" endTime="2026-06-19T16:26:35.4355941+02:00" testType="13cdc9d9-ddb5-4fa4-a97d-d965ccfc6d4b" outcome="Passed" testListId="8c84fa94-04c1-424b-9868-57a2d4851a1d" relativeResultsDirectory="9ea90341-a667-4a57-87c5-483fd2764fb4" />
    <UnitTestResult executionId="cfb42913-ba5a-408d-90ad-a49f9897ac3e" testId="6fb7f5cd-fe08-e9fd-57f5-ba3571c7021f" testName="Feature166LaneCatalog.lane ids result ids and evidence paths are unique" computerName="ee01623d796c" duration="00:00:00.0100000" startTime="2026-06-19T16:26:35.4102271+02:00" endTime="2026-06-19T16:26:35.4506542+02:00" testType="13cdc9d9-ddb5-4fa4-a97d-d965ccfc6d4b" outcome="Passed" testListId="8c84fa94-04c1-424b-9868-57a2d4851a1d" relativeResultsDirectory="cfb42913-ba5a-408d-90ad-a49f9897ac3e" />
    <UnitTestResult executionId="0ea0a427-98dc-4d71-a1ed-616057bad4a2" testId="ec2850e8-f85f-fddc-42ad-8a88d0d3cb80" testName="Feature166ValidationSummary.Synthetic Markdown and JSON summaries agree on readiness fields and evidence paths" computerName="ee01623d796c" duration="00:00:00.0420000" startTime="2026-06-19T16:26:35.3333743+02:00" endTime="2026-06-19T16:26:35.4103034+02:00" testType="13cdc9d9-ddb5-4fa4-a97d-d965ccfc6d4b" outcome="Passed" testListId="8c84fa94-04c1-424b-9868-57a2d4851a1d" relativeResultsDirectory="0ea0a427-98dc-4d71-a1ed-616057bad4a2" />
    <UnitTestResult executionId="cfda3646-10a8-4c7b-92a4-153d5acfd7ba" testId="33d2195d-54d7-ffca-56ee-29732f9eaf4b" testName="Feature166LaneRunnerPreflight.existing run id fails unless replacement is explicit" computerName="ee01623d796c" duration="00:00:00.0020000" startTime="2026-06-19T16:26:35.4102044+02:00" endTime="2026-06-19T16:26:35.4271512+02:00" testType="13cdc9d9-ddb5-4fa4-a97d-d965ccfc6d4b" outcome="Passed" testListId="8c84fa94-04c1-424b-9868-57a2d4851a1d" relativeResultsDirectory="cfda3646-10a8-4c7b-92a4-153d5acfd7ba" />
    <UnitTestResult executionId="0127af20-f288-4342-9d39-021d6a74c182" testId="4155c00a-a5b9-8470-6c11-69f8aabbec0f" testName="Feature166Scheduling.sequential schedule accepts lanes that share generated output metadata" computerName="ee01623d796c" duration="00:00:00.0270000" startTime="2026-06-19T16:26:35.3332771+02:00" endTime="2026-06-19T16:26:35.3958658+02:00" testType="13cdc9d9-ddb5-4fa4-a97d-d965ccfc6d4b" outcome="Passed" testListId="8c84fa94-04c1-424b-9868-57a2d4851a1d" relativeResultsDirectory="0127af20-f288-4342-9d39-021d6a74c182" />
    <UnitTestResult executionId="bb46df84-873e-4edd-9d7b-86a0f52e77d0" testId="9a1676be-7ab1-a2ac-c412-fc02a039cd3a" testName="Feature166ValidationSummary.Synthetic readiness rules keep optional aggregate failures separate from required readiness" computerName="ee01623d796c" duration="00:00:00.0050000" startTime="2026-06-19T16:26:35.3336607+02:00" endTime="2026-06-19T16:26:35.3958991+02:00" testType="13cdc9d9-ddb5-4fa4-a97d-d965ccfc6d4b" outcome="Passed" testListId="8c84fa94-04c1-424b-9868-57a2d4851a1d" relativeResultsDirectory="bb46df84-873e-4edd-9d7b-86a0f52e77d0" />
    <UnitTestResult executionId="e78469d1-f36c-443f-ba43-ab869ac45836" testId="68ac4c25-96d4-0b44-bc0b-ae8d8616a695" testName="Feature166LaneStatus.process runner classifies pass fail timeout no-progress and evidence infrastructure failures" computerName="ee01623d796c" duration="00:00:00.5370000" startTime="2026-06-19T16:26:35.3339699+02:00" endTime="2026-06-19T16:26:35.9086287+02:00" testType="13cdc9d9-ddb5-4fa4-a97d-d965ccfc6d4b" outcome="Passed" testListId="8c84fa94-04c1-424b-9868-57a2d4851a1d" relativeResultsDirectory="e78469d1-f36c-443f-ba43-ab869ac45836" />
    <UnitTestResult executionId="4c91d7fc-2fd2-488d-9d3f-799db27c244e" testId="8d9ff88f-52df-bb20-be7c-18a82a2aa844" testName="Feature166LaneRunnerPreflight.explicit lanes and optional aggregate inclusion are accepted" computerName="ee01623d796c" duration="00:00:00.0040000" startTime="2026-06-19T16:26:35.4099284+02:00" endTime="2026-06-19T16:26:35.4264469+02:00" testType="13cdc9d9-ddb5-4fa4-a97d-d965ccfc6d4b" outcome="Passed" testListId="8c84fa94-04c1-424b-9868-57a2d4851a1d" relativeResultsDirectory="4c91d7fc-2fd2-488d-9d3f-799db27c244e" />
    <UnitTestResult executionId="36c49f7d-9b47-4597-a30d-13a190e8af7e" testId="7368539a-10aa-841a-6d26-045658b310ec" testName="Feature166LaneStatus.Synthetic status tokens cover every contracted lane outcome" computerName="ee01623d796c" duration="00:00:00.0230000" startTime="2026-06-19T16:26:35.3339639+02:00" endTime="2026-06-19T16:26:35.4006424+02:00" testType="13cdc9d9-ddb5-4fa4-a97d-d965ccfc6d4b" outcome="Passed" testListId="8c84fa94-04c1-424b-9868-57a2d4851a1d" relativeResultsDirectory="36c49f7d-9b47-4597-a30d-13a190e8af7e" />
    <UnitTestResult executionId="a8575b84-d139-493a-bf46-e71acee9658d" testId="7ff63dcf-8295-b7b2-a62b-86abb627c9b2" testName="Feature166ValidationSummary.replacement notice is rendered when a run is explicitly replaced" computerName="ee01623d796c" duration="00:00:00.0100000" startTime="2026-06-19T16:26:35.3338094+02:00" endTime="2026-06-19T16:26:35.3846799+02:00" testType="13cdc9d9-ddb5-4fa4-a97d-d965ccfc6d4b" outcome="Passed" testListId="8c84fa94-04c1-424b-9868-57a2d4851a1d" relativeResultsDirectory="a8575b84-d139-493a-bf46-e71acee9658d" />
  </Results>
  <TestDefinitions>
    <UnitTest name="Feature166LaneRunnerPreflight.existing run id fails unless replacement is explicit" storage="/home/developer/projects/fs.gg.rendering/tests/rendering.harness.tests/bin/release/net10.0/rendering.harness.tests.dll" id="33d2195d-54d7-ffca-56ee-29732f9eaf4b">
      <Execution id="cfda3646-10a8-4c7b-92a4-153d5acfd7ba" />
      <TestMethod codeBase="/home/developer/projects/FS.GG.Rendering/tests/Rendering.Harness.Tests/bin/Release/net10.0/Rendering.Harness.Tests.dll" adapterTypeName="executor://yolodev/expecto" className="Feature166LaneRunnerPreflight" name="existing run id fails unless replacement is explicit" />
    </UnitTest>
    <UnitTest name="Feature166LaneCatalog.documented lanes declare concurrency group and output scope metadata" storage="/home/developer/projects/fs.gg.rendering/tests/rendering.harness.tests/bin/release/net10.0/rendering.harness.tests.dll" id="8a833de5-9e1d-f837-a8bc-14ec512fe3b5">
      <Execution id="9ea90341-a667-4a57-87c5-483fd2764fb4" />
      <TestMethod codeBase="/home/developer/projects/FS.GG.Rendering/tests/Rendering.Harness.Tests/bin/Release/net10.0/Rendering.Harness.Tests.dll" adapterTypeName="executor://yolodev/expecto" className="Feature166LaneCatalog" name="documented lanes declare concurrency group and output scope metadata" />
    </UnitTest>
    <UnitTest name="Feature166LaneStatus.process runner classifies pass fail timeout no-progress and evidence infrastructure failures" storage="/home/developer/projects/fs.gg.rendering/tests/rendering.harness.tests/bin/release/net10.0/rendering.harness.tests.dll" id="68ac4c25-96d4-0b44-bc0b-ae8d8616a695">
      <Execution id="e78469d1-f36c-443f-ba43-ab869ac45836" />
      <TestMethod codeBase="/home/developer/projects/FS.GG.Rendering/tests/Rendering.Harness.Tests/bin/Release/net10.0/Rendering.Harness.Tests.dll" adapterTypeName="executor://yolodev/expecto" className="Feature166LaneStatus" name="process runner classifies pass fail timeout no-progress and evidence infrastructure failures" />
    </UnitTest>
    <UnitTest name="Feature166LaneStatus.Synthetic MVU transitions emit preflight heartbeat timeout cancellation and summary effects" storage="/home/developer/projects/fs.gg.rendering/tests/rendering.harness.tests/bin/release/net10.0/rendering.harness.tests.dll" id="8416b219-3fd1-b225-7010-3a7a03f7ff3e">
      <Execution id="1e9a2ab3-da71-4dfb-b122-1142bc6a4c55" />
      <TestMethod codeBase="/home/developer/projects/FS.GG.Rendering/tests/Rendering.Harness.Tests/bin/Release/net10.0/Rendering.Harness.Tests.dll" adapterTypeName="executor://yolodev/expecto" className="Feature166LaneStatus" name="Synthetic MVU transitions emit preflight heartbeat timeout cancellation and summary effects" />
    </UnitTest>
    <UnitTest name="Feature166ValidationSummary.Synthetic summary write completes under SC-001 final summary timing budget" storage="/home/developer/projects/fs.gg.rendering/tests/rendering.harness.tests/bin/release/net10.0/rendering.harness.tests.dll" id="86a8e5d0-009d-dd6b-72ad-33eaf8081d4c">
      <Execution id="3118e29b-a847-4374-bd71-6971300489d6" />
      <TestMethod codeBase="/home/developer/projects/FS.GG.Rendering/tests/Rendering.Harness.Tests/bin/Release/net10.0/Rendering.Harness.Tests.dll" adapterTypeName="executor://yolodev/expecto" className="Feature166ValidationSummary" name="Synthetic summary write completes under SC-001 final summary timing budget" />
    </UnitTest>
    <UnitTest name="Feature166Cancellation.Synthetic readiness is blocked when required lanes are canceled skipped or not-run" storage="/home/developer/projects/fs.gg.rendering/tests/rendering.harness.tests/bin/release/net10.0/rendering.harness.tests.dll" id="382a4834-6da1-0e1c-39a3-030e57198d0e">
      <Execution id="e4db08a1-56ab-4b30-9d22-f142b2351181" />
      <TestMethod codeBase="/home/developer/projects/FS.GG.Rendering/tests/Rendering.Harness.Tests/bin/Release/net10.0/Rendering.Harness.Tests.dll" adapterTypeName="executor://yolodev/expecto" className="Feature166Cancellation" name="Synthetic readiness is blocked when required lanes are canceled skipped or not-run" />
    </UnitTest>
    <UnitTest name="Feature166LaneRunnerPreflight.unknown and duplicate requested lanes fail before work starts" storage="/home/developer/projects/fs.gg.rendering/tests/rendering.harness.tests/bin/release/net10.0/rendering.harness.tests.dll" id="915f2031-ce87-0a59-b1c7-29e9e1766fc4">
      <Execution id="6a846e6d-2cd7-44f8-9dd3-51403538a82d" />
      <TestMethod codeBase="/home/developer/projects/FS.GG.Rendering/tests/Rendering.Harness.Tests/bin/Release/net10.0/Rendering.Harness.Tests.dll" adapterTypeName="executor://yolodev/expecto" className="Feature166LaneRunnerPreflight" name="unknown and duplicate requested lanes fail before work starts" />
    </UnitTest>
    <UnitTest name="Feature166LaneRunnerPreflight.default request selects required lanes and excludes optional aggregate" storage="/home/developer/projects/fs.gg.rendering/tests/rendering.harness.tests/bin/release/net10.0/rendering.harness.tests.dll" id="080472e7-7097-dd5a-3b89-81313f54b7df">
      <Execution id="a95e6724-748a-4260-b141-165f7ff23d66" />
      <TestMethod codeBase="/home/developer/projects/FS.GG.Rendering/tests/Rendering.Harness.Tests/bin/Release/net10.0/Rendering.Harness.Tests.dll" adapterTypeName="executor://yolodev/expecto" className="Feature166LaneRunnerPreflight" name="default request selects required lanes and excludes optional aggregate" />
    </UnitTest>
    <UnitTest name="Feature166LaneStatus.Synthetic status tokens cover every contracted lane outcome" storage="/home/developer/projects/fs.gg.rendering/tests/rendering.harness.tests/bin/release/net10.0/rendering.harness.tests.dll" id="7368539a-10aa-841a-6d26-045658b310ec">
      <Execution id="36c49f7d-9b47-4597-a30d-13a190e8af7e" />
      <TestMethod codeBase="/home/developer/projects/FS.GG.Rendering/tests/Rendering.Harness.Tests/bin/Release/net10.0/Rendering.Harness.Tests.dll" adapterTypeName="executor://yolodev/expecto" className="Feature166LaneStatus" name="Synthetic status tokens cover every contracted lane outcome" />
    </UnitTest>
    <UnitTest name="Feature166ValidationSummary.Synthetic Markdown and JSON summaries agree on readiness fields and evidence paths" storage="/home/developer/projects/fs.gg.rendering/tests/rendering.harness.tests/bin/release/net10.0/rendering.harness.tests.dll" id="ec2850e8-f85f-fddc-42ad-8a88d0d3cb80">
      <Execution id="0ea0a427-98dc-4d71-a1ed-616057bad4a2" />
      <TestMethod codeBase="/home/developer/projects/FS.GG.Rendering/tests/Rendering.Harness.Tests/bin/Release/net10.0/Rendering.Harness.Tests.dll" adapterTypeName="executor://yolodev/expecto" className="Feature166ValidationSummary" name="Synthetic Markdown and JSON summaries agree on readiness fields and evidence paths" />
    </UnitTest>
    <UnitTest name="Feature166LaneRunnerPreflight.explicit lanes and optional aggregate inclusion are accepted" storage="/home/developer/projects/fs.gg.rendering/tests/rendering.harness.tests/bin/release/net10.0/rendering.harness.tests.dll" id="8d9ff88f-52df-bb20-be7c-18a82a2aa844">
      <Execution id="4c91d7fc-2fd2-488d-9d3f-799db27c244e" />
      <TestMethod codeBase="/home/developer/projects/FS.GG.Rendering/tests/Rendering.Harness.Tests/bin/Release/net10.0/Rendering.Harness.Tests.dll" adapterTypeName="executor://yolodev/expecto" className="Feature166LaneRunnerPreflight" name="explicit lanes and optional aggregate inclusion are accepted" />
    </UnitTest>
    <UnitTest name="Feature166Scheduling.unsafe parallel requests name lanes sharing concurrency group or output scope" storage="/home/developer/projects/fs.gg.rendering/tests/rendering.harness.tests/bin/release/net10.0/rendering.harness.tests.dll" id="ebc5448e-4efa-6e7a-1326-469d171dcb63">
      <Execution id="38f43cba-3015-49e2-8b65-0a8095b423dc" />
      <TestMethod codeBase="/home/developer/projects/FS.GG.Rendering/tests/Rendering.Harness.Tests/bin/Release/net10.0/Rendering.Harness.Tests.dll" adapterTypeName="executor://yolodev/expecto" className="Feature166Scheduling" name="unsafe parallel requests name lanes sharing concurrency group or output scope" />
    </UnitTest>
    <UnitTest name="Feature166ValidationSummary.Synthetic readiness rules keep optional aggregate failures separate from required readiness" storage="/home/developer/projects/fs.gg.rendering/tests/rendering.harness.tests/bin/release/net10.0/rendering.harness.tests.dll" id="9a1676be-7ab1-a2ac-c412-fc02a039cd3a">
      <Execution id="bb46df84-873e-4edd-9d7b-86a0f52e77d0" />
      <TestMethod codeBase="/home/developer/projects/FS.GG.Rendering/tests/Rendering.Harness.Tests/bin/Release/net10.0/Rendering.Harness.Tests.dll" adapterTypeName="executor://yolodev/expecto" className="Feature166ValidationSummary" name="Synthetic readiness rules keep optional aggregate failures separate from required readiness" />
    </UnitTest>
    <UnitTest name="Feature166Cancellation.Synthetic operator cancellation preserves completed lanes and marks unfinished lanes" storage="/home/developer/projects/fs.gg.rendering/tests/rendering.harness.tests/bin/release/net10.0/rendering.harness.tests.dll" id="a7dace74-3de4-532e-fb54-1b2342723884">
      <Execution id="66e439c8-7c1b-45f3-8c88-a0534c4b5c68" />
      <TestMethod codeBase="/home/developer/projects/FS.GG.Rendering/tests/Rendering.Harness.Tests/bin/Release/net10.0/Rendering.Harness.Tests.dll" adapterTypeName="executor://yolodev/expecto" className="Feature166Cancellation" name="Synthetic operator cancellation preserves completed lanes and marks unfinished lanes" />
    </UnitTest>
    <UnitTest name="Feature166ValidationSummary.replacement notice is rendered when a run is explicitly replaced" storage="/home/developer/projects/fs.gg.rendering/tests/rendering.harness.tests/bin/release/net10.0/rendering.harness.tests.dll" id="7ff63dcf-8295-b7b2-a62b-86abb627c9b2">
      <Execution id="a8575b84-d139-493a-bf46-e71acee9658d" />
      <TestMethod codeBase="/home/developer/projects/FS.GG.Rendering/tests/Rendering.Harness.Tests/bin/Release/net10.0/Rendering.Harness.Tests.dll" adapterTypeName="executor://yolodev/expecto" className="Feature166ValidationSummary" name="replacement notice is rendered when a run is explicitly replaced" />
    </UnitTest>
    <UnitTest name="Feature166LaneCatalog.default catalog declares required lanes and optional aggregate" storage="/home/developer/projects/fs.gg.rendering/tests/rendering.harness.tests/bin/release/net10.0/rendering.harness.tests.dll" id="d055889e-40ed-0da1-921e-28478e209bc4">
      <Execution id="8b8e42f4-f0f3-427e-ac43-ba7b5eed220d" />
      <TestMethod codeBase="/home/developer/projects/FS.GG.Rendering/tests/Rendering.Harness.Tests/bin/Release/net10.0/Rendering.Harness.Tests.dll" adapterTypeName="executor://yolodev/expecto" className="Feature166LaneCatalog" name="default catalog declares required lanes and optional aggregate" />
    </UnitTest>
    <UnitTest name="Feature166Scheduling.sequential schedule accepts lanes that share generated output metadata" storage="/home/developer/projects/fs.gg.rendering/tests/rendering.harness.tests/bin/release/net10.0/rendering.harness.tests.dll" id="4155c00a-a5b9-8470-6c11-69f8aabbec0f">
      <Execution id="0127af20-f288-4342-9d39-021d6a74c182" />
      <TestMethod codeBase="/home/developer/projects/FS.GG.Rendering/tests/Rendering.Harness.Tests/bin/Release/net10.0/Rendering.Harness.Tests.dll" adapterTypeName="executor://yolodev/expecto" className="Feature166Scheduling" name="sequential schedule accepts lanes that share generated output metadata" />
    </UnitTest>
    <UnitTest name="Feature166LaneCatalog.lane ids result ids and evidence paths are unique" storage="/home/developer/projects/fs.gg.rendering/tests/rendering.harness.tests/bin/release/net10.0/rendering.harness.tests.dll" id="6fb7f5cd-fe08-e9fd-57f5-ba3571c7021f">
      <Execution id="cfb42913-ba5a-408d-90ad-a49f9897ac3e" />
      <TestMethod codeBase="/home/developer/projects/FS.GG.Rendering/tests/Rendering.Harness.Tests/bin/Release/net10.0/Rendering.Harness.Tests.dll" adapterTypeName="executor://yolodev/expecto" className="Feature166LaneCatalog" name="lane ids result ids and evidence paths are unique" />
    </UnitTest>
  </TestDefinitions>
  <TestEntries>
    <TestEntry testId="86a8e5d0-009d-dd6b-72ad-33eaf8081d4c" executionId="3118e29b-a847-4374-bd71-6971300489d6" testListId="8c84fa94-04c1-424b-9868-57a2d4851a1d" />
    <TestEntry testId="915f2031-ce87-0a59-b1c7-29e9e1766fc4" executionId="6a846e6d-2cd7-44f8-9dd3-51403538a82d" testListId="8c84fa94-04c1-424b-9868-57a2d4851a1d" />
    <TestEntry testId="382a4834-6da1-0e1c-39a3-030e57198d0e" executionId="e4db08a1-56ab-4b30-9d22-f142b2351181" testListId="8c84fa94-04c1-424b-9868-57a2d4851a1d" />
    <TestEntry testId="8416b219-3fd1-b225-7010-3a7a03f7ff3e" executionId="1e9a2ab3-da71-4dfb-b122-1142bc6a4c55" testListId="8c84fa94-04c1-424b-9868-57a2d4851a1d" />
    <TestEntry testId="a7dace74-3de4-532e-fb54-1b2342723884" executionId="66e439c8-7c1b-45f3-8c88-a0534c4b5c68" testListId="8c84fa94-04c1-424b-9868-57a2d4851a1d" />
    <TestEntry testId="d055889e-40ed-0da1-921e-28478e209bc4" executionId="8b8e42f4-f0f3-427e-ac43-ba7b5eed220d" testListId="8c84fa94-04c1-424b-9868-57a2d4851a1d" />
    <TestEntry testId="080472e7-7097-dd5a-3b89-81313f54b7df" executionId="a95e6724-748a-4260-b141-165f7ff23d66" testListId="8c84fa94-04c1-424b-9868-57a2d4851a1d" />
    <TestEntry testId="ebc5448e-4efa-6e7a-1326-469d171dcb63" executionId="38f43cba-3015-49e2-8b65-0a8095b423dc" testListId="8c84fa94-04c1-424b-9868-57a2d4851a1d" />
    <TestEntry testId="8a833de5-9e1d-f837-a8bc-14ec512fe3b5" executionId="9ea90341-a667-4a57-87c5-483fd2764fb4" testListId="8c84fa94-04c1-424b-9868-57a2d4851a1d" />
    <TestEntry testId="6fb7f5cd-fe08-e9fd-57f5-ba3571c7021f" executionId="cfb42913-ba5a-408d-90ad-a49f9897ac3e" testListId="8c84fa94-04c1-424b-9868-57a2d4851a1d" />
    <TestEntry testId="ec2850e8-f85f-fddc-42ad-8a88d0d3cb80" executionId="0ea0a427-98dc-4d71-a1ed-616057bad4a2" testListId="8c84fa94-04c1-424b-9868-57a2d4851a1d" />
    <TestEntry testId="33d2195d-54d7-ffca-56ee-29732f9eaf4b" executionId="cfda3646-10a8-4c7b-92a4-153d5acfd7ba" testListId="8c84fa94-04c1-424b-9868-57a2d4851a1d" />
    <TestEntry testId="4155c00a-a5b9-8470-6c11-69f8aabbec0f" executionId="0127af20-f288-4342-9d39-021d6a74c182" testListId="8c84fa94-04c1-424b-9868-57a2d4851a1d" />
    <TestEntry testId="9a1676be-7ab1-a2ac-c412-fc02a039cd3a" executionId="bb46df84-873e-4edd-9d7b-86a0f52e77d0" testListId="8c84fa94-04c1-424b-9868-57a2d4851a1d" />
    <TestEntry testId="68ac4c25-96d4-0b44-bc0b-ae8d8616a695" executionId="e78469d1-f36c-443f-ba43-ab869ac45836" testListId="8c84fa94-04c1-424b-9868-57a2d4851a1d" />
    <TestEntry testId="8d9ff88f-52df-bb20-be7c-18a82a2aa844" executionId="4c91d7fc-2fd2-488d-9d3f-799db27c244e" testListId="8c84fa94-04c1-424b-9868-57a2d4851a1d" />
    <TestEntry testId="7368539a-10aa-841a-6d26-045658b310ec" executionId="36c49f7d-9b47-4597-a30d-13a190e8af7e" testListId="8c84fa94-04c1-424b-9868-57a2d4851a1d" />
    <TestEntry testId="7ff63dcf-8295-b7b2-a62b-86abb627c9b2" executionId="a8575b84-d139-493a-bf46-e71acee9658d" testListId="8c84fa94-04c1-424b-9868-57a2d4851a1d" />
  </TestEntries>
  <TestLists>
    <TestList name="Results Not in a List" id="8c84fa94-04c1-424b-9868-57a2d4851a1d" />
    <TestList name="All Loaded Results" id="19431567-8539-422a-85d7-44ee4e166bda" />
  </TestLists>
  <ResultSummary outcome="Completed">
    <Counters total="18" executed="18" passed="18" failed="0" error="0" timeout="0" aborted="0" inconclusive="0" passedButRunAborted="0" notRunnable="0" notExecuted="0" disconnected="0" warning="0" completed="0" inProgress="0" pending="0" />
    <RunInfos>
      <RunInfo computerName="ee01623d796c" outcome="Warning" timestamp="2026-06-19T16:26:35.9698997+02:00">
        <Text>Data collector 'Blame' message: All tests finished running, Sequence file will not be generated.</Text>
      </RunInfo>
    </RunInfos>
  </ResultSummary>
</TestRun>