<?xml version="1.0" encoding="utf-8"?>
<TestRun id="fbee103a-8994-428b-a1bf-663ee5b27e6b" name="@ee01623d796c 2026-06-19 12:38:32" xmlns="http://microsoft.com/schemas/VisualStudio/TeamTest/2010">
  <Times creation="2026-06-19T12:38:32.9471530+02:00" queuing="2026-06-19T12:38:32.9471530+02:00" start="2026-06-19T12:38:30.8639303+02:00" finish="2026-06-19T12:38:33.5134900+02:00" />
  <TestSettings name="default" id="a7838c03-d2e3-4b35-9835-7cfb2c7d08c1">
    <Deployment runDeploymentRoot="_ee01623d796c_2026-06-19_12_38_32" />
  </TestSettings>
  <Results>
    <UnitTestResult executionId="89eeceaf-6a7a-4304-891e-b49f6d3f8008" testId="ec2850e8-f85f-fddc-42ad-8a88d0d3cb80" testName="Feature166ValidationSummary.Synthetic Markdown and JSON summaries agree on readiness fields and evidence paths" computerName="ee01623d796c" duration="00:00:00.0380000" startTime="2026-06-19T12:38:32.8462964+02:00" endTime="2026-06-19T12:38:32.9204912+02:00" testType="13cdc9d9-ddb5-4fa4-a97d-d965ccfc6d4b" outcome="Passed" testListId="8c84fa94-04c1-424b-9868-57a2d4851a1d" relativeResultsDirectory="89eeceaf-6a7a-4304-891e-b49f6d3f8008" />
    <UnitTestResult executionId="f91f84e0-471a-4a7c-8cfc-948e56d29660" testId="33d2195d-54d7-ffca-56ee-29732f9eaf4b" testName="Feature166LaneRunnerPreflight.existing run id fails unless replacement is explicit" computerName="ee01623d796c" duration="00:00:00.0040000" startTime="2026-06-19T12:38:32.9268121+02:00" endTime="2026-06-19T12:38:32.9374771+02:00" testType="13cdc9d9-ddb5-4fa4-a97d-d965ccfc6d4b" outcome="Passed" testListId="8c84fa94-04c1-424b-9868-57a2d4851a1d" relativeResultsDirectory="f91f84e0-471a-4a7c-8cfc-948e56d29660" />
    <UnitTestResult executionId="39dba242-3842-4447-ab25-f332b87ca670" testId="86a8e5d0-009d-dd6b-72ad-33eaf8081d4c" testName="Feature166ValidationSummary.Synthetic summary write completes under SC-001 final summary timing budget" computerName="ee01623d796c" duration="00:00:00.0390000" startTime="2026-06-19T12:38:32.8464579+02:00" endTime="2026-06-19T12:38:32.9214661+02:00" testType="13cdc9d9-ddb5-4fa4-a97d-d965ccfc6d4b" outcome="Passed" testListId="8c84fa94-04c1-424b-9868-57a2d4851a1d" relativeResultsDirectory="39dba242-3842-4447-ab25-f332b87ca670" />
    <UnitTestResult executionId="18123a85-c292-4ca0-bae0-4f8cc64e3279" testId="8a833de5-9e1d-f837-a8bc-14ec512fe3b5" testName="Feature166LaneCatalog.documented lanes declare concurrency group and output scope metadata" computerName="ee01623d796c" duration="00:00:00.0020000" startTime="2026-06-19T12:38:32.9268650+02:00" endTime="2026-06-19T12:38:32.9412558+02:00" testType="13cdc9d9-ddb5-4fa4-a97d-d965ccfc6d4b" outcome="Passed" testListId="8c84fa94-04c1-424b-9868-57a2d4851a1d" relativeResultsDirectory="18123a85-c292-4ca0-bae0-4f8cc64e3279" />
    <UnitTestResult executionId="71580ad6-6ce3-4854-a43c-a27f614d827d" testId="9a1676be-7ab1-a2ac-c412-fc02a039cd3a" testName="Feature166ValidationSummary.Synthetic readiness rules keep optional aggregate failures separate from required readiness" computerName="ee01623d796c" duration="00:00:00.0050000" startTime="2026-06-19T12:38:32.8466274+02:00" endTime="2026-06-19T12:38:32.9033022+02:00" testType="13cdc9d9-ddb5-4fa4-a97d-d965ccfc6d4b" outcome="Passed" testListId="8c84fa94-04c1-424b-9868-57a2d4851a1d" relativeResultsDirectory="71580ad6-6ce3-4854-a43c-a27f614d827d" />
    <UnitTestResult executionId="b0df6b75-a6bf-4186-ad41-08df10ff1425" testId="915f2031-ce87-0a59-b1c7-29e9e1766fc4" testName="Feature166LaneRunnerPreflight.unknown and duplicate requested lanes fail before work starts" computerName="ee01623d796c" duration="00:00:00.0020000" startTime="2026-06-19T12:38:32.9265897+02:00" endTime="2026-06-19T12:38:32.9344410+02:00" testType="13cdc9d9-ddb5-4fa4-a97d-d965ccfc6d4b" outcome="Passed" testListId="8c84fa94-04c1-424b-9868-57a2d4851a1d" relativeResultsDirectory="b0df6b75-a6bf-4186-ad41-08df10ff1425" />
    <UnitTestResult executionId="afa565b6-c4e0-48c4-b6d3-9fbfdbad7d44" testId="8d9ff88f-52df-bb20-be7c-18a82a2aa844" testName="Feature166LaneRunnerPreflight.explicit lanes and optional aggregate inclusion are accepted" computerName="ee01623d796c" duration="00:00:00.0030000" startTime="2026-06-19T12:38:32.9265867+02:00" endTime="2026-06-19T12:38:32.9340495+02:00" testType="13cdc9d9-ddb5-4fa4-a97d-d965ccfc6d4b" outcome="Passed" testListId="8c84fa94-04c1-424b-9868-57a2d4851a1d" relativeResultsDirectory="afa565b6-c4e0-48c4-b6d3-9fbfdbad7d44" />
    <UnitTestResult executionId="42e49692-26fc-469f-9897-7fcab38cf0e1" testId="382a4834-6da1-0e1c-39a3-030e57198d0e" testName="Feature166Cancellation.Synthetic readiness is blocked when required lanes are canceled skipped or not-run" computerName="ee01623d796c" duration="00:00:00.0060000" startTime="2026-06-19T12:38:32.8460905+02:00" endTime="2026-06-19T12:38:32.8975286+02:00" testType="13cdc9d9-ddb5-4fa4-a97d-d965ccfc6d4b" outcome="Passed" testListId="8c84fa94-04c1-424b-9868-57a2d4851a1d" relativeResultsDirectory="42e49692-26fc-469f-9897-7fcab38cf0e1" />
    <UnitTestResult executionId="d7987d47-5c21-403a-97af-b05ab380de85" testId="a7dace74-3de4-532e-fb54-1b2342723884" testName="Feature166Cancellation.Synthetic operator cancellation preserves completed lanes and marks unfinished lanes" computerName="ee01623d796c" duration="00:00:00.0160000" startTime="2026-06-19T12:38:32.8459739+02:00" endTime="2026-06-19T12:38:32.8979373+02:00" testType="13cdc9d9-ddb5-4fa4-a97d-d965ccfc6d4b" outcome="Passed" testListId="8c84fa94-04c1-424b-9868-57a2d4851a1d" relativeResultsDirectory="d7987d47-5c21-403a-97af-b05ab380de85" />
    <UnitTestResult executionId="1ed97d4a-dcbe-46d3-845b-6439f986330f" testId="080472e7-7097-dd5a-3b89-81313f54b7df" testName="Feature166LaneRunnerPreflight.default request selects required lanes and excludes optional aggregate" computerName="ee01623d796c" duration="00:00:00.0110000" startTime="2026-06-19T12:38:32.8919108+02:00" endTime="2026-06-19T12:38:32.9195885+02:00" testType="13cdc9d9-ddb5-4fa4-a97d-d965ccfc6d4b" outcome="Passed" testListId="8c84fa94-04c1-424b-9868-57a2d4851a1d" relativeResultsDirectory="1ed97d4a-dcbe-46d3-845b-6439f986330f" />
    <UnitTestResult executionId="73eee8bd-834d-4b07-ae06-23642026cf34" testId="8416b219-3fd1-b225-7010-3a7a03f7ff3e" testName="Feature166LaneStatus.Synthetic MVU transitions emit preflight heartbeat timeout cancellation and summary effects" computerName="ee01623d796c" duration="00:00:00.0200000" startTime="2026-06-19T12:38:32.8918707+02:00" endTime="2026-06-19T12:38:32.9162610+02:00" testType="13cdc9d9-ddb5-4fa4-a97d-d965ccfc6d4b" outcome="Passed" testListId="8c84fa94-04c1-424b-9868-57a2d4851a1d" relativeResultsDirectory="73eee8bd-834d-4b07-ae06-23642026cf34" />
    <UnitTestResult executionId="1238346a-4816-4d6d-8176-1a62ff098a60" testId="7368539a-10aa-841a-6d26-045658b310ec" testName="Feature166LaneStatus.Synthetic status tokens cover every contracted lane outcome" computerName="ee01623d796c" duration="00:00:00.0190000" startTime="2026-06-19T12:38:32.8469382+02:00" endTime="2026-06-19T12:38:32.9139550+02:00" testType="13cdc9d9-ddb5-4fa4-a97d-d965ccfc6d4b" outcome="Passed" testListId="8c84fa94-04c1-424b-9868-57a2d4851a1d" relativeResultsDirectory="1238346a-4816-4d6d-8176-1a62ff098a60" />
    <UnitTestResult executionId="d8cc5016-33d8-408e-a649-ca0771a23303" testId="ebc5448e-4efa-6e7a-1326-469d171dcb63" testName="Feature166Scheduling.unsafe parallel requests name lanes sharing concurrency group or output scope" computerName="ee01623d796c" duration="00:00:00.0270000" startTime="2026-06-19T12:38:32.8459720+02:00" endTime="2026-06-19T12:38:32.9094734+02:00" testType="13cdc9d9-ddb5-4fa4-a97d-d965ccfc6d4b" outcome="Passed" testListId="8c84fa94-04c1-424b-9868-57a2d4851a1d" relativeResultsDirectory="d8cc5016-33d8-408e-a649-ca0771a23303" />
    <UnitTestResult executionId="2df04e1e-c7fd-4fd0-905e-8bf3d8d6b19c" testId="d055889e-40ed-0da1-921e-28478e209bc4" testName="Feature166LaneCatalog.default catalog declares required lanes and optional aggregate" computerName="ee01623d796c" duration="00:00:00.0090000" startTime="2026-06-19T12:38:32.9268214+02:00" endTime="2026-06-19T12:38:32.9430957+02:00" testType="13cdc9d9-ddb5-4fa4-a97d-d965ccfc6d4b" outcome="Passed" testListId="8c84fa94-04c1-424b-9868-57a2d4851a1d" relativeResultsDirectory="2df04e1e-c7fd-4fd0-905e-8bf3d8d6b19c" />
    <UnitTestResult executionId="7d85ec1c-a102-41a1-b9a1-38e003af062f" testId="7ff63dcf-8295-b7b2-a62b-86abb627c9b2" testName="Feature166ValidationSummary.replacement notice is rendered when a run is explicitly replaced" computerName="ee01623d796c" duration="00:00:00.0080000" startTime="2026-06-19T12:38:32.8467802+02:00" endTime="2026-06-19T12:38:32.9065007+02:00" testType="13cdc9d9-ddb5-4fa4-a97d-d965ccfc6d4b" outcome="Passed" testListId="8c84fa94-04c1-424b-9868-57a2d4851a1d" relativeResultsDirectory="7d85ec1c-a102-41a1-b9a1-38e003af062f" />
    <UnitTestResult executionId="d1886bbd-1dd2-4c5e-9a22-e2536a3dbc2c" testId="68ac4c25-96d4-0b44-bc0b-ae8d8616a695" testName="Feature166LaneStatus.process runner classifies pass fail timeout no-progress and evidence infrastructure failures" computerName="ee01623d796c" duration="00:00:00.5270000" startTime="2026-06-19T12:38:32.8469492+02:00" endTime="2026-06-19T12:38:33.4118104+02:00" testType="13cdc9d9-ddb5-4fa4-a97d-d965ccfc6d4b" outcome="Passed" testListId="8c84fa94-04c1-424b-9868-57a2d4851a1d" relativeResultsDirectory="d1886bbd-1dd2-4c5e-9a22-e2536a3dbc2c" />
    <UnitTestResult executionId="c5005a88-8dd3-4ac4-b469-349e7772bc60" testId="6fb7f5cd-fe08-e9fd-57f5-ba3571c7021f" testName="Feature166LaneCatalog.lane ids result ids and evidence paths are unique" computerName="ee01623d796c" duration="00:00:00.0070000" startTime="2026-06-19T12:38:32.9268292+02:00" endTime="2026-06-19T12:38:32.9452205+02:00" testType="13cdc9d9-ddb5-4fa4-a97d-d965ccfc6d4b" outcome="Passed" testListId="8c84fa94-04c1-424b-9868-57a2d4851a1d" relativeResultsDirectory="c5005a88-8dd3-4ac4-b469-349e7772bc60" />
    <UnitTestResult executionId="ee3c03d1-ea81-4864-a8be-f11c0267db4c" testId="4155c00a-a5b9-8470-6c11-69f8aabbec0f" testName="Feature166Scheduling.sequential schedule accepts lanes that share generated output metadata" computerName="ee01623d796c" duration="00:00:00.0240000" startTime="2026-06-19T12:38:32.8459715+02:00" endTime="2026-06-19T12:38:32.9065126+02:00" testType="13cdc9d9-ddb5-4fa4-a97d-d965ccfc6d4b" outcome="Passed" testListId="8c84fa94-04c1-424b-9868-57a2d4851a1d" relativeResultsDirectory="ee3c03d1-ea81-4864-a8be-f11c0267db4c" />
  </Results>
  <TestDefinitions>
    <UnitTest name="Feature166LaneRunnerPreflight.existing run id fails unless replacement is explicit" storage="/home/developer/projects/fs.gg.rendering/tests/rendering.harness.tests/bin/release/net10.0/rendering.harness.tests.dll" id="33d2195d-54d7-ffca-56ee-29732f9eaf4b">
      <Execution id="f91f84e0-471a-4a7c-8cfc-948e56d29660" />
      <TestMethod codeBase="/home/developer/projects/FS.GG.Rendering/tests/Rendering.Harness.Tests/bin/Release/net10.0/Rendering.Harness.Tests.dll" adapterTypeName="executor://yolodev/expecto" className="Feature166LaneRunnerPreflight" name="existing run id fails unless replacement is explicit" />
    </UnitTest>
    <UnitTest name="Feature166LaneCatalog.documented lanes declare concurrency group and output scope metadata" storage="/home/developer/projects/fs.gg.rendering/tests/rendering.harness.tests/bin/release/net10.0/rendering.harness.tests.dll" id="8a833de5-9e1d-f837-a8bc-14ec512fe3b5">
      <Execution id="18123a85-c292-4ca0-bae0-4f8cc64e3279" />
      <TestMethod codeBase="/home/developer/projects/FS.GG.Rendering/tests/Rendering.Harness.Tests/bin/Release/net10.0/Rendering.Harness.Tests.dll" adapterTypeName="executor://yolodev/expecto" className="Feature166LaneCatalog" name="documented lanes declare concurrency group and output scope metadata" />
    </UnitTest>
    <UnitTest name="Feature166LaneStatus.process runner classifies pass fail timeout no-progress and evidence infrastructure failures" storage="/home/developer/projects/fs.gg.rendering/tests/rendering.harness.tests/bin/release/net10.0/rendering.harness.tests.dll" id="68ac4c25-96d4-0b44-bc0b-ae8d8616a695">
      <Execution id="d1886bbd-1dd2-4c5e-9a22-e2536a3dbc2c" />
      <TestMethod codeBase="/home/developer/projects/FS.GG.Rendering/tests/Rendering.Harness.Tests/bin/Release/net10.0/Rendering.Harness.Tests.dll" adapterTypeName="executor://yolodev/expecto" className="Feature166LaneStatus" name="process runner classifies pass fail timeout no-progress and evidence infrastructure failures" />
    </UnitTest>
    <UnitTest name="Feature166LaneStatus.Synthetic MVU transitions emit preflight heartbeat timeout cancellation and summary effects" storage="/home/developer/projects/fs.gg.rendering/tests/rendering.harness.tests/bin/release/net10.0/rendering.harness.tests.dll" id="8416b219-3fd1-b225-7010-3a7a03f7ff3e">
      <Execution id="73eee8bd-834d-4b07-ae06-23642026cf34" />
      <TestMethod codeBase="/home/developer/projects/FS.GG.Rendering/tests/Rendering.Harness.Tests/bin/Release/net10.0/Rendering.Harness.Tests.dll" adapterTypeName="executor://yolodev/expecto" className="Feature166LaneStatus" name="Synthetic MVU transitions emit preflight heartbeat timeout cancellation and summary effects" />
    </UnitTest>
    <UnitTest name="Feature166ValidationSummary.Synthetic summary write completes under SC-001 final summary timing budget" storage="/home/developer/projects/fs.gg.rendering/tests/rendering.harness.tests/bin/release/net10.0/rendering.harness.tests.dll" id="86a8e5d0-009d-dd6b-72ad-33eaf8081d4c">
      <Execution id="39dba242-3842-4447-ab25-f332b87ca670" />
      <TestMethod codeBase="/home/developer/projects/FS.GG.Rendering/tests/Rendering.Harness.Tests/bin/Release/net10.0/Rendering.Harness.Tests.dll" adapterTypeName="executor://yolodev/expecto" className="Feature166ValidationSummary" name="Synthetic summary write completes under SC-001 final summary timing budget" />
    </UnitTest>
    <UnitTest name="Feature166Cancellation.Synthetic readiness is blocked when required lanes are canceled skipped or not-run" storage="/home/developer/projects/fs.gg.rendering/tests/rendering.harness.tests/bin/release/net10.0/rendering.harness.tests.dll" id="382a4834-6da1-0e1c-39a3-030e57198d0e">
      <Execution id="42e49692-26fc-469f-9897-7fcab38cf0e1" />
      <TestMethod codeBase="/home/developer/projects/FS.GG.Rendering/tests/Rendering.Harness.Tests/bin/Release/net10.0/Rendering.Harness.Tests.dll" adapterTypeName="executor://yolodev/expecto" className="Feature166Cancellation" name="Synthetic readiness is blocked when required lanes are canceled skipped or not-run" />
    </UnitTest>
    <UnitTest name="Feature166LaneRunnerPreflight.unknown and duplicate requested lanes fail before work starts" storage="/home/developer/projects/fs.gg.rendering/tests/rendering.harness.tests/bin/release/net10.0/rendering.harness.tests.dll" id="915f2031-ce87-0a59-b1c7-29e9e1766fc4">
      <Execution id="b0df6b75-a6bf-4186-ad41-08df10ff1425" />
      <TestMethod codeBase="/home/developer/projects/FS.GG.Rendering/tests/Rendering.Harness.Tests/bin/Release/net10.0/Rendering.Harness.Tests.dll" adapterTypeName="executor://yolodev/expecto" className="Feature166LaneRunnerPreflight" name="unknown and duplicate requested lanes fail before work starts" />
    </UnitTest>
    <UnitTest name="Feature166LaneRunnerPreflight.default request selects required lanes and excludes optional aggregate" storage="/home/developer/projects/fs.gg.rendering/tests/rendering.harness.tests/bin/release/net10.0/rendering.harness.tests.dll" id="080472e7-7097-dd5a-3b89-81313f54b7df">
      <Execution id="1ed97d4a-dcbe-46d3-845b-6439f986330f" />
      <TestMethod codeBase="/home/developer/projects/FS.GG.Rendering/tests/Rendering.Harness.Tests/bin/Release/net10.0/Rendering.Harness.Tests.dll" adapterTypeName="executor://yolodev/expecto" className="Feature166LaneRunnerPreflight" name="default request selects required lanes and excludes optional aggregate" />
    </UnitTest>
    <UnitTest name="Feature166LaneStatus.Synthetic status tokens cover every contracted lane outcome" storage="/home/developer/projects/fs.gg.rendering/tests/rendering.harness.tests/bin/release/net10.0/rendering.harness.tests.dll" id="7368539a-10aa-841a-6d26-045658b310ec">
      <Execution id="1238346a-4816-4d6d-8176-1a62ff098a60" />
      <TestMethod codeBase="/home/developer/projects/FS.GG.Rendering/tests/Rendering.Harness.Tests/bin/Release/net10.0/Rendering.Harness.Tests.dll" adapterTypeName="executor://yolodev/expecto" className="Feature166LaneStatus" name="Synthetic status tokens cover every contracted lane outcome" />
    </UnitTest>
    <UnitTest name="Feature166LaneRunnerPreflight.explicit lanes and optional aggregate inclusion are accepted" storage="/home/developer/projects/fs.gg.rendering/tests/rendering.harness.tests/bin/release/net10.0/rendering.harness.tests.dll" id="8d9ff88f-52df-bb20-be7c-18a82a2aa844">
      <Execution id="afa565b6-c4e0-48c4-b6d3-9fbfdbad7d44" />
      <TestMethod codeBase="/home/developer/projects/FS.GG.Rendering/tests/Rendering.Harness.Tests/bin/Release/net10.0/Rendering.Harness.Tests.dll" adapterTypeName="executor://yolodev/expecto" className="Feature166LaneRunnerPreflight" name="explicit lanes and optional aggregate inclusion are accepted" />
    </UnitTest>
    <UnitTest name="Feature166ValidationSummary.Synthetic Markdown and JSON summaries agree on readiness fields and evidence paths" storage="/home/developer/projects/fs.gg.rendering/tests/rendering.harness.tests/bin/release/net10.0/rendering.harness.tests.dll" id="ec2850e8-f85f-fddc-42ad-8a88d0d3cb80">
      <Execution id="89eeceaf-6a7a-4304-891e-b49f6d3f8008" />
      <TestMethod codeBase="/home/developer/projects/FS.GG.Rendering/tests/Rendering.Harness.Tests/bin/Release/net10.0/Rendering.Harness.Tests.dll" adapterTypeName="executor://yolodev/expecto" className="Feature166ValidationSummary" name="Synthetic Markdown and JSON summaries agree on readiness fields and evidence paths" />
    </UnitTest>
    <UnitTest name="Feature166Scheduling.unsafe parallel requests name lanes sharing concurrency group or output scope" storage="/home/developer/projects/fs.gg.rendering/tests/rendering.harness.tests/bin/release/net10.0/rendering.harness.tests.dll" id="ebc5448e-4efa-6e7a-1326-469d171dcb63">
      <Execution id="d8cc5016-33d8-408e-a649-ca0771a23303" />
      <TestMethod codeBase="/home/developer/projects/FS.GG.Rendering/tests/Rendering.Harness.Tests/bin/Release/net10.0/Rendering.Harness.Tests.dll" adapterTypeName="executor://yolodev/expecto" className="Feature166Scheduling" name="unsafe parallel requests name lanes sharing concurrency group or output scope" />
    </UnitTest>
    <UnitTest name="Feature166ValidationSummary.Synthetic readiness rules keep optional aggregate failures separate from required readiness" storage="/home/developer/projects/fs.gg.rendering/tests/rendering.harness.tests/bin/release/net10.0/rendering.harness.tests.dll" id="9a1676be-7ab1-a2ac-c412-fc02a039cd3a">
      <Execution id="71580ad6-6ce3-4854-a43c-a27f614d827d" />
      <TestMethod codeBase="/home/developer/projects/FS.GG.Rendering/tests/Rendering.Harness.Tests/bin/Release/net10.0/Rendering.Harness.Tests.dll" adapterTypeName="executor://yolodev/expecto" className="Feature166ValidationSummary" name="Synthetic readiness rules keep optional aggregate failures separate from required readiness" />
    </UnitTest>
    <UnitTest name="Feature166Cancellation.Synthetic operator cancellation preserves completed lanes and marks unfinished lanes" storage="/home/developer/projects/fs.gg.rendering/tests/rendering.harness.tests/bin/release/net10.0/rendering.harness.tests.dll" id="a7dace74-3de4-532e-fb54-1b2342723884">
      <Execution id="d7987d47-5c21-403a-97af-b05ab380de85" />
      <TestMethod codeBase="/home/developer/projects/FS.GG.Rendering/tests/Rendering.Harness.Tests/bin/Release/net10.0/Rendering.Harness.Tests.dll" adapterTypeName="executor://yolodev/expecto" className="Feature166Cancellation" name="Synthetic operator cancellation preserves completed lanes and marks unfinished lanes" />
    </UnitTest>
    <UnitTest name="Feature166ValidationSummary.replacement notice is rendered when a run is explicitly replaced" storage="/home/developer/projects/fs.gg.rendering/tests/rendering.harness.tests/bin/release/net10.0/rendering.harness.tests.dll" id="7ff63dcf-8295-b7b2-a62b-86abb627c9b2">
      <Execution id="7d85ec1c-a102-41a1-b9a1-38e003af062f" />
      <TestMethod codeBase="/home/developer/projects/FS.GG.Rendering/tests/Rendering.Harness.Tests/bin/Release/net10.0/Rendering.Harness.Tests.dll" adapterTypeName="executor://yolodev/expecto" className="Feature166ValidationSummary" name="replacement notice is rendered when a run is explicitly replaced" />
    </UnitTest>
    <UnitTest name="Feature166LaneCatalog.default catalog declares required lanes and optional aggregate" storage="/home/developer/projects/fs.gg.rendering/tests/rendering.harness.tests/bin/release/net10.0/rendering.harness.tests.dll" id="d055889e-40ed-0da1-921e-28478e209bc4">
      <Execution id="2df04e1e-c7fd-4fd0-905e-8bf3d8d6b19c" />
      <TestMethod codeBase="/home/developer/projects/FS.GG.Rendering/tests/Rendering.Harness.Tests/bin/Release/net10.0/Rendering.Harness.Tests.dll" adapterTypeName="executor://yolodev/expecto" className="Feature166LaneCatalog" name="default catalog declares required lanes and optional aggregate" />
    </UnitTest>
    <UnitTest name="Feature166Scheduling.sequential schedule accepts lanes that share generated output metadata" storage="/home/developer/projects/fs.gg.rendering/tests/rendering.harness.tests/bin/release/net10.0/rendering.harness.tests.dll" id="4155c00a-a5b9-8470-6c11-69f8aabbec0f">
      <Execution id="ee3c03d1-ea81-4864-a8be-f11c0267db4c" />
      <TestMethod codeBase="/home/developer/projects/FS.GG.Rendering/tests/Rendering.Harness.Tests/bin/Release/net10.0/Rendering.Harness.Tests.dll" adapterTypeName="executor://yolodev/expecto" className="Feature166Scheduling" name="sequential schedule accepts lanes that share generated output metadata" />
    </UnitTest>
    <UnitTest name="Feature166LaneCatalog.lane ids result ids and evidence paths are unique" storage="/home/developer/projects/fs.gg.rendering/tests/rendering.harness.tests/bin/release/net10.0/rendering.harness.tests.dll" id="6fb7f5cd-fe08-e9fd-57f5-ba3571c7021f">
      <Execution id="c5005a88-8dd3-4ac4-b469-349e7772bc60" />
      <TestMethod codeBase="/home/developer/projects/FS.GG.Rendering/tests/Rendering.Harness.Tests/bin/Release/net10.0/Rendering.Harness.Tests.dll" adapterTypeName="executor://yolodev/expecto" className="Feature166LaneCatalog" name="lane ids result ids and evidence paths are unique" />
    </UnitTest>
  </TestDefinitions>
  <TestEntries>
    <TestEntry testId="ec2850e8-f85f-fddc-42ad-8a88d0d3cb80" executionId="89eeceaf-6a7a-4304-891e-b49f6d3f8008" testListId="8c84fa94-04c1-424b-9868-57a2d4851a1d" />
    <TestEntry testId="33d2195d-54d7-ffca-56ee-29732f9eaf4b" executionId="f91f84e0-471a-4a7c-8cfc-948e56d29660" testListId="8c84fa94-04c1-424b-9868-57a2d4851a1d" />
    <TestEntry testId="86a8e5d0-009d-dd6b-72ad-33eaf8081d4c" executionId="39dba242-3842-4447-ab25-f332b87ca670" testListId="8c84fa94-04c1-424b-9868-57a2d4851a1d" />
    <TestEntry testId="8a833de5-9e1d-f837-a8bc-14ec512fe3b5" executionId="18123a85-c292-4ca0-bae0-4f8cc64e3279" testListId="8c84fa94-04c1-424b-9868-57a2d4851a1d" />
    <TestEntry testId="9a1676be-7ab1-a2ac-c412-fc02a039cd3a" executionId="71580ad6-6ce3-4854-a43c-a27f614d827d" testListId="8c84fa94-04c1-424b-9868-57a2d4851a1d" />
    <TestEntry testId="915f2031-ce87-0a59-b1c7-29e9e1766fc4" executionId="b0df6b75-a6bf-4186-ad41-08df10ff1425" testListId="8c84fa94-04c1-424b-9868-57a2d4851a1d" />
    <TestEntry testId="8d9ff88f-52df-bb20-be7c-18a82a2aa844" executionId="afa565b6-c4e0-48c4-b6d3-9fbfdbad7d44" testListId="8c84fa94-04c1-424b-9868-57a2d4851a1d" />
    <TestEntry testId="382a4834-6da1-0e1c-39a3-030e57198d0e" executionId="42e49692-26fc-469f-9897-7fcab38cf0e1" testListId="8c84fa94-04c1-424b-9868-57a2d4851a1d" />
    <TestEntry testId="a7dace74-3de4-532e-fb54-1b2342723884" executionId="d7987d47-5c21-403a-97af-b05ab380de85" testListId="8c84fa94-04c1-424b-9868-57a2d4851a1d" />
    <TestEntry testId="080472e7-7097-dd5a-3b89-81313f54b7df" executionId="1ed97d4a-dcbe-46d3-845b-6439f986330f" testListId="8c84fa94-04c1-424b-9868-57a2d4851a1d" />
    <TestEntry testId="8416b219-3fd1-b225-7010-3a7a03f7ff3e" executionId="73eee8bd-834d-4b07-ae06-23642026cf34" testListId="8c84fa94-04c1-424b-9868-57a2d4851a1d" />
    <TestEntry testId="7368539a-10aa-841a-6d26-045658b310ec" executionId="1238346a-4816-4d6d-8176-1a62ff098a60" testListId="8c84fa94-04c1-424b-9868-57a2d4851a1d" />
    <TestEntry testId="ebc5448e-4efa-6e7a-1326-469d171dcb63" executionId="d8cc5016-33d8-408e-a649-ca0771a23303" testListId="8c84fa94-04c1-424b-9868-57a2d4851a1d" />
    <TestEntry testId="d055889e-40ed-0da1-921e-28478e209bc4" executionId="2df04e1e-c7fd-4fd0-905e-8bf3d8d6b19c" testListId="8c84fa94-04c1-424b-9868-57a2d4851a1d" />
    <TestEntry testId="7ff63dcf-8295-b7b2-a62b-86abb627c9b2" executionId="7d85ec1c-a102-41a1-b9a1-38e003af062f" testListId="8c84fa94-04c1-424b-9868-57a2d4851a1d" />
    <TestEntry testId="68ac4c25-96d4-0b44-bc0b-ae8d8616a695" executionId="d1886bbd-1dd2-4c5e-9a22-e2536a3dbc2c" testListId="8c84fa94-04c1-424b-9868-57a2d4851a1d" />
    <TestEntry testId="6fb7f5cd-fe08-e9fd-57f5-ba3571c7021f" executionId="c5005a88-8dd3-4ac4-b469-349e7772bc60" testListId="8c84fa94-04c1-424b-9868-57a2d4851a1d" />
    <TestEntry testId="4155c00a-a5b9-8470-6c11-69f8aabbec0f" executionId="ee3c03d1-ea81-4864-a8be-f11c0267db4c" testListId="8c84fa94-04c1-424b-9868-57a2d4851a1d" />
  </TestEntries>
  <TestLists>
    <TestList name="Results Not in a List" id="8c84fa94-04c1-424b-9868-57a2d4851a1d" />
    <TestList name="All Loaded Results" id="19431567-8539-422a-85d7-44ee4e166bda" />
  </TestLists>
  <ResultSummary outcome="Completed">
    <Counters total="18" executed="18" passed="18" failed="0" error="0" timeout="0" aborted="0" inconclusive="0" passedButRunAborted="0" notRunnable="0" notExecuted="0" disconnected="0" warning="0" completed="0" inProgress="0" pending="0" />
    <RunInfos>
      <RunInfo computerName="ee01623d796c" outcome="Warning" timestamp="2026-06-19T12:38:33.4690222+02:00">
        <Text>Data collector 'Blame' message: All tests finished running, Sequence file will not be generated.</Text>
      </RunInfo>
    </RunInfos>
  </ResultSummary>
</TestRun>