<?xml version="1.0" encoding="utf-8"?>
<TestRun id="88d103b2-174d-4a67-aee7-e3b20f00de80" name="@ee01623d796c 2026-06-19 12:44:42" xmlns="http://microsoft.com/schemas/VisualStudio/TeamTest/2010">
  <Times creation="2026-06-19T12:44:42.3980220+02:00" queuing="2026-06-19T12:44:42.3980221+02:00" start="2026-06-19T12:44:41.3726661+02:00" finish="2026-06-19T12:45:34.2151424+02:00" />
  <TestSettings name="default" id="0f427d31-1658-4847-85ee-781fb31a3f44">
    <Deployment runDeploymentRoot="_ee01623d796c_2026-06-19_12_44_42" />
  </TestSettings>
  <Results>
    <UnitTestResult executionId="92f002e9-40ec-40e2-8efb-76ab5bbe4cd0" testId="f4e7d678-fc7c-cb5b-dd30-f9840f8ed291" testName="Feedback.a blank / whitespace-only draft is a no-op" computerName="ee01623d796c" startTime="2026-06-19T12:44:42.4122829+02:00" endTime="2026-06-19T12:44:42.4146066+02:00" testType="13cdc9d9-ddb5-4fa4-a97d-d965ccfc6d4b" outcome="Passed" testListId="8c84fa94-04c1-424b-9868-57a2d4851a1d" relativeResultsDirectory="92f002e9-40ec-40e2-8efb-76ab5bbe4cd0" />
    <UnitTestResult executionId="34cfd81c-31eb-47fc-8d90-d6e57dc8a10b" testId="2b81527c-2cd4-234f-75fb-87d4261ceb5b" testName="ThemeInvariance.page display-typography: tree shape + accessibility ids invariant across antLight/antDark" computerName="ee01623d796c" duration="00:00:01.4580000" startTime="2026-06-19T12:44:42.4772313+02:00" endTime="2026-06-19T12:44:43.9374187+02:00" testType="13cdc9d9-ddb5-4fa4-a97d-d965ccfc6d4b" outcome="Passed" testListId="8c84fa94-04c1-424b-9868-57a2d4851a1d" relativeResultsDirectory="34cfd81c-31eb-47fc-8d90-d6e57dc8a10b" />
    <UnitTestResult executionId="f99aa436-8fd2-4c2b-9533-30f1ce3727ea" testId="b468432c-4c87-6dd2-5cb7-f413efb8f3ea" testName="Coverage.every catalog page has a non-empty control list" computerName="ee01623d796c" startTime="2026-06-19T12:44:49.2513404+02:00" endTime="2026-06-19T12:44:49.2580195+02:00" testType="13cdc9d9-ddb5-4fa4-a97d-d965ccfc6d4b" outcome="Passed" testListId="8c84fa94-04c1-424b-9868-57a2d4851a1d" relativeResultsDirectory="f99aa436-8fd2-4c2b-9533-30f1ce3727ea" />
    <UnitTestResult executionId="68107121-1e57-4ef7-a1cf-3edc142a4934" testId="a32efe94-3ad9-1f9d-9d67-3478d19926c4" testName="PageRender.catalog page buttons renders a non-empty tree" computerName="ee01623d796c" duration="00:00:00.6340000" startTime="2026-06-19T12:44:45.3985972+02:00" endTime="2026-06-19T12:44:46.0341858+02:00" testType="13cdc9d9-ddb5-4fa4-a97d-d965ccfc6d4b" outcome="Passed" testListId="8c84fa94-04c1-424b-9868-57a2d4851a1d" relativeResultsDirectory="68107121-1e57-4ef7-a1cf-3edc142a4934" />
    <UnitTestResult executionId="24985925-2b8d-4cd0-a5b6-a01d31689c81" testId="1a9fb270-d984-0bc0-21db-77ab26cfe454" testName="Coverage.every catalog control maps to exactly one page (0 unreferenced, 0 duplicated)" computerName="ee01623d796c" duration="00:00:00.0060000" startTime="2026-06-19T12:44:49.2024468+02:00" endTime="2026-06-19T12:44:49.2094406+02:00" testType="13cdc9d9-ddb5-4fa4-a97d-d965ccfc6d4b" outcome="Passed" testListId="8c84fa94-04c1-424b-9868-57a2d4851a1d" relativeResultsDirectory="24985925-2b8d-4cd0-a5b6-a01d31689c81" />
    <UnitTestResult executionId="8474be95-b9a0-404d-82f2-6e1d0bdc4db4" testId="ec608aab-f7e0-9dac-c408-51163f16f26f" testName="VisualEvidence.complete screenshots without reviewer classification are blocked" computerName="ee01623d796c" duration="00:00:00.0390000" startTime="2026-06-19T12:44:42.2739342+02:00" endTime="2026-06-19T12:44:42.3492519+02:00" testType="13cdc9d9-ddb5-4fa4-a97d-d965ccfc6d4b" outcome="Passed" testListId="8c84fa94-04c1-424b-9868-57a2d4851a1d" relativeResultsDirectory="8474be95-b9a0-404d-82f2-6e1d0bdc4db4" />
    <UnitTestResult executionId="6589d04e-fc15-49c5-901e-da1c289dd86f" testId="3ad74e37-69bf-e2f1-25ec-f4cb7dde8470" testName="VisualTemplate.template pages keep primary actions visible" computerName="ee01623d796c" duration="00:00:00.0170000" startTime="2026-06-19T12:44:42.3670267+02:00" endTime="2026-06-19T12:44:42.3952589+02:00" testType="13cdc9d9-ddb5-4fa4-a97d-d965ccfc6d4b" outcome="Passed" testListId="8c84fa94-04c1-424b-9868-57a2d4851a1d" relativeResultsDirectory="6589d04e-fc15-49c5-901e-da1c289dd86f" />
    <UnitTestResult executionId="6f08089c-2353-4fe0-8cf4-c346410fdb18" testId="afa86f8b-b4d5-5083-a71d-8201a78076b9" testName="PageRender.catalog page display-typography renders a non-empty tree" computerName="ee01623d796c" duration="00:00:00.8780000" startTime="2026-06-19T12:44:44.9487444+02:00" endTime="2026-06-19T12:44:45.8284469+02:00" testType="13cdc9d9-ddb5-4fa4-a97d-d965ccfc6d4b" outcome="Passed" testListId="8c84fa94-04c1-424b-9868-57a2d4851a1d" relativeResultsDirectory="6f08089c-2353-4fe0-8cf4-c346410fdb18" />
    <UnitTestResult executionId="3987ceb7-1d73-400d-97ae-e400351ebfd7" testId="83809193-3729-b216-0ab1-e806956670b8" testName="PageRender.catalog page charts-advanced renders a non-empty tree" computerName="ee01623d796c" duration="00:00:00.9700000" startTime="2026-06-19T12:44:48.8071062+02:00" endTime="2026-06-19T12:44:49.7799300+02:00" testType="13cdc9d9-ddb5-4fa4-a97d-d965ccfc6d4b" outcome="Passed" testListId="8c84fa94-04c1-424b-9868-57a2d4851a1d" relativeResultsDirectory="3987ceb7-1d73-400d-97ae-e400351ebfd7" />
    <UnitTestResult executionId="29df84a0-9b76-42d6-9b89-9b274ec7513a" testId="7e23b57a-037a-08e6-2ff4-a342e79e3923" testName="Feature144 AntShowcase date-picker flow.input page publishes date-picker transient metadata tied to product open state" computerName="ee01623d796c" duration="00:00:00.0190000" startTime="2026-06-19T12:44:42.4030021+02:00" endTime="2026-06-19T12:44:42.4283714+02:00" testType="13cdc9d9-ddb5-4fa4-a97d-d965ccfc6d4b" outcome="Passed" testListId="8c84fa94-04c1-424b-9868-57a2d4851a1d" relativeResultsDirectory="29df84a0-9b76-42d6-9b89-9b274ec7513a" />
    <UnitTestResult executionId="d438d022-4cd6-4cf5-8eb1-56dca7b745d4" testId="f187f4c9-0608-08eb-5613-4c3c17d5ec64" testName="VisualPage.large and dense pages declare dedicated demonstration regions" computerName="ee01623d796c" startTime="2026-06-19T12:44:42.3670582+02:00" endTime="2026-06-19T12:44:42.3902136+02:00" testType="13cdc9d9-ddb5-4fa4-a97d-d965ccfc6d4b" outcome="Passed" testListId="8c84fa94-04c1-424b-9868-57a2d4851a1d" relativeResultsDirectory="d438d022-4cd6-4cf5-8eb1-56dca7b745d4" />
    <UnitTestResult executionId="78b5cbe1-9b77-49db-bb18-3f31fe573950" testId="9b07565a-dadc-6b39-1b91-e1b38913b0f9" testName="Template.form: field edits return to Editing (no premature validation)" computerName="ee01623d796c" startTime="2026-06-19T12:44:44.9364502+02:00" endTime="2026-06-19T12:44:44.9384976+02:00" testType="13cdc9d9-ddb5-4fa4-a97d-d965ccfc6d4b" outcome="Passed" testListId="8c84fa94-04c1-424b-9868-57a2d4851a1d" relativeResultsDirectory="78b5cbe1-9b77-49db-bb18-3f31fe573950" />
    <UnitTestResult executionId="ed428723-6732-4c30-a253-2fc0ade8e7bf" testId="c3a33e9a-a68a-dcef-803d-64b0b1e11a40" testName="VisualReadiness.accepted showcase sizes are declared" computerName="ee01623d796c" duration="00:00:00.0250000" startTime="2026-06-19T12:44:42.2732374+02:00" endTime="2026-06-19T12:44:42.3400117+02:00" testType="13cdc9d9-ddb5-4fa4-a97d-d965ccfc6d4b" outcome="Passed" testListId="8c84fa94-04c1-424b-9868-57a2d4851a1d" relativeResultsDirectory="ed428723-6732-4c30-a253-2fc0ade8e7bf" />
    <UnitTestResult executionId="1fda8b44-fb60-4319-baf6-33351a60eb30" testId="85160a51-271a-71bd-8900-4dcf49418864" testName="PageRender.catalog page navigation-menus renders a non-empty tree" computerName="ee01623d796c" duration="00:00:01.8120000" startTime="2026-06-19T12:44:47.3701980+02:00" endTime="2026-06-19T12:44:49.1864755+02:00" testType="13cdc9d9-ddb5-4fa4-a97d-d965ccfc6d4b" outcome="Passed" testListId="8c84fa94-04c1-424b-9868-57a2d4851a1d" relativeResultsDirectory="1fda8b44-fb60-4319-baf6-33351a60eb30" />
    <UnitTestResult executionId="25754972-68a5-472e-a40f-95288a2328d3" testId="655c4c02-9946-2cfc-ee79-c4228409c947" testName="Feedback.feedback accumulates newest-first and stays tagged per page" computerName="ee01623d796c" duration="00:00:00.0010000" startTime="2026-06-19T12:44:42.4211719+02:00" endTime="2026-06-19T12:44:42.4247179+02:00" testType="13cdc9d9-ddb5-4fa4-a97d-d965ccfc6d4b" outcome="Passed" testListId="8c84fa94-04c1-424b-9868-57a2d4851a1d" relativeResultsDirectory="25754972-68a5-472e-a40f-95288a2328d3" />
    <UnitTestResult executionId="73cf2aca-c2c7-4f88-b6fe-7651557837e8" testId="285b5efe-6c9a-66a8-6d98-04ce5003bfec" testName="VisualReadiness.CLI aliases resolve to canonical theme ids" computerName="ee01623d796c" duration="00:00:00.0080000" startTime="2026-06-19T12:44:42.2732372+02:00" endTime="2026-06-19T12:44:42.3399916+02:00" testType="13cdc9d9-ddb5-4fa4-a97d-d965ccfc6d4b" outcome="Passed" testListId="8c84fa94-04c1-424b-9868-57a2d4851a1d" relativeResultsDirectory="73cf2aca-c2c7-4f88-b6fe-7651557837e8" />
    <UnitTestResult executionId="2b6a152e-47ff-40c9-b054-f1ea9747a53c" testId="dfd812b9-5a13-9688-ebc8-a9fb4fcf4458" testName="VisualTemplate.all template pages render as application compositions" computerName="ee01623d796c" duration="00:00:05.8060000" startTime="2026-06-19T12:44:42.3339439+02:00" endTime="2026-06-19T12:44:48.1417266+02:00" testType="13cdc9d9-ddb5-4fa4-a97d-d965ccfc6d4b" outcome="Passed" testListId="8c84fa94-04c1-424b-9868-57a2d4851a1d" relativeResultsDirectory="2b6a152e-47ff-40c9-b054-f1ea9747a53c" />
    <UnitTestResult executionId="b276c9db-e175-4b87-866f-c157b2f1a088" testId="8e5d2335-31d5-2873-1367-47e3b1e8c4fb" testName="Interaction.buttons: activation increments the visible counter" computerName="ee01623d796c" duration="00:00:00.0040000" startTime="2026-06-19T12:44:42.4313421+02:00" endTime="2026-06-19T12:44:42.4407198+02:00" testType="13cdc9d9-ddb5-4fa4-a97d-d965ccfc6d4b" outcome="Passed" testListId="8c84fa94-04c1-424b-9868-57a2d4851a1d" relativeResultsDirectory="b276c9db-e175-4b87-866f-c157b2f1a088" />
    <UnitTestResult executionId="ca1519fb-e4e8-47fe-abfb-0dc44e8fefa7" testId="f9f704d8-0124-7e53-c1b4-a8ff6c0d9968" testName="VisualShell.theme and current page affordances render in full shell" computerName="ee01623d796c" duration="00:00:09.2570000" startTime="2026-06-19T12:44:42.3967875+02:00" endTime="2026-06-19T12:44:51.6628680+02:00" testType="13cdc9d9-ddb5-4fa4-a97d-d965ccfc6d4b" outcome="Passed" testListId="8c84fa94-04c1-424b-9868-57a2d4851a1d" relativeResultsDirectory="ca1519fb-e4e8-47fe-abfb-0dc44e8fefa7" />
    <UnitTestResult executionId="b042433d-0efd-4890-b3d7-8c4aee6fe150" testId="99377ca3-ec56-ab3a-7ae0-6b0454c9e7a9" testName="ThemeInvariance.page tpl-workbench: tree shape + accessibility ids invariant across antLight/antDark" computerName="ee01623d796c" duration="00:00:02.4300000" startTime="2026-06-19T12:44:43.9421852+02:00" endTime="2026-06-19T12:44:46.3742383+02:00" testType="13cdc9d9-ddb5-4fa4-a97d-d965ccfc6d4b" outcome="Passed" testListId="8c84fa94-04c1-424b-9868-57a2d4851a1d" relativeResultsDirectory="b042433d-0efd-4890-b3d7-8c4aee6fe150" />
    <UnitTestResult executionId="ffa38f26-4f5b-4313-9585-5574cb86c097" testId="2c6a9575-ba52-151b-44eb-c2902bdc8548" testName="Degrade.degraded summary discloses and never claims a screenshot" computerName="ee01623d796c" duration="00:00:00.0010000" startTime="2026-06-19T12:44:42.4374535+02:00" endTime="2026-06-19T12:44:42.4426741+02:00" testType="13cdc9d9-ddb5-4fa4-a97d-d965ccfc6d4b" outcome="Passed" testListId="8c84fa94-04c1-424b-9868-57a2d4851a1d" relativeResultsDirectory="ffa38f26-4f5b-4313-9585-5574cb86c097" />
    <UnitTestResult executionId="6db3458e-302f-48cd-afa8-842e5dcfd525" testId="40b2ebcf-dc99-6f04-d5e5-ce00f148c33a" testName="Feature144 AntShowcase date-picker stale-overlay proof.reference evidence records replay focus product messages and no stale overlay" computerName="ee01623d796c" duration="00:00:00.0020000" startTime="2026-06-19T12:44:42.4013159+02:00" endTime="2026-06-19T12:44:42.4091821+02:00" testType="13cdc9d9-ddb5-4fa4-a97d-d965ccfc6d4b" outcome="Passed" testListId="8c84fa94-04c1-424b-9868-57a2d4851a1d" relativeResultsDirectory="6db3458e-302f-48cd-afa8-842e5dcfd525" />
    <UnitTestResult executionId="1935bcce-fe8a-4b2a-b7c0-14cb465a27f7" testId="c29222ec-3a71-6581-f500-ddf9f18580c6" testName="PageRender.every page is reachable in one direct nav selection (≤2 actions, SC-008)" computerName="ee01623d796c" duration="00:00:00.0010000" startTime="2026-06-19T12:44:49.1902532+02:00" endTime="2026-06-19T12:44:49.1925255+02:00" testType="13cdc9d9-ddb5-4fa4-a97d-d965ccfc6d4b" outcome="Passed" testListId="8c84fa94-04c1-424b-9868-57a2d4851a1d" relativeResultsDirectory="1935bcce-fe8a-4b2a-b7c0-14cb465a27f7" />
    <UnitTestResult executionId="1f43a9b8-0b92-4be2-9708-4560e65dc2be" testId="7064acdf-fef2-0f32-6222-ece71e95b451" testName="Interaction.each interactive family maps its input to its own field transition" computerName="ee01623d796c" duration="00:00:00.0030000" startTime="2026-06-19T12:44:42.4313659+02:00" endTime="2026-06-19T12:44:42.4431266+02:00" testType="13cdc9d9-ddb5-4fa4-a97d-d965ccfc6d4b" outcome="Passed" testListId="8c84fa94-04c1-424b-9868-57a2d4851a1d" relativeResultsDirectory="1f43a9b8-0b92-4be2-9708-4560e65dc2be" />
    <UnitTestResult executionId="51dfc556-d18a-411a-a2d4-95f8858807fc" testId="5e8a7486-80a2-9948-7302-9681d6e8a6b2" testName="PageRender.catalog page layout-containers renders a non-empty tree" computerName="ee01623d796c" duration="00:00:01.5430000" startTime="2026-06-19T12:44:46.3777637+02:00" endTime="2026-06-19T12:44:47.9259475+02:00" testType="13cdc9d9-ddb5-4fa4-a97d-d965ccfc6d4b" outcome="Passed" testListId="8c84fa94-04c1-424b-9868-57a2d4851a1d" relativeResultsDirectory="51dfc556-d18a-411a-a2d4-95f8858807fc" />
    <UnitTestResult executionId="dc0d2260-0d23-433d-ab9e-e6c8d777dba9" testId="583e56cc-e4f5-1057-04cb-fb7de33edd5c" testName="VisualEvidence.degraded capture keeps readiness environment-limited" computerName="ee01623d796c" duration="00:00:00.0380000" startTime="2026-06-19T12:44:42.2737900+02:00" endTime="2026-06-19T12:44:42.3639605+02:00" testType="13cdc9d9-ddb5-4fa4-a97d-d965ccfc6d4b" outcome="Passed" testListId="8c84fa94-04c1-424b-9868-57a2d4851a1d" relativeResultsDirectory="dc0d2260-0d23-433d-ab9e-e6c8d777dba9" />
    <UnitTestResult executionId="3ae14376-5734-4d5f-b2de-5393b24c92d5" testId="a61aa88e-ee00-e9bd-035b-c8dc690dce95" testName="Template.template tpl-list is composed only of catalog control types (SC-002)" computerName="ee01623d796c" duration="00:00:00.0020000" startTime="2026-06-19T12:44:44.8431806+02:00" endTime="2026-06-19T12:44:44.8470256+02:00" testType="13cdc9d9-ddb5-4fa4-a97d-d965ccfc6d4b" outcome="Passed" testListId="8c84fa94-04c1-424b-9868-57a2d4851a1d" relativeResultsDirectory="3ae14376-5734-4d5f-b2de-5393b24c92d5" />
    <UnitTestResult executionId="8556dac0-490d-4a26-bd9e-86dec3c9d213" testId="1025a283-8f4d-3ab6-b652-95460c5a8059" testName="Coverage.template pages are exempt: they carry no ControlIds" computerName="ee01623d796c" startTime="2026-06-19T12:44:49.2384184+02:00" endTime="2026-06-19T12:44:49.2451607+02:00" testType="13cdc9d9-ddb5-4fa4-a97d-d965ccfc6d4b" outcome="Passed" testListId="8c84fa94-04c1-424b-9868-57a2d4851a1d" relativeResultsDirectory="8556dac0-490d-4a26-bd9e-86dec3c9d213" />
    <UnitTestResult executionId="c6901d07-8747-4bfe-853a-8851c37baedd" testId="40823157-4ef8-ad9b-16fa-c76688956b70" testName="ThemeInvariance.page charts-statistical: tree shape + accessibility ids invariant across antLight/antDark" computerName="ee01623d796c" duration="00:00:02.6380000" startTime="2026-06-19T12:44:42.4772540+02:00" endTime="2026-06-19T12:44:45.1240483+02:00" testType="13cdc9d9-ddb5-4fa4-a97d-d965ccfc6d4b" outcome="Passed" testListId="8c84fa94-04c1-424b-9868-57a2d4851a1d" relativeResultsDirectory="c6901d07-8747-4bfe-853a-8851c37baedd" />
    <UnitTestResult executionId="46e71184-b0d6-4aae-b560-15ba380f789b" testId="6813e770-91b6-3c4d-75f8-5a3721111139" testName="VisualPage.every live page has a visual profile" computerName="ee01623d796c" startTime="2026-06-19T12:44:42.3670493+02:00" endTime="2026-06-19T12:44:42.3815400+02:00" testType="13cdc9d9-ddb5-4fa4-a97d-d965ccfc6d4b" outcome="Passed" testListId="8c84fa94-04c1-424b-9868-57a2d4851a1d" relativeResultsDirectory="46e71184-b0d6-4aae-b560-15ba380f789b" />
    <UnitTestResult executionId="0a7e54cf-3b4d-487f-b434-82f85b6f3118" testId="96e5af69-e30b-6435-3901-979b126429e8" testName="Template.form: valid submit ⇒ Submitted with a success result node" computerName="ee01623d796c" startTime="2026-06-19T12:44:44.9246905+02:00" endTime="2026-06-19T12:44:44.9262688+02:00" testType="13cdc9d9-ddb5-4fa4-a97d-d965ccfc6d4b" outcome="Passed" testListId="8c84fa94-04c1-424b-9868-57a2d4851a1d" relativeResultsDirectory="0a7e54cf-3b4d-487f-b434-82f85b6f3118" />
    <UnitTestResult executionId="17c1d077-6ba6-49c5-8271-ec4ef371cec3" testId="79284aba-0bcb-faee-a0cc-84279bcee7b6" testName="VisualShell.preferred shell regions are disjoint" computerName="ee01623d796c" duration="00:00:00.0070000" startTime="2026-06-19T12:44:42.3770001+02:00" endTime="2026-06-19T12:44:42.3951704+02:00" testType="13cdc9d9-ddb5-4fa4-a97d-d965ccfc6d4b" outcome="Passed" testListId="8c84fa94-04c1-424b-9868-57a2d4851a1d" relativeResultsDirectory="17c1d077-6ba6-49c5-8271-ec4ef371cec3" />
    <UnitTestResult executionId="5bc16ec3-75cc-4fc8-b191-eed488fba280" testId="fe7060bd-4591-3588-68f4-489587f9cff8" testName="Feature144 AntShowcase date-picker stale-overlay proof.final reference render publishes closed metadata and no stale open surface" computerName="ee01623d796c" duration="00:00:00.0230000" startTime="2026-06-19T12:44:42.4013022+02:00" endTime="2026-06-19T12:44:42.4284065+02:00" testType="13cdc9d9-ddb5-4fa4-a97d-d965ccfc6d4b" outcome="Passed" testListId="8c84fa94-04c1-424b-9868-57a2d4851a1d" relativeResultsDirectory="5bc16ec3-75cc-4fc8-b191-eed488fba280" />
    <UnitTestResult executionId="5f04d982-2f79-4ea3-af9d-47fadb3e5aea" testId="cc352e01-3a3e-0a8e-eb97-853af8de2f63" testName="VisualReadiness.shared visual readiness target parity covers preferred and minimum matrices" computerName="ee01623d796c" duration="00:00:00.0300000" startTime="2026-06-19T12:44:42.2734724+02:00" endTime="2026-06-19T12:44:42.3400194+02:00" testType="13cdc9d9-ddb5-4fa4-a97d-d965ccfc6d4b" outcome="Passed" testListId="8c84fa94-04c1-424b-9868-57a2d4851a1d" relativeResultsDirectory="5f04d982-2f79-4ea3-af9d-47fadb3e5aea" />
    <UnitTestResult executionId="b24828cc-b6f0-4cae-b971-0bb5b28186de" testId="19bb6e86-88a7-9f8a-d52d-0c75f62baadd" testName="PageRender.catalog page graphs-custom renders a non-empty tree" computerName="ee01623d796c" duration="00:00:00.5800000" startTime="2026-06-19T12:44:48.9991029+02:00" endTime="2026-06-19T12:44:49.5839193+02:00" testType="13cdc9d9-ddb5-4fa4-a97d-d965ccfc6d4b" outcome="Passed" testListId="8c84fa94-04c1-424b-9868-57a2d4851a1d" relativeResultsDirectory="b24828cc-b6f0-4cae-b971-0bb5b28186de" />
    <UnitTestResult executionId="fab7d05a-7e9b-4be4-b246-0799c6d6cb3d" testId="f656093e-bce5-729f-b784-8cf79cc4b058" testName="Interaction.a seeded keyboard activation changes the product model (responds-proof)" computerName="ee01623d796c" duration="00:00:08.0160000" startTime="2026-06-19T12:44:42.4235800+02:00" endTime="2026-06-19T12:44:50.4426416+02:00" testType="13cdc9d9-ddb5-4fa4-a97d-d965ccfc6d4b" outcome="Passed" testListId="8c84fa94-04c1-424b-9868-57a2d4851a1d" relativeResultsDirectory="fab7d05a-7e9b-4be4-b246-0799c6d6cb3d" />
    <UnitTestResult executionId="a34d732b-0311-448e-8714-33650c3a1477" testId="4d1aa0d0-aa6b-3598-8241-e3916c3908bd" testName="VisualShell.every page renders through the full shell at preferred size" computerName="ee01623d796c" duration="00:00:23.9830000" startTime="2026-06-19T12:44:42.3953648+02:00" endTime="2026-06-19T12:45:06.3843631+02:00" testType="13cdc9d9-ddb5-4fa4-a97d-d965ccfc6d4b" outcome="Passed" testListId="8c84fa94-04c1-424b-9868-57a2d4851a1d" relativeResultsDirectory="a34d732b-0311-448e-8714-33650c3a1477" />
    <UnitTestResult executionId="c972db36-09d0-459c-830c-7100c8537a71" testId="919aca14-21ca-24ae-e3f3-bf5c23f46b1d" testName="Degrade.a proven record claims the non-blank-offscreen-png; a degraded one does not" computerName="ee01623d796c" startTime="2026-06-19T12:44:42.4528461+02:00" endTime="2026-06-19T12:44:42.4603506+02:00" testType="13cdc9d9-ddb5-4fa4-a97d-d965ccfc6d4b" outcome="Passed" testListId="8c84fa94-04c1-424b-9868-57a2d4851a1d" relativeResultsDirectory="c972db36-09d0-459c-830c-7100c8537a71" />
    <UnitTestResult executionId="4d411719-3037-436a-af43-ce5bb7b7c1a6" testId="080bf1e1-b2b3-6682-2d6a-bc25ee1a6d96" testName="VisualEvidence.workflow expands page and theme matrix" computerName="ee01623d796c" duration="00:00:00.0290000" startTime="2026-06-19T12:44:42.2736521+02:00" endTime="2026-06-19T12:44:42.3492229+02:00" testType="13cdc9d9-ddb5-4fa4-a97d-d965ccfc6d4b" outcome="Passed" testListId="8c84fa94-04c1-424b-9868-57a2d4851a1d" relativeResultsDirectory="4d411719-3037-436a-af43-ce5bb7b7c1a6" />
    <UnitTestResult executionId="d4e3781a-8670-4971-a48d-d7d8faa789ba" testId="04f0e1ed-caaa-d978-df3b-8f5e14da8226" testName="PageRender.catalog page cards-stats-media renders a non-empty tree" computerName="ee01623d796c" duration="00:00:02.7740000" startTime="2026-06-19T12:44:45.1280811+02:00" endTime="2026-06-19T12:44:47.9040805+02:00" testType="13cdc9d9-ddb5-4fa4-a97d-d965ccfc6d4b" outcome="Passed" testListId="8c84fa94-04c1-424b-9868-57a2d4851a1d" relativeResultsDirectory="d4e3781a-8670-4971-a48d-d7d8faa789ba" />
    <UnitTestResult executionId="a9c2cb3f-fdb9-4a38-acda-ae2a0f86c6ba" testId="9637135e-7cbd-f599-f2ff-5dd6d5df3488" testName="Feedback.feedback lines round-trip through the persistence encoding (incl. tab/newline)" computerName="ee01623d796c" startTime="2026-06-19T12:44:42.4211770+02:00" endTime="2026-06-19T12:44:42.4256250+02:00" testType="13cdc9d9-ddb5-4fa4-a97d-d965ccfc6d4b" outcome="Passed" testListId="8c84fa94-04c1-424b-9868-57a2d4851a1d" relativeResultsDirectory="a9c2cb3f-fdb9-4a38-acda-ae2a0f86c6ba" />
    <UnitTestResult executionId="ef22ba13-ae09-4707-ba81-de4d05b0211e" testId="f6a328ce-f34d-b6c8-a194-b8ccefb47066" testName="VisualEvidence.visual summary delegates generated readiness fields to shared report" computerName="ee01623d796c" duration="00:00:00.0420000" startTime="2026-06-19T12:44:42.3214758+02:00" endTime="2026-06-19T12:44:42.3649746+02:00" testType="13cdc9d9-ddb5-4fa4-a97d-d965ccfc6d4b" outcome="Passed" testListId="8c84fa94-04c1-424b-9868-57a2d4851a1d" relativeResultsDirectory="ef22ba13-ae09-4707-ba81-de4d05b0211e" />
    <UnitTestResult executionId="86be5090-6d9e-4015-82f2-085a1e7cab75" testId="cc2b1f24-28df-f2bd-3c94-a01353d5e77f" testName="VisualTemplate.result and exception templates include balanced outcome content" computerName="ee01623d796c" duration="00:00:00.0020000" startTime="2026-06-19T12:44:42.3670312+02:00" endTime="2026-06-19T12:44:42.3810795+02:00" testType="13cdc9d9-ddb5-4fa4-a97d-d965ccfc6d4b" outcome="Passed" testListId="8c84fa94-04c1-424b-9868-57a2d4851a1d" relativeResultsDirectory="86be5090-6d9e-4015-82f2-085a1e7cab75" />
    <UnitTestResult executionId="0304abf9-fd55-4c71-83a3-471333384770" testId="504590f8-4f29-f667-ea24-7f56752bd9f9" testName="VisualPage.minimum-size representative pages are declared" computerName="ee01623d796c" startTime="2026-06-19T12:44:42.3670930+02:00" endTime="2026-06-19T12:44:42.3911308+02:00" testType="13cdc9d9-ddb5-4fa4-a97d-d965ccfc6d4b" outcome="Passed" testListId="8c84fa94-04c1-424b-9868-57a2d4851a1d" relativeResultsDirectory="0304abf9-fd55-4c71-83a3-471333384770" />
    <UnitTestResult executionId="154f69c1-6587-420e-b012-ef802fce9124" testId="f592165f-4311-76bc-b1d5-744730b286d2" testName="Template.template tpl-form is composed only of catalog control types (SC-002)" computerName="ee01623d796c" startTime="2026-06-19T12:44:44.8740598+02:00" endTime="2026-06-19T12:44:44.8754310+02:00" testType="13cdc9d9-ddb5-4fa4-a97d-d965ccfc6d4b" outcome="Passed" testListId="8c84fa94-04c1-424b-9868-57a2d4851a1d" relativeResultsDirectory="154f69c1-6587-420e-b012-ef802fce9124" />
    <UnitTestResult executionId="4d6cf59a-dd0d-4f84-97b4-8a73195cb69b" testId="68af0dfb-f289-7ecd-149f-0f34256310d1" testName="Feedback.submitting a non-blank draft saves a page-tagged entry and clears the draft" computerName="ee01623d796c" startTime="2026-06-19T12:44:42.4109854+02:00" endTime="2026-06-19T12:44:42.4137874+02:00" testType="13cdc9d9-ddb5-4fa4-a97d-d965ccfc6d4b" outcome="Passed" testListId="8c84fa94-04c1-424b-9868-57a2d4851a1d" relativeResultsDirectory="4d6cf59a-dd0d-4f84-97b4-8a73195cb69b" />
    <UnitTestResult executionId="4cae9671-aa29-47f2-86fb-043fcd045d36" testId="097e80f5-9b7d-ec8f-bef6-653814aab951" testName="VisualReadiness.full shell renders in both canonical themes at accepted sizes" computerName="ee01623d796c" duration="00:00:10.5600000" startTime="2026-06-19T12:44:42.2733376+02:00" endTime="2026-06-19T12:44:52.8693946+02:00" testType="13cdc9d9-ddb5-4fa4-a97d-d965ccfc6d4b" outcome="Passed" testListId="8c84fa94-04c1-424b-9868-57a2d4851a1d" relativeResultsDirectory="4cae9671-aa29-47f2-86fb-043fcd045d36" />
    <UnitTestResult executionId="31ed785c-0fff-4c9b-bcab-f5fe8104c88c" testId="6fdfdb32-d9fc-4f00-2d25-2a979d845586" testName="Interaction.the host key map routes activation keys to a button click" computerName="ee01623d796c" duration="00:00:00.0050000" startTime="2026-06-19T12:44:42.4313603+02:00" endTime="2026-06-19T12:44:42.4440677+02:00" testType="13cdc9d9-ddb5-4fa4-a97d-d965ccfc6d4b" outcome="Passed" testListId="8c84fa94-04c1-424b-9868-57a2d4851a1d" relativeResultsDirectory="31ed785c-0fff-4c9b-bcab-f5fe8104c88c" />
    <UnitTestResult executionId="9a7fcfcf-122d-40d6-ada0-ff4b5089b310" testId="ed4d4b43-169d-b1c9-8ccd-0a59d3726434" testName="PageRender.catalog page text-numeric-input renders a non-empty tree" computerName="ee01623d796c" duration="00:00:02.9610000" startTime="2026-06-19T12:44:45.8297513+02:00" endTime="2026-06-19T12:44:48.7944471+02:00" testType="13cdc9d9-ddb5-4fa4-a97d-d965ccfc6d4b" outcome="Passed" testListId="8c84fa94-04c1-424b-9868-57a2d4851a1d" relativeResultsDirectory="9a7fcfcf-122d-40d6-ada0-ff4b5089b310" />
    <UnitTestResult executionId="6ef285cf-4c2d-4d3b-8321-87b49a2574d4" testId="548cacb6-6962-773f-9c72-1aeaf2920057" testName="ThemeInvariance.page selection-toggles: tree shape + accessibility ids invariant across antLight/antDark" computerName="ee01623d796c" duration="00:00:02.3450000" startTime="2026-06-19T12:44:42.4772353+02:00" endTime="2026-06-19T12:44:44.8239542+02:00" testType="13cdc9d9-ddb5-4fa4-a97d-d965ccfc6d4b" outcome="Passed" testListId="8c84fa94-04c1-424b-9868-57a2d4851a1d" relativeResultsDirectory="6ef285cf-4c2d-4d3b-8321-87b49a2574d4" />
    <UnitTestResult executionId="6045f45f-8a9e-41a2-8302-abc23b5d0e3b" testId="5bab04b3-a926-faf5-3496-cd74146c8b48" testName="ThemeInvariance.antLight and antDark resolve to distinct themes (visuals change)" computerName="ee01623d796c" startTime="2026-06-19T12:44:42.4671637+02:00" endTime="2026-06-19T12:44:42.4704413+02:00" testType="13cdc9d9-ddb5-4fa4-a97d-d965ccfc6d4b" outcome="Passed" testListId="8c84fa94-04c1-424b-9868-57a2d4851a1d" relativeResultsDirectory="6045f45f-8a9e-41a2-8302-abc23b5d0e3b" />
    <UnitTestResult executionId="79043a50-603e-401c-8013-54f5adb4e16b" testId="07d30ebb-d62c-ec80-538e-349d95b52ad4" testName="Template.template tpl-workbench is composed only of catalog control types (SC-002)" computerName="ee01623d796c" duration="00:00:00.0020000" startTime="2026-06-19T12:44:44.8328735+02:00" endTime="2026-06-19T12:44:44.8366993+02:00" testType="13cdc9d9-ddb5-4fa4-a97d-d965ccfc6d4b" outcome="Passed" testListId="8c84fa94-04c1-424b-9868-57a2d4851a1d" relativeResultsDirectory="79043a50-603e-401c-8013-54f5adb4e16b" />
    <UnitTestResult executionId="b6f4280b-d57e-4f56-9f48-5e895388053f" testId="67d0d92a-a588-9ae4-1e40-c746fad48a42" testName="Feature145 AntShowcase overlay visual correlation.date-picker reference evidence carries scenario hit focus and dispatch correlation" computerName="ee01623d796c" startTime="2026-06-19T12:44:42.4012912+02:00" endTime="2026-06-19T12:44:42.4091716+02:00" testType="13cdc9d9-ddb5-4fa4-a97d-d965ccfc6d4b" outcome="Passed" testListId="8c84fa94-04c1-424b-9868-57a2d4851a1d" relativeResultsDirectory="b6f4280b-d57e-4f56-9f48-5e895388053f" />
    <UnitTestResult executionId="c0fa9243-1419-4d0f-a510-fb7b688793f4" testId="14abbb01-f46d-3a6f-7efe-5f8db303eb27" testName="Feature143 AntShowcase date-picker reference flow.scripted date-picker overlay opens selects dismisses and records evidence" computerName="ee01623d796c" duration="00:00:00.0490000" startTime="2026-06-19T12:44:42.4030289+02:00" endTime="2026-06-19T12:44:42.4591706+02:00" testType="13cdc9d9-ddb5-4fa4-a97d-d965ccfc6d4b" outcome="Passed" testListId="8c84fa94-04c1-424b-9868-57a2d4851a1d" relativeResultsDirectory="c0fa9243-1419-4d0f-a510-fb7b688793f4" />
    <UnitTestResult executionId="af84b3ed-bf10-44ae-a99e-10a25e0f9107" testId="9c3a38c8-7a33-e912-68a9-b70129afb0fe" testName="PageRender.catalog page selection-toggles renders a non-empty tree" computerName="ee01623d796c" duration="00:00:01.3060000" startTime="2026-06-19T12:44:46.0442336+02:00" endTime="2026-06-19T12:44:47.3644449+02:00" testType="13cdc9d9-ddb5-4fa4-a97d-d965ccfc6d4b" outcome="Passed" testListId="8c84fa94-04c1-424b-9868-57a2d4851a1d" relativeResultsDirectory="af84b3ed-bf10-44ae-a99e-10a25e0f9107" />
    <UnitTestResult executionId="47b29232-d0ff-451b-b3bf-20027e8965af" testId="5688d9c4-f7c2-734e-ad71-c3bbe0d065ff" testName="Template.form: invalid submit ⇒ Invalid with validation messages and NO success result" computerName="ee01623d796c" duration="00:00:00.0030000" startTime="2026-06-19T12:44:44.9127267+02:00" endTime="2026-06-19T12:44:44.9188478+02:00" testType="13cdc9d9-ddb5-4fa4-a97d-d965ccfc6d4b" outcome="Passed" testListId="8c84fa94-04c1-424b-9868-57a2d4851a1d" relativeResultsDirectory="47b29232-d0ff-451b-b3bf-20027e8965af" />
    <UnitTestResult executionId="a799c320-b5cb-4f68-b80c-64aa8b36a539" testId="b6dab455-db27-540d-bc2e-f2883532578e" testName="Determinism.golden state outcome is byte-identical across two same-seed runs over all pages" computerName="ee01623d796c" duration="00:00:51.6610000" startTime="2026-06-19T12:44:42.4528588+02:00" endTime="2026-06-19T12:45:34.1192343+02:00" testType="13cdc9d9-ddb5-4fa4-a97d-d965ccfc6d4b" outcome="Passed" testListId="8c84fa94-04c1-424b-9868-57a2d4851a1d" relativeResultsDirectory="a799c320-b5cb-4f68-b80c-64aa8b36a539" />
    <UnitTestResult executionId="24e5c8bb-4723-415c-b920-e7bd02db776e" testId="c2926ce5-9be2-c75f-e76c-bd179d38d4b9" testName="VisualShell.navigation labels fit the rail after truncation" computerName="ee01623d796c" startTime="2026-06-19T12:44:42.3872349+02:00" endTime="2026-06-19T12:44:42.3974199+02:00" testType="13cdc9d9-ddb5-4fa4-a97d-d965ccfc6d4b" outcome="Passed" testListId="8c84fa94-04c1-424b-9868-57a2d4851a1d" relativeResultsDirectory="24e5c8bb-4723-415c-b920-e7bd02db776e" />
    <UnitTestResult executionId="812735b0-2337-4449-9e2b-e7a98f0b4f0f" testId="b7ef7c09-8054-c257-a04c-d5683fcfbecf" testName="Template.template tpl-detail is composed only of catalog control types (SC-002)" computerName="ee01623d796c" startTime="2026-06-19T12:44:44.8595731+02:00" endTime="2026-06-19T12:44:44.8610206+02:00" testType="13cdc9d9-ddb5-4fa4-a97d-d965ccfc6d4b" outcome="Passed" testListId="8c84fa94-04c1-424b-9868-57a2d4851a1d" relativeResultsDirectory="812735b0-2337-4449-9e2b-e7a98f0b4f0f" />
    <UnitTestResult executionId="2c54d4bc-9aca-4837-be49-5174b2864719" testId="1cb5e1cc-6a53-55bb-4611-c50e0289559d" testName="Coverage.13 catalog pages + 6 template pages = 19 pages" computerName="ee01623d796c" startTime="2026-06-19T12:44:49.2384184+02:00" endTime="2026-06-19T12:44:49.2413083+02:00" testType="13cdc9d9-ddb5-4fa4-a97d-d965ccfc6d4b" outcome="Passed" testListId="8c84fa94-04c1-424b-9868-57a2d4851a1d" relativeResultsDirectory="2c54d4bc-9aca-4837-be49-5174b2864719" />
    <UnitTestResult executionId="e13fbce8-ceda-4db1-942b-5ef7faa95c25" testId="7599075d-ec07-b367-6e52-3aa77241425e" testName="VisualEvidence.reviewer rubric covers every page/theme pair" computerName="ee01623d796c" duration="00:00:00.0260000" startTime="2026-06-19T12:44:42.2740762+02:00" endTime="2026-06-19T12:44:42.3639610+02:00" testType="13cdc9d9-ddb5-4fa4-a97d-d965ccfc6d4b" outcome="Passed" testListId="8c84fa94-04c1-424b-9868-57a2d4851a1d" relativeResultsDirectory="e13fbce8-ceda-4db1-942b-5ef7faa95c25" />
    <UnitTestResult executionId="f30647c8-c0a5-49e5-972d-cd7ffac9a667" testId="f27d5b93-7491-f4d6-f966-e5d83bebd63e" testName="VisualShell.minimum shell regions are disjoint" computerName="ee01623d796c" duration="00:00:00.0060000" startTime="2026-06-19T12:44:42.3805364+02:00" endTime="2026-06-19T12:44:42.3951695+02:00" testType="13cdc9d9-ddb5-4fa4-a97d-d965ccfc6d4b" outcome="Passed" testListId="8c84fa94-04c1-424b-9868-57a2d4851a1d" relativeResultsDirectory="f30647c8-c0a5-49e5-972d-cd7ffac9a667" />
    <UnitTestResult executionId="5d1bcf92-534b-4ce8-93dd-012b73cf5f91" testId="598d58ea-7f70-eae8-d4a2-32f7f4783584" testName="Degrade.degraded run.json marks provesScreenshot false with a stated reason + Ant mode" computerName="ee01623d796c" duration="00:00:00.0110000" startTime="2026-06-19T12:44:42.4528560+02:00" endTime="2026-06-19T12:44:42.4673188+02:00" testType="13cdc9d9-ddb5-4fa4-a97d-d965ccfc6d4b" outcome="Passed" testListId="8c84fa94-04c1-424b-9868-57a2d4851a1d" relativeResultsDirectory="5d1bcf92-534b-4ce8-93dd-012b73cf5f91" />
    <UnitTestResult executionId="88698214-d2c3-400c-bc23-15d977529f74" testId="c2b5cac8-0dce-4350-0fb8-48c83800884b" testName="ThemeInvariance.page tpl-form: tree shape + accessibility ids invariant across antLight/antDark" computerName="ee01623d796c" duration="00:00:02.2050000" startTime="2026-06-19T12:44:43.1833066+02:00" endTime="2026-06-19T12:44:45.3953300+02:00" testType="13cdc9d9-ddb5-4fa4-a97d-d965ccfc6d4b" outcome="Passed" testListId="8c84fa94-04c1-424b-9868-57a2d4851a1d" relativeResultsDirectory="88698214-d2c3-400c-bc23-15d977529f74" />
    <UnitTestResult executionId="9d22a211-6458-4523-a5f2-db2b5aa79208" testId="ee61961f-b1bc-9070-e42f-9b860a859778" testName="Template.template tpl-exception is composed only of catalog control types (SC-002)" computerName="ee01623d796c" startTime="2026-06-19T12:44:44.8996569+02:00" endTime="2026-06-19T12:44:44.9009189+02:00" testType="13cdc9d9-ddb5-4fa4-a97d-d965ccfc6d4b" outcome="Passed" testListId="8c84fa94-04c1-424b-9868-57a2d4851a1d" relativeResultsDirectory="9d22a211-6458-4523-a5f2-db2b5aa79208" />
    <UnitTestResult executionId="2d5c23fe-24b4-4ecb-99da-0c3c1320fa0a" testId="fdc98070-482a-f4ab-6056-5dc66fd28dca" testName="PageRender.catalog page feedback-status renders a non-empty tree" computerName="ee01623d796c" duration="00:00:01.2850000" startTime="2026-06-19T12:44:47.9409392+02:00" endTime="2026-06-19T12:44:49.2293642+02:00" testType="13cdc9d9-ddb5-4fa4-a97d-d965ccfc6d4b" outcome="Passed" testListId="8c84fa94-04c1-424b-9868-57a2d4851a1d" relativeResultsDirectory="2d5c23fe-24b4-4ecb-99da-0c3c1320fa0a" />
    <UnitTestResult executionId="0b21207b-7e5e-4537-a9d8-e32750f51eb6" testId="e8a433f6-8df3-ebe9-1c7c-e55226e7c605" testName="Feature144 AntShowcase date-picker flow.reference script opens selects dismisses and recovers focus through product-owned state" computerName="ee01623d796c" duration="00:00:00.0050000" startTime="2026-06-19T12:44:42.4013207+02:00" endTime="2026-06-19T12:44:42.4128135+02:00" testType="13cdc9d9-ddb5-4fa4-a97d-d965ccfc6d4b" outcome="Passed" testListId="8c84fa94-04c1-424b-9868-57a2d4851a1d" relativeResultsDirectory="0b21207b-7e5e-4537-a9d8-e32750f51eb6" />
    <UnitTestResult executionId="3511e155-583e-4fee-ab24-33958c52bb9d" testId="458e4635-79c0-a706-84b4-e8263db3386d" testName="Coverage.the catalog (live count) maps bijectively onto the Catalog pages" computerName="ee01623d796c" startTime="2026-06-19T12:44:49.2262556+02:00" endTime="2026-06-19T12:44:49.2278110+02:00" testType="13cdc9d9-ddb5-4fa4-a97d-d965ccfc6d4b" outcome="Passed" testListId="8c84fa94-04c1-424b-9868-57a2d4851a1d" relativeResultsDirectory="3511e155-583e-4fee-ab24-33958c52bb9d" />
    <UnitTestResult executionId="62c44bc3-50ea-45fc-ac37-9375f595dad1" testId="32bab839-308f-37e0-9f7f-3df56e3167c2" testName="VisualEvidence.visual summary serializers carry canonical status fields" computerName="ee01623d796c" duration="00:00:00.0750000" startTime="2026-06-19T12:44:42.2740682+02:00" endTime="2026-06-19T12:44:42.3868686+02:00" testType="13cdc9d9-ddb5-4fa4-a97d-d965ccfc6d4b" outcome="Passed" testListId="8c84fa94-04c1-424b-9868-57a2d4851a1d" relativeResultsDirectory="62c44bc3-50ea-45fc-ac37-9375f595dad1" />
    <UnitTestResult executionId="b3cbe683-962d-448b-9772-2c624424acd5" testId="74776e1e-dbb3-0a2b-5734-d8a7da981c11" testName="Template.template tpl-result is composed only of catalog control types (SC-002)" computerName="ee01623d796c" startTime="2026-06-19T12:44:44.8862456+02:00" endTime="2026-06-19T12:44:44.8876125+02:00" testType="13cdc9d9-ddb5-4fa4-a97d-d965ccfc6d4b" outcome="Passed" testListId="8c84fa94-04c1-424b-9868-57a2d4851a1d" relativeResultsDirectory="b3cbe683-962d-448b-9772-2c624424acd5" />
    <UnitTestResult executionId="8ce36a31-1516-45b3-9455-0b54017a10a7" testId="d78c8c69-59cf-d725-6d23-56b13cf53517" testName="Determinism.the form's invalid-then-valid sequence is deterministic through pure update" computerName="ee01623d796c" duration="00:00:00.0020000" startTime="2026-06-19T12:44:42.4670770+02:00" endTime="2026-06-19T12:44:42.4707484+02:00" testType="13cdc9d9-ddb5-4fa4-a97d-d965ccfc6d4b" outcome="Passed" testListId="8c84fa94-04c1-424b-9868-57a2d4851a1d" relativeResultsDirectory="8ce36a31-1516-45b3-9455-0b54017a10a7" />
    <UnitTestResult executionId="4457b316-2a75-422f-894f-e7bca2be7a30" testId="6817c6d0-d6d4-f5b1-eee5-2e37dcd8928f" testName="VisualReadiness.theme switching preserves current page and page state" computerName="ee01623d796c" duration="00:00:00.0250000" startTime="2026-06-19T12:44:42.2732397+02:00" endTime="2026-06-19T12:44:42.3399838+02:00" testType="13cdc9d9-ddb5-4fa4-a97d-d965ccfc6d4b" outcome="Passed" testListId="8c84fa94-04c1-424b-9868-57a2d4851a1d" relativeResultsDirectory="4457b316-2a75-422f-894f-e7bca2be7a30" />
    <UnitTestResult executionId="6d8068b5-e219-4a27-9686-cd1ee7337e91" testId="22ffc5ff-262a-a6f0-1d27-163194313b89" testName="PageRender.catalog page data-collections renders a non-empty tree" computerName="ee01623d796c" duration="00:00:00.8330000" startTime="2026-06-19T12:44:48.1488324+02:00" endTime="2026-06-19T12:44:48.9835448+02:00" testType="13cdc9d9-ddb5-4fa4-a97d-d965ccfc6d4b" outcome="Passed" testListId="8c84fa94-04c1-424b-9868-57a2d4851a1d" relativeResultsDirectory="6d8068b5-e219-4a27-9686-cd1ee7337e91" />
    <UnitTestResult executionId="9a1ebe0f-12b0-4eea-a943-b23a649791be" testId="18a26213-29ca-cb83-3dfd-421b353f975a" testName="Determinism.run.json text is byte-identical for identical record inputs" computerName="ee01623d796c" duration="00:00:32.2600000" startTime="2026-06-19T12:44:42.4550922+02:00" endTime="2026-06-19T12:45:14.7199656+02:00" testType="13cdc9d9-ddb5-4fa4-a97d-d965ccfc6d4b" outcome="Passed" testListId="8c84fa94-04c1-424b-9868-57a2d4851a1d" relativeResultsDirectory="9a1ebe0f-12b0-4eea-a943-b23a649791be" />
    <UnitTestResult executionId="d47a6723-6d02-47b0-b335-83241e885d4d" testId="b1a19044-8601-ab75-95c0-2925186d42c0" testName="VisualPage.every catalog page renders with readable profile metadata" computerName="ee01623d796c" duration="00:00:10.6050000" startTime="2026-06-19T12:44:42.3670684+02:00" endTime="2026-06-19T12:44:52.9871765+02:00" testType="13cdc9d9-ddb5-4fa4-a97d-d965ccfc6d4b" outcome="Passed" testListId="8c84fa94-04c1-424b-9868-57a2d4851a1d" relativeResultsDirectory="d47a6723-6d02-47b0-b335-83241e885d4d" />
    <UnitTestResult executionId="18a5b504-8ed5-49ef-a8d5-45a69c4d4107" testId="aa343278-e4be-0434-e9d5-ae235e1ed3c2" testName="Feedback.a malformed stored line decodes to None" computerName="ee01623d796c" startTime="2026-06-19T12:44:42.4211984+02:00" endTime="2026-06-19T12:44:42.4267737+02:00" testType="13cdc9d9-ddb5-4fa4-a97d-d965ccfc6d4b" outcome="Passed" testListId="8c84fa94-04c1-424b-9868-57a2d4851a1d" relativeResultsDirectory="18a5b504-8ed5-49ef-a8d5-45a69c4d4107" />
    <UnitTestResult executionId="c44d0513-4bfb-47c4-a56e-3e185ef37334" testId="2dbf3349-9d0e-28af-3e87-9e6295d2630f" testName="PageRender.catalog page overlays renders a non-empty tree" computerName="ee01623d796c" duration="00:00:00.3520000" startTime="2026-06-19T12:44:47.9148220+02:00" endTime="2026-06-19T12:44:48.2677129+02:00" testType="13cdc9d9-ddb5-4fa4-a97d-d965ccfc6d4b" outcome="Passed" testListId="8c84fa94-04c1-424b-9868-57a2d4851a1d" relativeResultsDirectory="c44d0513-4bfb-47c4-a56e-3e185ef37334" />
    <UnitTestResult executionId="52c58674-b583-4bab-9354-c4bcf1a43c26" testId="bbdad068-47b0-ed9f-a934-5d1210f7c40a" testName="Interaction.display-only controls are exempt: navigation never alters interactive state" computerName="ee01623d796c" startTime="2026-06-19T12:44:42.4313785+02:00" endTime="2026-06-19T12:44:42.4426565+02:00" testType="13cdc9d9-ddb5-4fa4-a97d-d965ccfc6d4b" outcome="Passed" testListId="8c84fa94-04c1-424b-9868-57a2d4851a1d" relativeResultsDirectory="52c58674-b583-4bab-9354-c4bcf1a43c26" />
    <UnitTestResult executionId="0c393937-495f-4e16-9aa7-b07e203bf6d9" testId="eaae8d14-f5cf-ef93-738f-8603a42092c5" testName="Degrade.every record carries a non-empty notAuthoritativeFor (FR-012)" computerName="ee01623d796c" duration="00:00:00.0010000" startTime="2026-06-19T12:44:42.4528281+02:00" endTime="2026-06-19T12:44:42.4555411+02:00" testType="13cdc9d9-ddb5-4fa4-a97d-d965ccfc6d4b" outcome="Passed" testListId="8c84fa94-04c1-424b-9868-57a2d4851a1d" relativeResultsDirectory="0c393937-495f-4e16-9aa7-b07e203bf6d9" />
    <UnitTestResult executionId="4f14104d-dd4d-435e-bf7b-ce08f6987146" testId="99c7f134-a877-c9d9-9fc2-948fcd097a63" testName="PageRender.catalog page charts-statistical renders a non-empty tree" computerName="ee01623d796c" duration="00:00:01.2870000" startTime="2026-06-19T12:44:48.2776106+02:00" endTime="2026-06-19T12:44:49.5656399+02:00" testType="13cdc9d9-ddb5-4fa4-a97d-d965ccfc6d4b" outcome="Passed" testListId="8c84fa94-04c1-424b-9868-57a2d4851a1d" relativeResultsDirectory="4f14104d-dd4d-435e-bf7b-ce08f6987146" />
  </Results>
  <TestDefinitions>
    <UnitTest name="Feedback.feedback accumulates newest-first and stays tagged per page" storage="/home/developer/projects/fs.gg.rendering/samples/antshowcase/antshowcase.tests/bin/release/net10.0/antshowcase.tests.dll" id="655c4c02-9946-2cfc-ee79-c4228409c947">
      <Execution id="25754972-68a5-472e-a40f-95288a2328d3" />
      <TestMethod codeBase="/home/developer/projects/FS.GG.Rendering/samples/AntShowcase/AntShowcase.Tests/bin/Release/net10.0/AntShowcase.Tests.dll" adapterTypeName="executor://yolodev/expecto" className="Feedback" name="feedback accumulates newest-first and stays tagged per page" />
    </UnitTest>
    <UnitTest name="Template.template tpl-list is composed only of catalog control types (SC-002)" storage="/home/developer/projects/fs.gg.rendering/samples/antshowcase/antshowcase.tests/bin/release/net10.0/antshowcase.tests.dll" id="a61aa88e-ee00-e9bd-035b-c8dc690dce95">
      <Execution id="3ae14376-5734-4d5f-b2de-5393b24c92d5" />
      <TestMethod codeBase="/home/developer/projects/FS.GG.Rendering/samples/AntShowcase/AntShowcase.Tests/bin/Release/net10.0/AntShowcase.Tests.dll" adapterTypeName="executor://yolodev/expecto" className="Template" name="template tpl-list is composed only of catalog control types (SC-002)" />
    </UnitTest>
    <UnitTest name="PageRender.every page is reachable in one direct nav selection (≤2 actions, SC-008)" storage="/home/developer/projects/fs.gg.rendering/samples/antshowcase/antshowcase.tests/bin/release/net10.0/antshowcase.tests.dll" id="c29222ec-3a71-6581-f500-ddf9f18580c6">
      <Execution id="1935bcce-fe8a-4b2a-b7c0-14cb465a27f7" />
      <TestMethod codeBase="/home/developer/projects/FS.GG.Rendering/samples/AntShowcase/AntShowcase.Tests/bin/Release/net10.0/AntShowcase.Tests.dll" adapterTypeName="executor://yolodev/expecto" className="PageRender" name="every page is reachable in one direct nav selection (≤2 actions, SC-008)" />
    </UnitTest>
    <UnitTest name="VisualShell.theme and current page affordances render in full shell" storage="/home/developer/projects/fs.gg.rendering/samples/antshowcase/antshowcase.tests/bin/release/net10.0/antshowcase.tests.dll" id="f9f704d8-0124-7e53-c1b4-a8ff6c0d9968">
      <Execution id="ca1519fb-e4e8-47fe-abfb-0dc44e8fefa7" />
      <TestMethod codeBase="/home/developer/projects/FS.GG.Rendering/samples/AntShowcase/AntShowcase.Tests/bin/Release/net10.0/AntShowcase.Tests.dll" adapterTypeName="executor://yolodev/expecto" className="VisualShell" name="theme and current page affordances render in full shell" />
    </UnitTest>
    <UnitTest name="VisualTemplate.all template pages render as application compositions" storage="/home/developer/projects/fs.gg.rendering/samples/antshowcase/antshowcase.tests/bin/release/net10.0/antshowcase.tests.dll" id="dfd812b9-5a13-9688-ebc8-a9fb4fcf4458">
      <Execution id="2b6a152e-47ff-40c9-b054-f1ea9747a53c" />
      <TestMethod codeBase="/home/developer/projects/FS.GG.Rendering/samples/AntShowcase/AntShowcase.Tests/bin/Release/net10.0/AntShowcase.Tests.dll" adapterTypeName="executor://yolodev/expecto" className="VisualTemplate" name="all template pages render as application compositions" />
    </UnitTest>
    <UnitTest name="Template.template tpl-result is composed only of catalog control types (SC-002)" storage="/home/developer/projects/fs.gg.rendering/samples/antshowcase/antshowcase.tests/bin/release/net10.0/antshowcase.tests.dll" id="74776e1e-dbb3-0a2b-5734-d8a7da981c11">
      <Execution id="b3cbe683-962d-448b-9772-2c624424acd5" />
      <TestMethod codeBase="/home/developer/projects/FS.GG.Rendering/samples/AntShowcase/AntShowcase.Tests/bin/Release/net10.0/AntShowcase.Tests.dll" adapterTypeName="executor://yolodev/expecto" className="Template" name="template tpl-result is composed only of catalog control types (SC-002)" />
    </UnitTest>
    <UnitTest name="ThemeInvariance.page charts-statistical: tree shape + accessibility ids invariant across antLight/antDark" storage="/home/developer/projects/fs.gg.rendering/samples/antshowcase/antshowcase.tests/bin/release/net10.0/antshowcase.tests.dll" id="40823157-4ef8-ad9b-16fa-c76688956b70">
      <Execution id="c6901d07-8747-4bfe-853a-8851c37baedd" />
      <TestMethod codeBase="/home/developer/projects/FS.GG.Rendering/samples/AntShowcase/AntShowcase.Tests/bin/Release/net10.0/AntShowcase.Tests.dll" adapterTypeName="executor://yolodev/expecto" className="ThemeInvariance" name="page charts-statistical: tree shape + accessibility ids invariant across antLight/antDark" />
    </UnitTest>
    <UnitTest name="Template.form: valid submit ⇒ Submitted with a success result node" storage="/home/developer/projects/fs.gg.rendering/samples/antshowcase/antshowcase.tests/bin/release/net10.0/antshowcase.tests.dll" id="96e5af69-e30b-6435-3901-979b126429e8">
      <Execution id="0a7e54cf-3b4d-487f-b434-82f85b6f3118" />
      <TestMethod codeBase="/home/developer/projects/FS.GG.Rendering/samples/AntShowcase/AntShowcase.Tests/bin/Release/net10.0/AntShowcase.Tests.dll" adapterTypeName="executor://yolodev/expecto" className="Template" name="form: valid submit ⇒ Submitted with a success result node" />
    </UnitTest>
    <UnitTest name="Feedback.a malformed stored line decodes to None" storage="/home/developer/projects/fs.gg.rendering/samples/antshowcase/antshowcase.tests/bin/release/net10.0/antshowcase.tests.dll" id="aa343278-e4be-0434-e9d5-ae235e1ed3c2">
      <Execution id="18a5b504-8ed5-49ef-a8d5-45a69c4d4107" />
      <TestMethod codeBase="/home/developer/projects/FS.GG.Rendering/samples/AntShowcase/AntShowcase.Tests/bin/Release/net10.0/AntShowcase.Tests.dll" adapterTypeName="executor://yolodev/expecto" className="Feedback" name="a malformed stored line decodes to None" />
    </UnitTest>
    <UnitTest name="PageRender.catalog page feedback-status renders a non-empty tree" storage="/home/developer/projects/fs.gg.rendering/samples/antshowcase/antshowcase.tests/bin/release/net10.0/antshowcase.tests.dll" id="fdc98070-482a-f4ab-6056-5dc66fd28dca">
      <Execution id="2d5c23fe-24b4-4ecb-99da-0c3c1320fa0a" />
      <TestMethod codeBase="/home/developer/projects/FS.GG.Rendering/samples/AntShowcase/AntShowcase.Tests/bin/Release/net10.0/AntShowcase.Tests.dll" adapterTypeName="executor://yolodev/expecto" className="PageRender" name="catalog page feedback-status renders a non-empty tree" />
    </UnitTest>
    <UnitTest name="ThemeInvariance.page tpl-form: tree shape + accessibility ids invariant across antLight/antDark" storage="/home/developer/projects/fs.gg.rendering/samples/antshowcase/antshowcase.tests/bin/release/net10.0/antshowcase.tests.dll" id="c2b5cac8-0dce-4350-0fb8-48c83800884b">
      <Execution id="88698214-d2c3-400c-bc23-15d977529f74" />
      <TestMethod codeBase="/home/developer/projects/FS.GG.Rendering/samples/AntShowcase/AntShowcase.Tests/bin/Release/net10.0/AntShowcase.Tests.dll" adapterTypeName="executor://yolodev/expecto" className="ThemeInvariance" name="page tpl-form: tree shape + accessibility ids invariant across antLight/antDark" />
    </UnitTest>
    <UnitTest name="VisualEvidence.visual summary delegates generated readiness fields to shared report" storage="/home/developer/projects/fs.gg.rendering/samples/antshowcase/antshowcase.tests/bin/release/net10.0/antshowcase.tests.dll" id="f6a328ce-f34d-b6c8-a194-b8ccefb47066">
      <Execution id="ef22ba13-ae09-4707-ba81-de4d05b0211e" />
      <TestMethod codeBase="/home/developer/projects/FS.GG.Rendering/samples/AntShowcase/AntShowcase.Tests/bin/Release/net10.0/AntShowcase.Tests.dll" adapterTypeName="executor://yolodev/expecto" className="VisualEvidence" name="visual summary delegates generated readiness fields to shared report" />
    </UnitTest>
    <UnitTest name="Template.template tpl-form is composed only of catalog control types (SC-002)" storage="/home/developer/projects/fs.gg.rendering/samples/antshowcase/antshowcase.tests/bin/release/net10.0/antshowcase.tests.dll" id="f592165f-4311-76bc-b1d5-744730b286d2">
      <Execution id="154f69c1-6587-420e-b012-ef802fce9124" />
      <TestMethod codeBase="/home/developer/projects/FS.GG.Rendering/samples/AntShowcase/AntShowcase.Tests/bin/Release/net10.0/AntShowcase.Tests.dll" adapterTypeName="executor://yolodev/expecto" className="Template" name="template tpl-form is composed only of catalog control types (SC-002)" />
    </UnitTest>
    <UnitTest name="VisualEvidence.complete screenshots without reviewer classification are blocked" storage="/home/developer/projects/fs.gg.rendering/samples/antshowcase/antshowcase.tests/bin/release/net10.0/antshowcase.tests.dll" id="ec608aab-f7e0-9dac-c408-51163f16f26f">
      <Execution id="8474be95-b9a0-404d-82f2-6e1d0bdc4db4" />
      <TestMethod codeBase="/home/developer/projects/FS.GG.Rendering/samples/AntShowcase/AntShowcase.Tests/bin/Release/net10.0/AntShowcase.Tests.dll" adapterTypeName="executor://yolodev/expecto" className="VisualEvidence" name="complete screenshots without reviewer classification are blocked" />
    </UnitTest>
    <UnitTest name="Feature144 AntShowcase date-picker stale-overlay proof.reference evidence records replay focus product messages and no stale overlay" storage="/home/developer/projects/fs.gg.rendering/samples/antshowcase/antshowcase.tests/bin/release/net10.0/antshowcase.tests.dll" id="40b2ebcf-dc99-6f04-d5e5-ce00f148c33a">
      <Execution id="6db3458e-302f-48cd-afa8-842e5dcfd525" />
      <TestMethod codeBase="/home/developer/projects/FS.GG.Rendering/samples/AntShowcase/AntShowcase.Tests/bin/Release/net10.0/AntShowcase.Tests.dll" adapterTypeName="executor://yolodev/expecto" className="Feature144 AntShowcase date-picker stale-overlay proof" name="reference evidence records replay focus product messages and no stale overlay" />
    </UnitTest>
    <UnitTest name="Coverage.the catalog (live count) maps bijectively onto the Catalog pages" storage="/home/developer/projects/fs.gg.rendering/samples/antshowcase/antshowcase.tests/bin/release/net10.0/antshowcase.tests.dll" id="458e4635-79c0-a706-84b4-e8263db3386d">
      <Execution id="3511e155-583e-4fee-ab24-33958c52bb9d" />
      <TestMethod codeBase="/home/developer/projects/FS.GG.Rendering/samples/AntShowcase/AntShowcase.Tests/bin/Release/net10.0/AntShowcase.Tests.dll" adapterTypeName="executor://yolodev/expecto" className="Coverage" name="the catalog (live count) maps bijectively onto the Catalog pages" />
    </UnitTest>
    <UnitTest name="VisualReadiness.full shell renders in both canonical themes at accepted sizes" storage="/home/developer/projects/fs.gg.rendering/samples/antshowcase/antshowcase.tests/bin/release/net10.0/antshowcase.tests.dll" id="097e80f5-9b7d-ec8f-bef6-653814aab951">
      <Execution id="4cae9671-aa29-47f2-86fb-043fcd045d36" />
      <TestMethod codeBase="/home/developer/projects/FS.GG.Rendering/samples/AntShowcase/AntShowcase.Tests/bin/Release/net10.0/AntShowcase.Tests.dll" adapterTypeName="executor://yolodev/expecto" className="VisualReadiness" name="full shell renders in both canonical themes at accepted sizes" />
    </UnitTest>
    <UnitTest name="VisualReadiness.shared visual readiness target parity covers preferred and minimum matrices" storage="/home/developer/projects/fs.gg.rendering/samples/antshowcase/antshowcase.tests/bin/release/net10.0/antshowcase.tests.dll" id="cc352e01-3a3e-0a8e-eb97-853af8de2f63">
      <Execution id="5f04d982-2f79-4ea3-af9d-47fadb3e5aea" />
      <TestMethod codeBase="/home/developer/projects/FS.GG.Rendering/samples/AntShowcase/AntShowcase.Tests/bin/Release/net10.0/AntShowcase.Tests.dll" adapterTypeName="executor://yolodev/expecto" className="VisualReadiness" name="shared visual readiness target parity covers preferred and minimum matrices" />
    </UnitTest>
    <UnitTest name="Template.form: invalid submit ⇒ Invalid with validation messages and NO success result" storage="/home/developer/projects/fs.gg.rendering/samples/antshowcase/antshowcase.tests/bin/release/net10.0/antshowcase.tests.dll" id="5688d9c4-f7c2-734e-ad71-c3bbe0d065ff">
      <Execution id="47b29232-d0ff-451b-b3bf-20027e8965af" />
      <TestMethod codeBase="/home/developer/projects/FS.GG.Rendering/samples/AntShowcase/AntShowcase.Tests/bin/Release/net10.0/AntShowcase.Tests.dll" adapterTypeName="executor://yolodev/expecto" className="Template" name="form: invalid submit ⇒ Invalid with validation messages and NO success result" />
    </UnitTest>
    <UnitTest name="PageRender.catalog page text-numeric-input renders a non-empty tree" storage="/home/developer/projects/fs.gg.rendering/samples/antshowcase/antshowcase.tests/bin/release/net10.0/antshowcase.tests.dll" id="ed4d4b43-169d-b1c9-8ccd-0a59d3726434">
      <Execution id="9a7fcfcf-122d-40d6-ada0-ff4b5089b310" />
      <TestMethod codeBase="/home/developer/projects/FS.GG.Rendering/samples/AntShowcase/AntShowcase.Tests/bin/Release/net10.0/AntShowcase.Tests.dll" adapterTypeName="executor://yolodev/expecto" className="PageRender" name="catalog page text-numeric-input renders a non-empty tree" />
    </UnitTest>
    <UnitTest name="PageRender.catalog page buttons renders a non-empty tree" storage="/home/developer/projects/fs.gg.rendering/samples/antshowcase/antshowcase.tests/bin/release/net10.0/antshowcase.tests.dll" id="a32efe94-3ad9-1f9d-9d67-3478d19926c4">
      <Execution id="68107121-1e57-4ef7-a1cf-3edc142a4934" />
      <TestMethod codeBase="/home/developer/projects/FS.GG.Rendering/samples/AntShowcase/AntShowcase.Tests/bin/Release/net10.0/AntShowcase.Tests.dll" adapterTypeName="executor://yolodev/expecto" className="PageRender" name="catalog page buttons renders a non-empty tree" />
    </UnitTest>
    <UnitTest name="PageRender.catalog page cards-stats-media renders a non-empty tree" storage="/home/developer/projects/fs.gg.rendering/samples/antshowcase/antshowcase.tests/bin/release/net10.0/antshowcase.tests.dll" id="04f0e1ed-caaa-d978-df3b-8f5e14da8226">
      <Execution id="d4e3781a-8670-4971-a48d-d7d8faa789ba" />
      <TestMethod codeBase="/home/developer/projects/FS.GG.Rendering/samples/AntShowcase/AntShowcase.Tests/bin/Release/net10.0/AntShowcase.Tests.dll" adapterTypeName="executor://yolodev/expecto" className="PageRender" name="catalog page cards-stats-media renders a non-empty tree" />
    </UnitTest>
    <UnitTest name="Template.template tpl-exception is composed only of catalog control types (SC-002)" storage="/home/developer/projects/fs.gg.rendering/samples/antshowcase/antshowcase.tests/bin/release/net10.0/antshowcase.tests.dll" id="ee61961f-b1bc-9070-e42f-9b860a859778">
      <Execution id="9d22a211-6458-4523-a5f2-db2b5aa79208" />
      <TestMethod codeBase="/home/developer/projects/FS.GG.Rendering/samples/AntShowcase/AntShowcase.Tests/bin/Release/net10.0/AntShowcase.Tests.dll" adapterTypeName="executor://yolodev/expecto" className="Template" name="template tpl-exception is composed only of catalog control types (SC-002)" />
    </UnitTest>
    <UnitTest name="VisualEvidence.degraded capture keeps readiness environment-limited" storage="/home/developer/projects/fs.gg.rendering/samples/antshowcase/antshowcase.tests/bin/release/net10.0/antshowcase.tests.dll" id="583e56cc-e4f5-1057-04cb-fb7de33edd5c">
      <Execution id="dc0d2260-0d23-433d-ab9e-e6c8d777dba9" />
      <TestMethod codeBase="/home/developer/projects/FS.GG.Rendering/samples/AntShowcase/AntShowcase.Tests/bin/Release/net10.0/AntShowcase.Tests.dll" adapterTypeName="executor://yolodev/expecto" className="VisualEvidence" name="degraded capture keeps readiness environment-limited" />
    </UnitTest>
    <UnitTest name="VisualEvidence.visual summary serializers carry canonical status fields" storage="/home/developer/projects/fs.gg.rendering/samples/antshowcase/antshowcase.tests/bin/release/net10.0/antshowcase.tests.dll" id="32bab839-308f-37e0-9f7f-3df56e3167c2">
      <Execution id="62c44bc3-50ea-45fc-ac37-9375f595dad1" />
      <TestMethod codeBase="/home/developer/projects/FS.GG.Rendering/samples/AntShowcase/AntShowcase.Tests/bin/Release/net10.0/AntShowcase.Tests.dll" adapterTypeName="executor://yolodev/expecto" className="VisualEvidence" name="visual summary serializers carry canonical status fields" />
    </UnitTest>
    <UnitTest name="Template.template tpl-detail is composed only of catalog control types (SC-002)" storage="/home/developer/projects/fs.gg.rendering/samples/antshowcase/antshowcase.tests/bin/release/net10.0/antshowcase.tests.dll" id="b7ef7c09-8054-c257-a04c-d5683fcfbecf">
      <Execution id="812735b0-2337-4449-9e2b-e7a98f0b4f0f" />
      <TestMethod codeBase="/home/developer/projects/FS.GG.Rendering/samples/AntShowcase/AntShowcase.Tests/bin/Release/net10.0/AntShowcase.Tests.dll" adapterTypeName="executor://yolodev/expecto" className="Template" name="template tpl-detail is composed only of catalog control types (SC-002)" />
    </UnitTest>
    <UnitTest name="Template.template tpl-workbench is composed only of catalog control types (SC-002)" storage="/home/developer/projects/fs.gg.rendering/samples/antshowcase/antshowcase.tests/bin/release/net10.0/antshowcase.tests.dll" id="07d30ebb-d62c-ec80-538e-349d95b52ad4">
      <Execution id="79043a50-603e-401c-8013-54f5adb4e16b" />
      <TestMethod codeBase="/home/developer/projects/FS.GG.Rendering/samples/AntShowcase/AntShowcase.Tests/bin/Release/net10.0/AntShowcase.Tests.dll" adapterTypeName="executor://yolodev/expecto" className="Template" name="template tpl-workbench is composed only of catalog control types (SC-002)" />
    </UnitTest>
    <UnitTest name="PageRender.catalog page selection-toggles renders a non-empty tree" storage="/home/developer/projects/fs.gg.rendering/samples/antshowcase/antshowcase.tests/bin/release/net10.0/antshowcase.tests.dll" id="9c3a38c8-7a33-e912-68a9-b70129afb0fe">
      <Execution id="af84b3ed-bf10-44ae-a99e-10a25e0f9107" />
      <TestMethod codeBase="/home/developer/projects/FS.GG.Rendering/samples/AntShowcase/AntShowcase.Tests/bin/Release/net10.0/AntShowcase.Tests.dll" adapterTypeName="executor://yolodev/expecto" className="PageRender" name="catalog page selection-toggles renders a non-empty tree" />
    </UnitTest>
    <UnitTest name="PageRender.catalog page navigation-menus renders a non-empty tree" storage="/home/developer/projects/fs.gg.rendering/samples/antshowcase/antshowcase.tests/bin/release/net10.0/antshowcase.tests.dll" id="85160a51-271a-71bd-8900-4dcf49418864">
      <Execution id="1fda8b44-fb60-4319-baf6-33351a60eb30" />
      <TestMethod codeBase="/home/developer/projects/FS.GG.Rendering/samples/AntShowcase/AntShowcase.Tests/bin/Release/net10.0/AntShowcase.Tests.dll" adapterTypeName="executor://yolodev/expecto" className="PageRender" name="catalog page navigation-menus renders a non-empty tree" />
    </UnitTest>
    <UnitTest name="Determinism.run.json text is byte-identical for identical record inputs" storage="/home/developer/projects/fs.gg.rendering/samples/antshowcase/antshowcase.tests/bin/release/net10.0/antshowcase.tests.dll" id="18a26213-29ca-cb83-3dfd-421b353f975a">
      <Execution id="9a1ebe0f-12b0-4eea-a943-b23a649791be" />
      <TestMethod codeBase="/home/developer/projects/FS.GG.Rendering/samples/AntShowcase/AntShowcase.Tests/bin/Release/net10.0/AntShowcase.Tests.dll" adapterTypeName="executor://yolodev/expecto" className="Determinism.run" name="json text is byte-identical for identical record inputs" />
    </UnitTest>
    <UnitTest name="VisualPage.every live page has a visual profile" storage="/home/developer/projects/fs.gg.rendering/samples/antshowcase/antshowcase.tests/bin/release/net10.0/antshowcase.tests.dll" id="6813e770-91b6-3c4d-75f8-5a3721111139">
      <Execution id="46e71184-b0d6-4aae-b560-15ba380f789b" />
      <TestMethod codeBase="/home/developer/projects/FS.GG.Rendering/samples/AntShowcase/AntShowcase.Tests/bin/Release/net10.0/AntShowcase.Tests.dll" adapterTypeName="executor://yolodev/expecto" className="VisualPage" name="every live page has a visual profile" />
    </UnitTest>
    <UnitTest name="VisualReadiness.accepted showcase sizes are declared" storage="/home/developer/projects/fs.gg.rendering/samples/antshowcase/antshowcase.tests/bin/release/net10.0/antshowcase.tests.dll" id="c3a33e9a-a68a-dcef-803d-64b0b1e11a40">
      <Execution id="ed428723-6732-4c30-a253-2fc0ade8e7bf" />
      <TestMethod codeBase="/home/developer/projects/FS.GG.Rendering/samples/AntShowcase/AntShowcase.Tests/bin/Release/net10.0/AntShowcase.Tests.dll" adapterTypeName="executor://yolodev/expecto" className="VisualReadiness" name="accepted showcase sizes are declared" />
    </UnitTest>
    <UnitTest name="ThemeInvariance.page selection-toggles: tree shape + accessibility ids invariant across antLight/antDark" storage="/home/developer/projects/fs.gg.rendering/samples/antshowcase/antshowcase.tests/bin/release/net10.0/antshowcase.tests.dll" id="548cacb6-6962-773f-9c72-1aeaf2920057">
      <Execution id="6ef285cf-4c2d-4d3b-8321-87b49a2574d4" />
      <TestMethod codeBase="/home/developer/projects/FS.GG.Rendering/samples/AntShowcase/AntShowcase.Tests/bin/Release/net10.0/AntShowcase.Tests.dll" adapterTypeName="executor://yolodev/expecto" className="ThemeInvariance" name="page selection-toggles: tree shape + accessibility ids invariant across antLight/antDark" />
    </UnitTest>
    <UnitTest name="VisualShell.navigation labels fit the rail after truncation" storage="/home/developer/projects/fs.gg.rendering/samples/antshowcase/antshowcase.tests/bin/release/net10.0/antshowcase.tests.dll" id="c2926ce5-9be2-c75f-e76c-bd179d38d4b9">
      <Execution id="24e5c8bb-4723-415c-b920-e7bd02db776e" />
      <TestMethod codeBase="/home/developer/projects/FS.GG.Rendering/samples/AntShowcase/AntShowcase.Tests/bin/Release/net10.0/AntShowcase.Tests.dll" adapterTypeName="executor://yolodev/expecto" className="VisualShell" name="navigation labels fit the rail after truncation" />
    </UnitTest>
    <UnitTest name="Interaction.each interactive family maps its input to its own field transition" storage="/home/developer/projects/fs.gg.rendering/samples/antshowcase/antshowcase.tests/bin/release/net10.0/antshowcase.tests.dll" id="7064acdf-fef2-0f32-6222-ece71e95b451">
      <Execution id="1f43a9b8-0b92-4be2-9708-4560e65dc2be" />
      <TestMethod codeBase="/home/developer/projects/FS.GG.Rendering/samples/AntShowcase/AntShowcase.Tests/bin/Release/net10.0/AntShowcase.Tests.dll" adapterTypeName="executor://yolodev/expecto" className="Interaction" name="each interactive family maps its input to its own field transition" />
    </UnitTest>
    <UnitTest name="Feedback.feedback lines round-trip through the persistence encoding (incl. tab/newline)" storage="/home/developer/projects/fs.gg.rendering/samples/antshowcase/antshowcase.tests/bin/release/net10.0/antshowcase.tests.dll" id="9637135e-7cbd-f599-f2ff-5dd6d5df3488">
      <Execution id="a9c2cb3f-fdb9-4a38-acda-ae2a0f86c6ba" />
      <TestMethod codeBase="/home/developer/projects/FS.GG.Rendering/samples/AntShowcase/AntShowcase.Tests/bin/Release/net10.0/AntShowcase.Tests.dll" adapterTypeName="executor://yolodev/expecto" className="Feedback.feedback lines round-trip through the persistence encoding (incl" name=" tab/newline)" />
    </UnitTest>
    <UnitTest name="Feedback.submitting a non-blank draft saves a page-tagged entry and clears the draft" storage="/home/developer/projects/fs.gg.rendering/samples/antshowcase/antshowcase.tests/bin/release/net10.0/antshowcase.tests.dll" id="68af0dfb-f289-7ecd-149f-0f34256310d1">
      <Execution id="4d6cf59a-dd0d-4f84-97b4-8a73195cb69b" />
      <TestMethod codeBase="/home/developer/projects/FS.GG.Rendering/samples/AntShowcase/AntShowcase.Tests/bin/Release/net10.0/AntShowcase.Tests.dll" adapterTypeName="executor://yolodev/expecto" className="Feedback" name="submitting a non-blank draft saves a page-tagged entry and clears the draft" />
    </UnitTest>
    <UnitTest name="Feature143 AntShowcase date-picker reference flow.scripted date-picker overlay opens selects dismisses and records evidence" storage="/home/developer/projects/fs.gg.rendering/samples/antshowcase/antshowcase.tests/bin/release/net10.0/antshowcase.tests.dll" id="14abbb01-f46d-3a6f-7efe-5f8db303eb27">
      <Execution id="c0fa9243-1419-4d0f-a510-fb7b688793f4" />
      <TestMethod codeBase="/home/developer/projects/FS.GG.Rendering/samples/AntShowcase/AntShowcase.Tests/bin/Release/net10.0/AntShowcase.Tests.dll" adapterTypeName="executor://yolodev/expecto" className="Feature143 AntShowcase date-picker reference flow" name="scripted date-picker overlay opens selects dismisses and records evidence" />
    </UnitTest>
    <UnitTest name="Interaction.buttons: activation increments the visible counter" storage="/home/developer/projects/fs.gg.rendering/samples/antshowcase/antshowcase.tests/bin/release/net10.0/antshowcase.tests.dll" id="8e5d2335-31d5-2873-1367-47e3b1e8c4fb">
      <Execution id="b276c9db-e175-4b87-866f-c157b2f1a088" />
      <TestMethod codeBase="/home/developer/projects/FS.GG.Rendering/samples/AntShowcase/AntShowcase.Tests/bin/Release/net10.0/AntShowcase.Tests.dll" adapterTypeName="executor://yolodev/expecto" className="Interaction" name="buttons: activation increments the visible counter" />
    </UnitTest>
    <UnitTest name="Feature144 AntShowcase date-picker stale-overlay proof.final reference render publishes closed metadata and no stale open surface" storage="/home/developer/projects/fs.gg.rendering/samples/antshowcase/antshowcase.tests/bin/release/net10.0/antshowcase.tests.dll" id="fe7060bd-4591-3588-68f4-489587f9cff8">
      <Execution id="5bc16ec3-75cc-4fc8-b191-eed488fba280" />
      <TestMethod codeBase="/home/developer/projects/FS.GG.Rendering/samples/AntShowcase/AntShowcase.Tests/bin/Release/net10.0/AntShowcase.Tests.dll" adapterTypeName="executor://yolodev/expecto" className="Feature144 AntShowcase date-picker stale-overlay proof" name="final reference render publishes closed metadata and no stale open surface" />
    </UnitTest>
    <UnitTest name="VisualShell.preferred shell regions are disjoint" storage="/home/developer/projects/fs.gg.rendering/samples/antshowcase/antshowcase.tests/bin/release/net10.0/antshowcase.tests.dll" id="79284aba-0bcb-faee-a0cc-84279bcee7b6">
      <Execution id="17c1d077-6ba6-49c5-8271-ec4ef371cec3" />
      <TestMethod codeBase="/home/developer/projects/FS.GG.Rendering/samples/AntShowcase/AntShowcase.Tests/bin/Release/net10.0/AntShowcase.Tests.dll" adapterTypeName="executor://yolodev/expecto" className="VisualShell" name="preferred shell regions are disjoint" />
    </UnitTest>
    <UnitTest name="ThemeInvariance.page display-typography: tree shape + accessibility ids invariant across antLight/antDark" storage="/home/developer/projects/fs.gg.rendering/samples/antshowcase/antshowcase.tests/bin/release/net10.0/antshowcase.tests.dll" id="2b81527c-2cd4-234f-75fb-87d4261ceb5b">
      <Execution id="34cfd81c-31eb-47fc-8d90-d6e57dc8a10b" />
      <TestMethod codeBase="/home/developer/projects/FS.GG.Rendering/samples/AntShowcase/AntShowcase.Tests/bin/Release/net10.0/AntShowcase.Tests.dll" adapterTypeName="executor://yolodev/expecto" className="ThemeInvariance" name="page display-typography: tree shape + accessibility ids invariant across antLight/antDark" />
    </UnitTest>
    <UnitTest name="PageRender.catalog page data-collections renders a non-empty tree" storage="/home/developer/projects/fs.gg.rendering/samples/antshowcase/antshowcase.tests/bin/release/net10.0/antshowcase.tests.dll" id="22ffc5ff-262a-a6f0-1d27-163194313b89">
      <Execution id="6d8068b5-e219-4a27-9686-cd1ee7337e91" />
      <TestMethod codeBase="/home/developer/projects/FS.GG.Rendering/samples/AntShowcase/AntShowcase.Tests/bin/Release/net10.0/AntShowcase.Tests.dll" adapterTypeName="executor://yolodev/expecto" className="PageRender" name="catalog page data-collections renders a non-empty tree" />
    </UnitTest>
    <UnitTest name="PageRender.catalog page overlays renders a non-empty tree" storage="/home/developer/projects/fs.gg.rendering/samples/antshowcase/antshowcase.tests/bin/release/net10.0/antshowcase.tests.dll" id="2dbf3349-9d0e-28af-3e87-9e6295d2630f">
      <Execution id="c44d0513-4bfb-47c4-a56e-3e185ef37334" />
      <TestMethod codeBase="/home/developer/projects/FS.GG.Rendering/samples/AntShowcase/AntShowcase.Tests/bin/Release/net10.0/AntShowcase.Tests.dll" adapterTypeName="executor://yolodev/expecto" className="PageRender" name="catalog page overlays renders a non-empty tree" />
    </UnitTest>
    <UnitTest name="Determinism.golden state outcome is byte-identical across two same-seed runs over all pages" storage="/home/developer/projects/fs.gg.rendering/samples/antshowcase/antshowcase.tests/bin/release/net10.0/antshowcase.tests.dll" id="b6dab455-db27-540d-bc2e-f2883532578e">
      <Execution id="a799c320-b5cb-4f68-b80c-64aa8b36a539" />
      <TestMethod codeBase="/home/developer/projects/FS.GG.Rendering/samples/AntShowcase/AntShowcase.Tests/bin/Release/net10.0/AntShowcase.Tests.dll" adapterTypeName="executor://yolodev/expecto" className="Determinism" name="golden state outcome is byte-identical across two same-seed runs over all pages" />
    </UnitTest>
    <UnitTest name="PageRender.catalog page charts-advanced renders a non-empty tree" storage="/home/developer/projects/fs.gg.rendering/samples/antshowcase/antshowcase.tests/bin/release/net10.0/antshowcase.tests.dll" id="83809193-3729-b216-0ab1-e806956670b8">
      <Execution id="3987ceb7-1d73-400d-97ae-e400351ebfd7" />
      <TestMethod codeBase="/home/developer/projects/FS.GG.Rendering/samples/AntShowcase/AntShowcase.Tests/bin/Release/net10.0/AntShowcase.Tests.dll" adapterTypeName="executor://yolodev/expecto" className="PageRender" name="catalog page charts-advanced renders a non-empty tree" />
    </UnitTest>
    <UnitTest name="Feature145 AntShowcase overlay visual correlation.date-picker reference evidence carries scenario hit focus and dispatch correlation" storage="/home/developer/projects/fs.gg.rendering/samples/antshowcase/antshowcase.tests/bin/release/net10.0/antshowcase.tests.dll" id="67d0d92a-a588-9ae4-1e40-c746fad48a42">
      <Execution id="b6f4280b-d57e-4f56-9f48-5e895388053f" />
      <TestMethod codeBase="/home/developer/projects/FS.GG.Rendering/samples/AntShowcase/AntShowcase.Tests/bin/Release/net10.0/AntShowcase.Tests.dll" adapterTypeName="executor://yolodev/expecto" className="Feature145 AntShowcase overlay visual correlation" name="date-picker reference evidence carries scenario hit focus and dispatch correlation" />
    </UnitTest>
    <UnitTest name="Interaction.display-only controls are exempt: navigation never alters interactive state" storage="/home/developer/projects/fs.gg.rendering/samples/antshowcase/antshowcase.tests/bin/release/net10.0/antshowcase.tests.dll" id="bbdad068-47b0-ed9f-a934-5d1210f7c40a">
      <Execution id="52c58674-b583-4bab-9354-c4bcf1a43c26" />
      <TestMethod codeBase="/home/developer/projects/FS.GG.Rendering/samples/AntShowcase/AntShowcase.Tests/bin/Release/net10.0/AntShowcase.Tests.dll" adapterTypeName="executor://yolodev/expecto" className="Interaction" name="display-only controls are exempt: navigation never alters interactive state" />
    </UnitTest>
    <UnitTest name="Degrade.degraded summary discloses and never claims a screenshot" storage="/home/developer/projects/fs.gg.rendering/samples/antshowcase/antshowcase.tests/bin/release/net10.0/antshowcase.tests.dll" id="2c6a9575-ba52-151b-44eb-c2902bdc8548">
      <Execution id="ffa38f26-4f5b-4313-9585-5574cb86c097" />
      <TestMethod codeBase="/home/developer/projects/FS.GG.Rendering/samples/AntShowcase/AntShowcase.Tests/bin/Release/net10.0/AntShowcase.Tests.dll" adapterTypeName="executor://yolodev/expecto" className="Degrade" name="degraded summary discloses and never claims a screenshot" />
    </UnitTest>
    <UnitTest name="Interaction.a seeded keyboard activation changes the product model (responds-proof)" storage="/home/developer/projects/fs.gg.rendering/samples/antshowcase/antshowcase.tests/bin/release/net10.0/antshowcase.tests.dll" id="f656093e-bce5-729f-b784-8cf79cc4b058">
      <Execution id="fab7d05a-7e9b-4be4-b246-0799c6d6cb3d" />
      <TestMethod codeBase="/home/developer/projects/FS.GG.Rendering/samples/AntShowcase/AntShowcase.Tests/bin/Release/net10.0/AntShowcase.Tests.dll" adapterTypeName="executor://yolodev/expecto" className="Interaction" name="a seeded keyboard activation changes the product model (responds-proof)" />
    </UnitTest>
    <UnitTest name="VisualShell.every page renders through the full shell at preferred size" storage="/home/developer/projects/fs.gg.rendering/samples/antshowcase/antshowcase.tests/bin/release/net10.0/antshowcase.tests.dll" id="4d1aa0d0-aa6b-3598-8241-e3916c3908bd">
      <Execution id="a34d732b-0311-448e-8714-33650c3a1477" />
      <TestMethod codeBase="/home/developer/projects/FS.GG.Rendering/samples/AntShowcase/AntShowcase.Tests/bin/Release/net10.0/AntShowcase.Tests.dll" adapterTypeName="executor://yolodev/expecto" className="VisualShell" name="every page renders through the full shell at preferred size" />
    </UnitTest>
    <UnitTest name="ThemeInvariance.page tpl-workbench: tree shape + accessibility ids invariant across antLight/antDark" storage="/home/developer/projects/fs.gg.rendering/samples/antshowcase/antshowcase.tests/bin/release/net10.0/antshowcase.tests.dll" id="99377ca3-ec56-ab3a-7ae0-6b0454c9e7a9">
      <Execution id="b042433d-0efd-4890-b3d7-8c4aee6fe150" />
      <TestMethod codeBase="/home/developer/projects/FS.GG.Rendering/samples/AntShowcase/AntShowcase.Tests/bin/Release/net10.0/AntShowcase.Tests.dll" adapterTypeName="executor://yolodev/expecto" className="ThemeInvariance" name="page tpl-workbench: tree shape + accessibility ids invariant across antLight/antDark" />
    </UnitTest>
    <UnitTest name="Coverage.template pages are exempt: they carry no ControlIds" storage="/home/developer/projects/fs.gg.rendering/samples/antshowcase/antshowcase.tests/bin/release/net10.0/antshowcase.tests.dll" id="1025a283-8f4d-3ab6-b652-95460c5a8059">
      <Execution id="8556dac0-490d-4a26-bd9e-86dec3c9d213" />
      <TestMethod codeBase="/home/developer/projects/FS.GG.Rendering/samples/AntShowcase/AntShowcase.Tests/bin/Release/net10.0/AntShowcase.Tests.dll" adapterTypeName="executor://yolodev/expecto" className="Coverage" name="template pages are exempt: they carry no ControlIds" />
    </UnitTest>
    <UnitTest name="PageRender.catalog page display-typography renders a non-empty tree" storage="/home/developer/projects/fs.gg.rendering/samples/antshowcase/antshowcase.tests/bin/release/net10.0/antshowcase.tests.dll" id="afa86f8b-b4d5-5083-a71d-8201a78076b9">
      <Execution id="6f08089c-2353-4fe0-8cf4-c346410fdb18" />
      <TestMethod codeBase="/home/developer/projects/FS.GG.Rendering/samples/AntShowcase/AntShowcase.Tests/bin/Release/net10.0/AntShowcase.Tests.dll" adapterTypeName="executor://yolodev/expecto" className="PageRender" name="catalog page display-typography renders a non-empty tree" />
    </UnitTest>
    <UnitTest name="Degrade.degraded run.json marks provesScreenshot false with a stated reason + Ant mode" storage="/home/developer/projects/fs.gg.rendering/samples/antshowcase/antshowcase.tests/bin/release/net10.0/antshowcase.tests.dll" id="598d58ea-7f70-eae8-d4a2-32f7f4783584">
      <Execution id="5d1bcf92-534b-4ce8-93dd-012b73cf5f91" />
      <TestMethod codeBase="/home/developer/projects/FS.GG.Rendering/samples/AntShowcase/AntShowcase.Tests/bin/Release/net10.0/AntShowcase.Tests.dll" adapterTypeName="executor://yolodev/expecto" className="Degrade.degraded run" name="json marks provesScreenshot false with a stated reason + Ant mode" />
    </UnitTest>
    <UnitTest name="VisualPage.large and dense pages declare dedicated demonstration regions" storage="/home/developer/projects/fs.gg.rendering/samples/antshowcase/antshowcase.tests/bin/release/net10.0/antshowcase.tests.dll" id="f187f4c9-0608-08eb-5613-4c3c17d5ec64">
      <Execution id="d438d022-4cd6-4cf5-8eb1-56dca7b745d4" />
      <TestMethod codeBase="/home/developer/projects/FS.GG.Rendering/samples/AntShowcase/AntShowcase.Tests/bin/Release/net10.0/AntShowcase.Tests.dll" adapterTypeName="executor://yolodev/expecto" className="VisualPage" name="large and dense pages declare dedicated demonstration regions" />
    </UnitTest>
    <UnitTest name="VisualShell.minimum shell regions are disjoint" storage="/home/developer/projects/fs.gg.rendering/samples/antshowcase/antshowcase.tests/bin/release/net10.0/antshowcase.tests.dll" id="f27d5b93-7491-f4d6-f966-e5d83bebd63e">
      <Execution id="f30647c8-c0a5-49e5-972d-cd7ffac9a667" />
      <TestMethod codeBase="/home/developer/projects/FS.GG.Rendering/samples/AntShowcase/AntShowcase.Tests/bin/Release/net10.0/AntShowcase.Tests.dll" adapterTypeName="executor://yolodev/expecto" className="VisualShell" name="minimum shell regions are disjoint" />
    </UnitTest>
    <UnitTest name="ThemeInvariance.antLight and antDark resolve to distinct themes (visuals change)" storage="/home/developer/projects/fs.gg.rendering/samples/antshowcase/antshowcase.tests/bin/release/net10.0/antshowcase.tests.dll" id="5bab04b3-a926-faf5-3496-cd74146c8b48">
      <Execution id="6045f45f-8a9e-41a2-8302-abc23b5d0e3b" />
[...]
    </UnitTest>
    <UnitTest name="VisualReadiness.CLI aliases resolve to canonical theme ids" storage="/home/developer/projects/fs.gg.rendering/samples/antshowcase/antshowcase.tests/bin/release/net10.0/antshowcase.tests.dll" id="285b5efe-6c9a-66a8-6d98-04ce5003bfec">
      <Execution id="73cf2aca-c2c7-4f88-b6fe-7651557837e8" />
      <TestMethod codeBase="/home/developer/projects/FS.GG.Rendering/samples/AntShowcase/AntShowcase.Tests/bin/Release/net10.0/AntShowcase.Tests.dll" adapterTypeName="executor://yolodev/expecto" className="VisualReadiness" name="CLI aliases resolve to canonical theme ids" />
    </UnitTest>
    <UnitTest name="Feature144 AntShowcase date-picker flow.reference script opens selects dismisses and recovers focus through product-owned state" storage="/home/developer/projects/fs.gg.rendering/samples/antshowcase/antshowcase.tests/bin/release/net10.0/antshowcase.tests.dll" id="e8a433f6-8df3-ebe9-1c7c-e55226e7c605">
      <Execution id="0b21207b-7e5e-4537-a9d8-e32750f51eb6" />
      <TestMethod codeBase="/home/developer/projects/FS.GG.Rendering/samples/AntShowcase/AntShowcase.Tests/bin/Release/net10.0/AntShowcase.Tests.dll" adapterTypeName="executor://yolodev/expecto" className="Feature144 AntShowcase date-picker flow" name="reference script opens selects dismisses and recovers focus through product-owned state" />
    </UnitTest>
    <UnitTest name="VisualReadiness.theme switching preserves current page and page state" storage="/home/developer/projects/fs.gg.rendering/samples/antshowcase/antshowcase.tests/bin/release/net10.0/antshowcase.tests.dll" id="6817c6d0-d6d4-f5b1-eee5-2e37dcd8928f">
      <Execution id="4457b316-2a75-422f-894f-e7bca2be7a30" />
      <TestMethod codeBase="/home/developer/projects/FS.GG.Rendering/samples/AntShowcase/AntShowcase.Tests/bin/Release/net10.0/AntShowcase.Tests.dll" adapterTypeName="executor://yolodev/expecto" className="VisualReadiness" name="theme switching preserves current page and page state" />
    </UnitTest>
    <UnitTest name="VisualPage.every catalog page renders with readable profile metadata" storage="/home/developer/projects/fs.gg.rendering/samples/antshowcase/antshowcase.tests/bin/release/net10.0/antshowcase.tests.dll" id="b1a19044-8601-ab75-95c0-2925186d42c0">
      <Execution id="d47a6723-6d02-47b0-b335-83241e885d4d" />
      <TestMethod codeBase="/home/developer/projects/FS.GG.Rendering/samples/AntShowcase/AntShowcase.Tests/bin/Release/net10.0/AntShowcase.Tests.dll" adapterTypeName="executor://yolodev/expecto" className="VisualPage" name="every catalog page renders with readable profile metadata" />
    </UnitTest>
    <UnitTest name="VisualPage.minimum-size representative pages are declared" storage="/home/developer/projects/fs.gg.rendering/samples/antshowcase/antshowcase.tests/bin/release/net10.0/antshowcase.tests.dll" id="504590f8-4f29-f667-ea24-7f56752bd9f9">
      <Execution id="0304abf9-fd55-4c71-83a3-471333384770" />
      <TestMethod codeBase="/home/developer/projects/FS.GG.Rendering/samples/AntShowcase/AntShowcase.Tests/bin/Release/net10.0/AntShowcase.Tests.dll" adapterTypeName="executor://yolodev/expecto" className="VisualPage" name="minimum-size representative pages are declared" />
    </UnitTest>
    <UnitTest name="Degrade.a proven record claims the non-blank-offscreen-png; a degraded one does not" storage="/home/developer/projects/fs.gg.rendering/samples/antshowcase/antshowcase.tests/bin/release/net10.0/antshowcase.tests.dll" id="919aca14-21ca-24ae-e3f3-bf5c23f46b1d">
      <Execution id="c972db36-09d0-459c-830c-7100c8537a71" />
      <TestMethod codeBase="/home/developer/projects/FS.GG.Rendering/samples/AntShowcase/AntShowcase.Tests/bin/Release/net10.0/AntShowcase.Tests.dll" adapterTypeName="executor://yolodev/expecto" className="Degrade" name="a proven record claims the non-blank-offscreen-png; a degraded one does not" />
    </UnitTest>
    <UnitTest name="Feedback.a blank / whitespace-only draft is a no-op" storage="/home/developer/projects/fs.gg.rendering/samples/antshowcase/antshowcase.tests/bin/release/net10.0/antshowcase.tests.dll" id="f4e7d678-fc7c-cb5b-dd30-f9840f8ed291">
      <Execution id="92f002e9-40ec-40e2-8efb-76ab5bbe4cd0" />
      <TestMethod codeBase="/home/developer/projects/FS.GG.Rendering/samples/AntShowcase/AntShowcase.Tests/bin/Release/net10.0/AntShowcase.Tests.dll" adapterTypeName="executor://yolodev/expecto" className="Feedback" name="a blank / whitespace-only draft is a no-op" />
    </UnitTest>
    <UnitTest name="Determinism.the form's invalid-then-valid sequence is deterministic through pure update" storage="/home/developer/projects/fs.gg.rendering/samples/antshowcase/antshowcase.tests/bin/release/net10.0/antshowcase.tests.dll" id="d78c8c69-59cf-d725-6d23-56b13cf53517">
      <Execution id="8ce36a31-1516-45b3-9455-0b54017a10a7" />
      <TestMethod codeBase="/home/developer/projects/FS.GG.Rendering/samples/AntShowcase/AntShowcase.Tests/bin/Release/net10.0/AntShowcase.Tests.dll" adapterTypeName="executor://yolodev/expecto" className="Determinism" name="the form's invalid-then-valid sequence is deterministic through pure update" />
    </UnitTest>
    <UnitTest name="VisualEvidence.reviewer rubric covers every page/theme pair" storage="/home/developer/projects/fs.gg.rendering/samples/antshowcase/antshowcase.tests/bin/release/net10.0/antshowcase.tests.dll" id="7599075d-ec07-b367-6e52-3aa77241425e">
      <Execution id="e13fbce8-ceda-4db1-942b-5ef7faa95c25" />
      <TestMethod codeBase="/home/developer/projects/FS.GG.Rendering/samples/AntShowcase/AntShowcase.Tests/bin/Release/net10.0/AntShowcase.Tests.dll" adapterTypeName="executor://yolodev/expecto" className="VisualEvidence" name="reviewer rubric covers every page/theme pair" />
    </UnitTest>
  </TestDefinitions>
  <TestEntries>
    <TestEntry testId="f4e7d678-fc7c-cb5b-dd30-f9840f8ed291" executionId="92f002e9-40ec-40e2-8efb-76ab5bbe4cd0" testListId="8c84fa94-04c1-424b-9868-57a2d4851a1d" />
    <TestEntry testId="2b81527c-2cd4-234f-75fb-87d4261ceb5b" executionId="34cfd81c-31eb-47fc-8d90-d6e57dc8a10b" testListId="8c84fa94-04c1-424b-9868-57a2d4851a1d" />
    <TestEntry testId="b468432c-4c87-6dd2-5cb7-f413efb8f3ea" executionId="f99aa436-8fd2-4c2b-9533-30f1ce3727ea" testListId="8c84fa94-04c1-424b-9868-57a2d4851a1d" />
    <TestEntry testId="a32efe94-3ad9-1f9d-9d67-3478d19926c4" executionId="68107121-1e57-4ef7-a1cf-3edc142a4934" testListId="8c84fa94-04c1-424b-9868-57a2d4851a1d" />
    <TestEntry testId="1a9fb270-d984-0bc0-21db-77ab26cfe454" executionId="24985925-2b8d-4cd0-a5b6-a01d31689c81" testListId="8c84fa94-04c1-424b-9868-57a2d4851a1d" />
    <TestEntry testId="ec608aab-f7e0-9dac-c408-51163f16f26f" executionId="8474be95-b9a0-404d-82f2-6e1d0bdc4db4" testListId="8c84fa94-04c1-424b-9868-57a2d4851a1d" />
    <TestEntry testId="3ad74e37-69bf-e2f1-25ec-f4cb7dde8470" executionId="6589d04e-fc15-49c5-901e-da1c289dd86f" testListId="8c84fa94-04c1-424b-9868-57a2d4851a1d" />
    <TestEntry testId="afa86f8b-b4d5-5083-a71d-8201a78076b9" executionId="6f08089c-2353-4fe0-8cf4-c346410fdb18" testListId="8c84fa94-04c1-424b-9868-57a2d4851a1d" />
    <TestEntry testId="83809193-3729-b216-0ab1-e806956670b8" executionId="3987ceb7-1d73-400d-97ae-e400351ebfd7" testListId="8c84fa94-04c1-424b-9868-57a2d4851a1d" />
    <TestEntry testId="7e23b57a-037a-08e6-2ff4-a342e79e3923" executionId="29df84a0-9b76-42d6-9b89-9b274ec7513a" testListId="8c84fa94-04c1-424b-9868-57a2d4851a1d" />
    <TestEntry testId="f187f4c9-0608-08eb-5613-4c3c17d5ec64" executionId="d438d022-4cd6-4cf5-8eb1-56dca7b745d4" testListId="8c84fa94-04c1-424b-9868-57a2d4851a1d" />
    <TestEntry testId="9b07565a-dadc-6b39-1b91-e1b38913b0f9" executionId="78b5cbe1-9b77-49db-bb18-3f31fe573950" testListId="8c84fa94-04c1-424b-9868-57a2d4851a1d" />
    <TestEntry testId="c3a33e9a-a68a-dcef-803d-64b0b1e11a40" executionId="ed428723-6732-4c30-a253-2fc0ade8e7bf" testListId="8c84fa94-04c1-424b-9868-57a2d4851a1d" />
    <TestEntry testId="85160a51-271a-71bd-8900-4dcf49418864" executionId="1fda8b44-fb60-4319-baf6-33351a60eb30" testListId="8c84fa94-04c1-424b-9868-57a2d4851a1d" />
    <TestEntry testId="655c4c02-9946-2cfc-ee79-c4228409c947" executionId="25754972-68a5-472e-a40f-95288a2328d3" testListId="8c84fa94-04c1-424b-9868-57a2d4851a1d" />
    <TestEntry testId="285b5efe-6c9a-66a8-6d98-04ce5003bfec" executionId="73cf2aca-c2c7-4f88-b6fe-7651557837e8" testListId="8c84fa94-04c1-424b-9868-57a2d4851a1d" />
    <TestEntry testId="dfd812b9-5a13-9688-ebc8-a9fb4fcf4458" executionId="2b6a152e-47ff-40c9-b054-f1ea9747a53c" testListId="8c84fa94-04c1-424b-9868-57a2d4851a1d" />
    <TestEntry testId="8e5d2335-31d5-2873-1367-47e3b1e8c4fb" executionId="b276c9db-e175-4b87-866f-c157b2f1a088" testListId="8c84fa94-04c1-424b-9868-57a2d4851a1d" />
    <TestEntry testId="f9f704d8-0124-7e53-c1b4-a8ff6c0d9968" executionId="ca1519fb-e4e8-47fe-abfb-0dc44e8fefa7" testListId="8c84fa94-04c1-424b-9868-57a2d4851a1d" />
    <TestEntry testId="99377ca3-ec56-ab3a-7ae0-6b0454c9e7a9" executionId="b042433d-0efd-4890-b3d7-8c4aee6fe150" testListId="8c84fa94-04c1-424b-9868-57a2d4851a1d" />
    <TestEntry testId="2c6a9575-ba52-151b-44eb-c2902bdc8548" executionId="ffa38f26-4f5b-4313-9585-5574cb86c097" testListId="8c84fa94-04c1-424b-9868-57a2d4851a1d" />
    <TestEntry testId="40b2ebcf-dc99-6f04-d5e5-ce00f148c33a" executionId="6db3458e-302f-48cd-afa8-842e5dcfd525" testListId="8c84fa94-04c1-424b-9868-57a2d4851a1d" />
    <TestEntry testId="c29222ec-3a71-6581-f500-ddf9f18580c6" executionId="1935bcce-fe8a-4b2a-b7c0-14cb465a27f7" testListId="8c84fa94-04c1-424b-9868-57a2d4851a1d" />
    <TestEntry testId="7064acdf-fef2-0f32-6222-ece71e95b451" executionId="1f43a9b8-0b92-4be2-9708-4560e65dc2be" testListId="8c84fa94-04c1-424b-9868-57a2d4851a1d" />
    <TestEntry testId="5e8a7486-80a2-9948-7302-9681d6e8a6b2" executionId="51dfc556-d18a-411a-a2d4-95f8858807fc" testListId="8c84fa94-04c1-424b-9868-57a2d4851a1d" />
    <TestEntry testId="583e56cc-e4f5-1057-04cb-fb7de33edd5c" executionId="dc0d2260-0d23-433d-ab9e-e6c8d777dba9" testListId="8c84fa94-04c1-424b-9868-57a2d4851a1d" />
    <TestEntry testId="a61aa88e-ee00-e9bd-035b-c8dc690dce95" executionId="3ae14376-5734-4d5f-b2de-5393b24c92d5" testListId="8c84fa94-04c1-424b-9868-57a2d4851a1d" />
    <TestEntry testId="1025a283-8f4d-3ab6-b652-95460c5a8059" executionId="8556dac0-490d-4a26-bd9e-86dec3c9d213" testListId="8c84fa94-04c1-424b-9868-57a2d4851a1d" />
    <TestEntry testId="40823157-4ef8-ad9b-16fa-c76688956b70" executionId="c6901d07-8747-4bfe-853a-8851c37baedd" testListId="8c84fa94-04c1-424b-9868-57a2d4851a1d" />
    <TestEntry testId="6813e770-91b6-3c4d-75f8-5a3721111139" executionId="46e71184-b0d6-4aae-b560-15ba380f789b" testListId="8c84fa94-04c1-424b-9868-57a2d4851a1d" />
    <TestEntry testId="96e5af69-e30b-6435-3901-979b126429e8" executionId="0a7e54cf-3b4d-487f-b434-82f85b6f3118" testListId="8c84fa94-04c1-424b-9868-57a2d4851a1d" />
    <TestEntry testId="79284aba-0bcb-faee-a0cc-84279bcee7b6" executionId="17c1d077-6ba6-49c5-8271-ec4ef371cec3" testListId="8c84fa94-04c1-424b-9868-57a2d4851a1d" />
    <TestEntry testId="fe7060bd-4591-3588-68f4-489587f9cff8" executionId="5bc16ec3-75cc-4fc8-b191-eed488fba280" testListId="8c84fa94-04c1-424b-9868-57a2d4851a1d" />
    <TestEntry testId="cc352e01-3a3e-0a8e-eb97-853af8de2f63" executionId="5f04d982-2f79-4ea3-af9d-47fadb3e5aea" testListId="8c84fa94-04c1-424b-9868-57a2d4851a1d" />
    <TestEntry testId="19bb6e86-88a7-9f8a-d52d-0c75f62baadd" executionId="b24828cc-b6f0-4cae-b971-0bb5b28186de" testListId="8c84fa94-04c1-424b-9868-57a2d4851a1d" />
    <TestEntry testId="f656093e-bce5-729f-b784-8cf79cc4b058" executionId="fab7d05a-7e9b-4be4-b246-0799c6d6cb3d" testListId="8c84fa94-04c1-424b-9868-57a2d4851a1d" />
    <TestEntry testId="4d1aa0d0-aa6b-3598-8241-e3916c3908bd" executionId="a34d732b-0311-448e-8714-33650c3a1477" testListId="8c84fa94-04c1-424b-9868-57a2d4851a1d" />
    <TestEntry testId="919aca14-21ca-24ae-e3f3-bf5c23f46b1d" executionId="c972db36-09d0-459c-830c-7100c8537a71" testListId="8c84fa94-04c1-424b-9868-57a2d4851a1d" />
    <TestEntry testId="080bf1e1-b2b3-6682-2d6a-bc25ee1a6d96" executionId="4d411719-3037-436a-af43-ce5bb7b7c1a6" testListId="8c84fa94-04c1-424b-9868-57a2d4851a1d" />
    <TestEntry testId="04f0e1ed-caaa-d978-df3b-8f5e14da8226" executionId="d4e3781a-8670-4971-a48d-d7d8faa789ba" testListId="8c84fa94-04c1-424b-9868-57a2d4851a1d" />
    <TestEntry testId="9637135e-7cbd-f599-f2ff-5dd6d5df3488" executionId="a9c2cb3f-fdb9-4a38-acda-ae2a0f86c6ba" testListId="8c84fa94-04c1-424b-9868-57a2d4851a1d" />
    <TestEntry testId="f6a328ce-f34d-b6c8-a194-b8ccefb47066" executionId="ef22ba13-ae09-4707-ba81-de4d05b0211e" testListId="8c84fa94-04c1-424b-9868-57a2d4851a1d" />
    <TestEntry testId="cc2b1f24-28df-f2bd-3c94-a01353d5e77f" executionId="86be5090-6d9e-4015-82f2-085a1e7cab75" testListId="8c84fa94-04c1-424b-9868-57a2d4851a1d" />
    <TestEntry testId="504590f8-4f29-f667-ea24-7f56752bd9f9" executionId="0304abf9-fd55-4c71-83a3-471333384770" testListId="8c84fa94-04c1-424b-9868-57a2d4851a1d" />
    <TestEntry testId="f592165f-4311-76bc-b1d5-744730b286d2" executionId="154f69c1-6587-420e-b012-ef802fce9124" testListId="8c84fa94-04c1-424b-9868-57a2d4851a1d" />
    <TestEntry testId="68af0dfb-f289-7ecd-149f-0f34256310d1" executionId="4d6cf59a-dd0d-4f84-97b4-8a73195cb69b" testListId="8c84fa94-04c1-424b-9868-57a2d4851a1d" />
    <TestEntry testId="097e80f5-9b7d-ec8f-bef6-653814aab951" executionId="4cae9671-aa29-47f2-86fb-043fcd045d36" testListId="8c84fa94-04c1-424b-9868-57a2d4851a1d" />
    <TestEntry testId="6fdfdb32-d9fc-4f00-2d25-2a979d845586" executionId="31ed785c-0fff-4c9b-bcab-f5fe8104c88c" testListId="8c84fa94-04c1-424b-9868-57a2d4851a1d" />
    <TestEntry testId="ed4d4b43-169d-b1c9-8ccd-0a59d3726434" executionId="9a7fcfcf-122d-40d6-ada0-ff4b5089b310" testListId="8c84fa94-04c1-424b-9868-57a2d4851a1d" />
    <TestEntry testId="548cacb6-6962-773f-9c72-1aeaf2920057" executionId="6ef285cf-4c2d-4d3b-8321-87b49a2574d4" testListId="8c84fa94-04c1-424b-9868-57a2d4851a1d" />
    <TestEntry testId="5bab04b3-a926-faf5-3496-cd74146c8b48" executionId="6045f45f-8a9e-41a2-8302-abc23b5d0e3b" testListId="8c84fa94-04c1-424b-9868-57a2d4851a1d" />
    <TestEntry testId="07d30ebb-d62c-ec80-538e-349d95b52ad4" executionId="79043a50-603e-401c-8013-54f5adb4e16b" testListId="8c84fa94-04c1-424b-9868-57a2d4851a1d" />
    <TestEntry testId="67d0d92a-a588-9ae4-1e40-c746fad48a42" executionId="b6f4280b-d57e-4f56-9f48-5e895388053f" testListId="8c84fa94-04c1-424b-9868-57a2d4851a1d" />
    <TestEntry testId="14abbb01-f46d-3a6f-7efe-5f8db303eb27" executionId="c0fa9243-1419-4d0f-a510-fb7b688793f4" testListId="8c84fa94-04c1-424b-9868-57a2d4851a1d" />
    <TestEntry testId="9c3a38c8-7a33-e912-68a9-b70129afb0fe" executionId="af84b3ed-bf10-44ae-a99e-10a25e0f9107" testListId="8c84fa94-04c1-424b-9868-57a2d4851a1d" />
    <TestEntry testId="5688d9c4-f7c2-734e-ad71-c3bbe0d065ff" executionId="47b29232-d0ff-451b-b3bf-20027e8965af" testListId="8c84fa94-04c1-424b-9868-57a2d4851a1d" />
    <TestEntry testId="b6dab455-db27-540d-bc2e-f2883532578e" executionId="a799c320-b5cb-4f68-b80c-64aa8b36a539" testListId="8c84fa94-04c1-424b-9868-57a2d4851a1d" />
    <TestEntry testId="c2926ce5-9be2-c75f-e76c-bd179d38d4b9" executionId="24e5c8bb-4723-415c-b920-e7bd02db776e" testListId="8c84fa94-04c1-424b-9868-57a2d4851a1d" />
    <TestEntry testId="b7ef7c09-8054-c257-a04c-d5683fcfbecf" executionId="812735b0-2337-4449-9e2b-e7a98f0b4f0f" testListId="8c84fa94-04c1-424b-9868-57a2d4851a1d" />
    <TestEntry testId="1cb5e1cc-6a53-55bb-4611-c50e0289559d" executionId="2c54d4bc-9aca-4837-be49-5174b2864719" testListId="8c84fa94-04c1-424b-9868-57a2d4851a1d" />
    <TestEntry testId="7599075d-ec07-b367-6e52-3aa77241425e" executionId="e13fbce8-ceda-4db1-942b-5ef7faa95c25" testListId="8c84fa94-04c1-424b-9868-57a2d4851a1d" />
    <TestEntry testId="f27d5b93-7491-f4d6-f966-e5d83bebd63e" executionId="f30647c8-c0a5-49e5-972d-cd7ffac9a667" testListId="8c84fa94-04c1-424b-9868-57a2d4851a1d" />
    <TestEntry testId="598d58ea-7f70-eae8-d4a2-32f7f4783584" executionId="5d1bcf92-534b-4ce8-93dd-012b73cf5f91" testListId="8c84fa94-04c1-424b-9868-57a2d4851a1d" />
    <TestEntry testId="c2b5cac8-0dce-4350-0fb8-48c83800884b" executionId="88698214-d2c3-400c-bc23-15d977529f74" testListId="8c84fa94-04c1-424b-9868-57a2d4851a1d" />
    <TestEntry testId="ee61961f-b1bc-9070-e42f-9b860a859778" executionId="9d22a211-6458-4523-a5f2-db2b5aa79208" testListId="8c84fa94-04c1-424b-9868-57a2d4851a1d" />
    <TestEntry testId="fdc98070-482a-f4ab-6056-5dc66fd28dca" executionId="2d5c23fe-24b4-4ecb-99da-0c3c1320fa0a" testListId="8c84fa94-04c1-424b-9868-57a2d4851a1d" />
    <TestEntry testId="e8a433f6-8df3-ebe9-1c7c-e55226e7c605" executionId="0b21207b-7e5e-4537-a9d8-e32750f51eb6" testListId="8c84fa94-04c1-424b-9868-57a2d4851a1d" />
    <TestEntry testId="458e4635-79c0-a706-84b4-e8263db3386d" executionId="3511e155-583e-4fee-ab24-33958c52bb9d" testListId="8c84fa94-04c1-424b-9868-57a2d4851a1d" />
    <TestEntry testId="32bab839-308f-37e0-9f7f-3df56e3167c2" executionId="62c44bc3-50ea-45fc-ac37-9375f595dad1" testListId="8c84fa94-04c1-424b-9868-57a2d4851a1d" />
    <TestEntry testId="74776e1e-dbb3-0a2b-5734-d8a7da981c11" executionId="b3cbe683-962d-448b-9772-2c624424acd5" testListId="8c84fa94-04c1-424b-9868-57a2d4851a1d" />
    <TestEntry testId="d78c8c69-59cf-d725-6d23-56b13cf53517" executionId="8ce36a31-1516-45b3-9455-0b54017a10a7" testListId="8c84fa94-04c1-424b-9868-57a2d4851a1d" />
    <TestEntry testId="6817c6d0-d6d4-f5b1-eee5-2e37dcd8928f" executionId="4457b316-2a75-422f-894f-e7bca2be7a30" testListId="8c84fa94-04c1-424b-9868-57a2d4851a1d" />
    <TestEntry testId="22ffc5ff-262a-a6f0-1d27-163194313b89" executionId="6d8068b5-e219-4a27-9686-cd1ee7337e91" testListId="8c84fa94-04c1-424b-9868-57a2d4851a1d" />
    <TestEntry testId="18a26213-29ca-cb83-3dfd-421b353f975a" executionId="9a1ebe0f-12b0-4eea-a943-b23a649791be" testListId="8c84fa94-04c1-424b-9868-57a2d4851a1d" />
    <TestEntry testId="b1a19044-8601-ab75-95c0-2925186d42c0" executionId="d47a6723-6d02-47b0-b335-83241e885d4d" testListId="8c84fa94-04c1-424b-9868-57a2d4851a1d" />
    <TestEntry testId="aa343278-e4be-0434-e9d5-ae235e1ed3c2" executionId="18a5b504-8ed5-49ef-a8d5-45a69c4d4107" testListId="8c84fa94-04c1-424b-9868-57a2d4851a1d" />
    <TestEntry testId="2dbf3349-9d0e-28af-3e87-9e6295d2630f" executionId="c44d0513-4bfb-47c4-a56e-3e185ef37334" testListId="8c84fa94-04c1-424b-9868-57a2d4851a1d" />
    <TestEntry testId="bbdad068-47b0-ed9f-a934-5d1210f7c40a" executionId="52c58674-b583-4bab-9354-c4bcf1a43c26" testListId="8c84fa94-04c1-424b-9868-57a2d4851a1d" />
    <TestEntry testId="eaae8d14-f5cf-ef93-738f-8603a42092c5" executionId="0c393937-495f-4e16-9aa7-b07e203bf6d9" testListId="8c84fa94-04c1-424b-9868-57a2d4851a1d" />
    <TestEntry testId="99c7f134-a877-c9d9-9fc2-948fcd097a63" executionId="4f14104d-dd4d-435e-bf7b-ce08f6987146" testListId="8c84fa94-04c1-424b-9868-57a2d4851a1d" />
  </TestEntries>
  <TestLists>
    <TestList name="Results Not in a List" id="8c84fa94-04c1-424b-9868-57a2d4851a1d" />
    <TestList name="All Loaded Results" id="19431567-8539-422a-85d7-44ee4e166bda" />
  </TestLists>
  <ResultSummary outcome="Completed">
    <Counters total="80" executed="80" passed="80" failed="0" error="0" timeout="0" aborted="0" inconclusive="0" passedButRunAborted="0" notRunnable="0" notExecuted="0" disconnected="0" warning="0" completed="0" inProgress="0" pending="0" />
    <RunInfos>
      <RunInfo computerName="ee01623d796c" outcome="Warning" timestamp="2026-06-19T12:45:34.1739712+02:00">
        <Text>Data collector 'Blame' message: All tests finished running, Sequence file will not be generated.</Text>
      </RunInfo>
    </RunInfos>
  </ResultSummary>
</TestRun>